2023-02-23 10:59:39,103 - pyskl - INFO - Environment info:
------------------------------------------------------------
sys.platform: linux
Python: 3.8.16 (default, Jan 17 2023, 23:13:24) [GCC 11.2.0]
CUDA available: True
GPU 0,1,2,3: NVIDIA GeForce RTX 3090
CUDA_HOME: /usr/local/cuda
NVCC: Cuda compilation tools, release 11.6, V11.6.55
GCC: gcc (Ubuntu 7.5.0-6ubuntu2) 7.5.0
PyTorch: 1.10.1
PyTorch compiling details: PyTorch built with:
  - GCC 7.3
  - C++ Version: 201402
  - Intel(R) oneAPI Math Kernel Library Version 2021.4-Product Build 20210904 for Intel(R) 64 architecture applications
  - Intel(R) MKL-DNN v2.2.3 (Git Hash 7336ca9f055cf1bfa13efb658fe15dc9b41f0740)
  - OpenMP 201511 (a.k.a. OpenMP 4.5)
  - LAPACK is enabled (usually provided by MKL)
  - NNPACK is enabled
  - CPU capability usage: AVX2
  - CUDA Runtime 11.3
  - NVCC architecture flags: -gencode;arch=compute_37,code=sm_37;-gencode;arch=compute_50,code=sm_50;-gencode;arch=compute_60,code=sm_60;-gencode;arch=compute_61,code=sm_61;-gencode;arch=compute_70,code=sm_70;-gencode;arch=compute_75,code=sm_75;-gencode;arch=compute_80,code=sm_80;-gencode;arch=compute_86,code=sm_86;-gencode;arch=compute_37,code=compute_37
  - CuDNN 8.2
  - Magma 2.5.2
  - Build settings: BLAS_INFO=mkl, BUILD_TYPE=Release, CUDA_VERSION=11.3, CUDNN_VERSION=8.2.0, CXX_COMPILER=/opt/rh/devtoolset-7/root/usr/bin/c++, CXX_FLAGS= -Wno-deprecated -fvisibility-inlines-hidden -DUSE_PTHREADPOOL -fopenmp -DNDEBUG -DUSE_KINETO -DUSE_FBGEMM -DUSE_QNNPACK -DUSE_PYTORCH_QNNPACK -DUSE_XNNPACK -DSYMBOLICATE_MOBILE_DEBUG_HANDLE -DEDGE_PROFILER_USE_KINETO -O2 -fPIC -Wno-narrowing -Wall -Wextra -Werror=return-type -Wno-missing-field-initializers -Wno-type-limits -Wno-array-bounds -Wno-unknown-pragmas -Wno-sign-compare -Wno-unused-parameter -Wno-unused-variable -Wno-unused-function -Wno-unused-result -Wno-unused-local-typedefs -Wno-strict-overflow -Wno-strict-aliasing -Wno-error=deprecated-declarations -Wno-stringop-overflow -Wno-psabi -Wno-error=pedantic -Wno-error=redundant-decls -Wno-error=old-style-cast -fdiagnostics-color=always -faligned-new -Wno-unused-but-set-variable -Wno-maybe-uninitialized -fno-math-errno -fno-trapping-math -Werror=format -Wno-stringop-overflow, LAPACK_INFO=mkl, PERF_WITH_AVX=1, PERF_WITH_AVX2=1, PERF_WITH_AVX512=1, TORCH_VERSION=1.10.1, USE_CUDA=ON, USE_CUDNN=ON, USE_EXCEPTION_PTR=1, USE_GFLAGS=OFF, USE_GLOG=OFF, USE_MKL=ON, USE_MKLDNN=ON, USE_MPI=OFF, USE_NCCL=ON, USE_NNPACK=ON, USE_OPENMP=ON, 

TorchVision: 0.11.2
OpenCV: 4.7.0
MMCV: 1.6.2
MMCV Compiler: GCC 9.3
MMCV CUDA Compiler: 11.3
pyskl: 0.1.0+HEAD
------------------------------------------------------------

2023-02-23 10:59:40,297 - pyskl - INFO - Config: model = dict(
    type='Recognizer3D',
    backbone=dict(
        type='ResNet3dSlowOnly',
        in_channels=5,
        base_channels=32,
        num_stages=3,
        out_indices=(2, ),
        stage_blocks=(4, 6, 3),
        conv1_stride=(1, 1),
        pool1_stride=(1, 1),
        inflate=(0, 1, 1),
        spatial_strides=(2, 2, 2),
        temporal_strides=(1, 1, 2),
        frozen_stages=3),
    cls_head=dict(
        type='I3DHead', in_channels=512, num_classes=10, dropout=0.5),
    test_cfg=dict(average_clips='prob'))
dataset_type = 'PoseDataset'
ann_file = 'data/ds_taichi/test9nsnr.pkl'
left_kp = [
    5, 6, 7, 8, 44, 45, 46, 47, 48, 49, 50, 51, 52, 53, 54, 55, 56, 57, 58, 59,
    60, 61, 62, 63, 64, 65, 66, 67, 68, 69, 70, 71
]
right_kp = [
    1, 2, 3, 4, 16, 17, 18, 19, 20, 21, 22, 23, 24, 25, 26, 27, 28, 29, 30, 31,
    32, 33, 34, 35, 36, 37, 38, 39, 40, 41, 42, 43
]
train_pipeline = [
    dict(type='UniformSampleFrames', clip_len=48),
    dict(type='PoseDecode'),
    dict(type='PoseCompact', hw_ratio=1.0, allow_imgpad=True),
    dict(type='Resize', scale=(-1, 64)),
    dict(type='RandomResizedCrop', area_range=(0.56, 1.0)),
    dict(type='Resize', scale=(56, 56), keep_ratio=False),
    dict(
        type='Flip',
        flip_ratio=0.5,
        left_kp=[
            5, 6, 7, 8, 44, 45, 46, 47, 48, 49, 50, 51, 52, 53, 54, 55, 56, 57,
            58, 59, 60, 61, 62, 63, 64, 65, 66, 67, 68, 69, 70, 71
        ],
        right_kp=[
            1, 2, 3, 4, 16, 17, 18, 19, 20, 21, 22, 23, 24, 25, 26, 27, 28, 29,
            30, 31, 32, 33, 34, 35, 36, 37, 38, 39, 40, 41, 42, 43
        ]),
    dict(type='GenerateTaiChiPoseTarget', with_kp=False, with_limb=True),
    dict(type='FormatShape', input_format='NCTHW_Heatmap'),
    dict(type='Collect', keys=['imgs', 'label'], meta_keys=[]),
    dict(type='ToTensor', keys=['imgs', 'label'])
]
val_pipeline = [
    dict(type='UniformSampleFrames', clip_len=48, num_clips=1),
    dict(type='PoseDecode'),
    dict(type='PoseCompact', hw_ratio=1.0, allow_imgpad=True),
    dict(type='Resize', scale=(64, 64), keep_ratio=False),
    dict(type='GenerateTaiChiPoseTarget', with_kp=False, with_limb=True),
    dict(type='FormatShape', input_format='NCTHW_Heatmap'),
    dict(type='Collect', keys=['imgs', 'label'], meta_keys=[]),
    dict(type='ToTensor', keys=['imgs'])
]
test_pipeline = [
    dict(type='UniformSampleFrames', clip_len=48, num_clips=10),
    dict(type='PoseDecode'),
    dict(type='PoseCompact', hw_ratio=1.0, allow_imgpad=True),
    dict(type='Resize', scale=(64, 64), keep_ratio=False),
    dict(
        type='GenerateTaiChiPoseTarget',
        with_kp=False,
        with_limb=True,
        double=True),
    dict(type='FormatShape', input_format='NCTHW_Heatmap'),
    dict(type='Collect', keys=['imgs', 'label'], meta_keys=[]),
    dict(type='ToTensor', keys=['imgs'])
]
data = dict(
    videos_per_gpu=8,
    workers_per_gpu=4,
    test_dataloader=dict(videos_per_gpu=6),
    train=dict(
        type='RepeatDataset',
        times=30,
        dataset=dict(
            type='PoseDataset',
            ann_file='data/ds_taichi/test9nsnr.pkl',
            split='train',
            pipeline=[
                dict(type='UniformSampleFrames', clip_len=48),
                dict(type='PoseDecode'),
                dict(type='PoseCompact', hw_ratio=1.0, allow_imgpad=True),
                dict(type='Resize', scale=(-1, 64)),
                dict(type='RandomResizedCrop', area_range=(0.56, 1.0)),
                dict(type='Resize', scale=(56, 56), keep_ratio=False),
                dict(
                    type='Flip',
                    flip_ratio=0.5,
                    left_kp=[
                        5, 6, 7, 8, 44, 45, 46, 47, 48, 49, 50, 51, 52, 53, 54,
                        55, 56, 57, 58, 59, 60, 61, 62, 63, 64, 65, 66, 67, 68,
                        69, 70, 71
                    ],
                    right_kp=[
                        1, 2, 3, 4, 16, 17, 18, 19, 20, 21, 22, 23, 24, 25, 26,
                        27, 28, 29, 30, 31, 32, 33, 34, 35, 36, 37, 38, 39, 40,
                        41, 42, 43
                    ]),
                dict(
                    type='GenerateTaiChiPoseTarget',
                    with_kp=False,
                    with_limb=True),
                dict(type='FormatShape', input_format='NCTHW_Heatmap'),
                dict(type='Collect', keys=['imgs', 'label'], meta_keys=[]),
                dict(type='ToTensor', keys=['imgs', 'label'])
            ])),
    val=dict(
        type='PoseDataset',
        ann_file='data/ds_taichi/test9nsnr.pkl',
        split='test',
        pipeline=[
            dict(type='UniformSampleFrames', clip_len=48, num_clips=1),
            dict(type='PoseDecode'),
            dict(type='PoseCompact', hw_ratio=1.0, allow_imgpad=True),
            dict(type='Resize', scale=(64, 64), keep_ratio=False),
            dict(
                type='GenerateTaiChiPoseTarget', with_kp=False,
                with_limb=True),
            dict(type='FormatShape', input_format='NCTHW_Heatmap'),
            dict(type='Collect', keys=['imgs', 'label'], meta_keys=[]),
            dict(type='ToTensor', keys=['imgs'])
        ]),
    test=dict(
        type='PoseDataset',
        ann_file='data/ds_taichi/test9nsnr.pkl',
        split='test',
        pipeline=[
            dict(type='UniformSampleFrames', clip_len=48, num_clips=10),
            dict(type='PoseDecode'),
            dict(type='PoseCompact', hw_ratio=1.0, allow_imgpad=True),
            dict(type='Resize', scale=(64, 64), keep_ratio=False),
            dict(
                type='GenerateTaiChiPoseTarget',
                with_kp=False,
                with_limb=True,
                double=True),
            dict(type='FormatShape', input_format='NCTHW_Heatmap'),
            dict(type='Collect', keys=['imgs', 'label'], meta_keys=[]),
            dict(type='ToTensor', keys=['imgs'])
        ]))
optimizer = dict(type='SGD', lr=0.4, momentum=0.9, weight_decay=0.0003)
optimizer_config = dict(grad_clip=dict(max_norm=40, norm_type=2))
lr_config = dict(policy='CosineAnnealing', by_epoch=False, min_lr=0)
total_epochs = 24
checkpoint_config = dict(interval=24)
evaluation = dict(
    interval=1, metrics=['top_k_accuracy', 'mean_class_accuracy'], topk=(1, 5))
log_config = dict(interval=20, hooks=[dict(type='TextLoggerHook')])
log_level = 'INFO'
output_config = dict(
    out='./model_pth/exp4/t9nsnr_wfwc_5p_lb/test_result/results.pkl')
eval_config = dict(
    metric_out='./model_pth/exp4/t9nsnr_wfwc_5p_lb/test_result',
    eval=[
        'top_k_accuracy', 'mean_class_accuracy', 'confusion_matrix',
        't_sne_vis'
    ])
work_dir = './model_pth/exp4/t9nsnr_wfwc_5p_lb'
load_from = './model_pth/ntu120xsub_5parts_lb/best_top1_acc_epoch_24.pth'
find_unused_parameters = True
dist_params = dict(backend='nccl')
gpu_ids = range(0, 4)

2023-02-23 10:59:40,298 - pyskl - INFO - Set random seed to 42, deterministic: True
2023-02-23 10:59:40,936 - pyskl - INFO - 20 videos remain after valid thresholding
2023-02-23 10:59:46,514 - pyskl - INFO - 180 videos remain after valid thresholding
2023-02-23 10:59:46,515 - pyskl - INFO - load checkpoint from local path: ./model_pth/ntu120xsub_5parts_lb/best_top1_acc_epoch_24.pth
2023-02-23 10:59:46,538 - pyskl - WARNING - The model and loaded state dict do not match exactly

size mismatch for cls_head.fc_cls.weight: copying a param with shape torch.Size([120, 512]) from checkpoint, the shape in current model is torch.Size([10, 512]).
size mismatch for cls_head.fc_cls.bias: copying a param with shape torch.Size([120]) from checkpoint, the shape in current model is torch.Size([10]).
2023-02-23 10:59:46,538 - pyskl - INFO - Start running, host: yl@83090-jin, work_dir: /home/yl/sscls/model_pth/exp4/t9nsnr_wfwc_5p_lb
2023-02-23 10:59:46,539 - pyskl - INFO - Hooks will be executed in the following order:
before_run:
(VERY_HIGH   ) CosineAnnealingLrUpdaterHook       
(NORMAL      ) CheckpointHook                     
(NORMAL      ) DistEvalHook                       
(VERY_LOW    ) TextLoggerHook                     
 -------------------- 
before_train_epoch:
(VERY_HIGH   ) CosineAnnealingLrUpdaterHook       
(NORMAL      ) DistSamplerSeedHook                
(NORMAL      ) DistEvalHook                       
(LOW         ) IterTimerHook                      
(VERY_LOW    ) TextLoggerHook                     
 -------------------- 
before_train_iter:
(VERY_HIGH   ) CosineAnnealingLrUpdaterHook       
(NORMAL      ) DistEvalHook                       
(LOW         ) IterTimerHook                      
 -------------------- 
after_train_iter:
(ABOVE_NORMAL) OptimizerHook                      
(NORMAL      ) CheckpointHook                     
(NORMAL      ) DistEvalHook                       
(LOW         ) IterTimerHook                      
(VERY_LOW    ) TextLoggerHook                     
 -------------------- 
after_train_epoch:
(NORMAL      ) CheckpointHook                     
(NORMAL      ) DistEvalHook                       
(VERY_LOW    ) TextLoggerHook                     
 -------------------- 
before_val_epoch:
(NORMAL      ) DistSamplerSeedHook                
(LOW         ) IterTimerHook                      
(VERY_LOW    ) TextLoggerHook                     
 -------------------- 
before_val_iter:
(LOW         ) IterTimerHook                      
 -------------------- 
after_val_iter:
(LOW         ) IterTimerHook                      
 -------------------- 
after_val_epoch:
(VERY_LOW    ) TextLoggerHook                     
 -------------------- 
after_run:
(VERY_LOW    ) TextLoggerHook                     
 -------------------- 
2023-02-23 10:59:46,539 - pyskl - INFO - workflow: [('train', 1)], max: 24 epochs
2023-02-23 10:59:46,539 - pyskl - INFO - Checkpoints will be saved to /home/yl/sscls/model_pth/exp4/t9nsnr_wfwc_5p_lb by HardDiskBackend.
2023-02-23 11:00:31,357 - pyskl - INFO - Evaluating top_k_accuracy ...
2023-02-23 11:00:31,357 - pyskl - INFO - 
top1_acc	0.5111
top5_acc	0.8778
2023-02-23 11:00:31,357 - pyskl - INFO - Evaluating mean_class_accuracy ...
2023-02-23 11:00:31,358 - pyskl - INFO - 
mean_acc	0.5111
2023-02-23 11:00:31,384 - pyskl - INFO - Now best checkpoint is saved as best_top1_acc_epoch_1.pth.
2023-02-23 11:00:31,385 - pyskl - INFO - Best top1_acc is 0.5111 at 1 epoch.
2023-02-23 11:00:31,385 - pyskl - INFO - Epoch(val) [1][6]	top1_acc: 0.5111, top5_acc: 0.8778, mean_class_accuracy: 0.5111
2023-02-23 11:01:16,062 - pyskl - INFO - Evaluating top_k_accuracy ...
2023-02-23 11:01:16,062 - pyskl - INFO - 
top1_acc	0.6389
top5_acc	0.8889
2023-02-23 11:01:16,062 - pyskl - INFO - Evaluating mean_class_accuracy ...
2023-02-23 11:01:16,063 - pyskl - INFO - 
mean_acc	0.6389
2023-02-23 11:01:16,064 - pyskl - INFO - The previous best checkpoint /home/yl/sscls/model_pth/exp4/t9nsnr_wfwc_5p_lb/best_top1_acc_epoch_1.pth was removed
2023-02-23 11:01:16,090 - pyskl - INFO - Now best checkpoint is saved as best_top1_acc_epoch_2.pth.
2023-02-23 11:01:16,091 - pyskl - INFO - Best top1_acc is 0.6389 at 2 epoch.
2023-02-23 11:01:16,091 - pyskl - INFO - Epoch(val) [2][6]	top1_acc: 0.6389, top5_acc: 0.8889, mean_class_accuracy: 0.6389
2023-02-23 11:02:00,838 - pyskl - INFO - Evaluating top_k_accuracy ...
2023-02-23 11:02:00,839 - pyskl - INFO - 
top1_acc	0.7556
top5_acc	0.9333
2023-02-23 11:02:00,839 - pyskl - INFO - Evaluating mean_class_accuracy ...
2023-02-23 11:02:00,839 - pyskl - INFO - 
mean_acc	0.7556
2023-02-23 11:02:00,842 - pyskl - INFO - The previous best checkpoint /home/yl/sscls/model_pth/exp4/t9nsnr_wfwc_5p_lb/best_top1_acc_epoch_2.pth was removed
2023-02-23 11:02:00,869 - pyskl - INFO - Now best checkpoint is saved as best_top1_acc_epoch_3.pth.
2023-02-23 11:02:00,869 - pyskl - INFO - Best top1_acc is 0.7556 at 3 epoch.
2023-02-23 11:02:00,869 - pyskl - INFO - Epoch(val) [3][6]	top1_acc: 0.7556, top5_acc: 0.9333, mean_class_accuracy: 0.7556
2023-02-23 11:02:45,713 - pyskl - INFO - Evaluating top_k_accuracy ...
2023-02-23 11:02:45,714 - pyskl - INFO - 
top1_acc	0.7778
top5_acc	0.9944
2023-02-23 11:02:45,714 - pyskl - INFO - Evaluating mean_class_accuracy ...
2023-02-23 11:02:45,714 - pyskl - INFO - 
mean_acc	0.7778
2023-02-23 11:02:45,716 - pyskl - INFO - The previous best checkpoint /home/yl/sscls/model_pth/exp4/t9nsnr_wfwc_5p_lb/best_top1_acc_epoch_3.pth was removed
2023-02-23 11:02:45,741 - pyskl - INFO - Now best checkpoint is saved as best_top1_acc_epoch_4.pth.
2023-02-23 11:02:45,741 - pyskl - INFO - Best top1_acc is 0.7778 at 4 epoch.
2023-02-23 11:02:45,742 - pyskl - INFO - Epoch(val) [4][6]	top1_acc: 0.7778, top5_acc: 0.9944, mean_class_accuracy: 0.7778
2023-02-23 11:03:30,799 - pyskl - INFO - Evaluating top_k_accuracy ...
2023-02-23 11:03:30,800 - pyskl - INFO - 
top1_acc	0.7722
top5_acc	0.9889
2023-02-23 11:03:30,800 - pyskl - INFO - Evaluating mean_class_accuracy ...
2023-02-23 11:03:30,800 - pyskl - INFO - 
mean_acc	0.7722
2023-02-23 11:03:30,800 - pyskl - INFO - Epoch(val) [5][6]	top1_acc: 0.7722, top5_acc: 0.9889, mean_class_accuracy: 0.7722
2023-02-23 11:04:16,119 - pyskl - INFO - Evaluating top_k_accuracy ...
2023-02-23 11:04:16,120 - pyskl - INFO - 
top1_acc	0.8611
top5_acc	0.9722
2023-02-23 11:04:16,120 - pyskl - INFO - Evaluating mean_class_accuracy ...
2023-02-23 11:04:16,120 - pyskl - INFO - 
mean_acc	0.8611
2023-02-23 11:04:16,122 - pyskl - INFO - The previous best checkpoint /home/yl/sscls/model_pth/exp4/t9nsnr_wfwc_5p_lb/best_top1_acc_epoch_4.pth was removed
2023-02-23 11:04:16,149 - pyskl - INFO - Now best checkpoint is saved as best_top1_acc_epoch_6.pth.
2023-02-23 11:04:16,149 - pyskl - INFO - Best top1_acc is 0.8611 at 6 epoch.
2023-02-23 11:04:16,149 - pyskl - INFO - Epoch(val) [6][6]	top1_acc: 0.8611, top5_acc: 0.9722, mean_class_accuracy: 0.8611
2023-02-23 11:05:01,348 - pyskl - INFO - Evaluating top_k_accuracy ...
2023-02-23 11:05:01,349 - pyskl - INFO - 
top1_acc	0.7222
top5_acc	0.9778
2023-02-23 11:05:01,349 - pyskl - INFO - Evaluating mean_class_accuracy ...
2023-02-23 11:05:01,351 - pyskl - INFO - 
mean_acc	0.7222
2023-02-23 11:05:01,351 - pyskl - INFO - Epoch(val) [7][6]	top1_acc: 0.7222, top5_acc: 0.9778, mean_class_accuracy: 0.7222
2023-02-23 11:05:46,414 - pyskl - INFO - Evaluating top_k_accuracy ...
2023-02-23 11:05:46,415 - pyskl - INFO - 
top1_acc	0.7667
top5_acc	0.9556
2023-02-23 11:05:46,415 - pyskl - INFO - Evaluating mean_class_accuracy ...
2023-02-23 11:05:46,415 - pyskl - INFO - 
mean_acc	0.7667
2023-02-23 11:05:46,415 - pyskl - INFO - Epoch(val) [8][6]	top1_acc: 0.7667, top5_acc: 0.9556, mean_class_accuracy: 0.7667
2023-02-23 11:06:30,759 - pyskl - INFO - Evaluating top_k_accuracy ...
2023-02-23 11:06:30,760 - pyskl - INFO - 
top1_acc	0.8556
top5_acc	0.9889
2023-02-23 11:06:30,760 - pyskl - INFO - Evaluating mean_class_accuracy ...
2023-02-23 11:06:30,761 - pyskl - INFO - 
mean_acc	0.8556
2023-02-23 11:06:30,761 - pyskl - INFO - Epoch(val) [9][6]	top1_acc: 0.8556, top5_acc: 0.9889, mean_class_accuracy: 0.8556
2023-02-23 11:07:15,922 - pyskl - INFO - Evaluating top_k_accuracy ...
2023-02-23 11:07:15,923 - pyskl - INFO - 
top1_acc	0.8833
top5_acc	0.9778
2023-02-23 11:07:15,923 - pyskl - INFO - Evaluating mean_class_accuracy ...
2023-02-23 11:07:15,923 - pyskl - INFO - 
mean_acc	0.8833
2023-02-23 11:07:15,925 - pyskl - INFO - The previous best checkpoint /home/yl/sscls/model_pth/exp4/t9nsnr_wfwc_5p_lb/best_top1_acc_epoch_6.pth was removed
2023-02-23 11:07:15,952 - pyskl - INFO - Now best checkpoint is saved as best_top1_acc_epoch_10.pth.
2023-02-23 11:07:15,952 - pyskl - INFO - Best top1_acc is 0.8833 at 10 epoch.
2023-02-23 11:07:15,953 - pyskl - INFO - Epoch(val) [10][6]	top1_acc: 0.8833, top5_acc: 0.9778, mean_class_accuracy: 0.8833
2023-02-23 11:08:01,304 - pyskl - INFO - Evaluating top_k_accuracy ...
2023-02-23 11:08:01,304 - pyskl - INFO - 
top1_acc	0.8000
top5_acc	0.9944
2023-02-23 11:08:01,304 - pyskl - INFO - Evaluating mean_class_accuracy ...
2023-02-23 11:08:01,305 - pyskl - INFO - 
mean_acc	0.8000
2023-02-23 11:08:01,305 - pyskl - INFO - Epoch(val) [11][6]	top1_acc: 0.8000, top5_acc: 0.9944, mean_class_accuracy: 0.8000
2023-02-23 11:08:46,374 - pyskl - INFO - Evaluating top_k_accuracy ...
2023-02-23 11:08:46,375 - pyskl - INFO - 
top1_acc	0.8222
top5_acc	0.9556
2023-02-23 11:08:46,375 - pyskl - INFO - Evaluating mean_class_accuracy ...
2023-02-23 11:08:46,375 - pyskl - INFO - 
mean_acc	0.8222
2023-02-23 11:08:46,375 - pyskl - INFO - Epoch(val) [12][6]	top1_acc: 0.8222, top5_acc: 0.9556, mean_class_accuracy: 0.8222
2023-02-23 11:09:31,498 - pyskl - INFO - Evaluating top_k_accuracy ...
2023-02-23 11:09:31,499 - pyskl - INFO - 
top1_acc	0.8222
top5_acc	1.0000
2023-02-23 11:09:31,499 - pyskl - INFO - Evaluating mean_class_accuracy ...
2023-02-23 11:09:31,500 - pyskl - INFO - 
mean_acc	0.8222
2023-02-23 11:09:31,500 - pyskl - INFO - Epoch(val) [13][6]	top1_acc: 0.8222, top5_acc: 1.0000, mean_class_accuracy: 0.8222
2023-02-23 11:10:16,325 - pyskl - INFO - Evaluating top_k_accuracy ...
2023-02-23 11:10:16,326 - pyskl - INFO - 
top1_acc	0.8444
top5_acc	0.9944
2023-02-23 11:10:16,326 - pyskl - INFO - Evaluating mean_class_accuracy ...
2023-02-23 11:10:16,326 - pyskl - INFO - 
mean_acc	0.8444
2023-02-23 11:10:16,326 - pyskl - INFO - Epoch(val) [14][6]	top1_acc: 0.8444, top5_acc: 0.9944, mean_class_accuracy: 0.8444
2023-02-23 11:11:01,425 - pyskl - INFO - Evaluating top_k_accuracy ...
2023-02-23 11:11:01,425 - pyskl - INFO - 
top1_acc	0.8556
top5_acc	0.9944
2023-02-23 11:11:01,426 - pyskl - INFO - Evaluating mean_class_accuracy ...
2023-02-23 11:11:01,426 - pyskl - INFO - 
mean_acc	0.8556
2023-02-23 11:11:01,426 - pyskl - INFO - Epoch(val) [15][6]	top1_acc: 0.8556, top5_acc: 0.9944, mean_class_accuracy: 0.8556
2023-02-23 11:11:46,492 - pyskl - INFO - Evaluating top_k_accuracy ...
2023-02-23 11:11:46,493 - pyskl - INFO - 
top1_acc	0.8444
top5_acc	0.9667
2023-02-23 11:11:46,493 - pyskl - INFO - Evaluating mean_class_accuracy ...
2023-02-23 11:11:46,493 - pyskl - INFO - 
mean_acc	0.8444
2023-02-23 11:11:46,494 - pyskl - INFO - Epoch(val) [16][6]	top1_acc: 0.8444, top5_acc: 0.9667, mean_class_accuracy: 0.8444
2023-02-23 11:12:31,476 - pyskl - INFO - Evaluating top_k_accuracy ...
2023-02-23 11:12:31,476 - pyskl - INFO - 
top1_acc	0.8667
top5_acc	0.9944
2023-02-23 11:12:31,476 - pyskl - INFO - Evaluating mean_class_accuracy ...
2023-02-23 11:12:31,477 - pyskl - INFO - 
mean_acc	0.8667
2023-02-23 11:12:31,477 - pyskl - INFO - Epoch(val) [17][6]	top1_acc: 0.8667, top5_acc: 0.9944, mean_class_accuracy: 0.8667
2023-02-23 11:13:16,326 - pyskl - INFO - Evaluating top_k_accuracy ...
2023-02-23 11:13:16,327 - pyskl - INFO - 
top1_acc	0.8667
top5_acc	0.9944
2023-02-23 11:13:16,327 - pyskl - INFO - Evaluating mean_class_accuracy ...
2023-02-23 11:13:16,327 - pyskl - INFO - 
mean_acc	0.8667
2023-02-23 11:13:16,327 - pyskl - INFO - Epoch(val) [18][6]	top1_acc: 0.8667, top5_acc: 0.9944, mean_class_accuracy: 0.8667
2023-02-23 11:14:01,156 - pyskl - INFO - Evaluating top_k_accuracy ...
2023-02-23 11:14:01,157 - pyskl - INFO - 
top1_acc	0.8333
top5_acc	0.9944
2023-02-23 11:14:01,157 - pyskl - INFO - Evaluating mean_class_accuracy ...
2023-02-23 11:14:01,157 - pyskl - INFO - 
mean_acc	0.8333
2023-02-23 11:14:01,157 - pyskl - INFO - Epoch(val) [19][6]	top1_acc: 0.8333, top5_acc: 0.9944, mean_class_accuracy: 0.8333
2023-02-23 11:14:45,716 - pyskl - INFO - Evaluating top_k_accuracy ...
2023-02-23 11:14:45,717 - pyskl - INFO - 
top1_acc	0.8333
top5_acc	0.9944
2023-02-23 11:14:45,717 - pyskl - INFO - Evaluating mean_class_accuracy ...
2023-02-23 11:14:45,717 - pyskl - INFO - 
mean_acc	0.8333
2023-02-23 11:14:45,717 - pyskl - INFO - Epoch(val) [20][6]	top1_acc: 0.8333, top5_acc: 0.9944, mean_class_accuracy: 0.8333
2023-02-23 11:15:30,480 - pyskl - INFO - Evaluating top_k_accuracy ...
2023-02-23 11:15:30,481 - pyskl - INFO - 
top1_acc	0.8444
top5_acc	0.9944
2023-02-23 11:15:30,481 - pyskl - INFO - Evaluating mean_class_accuracy ...
2023-02-23 11:15:30,481 - pyskl - INFO - 
mean_acc	0.8444
2023-02-23 11:15:30,482 - pyskl - INFO - Epoch(val) [21][6]	top1_acc: 0.8444, top5_acc: 0.9944, mean_class_accuracy: 0.8444
2023-02-23 11:16:15,799 - pyskl - INFO - Evaluating top_k_accuracy ...
2023-02-23 11:16:15,799 - pyskl - INFO - 
top1_acc	0.8556
top5_acc	0.9944
2023-02-23 11:16:15,800 - pyskl - INFO - Evaluating mean_class_accuracy ...
2023-02-23 11:16:15,800 - pyskl - INFO - 
mean_acc	0.8556
2023-02-23 11:16:15,800 - pyskl - INFO - Epoch(val) [22][6]	top1_acc: 0.8556, top5_acc: 0.9944, mean_class_accuracy: 0.8556
2023-02-23 11:17:01,629 - pyskl - INFO - Evaluating top_k_accuracy ...
2023-02-23 11:17:01,629 - pyskl - INFO - 
top1_acc	0.8556
top5_acc	0.9944
2023-02-23 11:17:01,629 - pyskl - INFO - Evaluating mean_class_accuracy ...
2023-02-23 11:17:01,630 - pyskl - INFO - 
mean_acc	0.8556
2023-02-23 11:17:01,630 - pyskl - INFO - Epoch(val) [23][6]	top1_acc: 0.8556, top5_acc: 0.9944, mean_class_accuracy: 0.8556
2023-02-23 11:17:26,529 - pyskl - INFO - Saving checkpoint at 24 epochs
2023-02-23 11:17:46,783 - pyskl - INFO - Evaluating top_k_accuracy ...
2023-02-23 11:17:46,784 - pyskl - INFO - 
top1_acc	0.8556
top5_acc	0.9944
2023-02-23 11:17:46,784 - pyskl - INFO - Evaluating mean_class_accuracy ...
2023-02-23 11:17:46,784 - pyskl - INFO - 
mean_acc	0.8556
2023-02-23 11:17:46,784 - pyskl - INFO - Epoch(val) [24][6]	top1_acc: 0.8556, top5_acc: 0.9944, mean_class_accuracy: 0.8556
