2023-02-24 10:48:51,022 - pyskl - INFO - Environment info:
------------------------------------------------------------
sys.platform: linux
Python: 3.8.16 (default, Jan 17 2023, 23:13:24) [GCC 11.2.0]
CUDA available: True
GPU 0,1,2,3: NVIDIA GeForce RTX 3090
CUDA_HOME: /usr/local/cuda
NVCC: Cuda compilation tools, release 11.6, V11.6.55
GCC: gcc (Ubuntu 7.5.0-6ubuntu2) 7.5.0
PyTorch: 1.10.1
PyTorch compiling details: PyTorch built with:
  - GCC 7.3
  - C++ Version: 201402
  - Intel(R) oneAPI Math Kernel Library Version 2021.4-Product Build 20210904 for Intel(R) 64 architecture applications
  - Intel(R) MKL-DNN v2.2.3 (Git Hash 7336ca9f055cf1bfa13efb658fe15dc9b41f0740)
  - OpenMP 201511 (a.k.a. OpenMP 4.5)
  - LAPACK is enabled (usually provided by MKL)
  - NNPACK is enabled
  - CPU capability usage: AVX2
  - CUDA Runtime 11.3
  - NVCC architecture flags: -gencode;arch=compute_37,code=sm_37;-gencode;arch=compute_50,code=sm_50;-gencode;arch=compute_60,code=sm_60;-gencode;arch=compute_61,code=sm_61;-gencode;arch=compute_70,code=sm_70;-gencode;arch=compute_75,code=sm_75;-gencode;arch=compute_80,code=sm_80;-gencode;arch=compute_86,code=sm_86;-gencode;arch=compute_37,code=compute_37
  - CuDNN 8.2
  - Magma 2.5.2
  - Build settings: BLAS_INFO=mkl, BUILD_TYPE=Release, CUDA_VERSION=11.3, CUDNN_VERSION=8.2.0, CXX_COMPILER=/opt/rh/devtoolset-7/root/usr/bin/c++, CXX_FLAGS= -Wno-deprecated -fvisibility-inlines-hidden -DUSE_PTHREADPOOL -fopenmp -DNDEBUG -DUSE_KINETO -DUSE_FBGEMM -DUSE_QNNPACK -DUSE_PYTORCH_QNNPACK -DUSE_XNNPACK -DSYMBOLICATE_MOBILE_DEBUG_HANDLE -DEDGE_PROFILER_USE_KINETO -O2 -fPIC -Wno-narrowing -Wall -Wextra -Werror=return-type -Wno-missing-field-initializers -Wno-type-limits -Wno-array-bounds -Wno-unknown-pragmas -Wno-sign-compare -Wno-unused-parameter -Wno-unused-variable -Wno-unused-function -Wno-unused-result -Wno-unused-local-typedefs -Wno-strict-overflow -Wno-strict-aliasing -Wno-error=deprecated-declarations -Wno-stringop-overflow -Wno-psabi -Wno-error=pedantic -Wno-error=redundant-decls -Wno-error=old-style-cast -fdiagnostics-color=always -faligned-new -Wno-unused-but-set-variable -Wno-maybe-uninitialized -fno-math-errno -fno-trapping-math -Werror=format -Wno-stringop-overflow, LAPACK_INFO=mkl, PERF_WITH_AVX=1, PERF_WITH_AVX2=1, PERF_WITH_AVX512=1, TORCH_VERSION=1.10.1, USE_CUDA=ON, USE_CUDNN=ON, USE_EXCEPTION_PTR=1, USE_GFLAGS=OFF, USE_GLOG=OFF, USE_MKL=ON, USE_MKLDNN=ON, USE_MPI=OFF, USE_NCCL=ON, USE_NNPACK=ON, USE_OPENMP=ON, 

TorchVision: 0.11.2
OpenCV: 4.7.0
MMCV: 1.6.2
MMCV Compiler: GCC 9.3
MMCV CUDA Compiler: 11.3
pyskl: 0.1.0+HEAD
------------------------------------------------------------

2023-02-24 10:48:51,521 - pyskl - INFO - Config: model = dict(
    type='Recognizer3D',
    backbone=dict(
        type='ResNet3dSlowOnly',
        in_channels=5,
        base_channels=32,
        num_stages=3,
        out_indices=(2, ),
        stage_blocks=(4, 6, 3),
        conv1_stride=(1, 1),
        pool1_stride=(1, 1),
        inflate=(0, 1, 1),
        spatial_strides=(2, 2, 2),
        temporal_strides=(1, 1, 2)),
    cls_head=dict(type='I3DHead', in_channels=512, num_classes=6, dropout=0.5),
    test_cfg=dict(average_clips='prob'))
dataset_type = 'PoseDataset'
ann_file = 'data/ds_ncrc/ncrc.pkl'
left = [7, 8, 9, 11, 19, 20, 21, 22, 23, 24]
right = [3, 4, 5, 10, 13, 14, 15, 16, 17, 18]
train_pipeline = [
    dict(type='UniformSampleFrames', clip_len=48),
    dict(type='PoseDecode'),
    dict(type='PoseCompact', hw_ratio=1.0, allow_imgpad=True),
    dict(type='Resize', scale=(-1, 64)),
    dict(type='RandomResizedCrop', area_range=(0.56, 1.0)),
    dict(type='Resize', scale=(56, 56), keep_ratio=False),
    dict(
        type='Flip',
        flip_ratio=0.5,
        left_kp=[7, 8, 9, 11, 19, 20, 21, 22, 23, 24],
        right_kp=[3, 4, 5, 10, 13, 14, 15, 16, 17, 18]),
    dict(type='GenerateNCRCPoseTarget', with_kp=False, with_limb=True),
    dict(type='FormatShape', input_format='NCTHW_Heatmap'),
    dict(type='Collect', keys=['imgs', 'label'], meta_keys=[]),
    dict(type='ToTensor', keys=['imgs', 'label'])
]
val_pipeline = [
    dict(type='UniformSampleFrames', clip_len=48, num_clips=1),
    dict(type='PoseDecode'),
    dict(type='PoseCompact', hw_ratio=1.0, allow_imgpad=True),
    dict(type='Resize', scale=(64, 64), keep_ratio=False),
    dict(type='GenerateNCRCPoseTarget', with_kp=False, with_limb=True),
    dict(type='FormatShape', input_format='NCTHW_Heatmap'),
    dict(type='Collect', keys=['imgs', 'label'], meta_keys=[]),
    dict(type='ToTensor', keys=['imgs'])
]
test_pipeline = [
    dict(type='UniformSampleFrames', clip_len=48, num_clips=10),
    dict(type='PoseDecode'),
    dict(type='PoseCompact', hw_ratio=1.0, allow_imgpad=True),
    dict(type='Resize', scale=(64, 64), keep_ratio=False),
    dict(
        type='GenerateNCRCPoseTarget',
        with_kp=False,
        with_limb=True,
        double=True),
    dict(type='FormatShape', input_format='NCTHW_Heatmap'),
    dict(type='Collect', keys=['imgs', 'label'], meta_keys=[]),
    dict(type='ToTensor', keys=['imgs'])
]
data = dict(
    videos_per_gpu=8,
    workers_per_gpu=4,
    test_dataloader=dict(videos_per_gpu=3),
    train=dict(
        type='RepeatDataset',
        times=30,
        dataset=dict(
            type='PoseDataset',
            ann_file='data/ds_ncrc/ncrc.pkl',
            split='train',
            pipeline=[
                dict(type='UniformSampleFrames', clip_len=48),
                dict(type='PoseDecode'),
                dict(type='PoseCompact', hw_ratio=1.0, allow_imgpad=True),
                dict(type='Resize', scale=(-1, 64)),
                dict(type='RandomResizedCrop', area_range=(0.56, 1.0)),
                dict(type='Resize', scale=(56, 56), keep_ratio=False),
                dict(
                    type='Flip',
                    flip_ratio=0.5,
                    left_kp=[7, 8, 9, 11, 19, 20, 21, 22, 23, 24],
                    right_kp=[3, 4, 5, 10, 13, 14, 15, 16, 17, 18]),
                dict(
                    type='GenerateNCRCPoseTarget',
                    with_kp=False,
                    with_limb=True),
                dict(type='FormatShape', input_format='NCTHW_Heatmap'),
                dict(type='Collect', keys=['imgs', 'label'], meta_keys=[]),
                dict(type='ToTensor', keys=['imgs', 'label'])
            ])),
    val=dict(
        type='PoseDataset',
        ann_file='data/ds_ncrc/ncrc.pkl',
        split='test',
        pipeline=[
            dict(type='UniformSampleFrames', clip_len=48, num_clips=1),
            dict(type='PoseDecode'),
            dict(type='PoseCompact', hw_ratio=1.0, allow_imgpad=True),
            dict(type='Resize', scale=(64, 64), keep_ratio=False),
            dict(type='GenerateNCRCPoseTarget', with_kp=False, with_limb=True),
            dict(type='FormatShape', input_format='NCTHW_Heatmap'),
            dict(type='Collect', keys=['imgs', 'label'], meta_keys=[]),
            dict(type='ToTensor', keys=['imgs'])
        ]),
    test=dict(
        type='PoseDataset',
        ann_file='data/ds_ncrc/ncrc.pkl',
        split='test',
        pipeline=[
            dict(type='UniformSampleFrames', clip_len=48, num_clips=10),
            dict(type='PoseDecode'),
            dict(type='PoseCompact', hw_ratio=1.0, allow_imgpad=True),
            dict(type='Resize', scale=(64, 64), keep_ratio=False),
            dict(
                type='GenerateNCRCPoseTarget',
                with_kp=False,
                with_limb=True,
                double=True),
            dict(type='FormatShape', input_format='NCTHW_Heatmap'),
            dict(type='Collect', keys=['imgs', 'label'], meta_keys=[]),
            dict(type='ToTensor', keys=['imgs'])
        ]))
optimizer = dict(type='AdamW', lr=0.0005, weight_decay=0.0003)
optimizer_config = dict(grad_clip=dict(max_norm=40, norm_type=2))
lr_config = dict(policy='CosineAnnealing', by_epoch=False, min_lr=0)
total_epochs = 24
checkpoint_config = dict(interval=24)
evaluation = dict(
    interval=1, metrics=['top_k_accuracy', 'mean_class_accuracy'], topk=(1, 5))
log_config = dict(interval=20, hooks=[dict(type='TextLoggerHook')])
log_level = 'INFO'
output_config = dict(
    out='./model_pth/exp7/ncrc_nfwc_adamw5e-4_lb/test_result/results.pkl')
eval_config = dict(
    metric_out='./model_pth/exp7/ncrc_nfwc_adamw5e-4_lb/test_result',
    eval=[
        'top_k_accuracy', 'mean_class_accuracy', 'confusion_matrix',
        't_sne_vis'
    ])
work_dir = './model_pth/exp7/ncrc_nfwc_adamw5e-4_lb'
load_from = 'model_pth/ntu120xsub_5parts_lb/best_top1_acc_epoch_24.pth'
find_unused_parameters = True
dist_params = dict(backend='nccl')
gpu_ids = range(0, 4)

2023-02-24 10:48:51,522 - pyskl - INFO - Set random seed to 42, deterministic: True
2023-02-24 10:48:58,681 - pyskl - INFO - 282 videos remain after valid thresholding
2023-02-24 10:49:10,437 - pyskl - INFO - 116 videos remain after valid thresholding
2023-02-24 10:49:10,438 - pyskl - INFO - load checkpoint from local path: model_pth/ntu120xsub_5parts_lb/best_top1_acc_epoch_24.pth
2023-02-24 10:49:10,465 - pyskl - WARNING - The model and loaded state dict do not match exactly

size mismatch for cls_head.fc_cls.weight: copying a param with shape torch.Size([120, 512]) from checkpoint, the shape in current model is torch.Size([6, 512]).
size mismatch for cls_head.fc_cls.bias: copying a param with shape torch.Size([120]) from checkpoint, the shape in current model is torch.Size([6]).
2023-02-24 10:49:10,466 - pyskl - INFO - Start running, host: yl@83090-jin, work_dir: /home/yl/sscls/model_pth/exp7/ncrc_nfwc_adamw5e-4_lb
2023-02-24 10:49:10,466 - pyskl - INFO - Hooks will be executed in the following order:
before_run:
(VERY_HIGH   ) CosineAnnealingLrUpdaterHook       
(NORMAL      ) CheckpointHook                     
(NORMAL      ) DistEvalHook                       
(VERY_LOW    ) TextLoggerHook                     
 -------------------- 
before_train_epoch:
(VERY_HIGH   ) CosineAnnealingLrUpdaterHook       
(NORMAL      ) DistSamplerSeedHook                
(NORMAL      ) DistEvalHook                       
(LOW         ) IterTimerHook                      
(VERY_LOW    ) TextLoggerHook                     
 -------------------- 
before_train_iter:
(VERY_HIGH   ) CosineAnnealingLrUpdaterHook       
(NORMAL      ) DistEvalHook                       
(LOW         ) IterTimerHook                      
 -------------------- 
after_train_iter:
(ABOVE_NORMAL) OptimizerHook                      
(NORMAL      ) CheckpointHook                     
(NORMAL      ) DistEvalHook                       
(LOW         ) IterTimerHook                      
(VERY_LOW    ) TextLoggerHook                     
 -------------------- 
after_train_epoch:
(NORMAL      ) CheckpointHook                     
(NORMAL      ) DistEvalHook                       
(VERY_LOW    ) TextLoggerHook                     
 -------------------- 
before_val_epoch:
(NORMAL      ) DistSamplerSeedHook                
(LOW         ) IterTimerHook                      
(VERY_LOW    ) TextLoggerHook                     
 -------------------- 
before_val_iter:
(LOW         ) IterTimerHook                      
 -------------------- 
after_val_iter:
(LOW         ) IterTimerHook                      
 -------------------- 
after_val_epoch:
(VERY_LOW    ) TextLoggerHook                     
 -------------------- 
after_run:
(VERY_LOW    ) TextLoggerHook                     
 -------------------- 
2023-02-24 10:49:10,467 - pyskl - INFO - workflow: [('train', 1)], max: 24 epochs
2023-02-24 10:49:10,467 - pyskl - INFO - Checkpoints will be saved to /home/yl/sscls/model_pth/exp7/ncrc_nfwc_adamw5e-4_lb by HardDiskBackend.
2023-02-24 10:49:41,238 - pyskl - INFO - Epoch [1][20/265]	lr: 5.000e-04, eta: 2:42:33, time: 1.538, data_time: 1.154, memory: 4764, top1_acc: 0.4234, top5_acc: 0.9328, loss_cls: 1.4958, loss: 1.4958, grad_norm: 2.6118
2023-02-24 10:49:48,391 - pyskl - INFO - Epoch [1][40/265]	lr: 5.000e-04, eta: 1:39:50, time: 0.357, data_time: 0.000, memory: 4764, top1_acc: 0.6109, top5_acc: 0.9859, loss_cls: 1.1081, loss: 1.1081, grad_norm: 2.5231
2023-02-24 10:49:55,531 - pyskl - INFO - Epoch [1][60/265]	lr: 4.999e-04, eta: 1:18:51, time: 0.357, data_time: 0.001, memory: 4764, top1_acc: 0.7250, top5_acc: 0.9953, loss_cls: 0.8497, loss: 0.8497, grad_norm: 2.7177
2023-02-24 10:50:02,611 - pyskl - INFO - Epoch [1][80/265]	lr: 4.998e-04, eta: 1:08:12, time: 0.354, data_time: 0.000, memory: 4764, top1_acc: 0.7859, top5_acc: 1.0000, loss_cls: 0.6894, loss: 0.6894, grad_norm: 2.8104
2023-02-24 10:50:09,821 - pyskl - INFO - Epoch [1][100/265]	lr: 4.997e-04, eta: 1:01:55, time: 0.361, data_time: 0.001, memory: 4764, top1_acc: 0.8250, top5_acc: 0.9969, loss_cls: 0.6082, loss: 0.6082, grad_norm: 2.8411
2023-02-24 10:50:16,895 - pyskl - INFO - Epoch [1][120/265]	lr: 4.996e-04, eta: 0:57:34, time: 0.354, data_time: 0.000, memory: 4764, top1_acc: 0.8672, top5_acc: 0.9984, loss_cls: 0.4882, loss: 0.4882, grad_norm: 2.8143
2023-02-24 10:50:24,028 - pyskl - INFO - Epoch [1][140/265]	lr: 4.994e-04, eta: 0:54:27, time: 0.356, data_time: 0.000, memory: 4764, top1_acc: 0.8922, top5_acc: 1.0000, loss_cls: 0.4035, loss: 0.4035, grad_norm: 2.7477
2023-02-24 10:50:31,235 - pyskl - INFO - Epoch [1][160/265]	lr: 4.992e-04, eta: 0:52:09, time: 0.361, data_time: 0.001, memory: 4764, top1_acc: 0.8875, top5_acc: 1.0000, loss_cls: 0.3794, loss: 0.3794, grad_norm: 2.7287
2023-02-24 10:50:38,448 - pyskl - INFO - Epoch [1][180/265]	lr: 4.990e-04, eta: 0:50:20, time: 0.361, data_time: 0.000, memory: 4764, top1_acc: 0.9281, top5_acc: 1.0000, loss_cls: 0.2916, loss: 0.2916, grad_norm: 2.4560
2023-02-24 10:50:45,549 - pyskl - INFO - Epoch [1][200/265]	lr: 4.988e-04, eta: 0:48:48, time: 0.355, data_time: 0.000, memory: 4764, top1_acc: 0.9375, top5_acc: 0.9984, loss_cls: 0.2669, loss: 0.2669, grad_norm: 2.5385
2023-02-24 10:50:52,749 - pyskl - INFO - Epoch [1][220/265]	lr: 4.985e-04, eta: 0:47:34, time: 0.360, data_time: 0.000, memory: 4764, top1_acc: 0.9172, top5_acc: 1.0000, loss_cls: 0.2639, loss: 0.2639, grad_norm: 2.5394
2023-02-24 10:50:59,994 - pyskl - INFO - Epoch [1][240/265]	lr: 4.983e-04, eta: 0:46:32, time: 0.362, data_time: 0.000, memory: 4764, top1_acc: 0.9563, top5_acc: 1.0000, loss_cls: 0.2007, loss: 0.2007, grad_norm: 2.2785
2023-02-24 10:51:07,145 - pyskl - INFO - Epoch [1][260/265]	lr: 4.980e-04, eta: 0:45:37, time: 0.357, data_time: 0.000, memory: 4764, top1_acc: 0.9453, top5_acc: 0.9984, loss_cls: 0.2041, loss: 0.2041, grad_norm: 2.4911
2023-02-24 10:51:28,872 - pyskl - INFO - Evaluating top_k_accuracy ...
2023-02-24 10:51:28,872 - pyskl - INFO - 
top1_acc	0.5776
top5_acc	1.0000
2023-02-24 10:51:28,872 - pyskl - INFO - Evaluating mean_class_accuracy ...
2023-02-24 10:51:28,873 - pyskl - INFO - 
mean_acc	0.6191
2023-02-24 10:51:28,931 - pyskl - INFO - Now best checkpoint is saved as best_top1_acc_epoch_1.pth.
2023-02-24 10:51:28,931 - pyskl - INFO - Best top1_acc is 0.5776 at 1 epoch.
2023-02-24 10:51:28,931 - pyskl - INFO - Epoch(val) [1][4]	top1_acc: 0.5776, top5_acc: 1.0000, mean_class_accuracy: 0.6191
2023-02-24 10:52:00,246 - pyskl - INFO - Epoch [2][20/265]	lr: 4.975e-04, eta: 0:52:34, time: 1.565, data_time: 1.125, memory: 4764, top1_acc: 0.9563, top5_acc: 1.0000, loss_cls: 0.1788, loss: 0.1788, grad_norm: 2.4145
2023-02-24 10:52:07,436 - pyskl - INFO - Epoch [2][40/265]	lr: 4.972e-04, eta: 0:51:20, time: 0.360, data_time: 0.001, memory: 4764, top1_acc: 0.9500, top5_acc: 1.0000, loss_cls: 0.2048, loss: 0.2048, grad_norm: 2.5082
2023-02-24 10:52:14,611 - pyskl - INFO - Epoch [2][60/265]	lr: 4.968e-04, eta: 0:50:14, time: 0.359, data_time: 0.001, memory: 4764, top1_acc: 0.9641, top5_acc: 1.0000, loss_cls: 0.1374, loss: 0.1374, grad_norm: 1.9840
2023-02-24 10:52:21,821 - pyskl - INFO - Epoch [2][80/265]	lr: 4.964e-04, eta: 0:49:16, time: 0.360, data_time: 0.000, memory: 4764, top1_acc: 0.9828, top5_acc: 1.0000, loss_cls: 0.1008, loss: 0.1008, grad_norm: 1.5375
2023-02-24 10:52:29,008 - pyskl - INFO - Epoch [2][100/265]	lr: 4.960e-04, eta: 0:48:22, time: 0.359, data_time: 0.001, memory: 4764, top1_acc: 0.9844, top5_acc: 0.9984, loss_cls: 0.0921, loss: 0.0921, grad_norm: 1.7102
2023-02-24 10:52:36,182 - pyskl - INFO - Epoch [2][120/265]	lr: 4.955e-04, eta: 0:47:34, time: 0.359, data_time: 0.001, memory: 4764, top1_acc: 0.9938, top5_acc: 1.0000, loss_cls: 0.0561, loss: 0.0561, grad_norm: 1.1529
2023-02-24 10:52:43,328 - pyskl - INFO - Epoch [2][140/265]	lr: 4.950e-04, eta: 0:46:49, time: 0.357, data_time: 0.000, memory: 4764, top1_acc: 0.9906, top5_acc: 1.0000, loss_cls: 0.0675, loss: 0.0675, grad_norm: 1.2726
2023-02-24 10:52:50,528 - pyskl - INFO - Epoch [2][160/265]	lr: 4.945e-04, eta: 0:46:08, time: 0.360, data_time: 0.000, memory: 4764, top1_acc: 0.9781, top5_acc: 1.0000, loss_cls: 0.0782, loss: 0.0782, grad_norm: 1.7127
2023-02-24 10:52:57,728 - pyskl - INFO - Epoch [2][180/265]	lr: 4.940e-04, eta: 0:45:31, time: 0.360, data_time: 0.001, memory: 4764, top1_acc: 0.9875, top5_acc: 1.0000, loss_cls: 0.0735, loss: 0.0735, grad_norm: 1.4589
2023-02-24 10:53:04,868 - pyskl - INFO - Epoch [2][200/265]	lr: 4.935e-04, eta: 0:44:55, time: 0.357, data_time: 0.000, memory: 4764, top1_acc: 0.9703, top5_acc: 1.0000, loss_cls: 0.1139, loss: 0.1139, grad_norm: 2.2475
2023-02-24 10:53:12,075 - pyskl - INFO - Epoch [2][220/265]	lr: 4.929e-04, eta: 0:44:22, time: 0.360, data_time: 0.000, memory: 4764, top1_acc: 0.9828, top5_acc: 1.0000, loss_cls: 0.0869, loss: 0.0869, grad_norm: 1.5503
2023-02-24 10:53:19,197 - pyskl - INFO - Epoch [2][240/265]	lr: 4.923e-04, eta: 0:43:51, time: 0.356, data_time: 0.000, memory: 4764, top1_acc: 0.9828, top5_acc: 1.0000, loss_cls: 0.0851, loss: 0.0851, grad_norm: 1.8007
2023-02-24 10:53:26,301 - pyskl - INFO - Epoch [2][260/265]	lr: 4.917e-04, eta: 0:43:21, time: 0.355, data_time: 0.000, memory: 4764, top1_acc: 0.9781, top5_acc: 1.0000, loss_cls: 0.0797, loss: 0.0797, grad_norm: 1.7258
2023-02-24 10:53:47,970 - pyskl - INFO - Evaluating top_k_accuracy ...
2023-02-24 10:53:47,970 - pyskl - INFO - 
top1_acc	0.5690
top5_acc	0.8879
2023-02-24 10:53:47,970 - pyskl - INFO - Evaluating mean_class_accuracy ...
2023-02-24 10:53:47,971 - pyskl - INFO - 
mean_acc	0.6426
2023-02-24 10:53:47,971 - pyskl - INFO - Epoch(val) [2][4]	top1_acc: 0.5690, top5_acc: 0.8879, mean_class_accuracy: 0.6426
2023-02-24 10:54:18,515 - pyskl - INFO - Epoch [3][20/265]	lr: 4.909e-04, eta: 0:46:34, time: 1.527, data_time: 1.179, memory: 4764, top1_acc: 0.9797, top5_acc: 1.0000, loss_cls: 0.0795, loss: 0.0795, grad_norm: 1.7703
2023-02-24 10:54:25,625 - pyskl - INFO - Epoch [3][40/265]	lr: 4.902e-04, eta: 0:45:59, time: 0.356, data_time: 0.001, memory: 4764, top1_acc: 0.9781, top5_acc: 1.0000, loss_cls: 0.0781, loss: 0.0781, grad_norm: 1.6423
2023-02-24 10:54:32,780 - pyskl - INFO - Epoch [3][60/265]	lr: 4.895e-04, eta: 0:45:26, time: 0.357, data_time: 0.000, memory: 4764, top1_acc: 0.9828, top5_acc: 1.0000, loss_cls: 0.0768, loss: 0.0768, grad_norm: 1.7459
2023-02-24 10:54:39,928 - pyskl - INFO - Epoch [3][80/265]	lr: 4.888e-04, eta: 0:44:55, time: 0.358, data_time: 0.001, memory: 4764, top1_acc: 0.9750, top5_acc: 1.0000, loss_cls: 0.0927, loss: 0.0927, grad_norm: 1.8773
2023-02-24 10:54:47,050 - pyskl - INFO - Epoch [3][100/265]	lr: 4.880e-04, eta: 0:44:25, time: 0.356, data_time: 0.000, memory: 4764, top1_acc: 0.9812, top5_acc: 1.0000, loss_cls: 0.0666, loss: 0.0666, grad_norm: 1.4997
2023-02-24 10:54:54,165 - pyskl - INFO - Epoch [3][120/265]	lr: 4.873e-04, eta: 0:43:57, time: 0.356, data_time: 0.000, memory: 4764, top1_acc: 0.9812, top5_acc: 1.0000, loss_cls: 0.0797, loss: 0.0797, grad_norm: 1.8445
2023-02-24 10:55:01,372 - pyskl - INFO - Epoch [3][140/265]	lr: 4.865e-04, eta: 0:43:30, time: 0.360, data_time: 0.000, memory: 4764, top1_acc: 0.9859, top5_acc: 1.0000, loss_cls: 0.0776, loss: 0.0776, grad_norm: 1.5233
2023-02-24 10:55:08,562 - pyskl - INFO - Epoch [3][160/265]	lr: 4.857e-04, eta: 0:43:05, time: 0.360, data_time: 0.000, memory: 4764, top1_acc: 0.9844, top5_acc: 1.0000, loss_cls: 0.0676, loss: 0.0676, grad_norm: 1.6104
2023-02-24 10:55:15,759 - pyskl - INFO - Epoch [3][180/265]	lr: 4.848e-04, eta: 0:42:40, time: 0.360, data_time: 0.000, memory: 4764, top1_acc: 0.9906, top5_acc: 1.0000, loss_cls: 0.0512, loss: 0.0512, grad_norm: 1.1558
2023-02-24 10:55:22,851 - pyskl - INFO - Epoch [3][200/265]	lr: 4.840e-04, eta: 0:42:16, time: 0.355, data_time: 0.000, memory: 4764, top1_acc: 0.9812, top5_acc: 1.0000, loss_cls: 0.0702, loss: 0.0702, grad_norm: 1.6162
2023-02-24 10:55:29,959 - pyskl - INFO - Epoch [3][220/265]	lr: 4.831e-04, eta: 0:41:53, time: 0.355, data_time: 0.000, memory: 4764, top1_acc: 0.9906, top5_acc: 1.0000, loss_cls: 0.0441, loss: 0.0441, grad_norm: 1.1188
2023-02-24 10:55:37,110 - pyskl - INFO - Epoch [3][240/265]	lr: 4.822e-04, eta: 0:41:31, time: 0.358, data_time: 0.001, memory: 4764, top1_acc: 0.9750, top5_acc: 1.0000, loss_cls: 0.0859, loss: 0.0859, grad_norm: 1.8215
2023-02-24 10:55:44,358 - pyskl - INFO - Epoch [3][260/265]	lr: 4.813e-04, eta: 0:41:10, time: 0.362, data_time: 0.000, memory: 4764, top1_acc: 0.9812, top5_acc: 1.0000, loss_cls: 0.0726, loss: 0.0726, grad_norm: 1.7092
2023-02-24 10:56:07,397 - pyskl - INFO - Evaluating top_k_accuracy ...
2023-02-24 10:56:07,397 - pyskl - INFO - 
top1_acc	0.6207
top5_acc	0.9655
2023-02-24 10:56:07,397 - pyskl - INFO - Evaluating mean_class_accuracy ...
2023-02-24 10:56:07,398 - pyskl - INFO - 
mean_acc	0.6218
2023-02-24 10:56:07,401 - pyskl - INFO - The previous best checkpoint /home/yl/sscls/model_pth/exp7/ncrc_nfwc_adamw5e-4_lb/best_top1_acc_epoch_1.pth was removed
2023-02-24 10:56:07,465 - pyskl - INFO - Now best checkpoint is saved as best_top1_acc_epoch_3.pth.
2023-02-24 10:56:07,465 - pyskl - INFO - Best top1_acc is 0.6207 at 3 epoch.
2023-02-24 10:56:07,465 - pyskl - INFO - Epoch(val) [3][4]	top1_acc: 0.6207, top5_acc: 0.9655, mean_class_accuracy: 0.6218
2023-02-24 10:56:38,244 - pyskl - INFO - Epoch [4][20/265]	lr: 4.801e-04, eta: 0:43:13, time: 1.539, data_time: 1.150, memory: 4764, top1_acc: 0.9719, top5_acc: 1.0000, loss_cls: 0.0870, loss: 0.0870, grad_norm: 2.0466
2023-02-24 10:56:45,409 - pyskl - INFO - Epoch [4][40/265]	lr: 4.791e-04, eta: 0:42:49, time: 0.358, data_time: 0.001, memory: 4764, top1_acc: 0.9719, top5_acc: 0.9984, loss_cls: 0.1123, loss: 0.1123, grad_norm: 1.8782
2023-02-24 10:56:52,566 - pyskl - INFO - Epoch [4][60/265]	lr: 4.781e-04, eta: 0:42:26, time: 0.358, data_time: 0.001, memory: 4764, top1_acc: 0.9781, top5_acc: 1.0000, loss_cls: 0.0773, loss: 0.0773, grad_norm: 1.8312
2023-02-24 10:56:59,695 - pyskl - INFO - Epoch [4][80/265]	lr: 4.771e-04, eta: 0:42:03, time: 0.357, data_time: 0.000, memory: 4764, top1_acc: 0.9828, top5_acc: 1.0000, loss_cls: 0.0508, loss: 0.0508, grad_norm: 1.4837
2023-02-24 10:57:06,802 - pyskl - INFO - Epoch [4][100/265]	lr: 4.760e-04, eta: 0:41:41, time: 0.355, data_time: 0.000, memory: 4764, top1_acc: 0.9953, top5_acc: 1.0000, loss_cls: 0.0273, loss: 0.0273, grad_norm: 0.8931
2023-02-24 10:57:14,000 - pyskl - INFO - Epoch [4][120/265]	lr: 4.750e-04, eta: 0:41:21, time: 0.360, data_time: 0.000, memory: 4764, top1_acc: 0.9812, top5_acc: 1.0000, loss_cls: 0.0580, loss: 0.0580, grad_norm: 1.5426
2023-02-24 10:57:21,130 - pyskl - INFO - Epoch [4][140/265]	lr: 4.739e-04, eta: 0:41:00, time: 0.357, data_time: 0.000, memory: 4764, top1_acc: 0.9906, top5_acc: 1.0000, loss_cls: 0.0408, loss: 0.0408, grad_norm: 1.0950
2023-02-24 10:57:28,313 - pyskl - INFO - Epoch [4][160/265]	lr: 4.728e-04, eta: 0:40:40, time: 0.359, data_time: 0.000, memory: 4764, top1_acc: 0.9875, top5_acc: 1.0000, loss_cls: 0.0362, loss: 0.0362, grad_norm: 1.0186
2023-02-24 10:57:35,493 - pyskl - INFO - Epoch [4][180/265]	lr: 4.716e-04, eta: 0:40:21, time: 0.359, data_time: 0.001, memory: 4764, top1_acc: 0.9891, top5_acc: 0.9984, loss_cls: 0.0427, loss: 0.0427, grad_norm: 1.0447
2023-02-24 10:57:42,641 - pyskl - INFO - Epoch [4][200/265]	lr: 4.705e-04, eta: 0:40:02, time: 0.358, data_time: 0.001, memory: 4764, top1_acc: 0.9828, top5_acc: 1.0000, loss_cls: 0.0679, loss: 0.0679, grad_norm: 1.6112
2023-02-24 10:57:49,843 - pyskl - INFO - Epoch [4][220/265]	lr: 4.693e-04, eta: 0:39:44, time: 0.360, data_time: 0.000, memory: 4764, top1_acc: 0.9797, top5_acc: 1.0000, loss_cls: 0.0713, loss: 0.0713, grad_norm: 1.9147
2023-02-24 10:57:57,093 - pyskl - INFO - Epoch [4][240/265]	lr: 4.681e-04, eta: 0:39:26, time: 0.363, data_time: 0.001, memory: 4764, top1_acc: 0.9609, top5_acc: 1.0000, loss_cls: 0.1132, loss: 0.1132, grad_norm: 2.4805
2023-02-24 10:58:04,184 - pyskl - INFO - Epoch [4][260/265]	lr: 4.669e-04, eta: 0:39:08, time: 0.355, data_time: 0.000, memory: 4764, top1_acc: 0.9766, top5_acc: 1.0000, loss_cls: 0.0785, loss: 0.0785, grad_norm: 1.8986
2023-02-24 10:58:26,690 - pyskl - INFO - Evaluating top_k_accuracy ...
2023-02-24 10:58:26,691 - pyskl - INFO - 
top1_acc	0.7241
top5_acc	1.0000
2023-02-24 10:58:26,691 - pyskl - INFO - Evaluating mean_class_accuracy ...
2023-02-24 10:58:26,692 - pyskl - INFO - 
mean_acc	0.7132
2023-02-24 10:58:26,698 - pyskl - INFO - The previous best checkpoint /home/yl/sscls/model_pth/exp7/ncrc_nfwc_adamw5e-4_lb/best_top1_acc_epoch_3.pth was removed
2023-02-24 10:58:26,786 - pyskl - INFO - Now best checkpoint is saved as best_top1_acc_epoch_4.pth.
2023-02-24 10:58:26,786 - pyskl - INFO - Best top1_acc is 0.7241 at 4 epoch.
2023-02-24 10:58:26,786 - pyskl - INFO - Epoch(val) [4][4]	top1_acc: 0.7241, top5_acc: 1.0000, mean_class_accuracy: 0.7132
2023-02-24 10:58:58,531 - pyskl - INFO - Epoch [5][20/265]	lr: 4.653e-04, eta: 0:40:38, time: 1.587, data_time: 1.190, memory: 4764, top1_acc: 0.9766, top5_acc: 1.0000, loss_cls: 0.0835, loss: 0.0835, grad_norm: 1.8826
2023-02-24 10:59:05,693 - pyskl - INFO - Epoch [5][40/265]	lr: 4.641e-04, eta: 0:40:19, time: 0.358, data_time: 0.000, memory: 4764, top1_acc: 0.9875, top5_acc: 1.0000, loss_cls: 0.0608, loss: 0.0608, grad_norm: 1.4762
2023-02-24 10:59:12,843 - pyskl - INFO - Epoch [5][60/265]	lr: 4.628e-04, eta: 0:40:00, time: 0.357, data_time: 0.000, memory: 4764, top1_acc: 0.9938, top5_acc: 1.0000, loss_cls: 0.0395, loss: 0.0395, grad_norm: 1.0061
2023-02-24 10:59:19,913 - pyskl - INFO - Epoch [5][80/265]	lr: 4.615e-04, eta: 0:39:42, time: 0.354, data_time: 0.001, memory: 4764, top1_acc: 0.9938, top5_acc: 1.0000, loss_cls: 0.0389, loss: 0.0389, grad_norm: 1.0324
2023-02-24 10:59:27,040 - pyskl - INFO - Epoch [5][100/265]	lr: 4.601e-04, eta: 0:39:24, time: 0.356, data_time: 0.000, memory: 4764, top1_acc: 0.9938, top5_acc: 1.0000, loss_cls: 0.0190, loss: 0.0190, grad_norm: 0.5591
2023-02-24 10:59:34,191 - pyskl - INFO - Epoch [5][120/265]	lr: 4.588e-04, eta: 0:39:06, time: 0.358, data_time: 0.001, memory: 4764, top1_acc: 0.9969, top5_acc: 1.0000, loss_cls: 0.0178, loss: 0.0178, grad_norm: 0.5272
2023-02-24 10:59:41,310 - pyskl - INFO - Epoch [5][140/265]	lr: 4.574e-04, eta: 0:38:49, time: 0.356, data_time: 0.001, memory: 4764, top1_acc: 0.9969, top5_acc: 1.0000, loss_cls: 0.0193, loss: 0.0193, grad_norm: 0.6309
2023-02-24 10:59:48,445 - pyskl - INFO - Epoch [5][160/265]	lr: 4.560e-04, eta: 0:38:32, time: 0.357, data_time: 0.000, memory: 4764, top1_acc: 0.9984, top5_acc: 1.0000, loss_cls: 0.0139, loss: 0.0139, grad_norm: 0.4439
2023-02-24 10:59:55,619 - pyskl - INFO - Epoch [5][180/265]	lr: 4.546e-04, eta: 0:38:15, time: 0.358, data_time: 0.000, memory: 4764, top1_acc: 1.0000, top5_acc: 1.0000, loss_cls: 0.0118, loss: 0.0118, grad_norm: 0.3832
2023-02-24 11:00:02,783 - pyskl - INFO - Epoch [5][200/265]	lr: 4.532e-04, eta: 0:37:59, time: 0.358, data_time: 0.001, memory: 4764, top1_acc: 0.9984, top5_acc: 1.0000, loss_cls: 0.0102, loss: 0.0102, grad_norm: 0.3741
2023-02-24 11:00:09,898 - pyskl - INFO - Epoch [5][220/265]	lr: 4.517e-04, eta: 0:37:43, time: 0.356, data_time: 0.001, memory: 4764, top1_acc: 1.0000, top5_acc: 1.0000, loss_cls: 0.0033, loss: 0.0033, grad_norm: 0.0962
2023-02-24 11:00:17,062 - pyskl - INFO - Epoch [5][240/265]	lr: 4.503e-04, eta: 0:37:27, time: 0.358, data_time: 0.001, memory: 4764, top1_acc: 0.9984, top5_acc: 1.0000, loss_cls: 0.0085, loss: 0.0085, grad_norm: 0.2837
2023-02-24 11:00:24,227 - pyskl - INFO - Epoch [5][260/265]	lr: 4.488e-04, eta: 0:37:11, time: 0.358, data_time: 0.000, memory: 4764, top1_acc: 1.0000, top5_acc: 1.0000, loss_cls: 0.0069, loss: 0.0069, grad_norm: 0.2254
2023-02-24 11:00:46,010 - pyskl - INFO - Evaluating top_k_accuracy ...
2023-02-24 11:00:46,010 - pyskl - INFO - 
top1_acc	0.7586
top5_acc	0.9914
2023-02-24 11:00:46,011 - pyskl - INFO - Evaluating mean_class_accuracy ...
2023-02-24 11:00:46,011 - pyskl - INFO - 
mean_acc	0.7862
2023-02-24 11:00:46,016 - pyskl - INFO - The previous best checkpoint /home/yl/sscls/model_pth/exp7/ncrc_nfwc_adamw5e-4_lb/best_top1_acc_epoch_4.pth was removed
2023-02-24 11:00:46,080 - pyskl - INFO - Now best checkpoint is saved as best_top1_acc_epoch_5.pth.
2023-02-24 11:00:46,080 - pyskl - INFO - Best top1_acc is 0.7586 at 5 epoch.
2023-02-24 11:00:46,080 - pyskl - INFO - Epoch(val) [5][4]	top1_acc: 0.7586, top5_acc: 0.9914, mean_class_accuracy: 0.7862
2023-02-24 11:01:17,066 - pyskl - INFO - Epoch [6][20/265]	lr: 4.469e-04, eta: 0:38:15, time: 1.549, data_time: 1.181, memory: 4764, top1_acc: 0.9922, top5_acc: 1.0000, loss_cls: 0.0181, loss: 0.0181, grad_norm: 0.6416
2023-02-24 11:01:24,268 - pyskl - INFO - Epoch [6][40/265]	lr: 4.454e-04, eta: 0:37:58, time: 0.360, data_time: 0.000, memory: 4764, top1_acc: 0.9938, top5_acc: 1.0000, loss_cls: 0.0161, loss: 0.0161, grad_norm: 0.6212
2023-02-24 11:01:31,348 - pyskl - INFO - Epoch [6][60/265]	lr: 4.438e-04, eta: 0:37:42, time: 0.354, data_time: 0.000, memory: 4764, top1_acc: 0.9984, top5_acc: 1.0000, loss_cls: 0.0147, loss: 0.0147, grad_norm: 0.5623
2023-02-24 11:01:38,558 - pyskl - INFO - Epoch [6][80/265]	lr: 4.422e-04, eta: 0:37:26, time: 0.360, data_time: 0.000, memory: 4764, top1_acc: 0.9938, top5_acc: 1.0000, loss_cls: 0.0174, loss: 0.0174, grad_norm: 0.6615
2023-02-24 11:01:45,667 - pyskl - INFO - Epoch [6][100/265]	lr: 4.407e-04, eta: 0:37:10, time: 0.355, data_time: 0.000, memory: 4764, top1_acc: 0.9969, top5_acc: 1.0000, loss_cls: 0.0147, loss: 0.0147, grad_norm: 0.5978
2023-02-24 11:01:52,891 - pyskl - INFO - Epoch [6][120/265]	lr: 4.391e-04, eta: 0:36:55, time: 0.361, data_time: 0.000, memory: 4764, top1_acc: 0.9984, top5_acc: 1.0000, loss_cls: 0.0128, loss: 0.0128, grad_norm: 0.6160
2023-02-24 11:02:00,081 - pyskl - INFO - Epoch [6][140/265]	lr: 4.374e-04, eta: 0:36:40, time: 0.360, data_time: 0.001, memory: 4764, top1_acc: 0.9891, top5_acc: 1.0000, loss_cls: 0.0387, loss: 0.0387, grad_norm: 0.9390
2023-02-24 11:02:07,187 - pyskl - INFO - Epoch [6][160/265]	lr: 4.358e-04, eta: 0:36:25, time: 0.355, data_time: 0.000, memory: 4764, top1_acc: 0.9844, top5_acc: 1.0000, loss_cls: 0.0394, loss: 0.0394, grad_norm: 1.2992
2023-02-24 11:02:14,323 - pyskl - INFO - Epoch [6][180/265]	lr: 4.341e-04, eta: 0:36:10, time: 0.357, data_time: 0.000, memory: 4764, top1_acc: 0.9953, top5_acc: 1.0000, loss_cls: 0.0244, loss: 0.0244, grad_norm: 0.7182
2023-02-24 11:02:21,497 - pyskl - INFO - Epoch [6][200/265]	lr: 4.324e-04, eta: 0:35:55, time: 0.359, data_time: 0.000, memory: 4764, top1_acc: 0.9953, top5_acc: 1.0000, loss_cls: 0.0208, loss: 0.0208, grad_norm: 0.6684
2023-02-24 11:02:28,683 - pyskl - INFO - Epoch [6][220/265]	lr: 4.307e-04, eta: 0:35:41, time: 0.359, data_time: 0.000, memory: 4764, top1_acc: 0.9969, top5_acc: 1.0000, loss_cls: 0.0225, loss: 0.0225, grad_norm: 0.6673
2023-02-24 11:02:35,877 - pyskl - INFO - Epoch [6][240/265]	lr: 4.290e-04, eta: 0:35:27, time: 0.360, data_time: 0.000, memory: 4764, top1_acc: 0.9969, top5_acc: 1.0000, loss_cls: 0.0154, loss: 0.0154, grad_norm: 0.4700
2023-02-24 11:02:43,083 - pyskl - INFO - Epoch [6][260/265]	lr: 4.273e-04, eta: 0:35:13, time: 0.360, data_time: 0.000, memory: 4764, top1_acc: 0.9938, top5_acc: 1.0000, loss_cls: 0.0181, loss: 0.0181, grad_norm: 0.5946
2023-02-24 11:03:05,180 - pyskl - INFO - Evaluating top_k_accuracy ...
2023-02-24 11:03:05,181 - pyskl - INFO - 
top1_acc	0.6810
top5_acc	1.0000
2023-02-24 11:03:05,181 - pyskl - INFO - Evaluating mean_class_accuracy ...
2023-02-24 11:03:05,181 - pyskl - INFO - 
mean_acc	0.7205
2023-02-24 11:03:05,181 - pyskl - INFO - Epoch(val) [6][4]	top1_acc: 0.6810, top5_acc: 1.0000, mean_class_accuracy: 0.7205
2023-02-24 11:03:36,666 - pyskl - INFO - Epoch [7][20/265]	lr: 4.251e-04, eta: 0:36:02, time: 1.574, data_time: 1.211, memory: 4764, top1_acc: 0.9969, top5_acc: 1.0000, loss_cls: 0.0206, loss: 0.0206, grad_norm: 0.6769
2023-02-24 11:03:43,773 - pyskl - INFO - Epoch [7][40/265]	lr: 4.233e-04, eta: 0:35:47, time: 0.355, data_time: 0.001, memory: 4764, top1_acc: 0.9969, top5_acc: 1.0000, loss_cls: 0.0144, loss: 0.0144, grad_norm: 0.5759
2023-02-24 11:03:50,932 - pyskl - INFO - Epoch [7][60/265]	lr: 4.216e-04, eta: 0:35:33, time: 0.358, data_time: 0.001, memory: 4764, top1_acc: 1.0000, top5_acc: 1.0000, loss_cls: 0.0114, loss: 0.0114, grad_norm: 0.4940
2023-02-24 11:03:58,095 - pyskl - INFO - Epoch [7][80/265]	lr: 4.197e-04, eta: 0:35:18, time: 0.358, data_time: 0.001, memory: 4764, top1_acc: 0.9984, top5_acc: 1.0000, loss_cls: 0.0063, loss: 0.0063, grad_norm: 0.2675
2023-02-24 11:04:05,228 - pyskl - INFO - Epoch [7][100/265]	lr: 4.179e-04, eta: 0:35:04, time: 0.356, data_time: 0.000, memory: 4764, top1_acc: 1.0000, top5_acc: 1.0000, loss_cls: 0.0067, loss: 0.0067, grad_norm: 0.2953
2023-02-24 11:04:12,394 - pyskl - INFO - Epoch [7][120/265]	lr: 4.161e-04, eta: 0:34:50, time: 0.358, data_time: 0.001, memory: 4764, top1_acc: 0.9984, top5_acc: 1.0000, loss_cls: 0.0101, loss: 0.0101, grad_norm: 0.3505
2023-02-24 11:04:19,558 - pyskl - INFO - Epoch [7][140/265]	lr: 4.142e-04, eta: 0:34:36, time: 0.359, data_time: 0.001, memory: 4764, top1_acc: 1.0000, top5_acc: 1.0000, loss_cls: 0.0072, loss: 0.0072, grad_norm: 0.2565
2023-02-24 11:04:26,714 - pyskl - INFO - Epoch [7][160/265]	lr: 4.124e-04, eta: 0:34:22, time: 0.358, data_time: 0.000, memory: 4764, top1_acc: 1.0000, top5_acc: 1.0000, loss_cls: 0.0036, loss: 0.0036, grad_norm: 0.1501
2023-02-24 11:04:33,852 - pyskl - INFO - Epoch [7][180/265]	lr: 4.105e-04, eta: 0:34:09, time: 0.357, data_time: 0.000, memory: 4764, top1_acc: 1.0000, top5_acc: 1.0000, loss_cls: 0.0047, loss: 0.0047, grad_norm: 0.1720
2023-02-24 11:04:41,053 - pyskl - INFO - Epoch [7][200/265]	lr: 4.086e-04, eta: 0:33:55, time: 0.360, data_time: 0.001, memory: 4764, top1_acc: 1.0000, top5_acc: 1.0000, loss_cls: 0.0045, loss: 0.0045, grad_norm: 0.1875
2023-02-24 11:04:48,194 - pyskl - INFO - Epoch [7][220/265]	lr: 4.067e-04, eta: 0:33:42, time: 0.357, data_time: 0.000, memory: 4764, top1_acc: 1.0000, top5_acc: 1.0000, loss_cls: 0.0047, loss: 0.0047, grad_norm: 0.1843
2023-02-24 11:04:55,331 - pyskl - INFO - Epoch [7][240/265]	lr: 4.047e-04, eta: 0:33:29, time: 0.357, data_time: 0.000, memory: 4764, top1_acc: 1.0000, top5_acc: 1.0000, loss_cls: 0.0037, loss: 0.0037, grad_norm: 0.1570
2023-02-24 11:05:02,432 - pyskl - INFO - Epoch [7][260/265]	lr: 4.028e-04, eta: 0:33:16, time: 0.355, data_time: 0.000, memory: 4764, top1_acc: 1.0000, top5_acc: 1.0000, loss_cls: 0.0026, loss: 0.0026, grad_norm: 0.1112
2023-02-24 11:05:24,447 - pyskl - INFO - Evaluating top_k_accuracy ...
2023-02-24 11:05:24,447 - pyskl - INFO - 
top1_acc	0.7241
top5_acc	0.9828
2023-02-24 11:05:24,447 - pyskl - INFO - Evaluating mean_class_accuracy ...
2023-02-24 11:05:24,448 - pyskl - INFO - 
mean_acc	0.7674
2023-02-24 11:05:24,448 - pyskl - INFO - Epoch(val) [7][4]	top1_acc: 0.7241, top5_acc: 0.9828, mean_class_accuracy: 0.7674
2023-02-24 11:05:55,935 - pyskl - INFO - Epoch [8][20/265]	lr: 4.003e-04, eta: 0:33:53, time: 1.574, data_time: 1.201, memory: 4764, top1_acc: 0.9953, top5_acc: 1.0000, loss_cls: 0.0118, loss: 0.0118, grad_norm: 0.5183
2023-02-24 11:06:03,060 - pyskl - INFO - Epoch [8][40/265]	lr: 3.983e-04, eta: 0:33:40, time: 0.356, data_time: 0.001, memory: 4764, top1_acc: 0.9922, top5_acc: 1.0000, loss_cls: 0.0229, loss: 0.0229, grad_norm: 1.0958
2023-02-24 11:06:10,207 - pyskl - INFO - Epoch [8][60/265]	lr: 3.963e-04, eta: 0:33:26, time: 0.357, data_time: 0.000, memory: 4764, top1_acc: 1.0000, top5_acc: 1.0000, loss_cls: 0.0087, loss: 0.0087, grad_norm: 0.3971
2023-02-24 11:06:17,303 - pyskl - INFO - Epoch [8][80/265]	lr: 3.943e-04, eta: 0:33:13, time: 0.355, data_time: 0.000, memory: 4764, top1_acc: 0.9922, top5_acc: 1.0000, loss_cls: 0.0303, loss: 0.0303, grad_norm: 0.9171
2023-02-24 11:06:24,501 - pyskl - INFO - Epoch [8][100/265]	lr: 3.923e-04, eta: 0:33:00, time: 0.360, data_time: 0.001, memory: 4764, top1_acc: 0.9969, top5_acc: 1.0000, loss_cls: 0.0206, loss: 0.0206, grad_norm: 0.9318
2023-02-24 11:06:31,741 - pyskl - INFO - Epoch [8][120/265]	lr: 3.903e-04, eta: 0:32:47, time: 0.362, data_time: 0.001, memory: 4764, top1_acc: 0.9922, top5_acc: 1.0000, loss_cls: 0.0257, loss: 0.0257, grad_norm: 1.1083
2023-02-24 11:06:38,905 - pyskl - INFO - Epoch [8][140/265]	lr: 3.882e-04, eta: 0:32:34, time: 0.359, data_time: 0.001, memory: 4764, top1_acc: 0.9859, top5_acc: 1.0000, loss_cls: 0.0345, loss: 0.0345, grad_norm: 1.2894
2023-02-24 11:06:46,111 - pyskl - INFO - Epoch [8][160/265]	lr: 3.862e-04, eta: 0:32:21, time: 0.360, data_time: 0.000, memory: 4764, top1_acc: 0.9922, top5_acc: 1.0000, loss_cls: 0.0386, loss: 0.0386, grad_norm: 1.4114
2023-02-24 11:06:53,239 - pyskl - INFO - Epoch [8][180/265]	lr: 3.841e-04, eta: 0:32:08, time: 0.357, data_time: 0.001, memory: 4764, top1_acc: 0.9875, top5_acc: 1.0000, loss_cls: 0.0329, loss: 0.0329, grad_norm: 1.2110
2023-02-24 11:07:00,451 - pyskl - INFO - Epoch [8][200/265]	lr: 3.820e-04, eta: 0:31:56, time: 0.361, data_time: 0.000, memory: 4764, top1_acc: 0.9969, top5_acc: 1.0000, loss_cls: 0.0214, loss: 0.0214, grad_norm: 0.7776
2023-02-24 11:07:07,655 - pyskl - INFO - Epoch [8][220/265]	lr: 3.799e-04, eta: 0:31:43, time: 0.360, data_time: 0.000, memory: 4764, top1_acc: 0.9984, top5_acc: 1.0000, loss_cls: 0.0139, loss: 0.0139, grad_norm: 0.6293
2023-02-24 11:07:14,790 - pyskl - INFO - Epoch [8][240/265]	lr: 3.778e-04, eta: 0:31:31, time: 0.356, data_time: 0.000, memory: 4764, top1_acc: 1.0000, top5_acc: 1.0000, loss_cls: 0.0072, loss: 0.0072, grad_norm: 0.3619
2023-02-24 11:07:21,982 - pyskl - INFO - Epoch [8][260/265]	lr: 3.756e-04, eta: 0:31:19, time: 0.360, data_time: 0.001, memory: 4764, top1_acc: 1.0000, top5_acc: 1.0000, loss_cls: 0.0065, loss: 0.0065, grad_norm: 0.2578
2023-02-24 11:07:44,306 - pyskl - INFO - Evaluating top_k_accuracy ...
2023-02-24 11:07:44,306 - pyskl - INFO - 
top1_acc	0.7069
top5_acc	0.9914
2023-02-24 11:07:44,307 - pyskl - INFO - Evaluating mean_class_accuracy ...
2023-02-24 11:07:44,307 - pyskl - INFO - 
mean_acc	0.7404
2023-02-24 11:07:44,307 - pyskl - INFO - Epoch(val) [8][4]	top1_acc: 0.7069, top5_acc: 0.9914, mean_class_accuracy: 0.7404
2023-02-24 11:08:15,506 - pyskl - INFO - Epoch [9][20/265]	lr: 3.730e-04, eta: 0:31:47, time: 1.560, data_time: 1.175, memory: 4764, top1_acc: 0.9984, top5_acc: 1.0000, loss_cls: 0.0102, loss: 0.0102, grad_norm: 0.5027
2023-02-24 11:08:22,635 - pyskl - INFO - Epoch [9][40/265]	lr: 3.708e-04, eta: 0:31:35, time: 0.357, data_time: 0.001, memory: 4764, top1_acc: 0.9984, top5_acc: 1.0000, loss_cls: 0.0097, loss: 0.0097, grad_norm: 0.4687
2023-02-24 11:08:29,800 - pyskl - INFO - Epoch [9][60/265]	lr: 3.686e-04, eta: 0:31:22, time: 0.358, data_time: 0.000, memory: 4764, top1_acc: 0.9906, top5_acc: 1.0000, loss_cls: 0.0205, loss: 0.0205, grad_norm: 0.9365
2023-02-24 11:08:36,982 - pyskl - INFO - Epoch [9][80/265]	lr: 3.665e-04, eta: 0:31:10, time: 0.359, data_time: 0.000, memory: 4764, top1_acc: 0.9953, top5_acc: 1.0000, loss_cls: 0.0218, loss: 0.0218, grad_norm: 0.7759
2023-02-24 11:08:44,122 - pyskl - INFO - Epoch [9][100/265]	lr: 3.643e-04, eta: 0:30:57, time: 0.357, data_time: 0.000, memory: 4764, top1_acc: 0.9938, top5_acc: 1.0000, loss_cls: 0.0177, loss: 0.0177, grad_norm: 0.6908
2023-02-24 11:08:51,172 - pyskl - INFO - Epoch [9][120/265]	lr: 3.621e-04, eta: 0:30:45, time: 0.353, data_time: 0.001, memory: 4764, top1_acc: 0.9969, top5_acc: 1.0000, loss_cls: 0.0120, loss: 0.0120, grad_norm: 0.5101
2023-02-24 11:08:58,375 - pyskl - INFO - Epoch [9][140/265]	lr: 3.599e-04, eta: 0:30:33, time: 0.360, data_time: 0.000, memory: 4764, top1_acc: 0.9875, top5_acc: 1.0000, loss_cls: 0.0310, loss: 0.0310, grad_norm: 1.1842
2023-02-24 11:09:05,591 - pyskl - INFO - Epoch [9][160/265]	lr: 3.576e-04, eta: 0:30:20, time: 0.361, data_time: 0.000, memory: 4764, top1_acc: 0.9891, top5_acc: 1.0000, loss_cls: 0.0394, loss: 0.0394, grad_norm: 1.2285
2023-02-24 11:09:12,791 - pyskl - INFO - Epoch [9][180/265]	lr: 3.554e-04, eta: 0:30:09, time: 0.360, data_time: 0.000, memory: 4764, top1_acc: 0.9859, top5_acc: 1.0000, loss_cls: 0.0450, loss: 0.0450, grad_norm: 1.6312
2023-02-24 11:09:19,949 - pyskl - INFO - Epoch [9][200/265]	lr: 3.531e-04, eta: 0:29:57, time: 0.358, data_time: 0.000, memory: 4764, top1_acc: 0.9891, top5_acc: 1.0000, loss_cls: 0.0282, loss: 0.0282, grad_norm: 1.0575
2023-02-24 11:09:27,124 - pyskl - INFO - Epoch [9][220/265]	lr: 3.509e-04, eta: 0:29:45, time: 0.359, data_time: 0.000, memory: 4764, top1_acc: 0.9984, top5_acc: 1.0000, loss_cls: 0.0138, loss: 0.0138, grad_norm: 0.4700
2023-02-24 11:09:34,265 - pyskl - INFO - Epoch [9][240/265]	lr: 3.486e-04, eta: 0:29:33, time: 0.357, data_time: 0.000, memory: 4764, top1_acc: 0.9938, top5_acc: 1.0000, loss_cls: 0.0141, loss: 0.0141, grad_norm: 0.5340
2023-02-24 11:09:41,477 - pyskl - INFO - Epoch [9][260/265]	lr: 3.464e-04, eta: 0:29:21, time: 0.361, data_time: 0.000, memory: 4764, top1_acc: 1.0000, top5_acc: 1.0000, loss_cls: 0.0070, loss: 0.0070, grad_norm: 0.2787
2023-02-24 11:10:04,029 - pyskl - INFO - Evaluating top_k_accuracy ...
2023-02-24 11:10:04,029 - pyskl - INFO - 
top1_acc	0.6293
top5_acc	0.9914
2023-02-24 11:10:04,029 - pyskl - INFO - Evaluating mean_class_accuracy ...
2023-02-24 11:10:04,030 - pyskl - INFO - 
mean_acc	0.6452
2023-02-24 11:10:04,030 - pyskl - INFO - Epoch(val) [9][4]	top1_acc: 0.6293, top5_acc: 0.9914, mean_class_accuracy: 0.6452
2023-02-24 11:10:35,643 - pyskl - INFO - Epoch [10][20/265]	lr: 3.435e-04, eta: 0:29:44, time: 1.580, data_time: 1.204, memory: 4764, top1_acc: 1.0000, top5_acc: 1.0000, loss_cls: 0.0068, loss: 0.0068, grad_norm: 0.3169
2023-02-24 11:10:42,829 - pyskl - INFO - Epoch [10][40/265]	lr: 3.412e-04, eta: 0:29:32, time: 0.359, data_time: 0.001, memory: 4764, top1_acc: 0.9969, top5_acc: 1.0000, loss_cls: 0.0134, loss: 0.0134, grad_norm: 0.5451
2023-02-24 11:10:50,026 - pyskl - INFO - Epoch [10][60/265]	lr: 3.389e-04, eta: 0:29:20, time: 0.360, data_time: 0.001, memory: 4764, top1_acc: 0.9906, top5_acc: 1.0000, loss_cls: 0.0272, loss: 0.0272, grad_norm: 0.9475
2023-02-24 11:10:57,170 - pyskl - INFO - Epoch [10][80/265]	lr: 3.366e-04, eta: 0:29:08, time: 0.357, data_time: 0.000, memory: 4764, top1_acc: 0.9984, top5_acc: 1.0000, loss_cls: 0.0108, loss: 0.0108, grad_norm: 0.4287
2023-02-24 11:11:04,295 - pyskl - INFO - Epoch [10][100/265]	lr: 3.343e-04, eta: 0:28:56, time: 0.356, data_time: 0.000, memory: 4764, top1_acc: 0.9969, top5_acc: 1.0000, loss_cls: 0.0160, loss: 0.0160, grad_norm: 0.7515
2023-02-24 11:11:11,457 - pyskl - INFO - Epoch [10][120/265]	lr: 3.319e-04, eta: 0:28:44, time: 0.358, data_time: 0.001, memory: 4764, top1_acc: 1.0000, top5_acc: 1.0000, loss_cls: 0.0044, loss: 0.0044, grad_norm: 0.1804
2023-02-24 11:11:18,553 - pyskl - INFO - Epoch [10][140/265]	lr: 3.296e-04, eta: 0:28:33, time: 0.355, data_time: 0.001, memory: 4764, top1_acc: 0.9969, top5_acc: 0.9984, loss_cls: 0.0127, loss: 0.0127, grad_norm: 0.4137
2023-02-24 11:11:25,760 - pyskl - INFO - Epoch [10][160/265]	lr: 3.273e-04, eta: 0:28:21, time: 0.360, data_time: 0.000, memory: 4764, top1_acc: 0.9969, top5_acc: 1.0000, loss_cls: 0.0060, loss: 0.0060, grad_norm: 0.3010
2023-02-24 11:11:32,879 - pyskl - INFO - Epoch [10][180/265]	lr: 3.249e-04, eta: 0:28:10, time: 0.356, data_time: 0.000, memory: 4764, top1_acc: 0.9984, top5_acc: 1.0000, loss_cls: 0.0066, loss: 0.0066, grad_norm: 0.2860
2023-02-24 11:11:40,097 - pyskl - INFO - Epoch [10][200/265]	lr: 3.225e-04, eta: 0:27:58, time: 0.360, data_time: 0.000, memory: 4764, top1_acc: 0.9984, top5_acc: 1.0000, loss_cls: 0.0055, loss: 0.0055, grad_norm: 0.2571
2023-02-24 11:11:47,307 - pyskl - INFO - Epoch [10][220/265]	lr: 3.202e-04, eta: 0:27:47, time: 0.361, data_time: 0.001, memory: 4764, top1_acc: 0.9953, top5_acc: 1.0000, loss_cls: 0.0103, loss: 0.0103, grad_norm: 0.4886
2023-02-24 11:11:54,552 - pyskl - INFO - Epoch [10][240/265]	lr: 3.178e-04, eta: 0:27:36, time: 0.362, data_time: 0.000, memory: 4764, top1_acc: 1.0000, top5_acc: 1.0000, loss_cls: 0.0043, loss: 0.0043, grad_norm: 0.1753
2023-02-24 11:12:01,728 - pyskl - INFO - Epoch [10][260/265]	lr: 3.154e-04, eta: 0:27:24, time: 0.359, data_time: 0.001, memory: 4764, top1_acc: 1.0000, top5_acc: 1.0000, loss_cls: 0.0026, loss: 0.0026, grad_norm: 0.1429
2023-02-24 11:12:24,086 - pyskl - INFO - Evaluating top_k_accuracy ...
2023-02-24 11:12:24,087 - pyskl - INFO - 
top1_acc	0.6810
top5_acc	1.0000
2023-02-24 11:12:24,087 - pyskl - INFO - Evaluating mean_class_accuracy ...
2023-02-24 11:12:24,088 - pyskl - INFO - 
mean_acc	0.7201
2023-02-24 11:12:24,088 - pyskl - INFO - Epoch(val) [10][4]	top1_acc: 0.6810, top5_acc: 1.0000, mean_class_accuracy: 0.7201
2023-02-24 11:12:55,557 - pyskl - INFO - Epoch [11][20/265]	lr: 3.124e-04, eta: 0:27:42, time: 1.573, data_time: 1.217, memory: 4764, top1_acc: 0.9938, top5_acc: 1.0000, loss_cls: 0.0130, loss: 0.0130, grad_norm: 0.6478
2023-02-24 11:13:02,681 - pyskl - INFO - Epoch [11][40/265]	lr: 3.100e-04, eta: 0:27:30, time: 0.357, data_time: 0.001, memory: 4764, top1_acc: 0.9938, top5_acc: 1.0000, loss_cls: 0.0239, loss: 0.0239, grad_norm: 0.8873
2023-02-24 11:13:09,868 - pyskl - INFO - Epoch [11][60/265]	lr: 3.076e-04, eta: 0:27:19, time: 0.359, data_time: 0.000, memory: 4764, top1_acc: 1.0000, top5_acc: 1.0000, loss_cls: 0.0120, loss: 0.0120, grad_norm: 0.5150
2023-02-24 11:13:17,029 - pyskl - INFO - Epoch [11][80/265]	lr: 3.052e-04, eta: 0:27:07, time: 0.358, data_time: 0.000, memory: 4764, top1_acc: 1.0000, top5_acc: 1.0000, loss_cls: 0.0023, loss: 0.0023, grad_norm: 0.0791
2023-02-24 11:13:24,180 - pyskl - INFO - Epoch [11][100/265]	lr: 3.028e-04, eta: 0:26:56, time: 0.357, data_time: 0.000, memory: 4764, top1_acc: 0.9984, top5_acc: 1.0000, loss_cls: 0.0068, loss: 0.0068, grad_norm: 0.3401
2023-02-24 11:13:31,365 - pyskl - INFO - Epoch [11][120/265]	lr: 3.004e-04, eta: 0:26:45, time: 0.359, data_time: 0.001, memory: 4764, top1_acc: 0.9984, top5_acc: 1.0000, loss_cls: 0.0053, loss: 0.0053, grad_norm: 0.2301
2023-02-24 11:13:38,582 - pyskl - INFO - Epoch [11][140/265]	lr: 2.980e-04, eta: 0:26:33, time: 0.361, data_time: 0.001, memory: 4764, top1_acc: 0.9953, top5_acc: 1.0000, loss_cls: 0.0133, loss: 0.0133, grad_norm: 0.5667
2023-02-24 11:13:45,801 - pyskl - INFO - Epoch [11][160/265]	lr: 2.956e-04, eta: 0:26:22, time: 0.360, data_time: 0.000, memory: 4764, top1_acc: 0.9984, top5_acc: 1.0000, loss_cls: 0.0103, loss: 0.0103, grad_norm: 0.6146
2023-02-24 11:13:53,039 - pyskl - INFO - Epoch [11][180/265]	lr: 2.931e-04, eta: 0:26:11, time: 0.362, data_time: 0.001, memory: 4764, top1_acc: 0.9953, top5_acc: 1.0000, loss_cls: 0.0173, loss: 0.0173, grad_norm: 0.6414
2023-02-24 11:14:00,171 - pyskl - INFO - Epoch [11][200/265]	lr: 2.907e-04, eta: 0:26:00, time: 0.357, data_time: 0.000, memory: 4764, top1_acc: 0.9953, top5_acc: 1.0000, loss_cls: 0.0142, loss: 0.0142, grad_norm: 0.6119
2023-02-24 11:14:07,313 - pyskl - INFO - Epoch [11][220/265]	lr: 2.883e-04, eta: 0:25:49, time: 0.357, data_time: 0.000, memory: 4764, top1_acc: 1.0000, top5_acc: 1.0000, loss_cls: 0.0047, loss: 0.0047, grad_norm: 0.1765
2023-02-24 11:14:14,413 - pyskl - INFO - Epoch [11][240/265]	lr: 2.858e-04, eta: 0:25:38, time: 0.355, data_time: 0.001, memory: 4764, top1_acc: 1.0000, top5_acc: 1.0000, loss_cls: 0.0027, loss: 0.0027, grad_norm: 0.1191
2023-02-24 11:14:21,634 - pyskl - INFO - Epoch [11][260/265]	lr: 2.834e-04, eta: 0:25:27, time: 0.361, data_time: 0.000, memory: 4764, top1_acc: 1.0000, top5_acc: 1.0000, loss_cls: 0.0017, loss: 0.0017, grad_norm: 0.0814
2023-02-24 11:14:44,285 - pyskl - INFO - Evaluating top_k_accuracy ...
2023-02-24 11:14:44,286 - pyskl - INFO - 
top1_acc	0.7586
top5_acc	0.9914
2023-02-24 11:14:44,286 - pyskl - INFO - Evaluating mean_class_accuracy ...
2023-02-24 11:14:44,286 - pyskl - INFO - 
mean_acc	0.7622
2023-02-24 11:14:44,286 - pyskl - INFO - Epoch(val) [11][4]	top1_acc: 0.7586, top5_acc: 0.9914, mean_class_accuracy: 0.7622
2023-02-24 11:15:15,598 - pyskl - INFO - Epoch [12][20/265]	lr: 2.803e-04, eta: 0:25:40, time: 1.565, data_time: 1.165, memory: 4764, top1_acc: 1.0000, top5_acc: 1.0000, loss_cls: 0.0018, loss: 0.0018, grad_norm: 0.0732
2023-02-24 11:15:22,774 - pyskl - INFO - Epoch [12][40/265]	lr: 2.779e-04, eta: 0:25:29, time: 0.359, data_time: 0.001, memory: 4764, top1_acc: 1.0000, top5_acc: 1.0000, loss_cls: 0.0023, loss: 0.0023, grad_norm: 0.1136
2023-02-24 11:15:29,946 - pyskl - INFO - Epoch [12][60/265]	lr: 2.754e-04, eta: 0:25:18, time: 0.358, data_time: 0.000, memory: 4764, top1_acc: 1.0000, top5_acc: 1.0000, loss_cls: 0.0020, loss: 0.0020, grad_norm: 0.0950
2023-02-24 11:15:37,042 - pyskl - INFO - Epoch [12][80/265]	lr: 2.729e-04, eta: 0:25:07, time: 0.355, data_time: 0.001, memory: 4764, top1_acc: 0.9984, top5_acc: 1.0000, loss_cls: 0.0069, loss: 0.0069, grad_norm: 0.2841
2023-02-24 11:15:44,190 - pyskl - INFO - Epoch [12][100/265]	lr: 2.705e-04, eta: 0:24:56, time: 0.357, data_time: 0.000, memory: 4764, top1_acc: 1.0000, top5_acc: 1.0000, loss_cls: 0.0015, loss: 0.0015, grad_norm: 0.0582
2023-02-24 11:15:51,271 - pyskl - INFO - Epoch [12][120/265]	lr: 2.680e-04, eta: 0:24:45, time: 0.355, data_time: 0.001, memory: 4764, top1_acc: 0.9984, top5_acc: 1.0000, loss_cls: 0.0049, loss: 0.0049, grad_norm: 0.2109
2023-02-24 11:15:58,470 - pyskl - INFO - Epoch [12][140/265]	lr: 2.655e-04, eta: 0:24:34, time: 0.360, data_time: 0.000, memory: 4764, top1_acc: 1.0000, top5_acc: 1.0000, loss_cls: 0.0054, loss: 0.0054, grad_norm: 0.2916
2023-02-24 11:16:05,640 - pyskl - INFO - Epoch [12][160/265]	lr: 2.631e-04, eta: 0:24:23, time: 0.358, data_time: 0.000, memory: 4764, top1_acc: 1.0000, top5_acc: 1.0000, loss_cls: 0.0017, loss: 0.0017, grad_norm: 0.0908
2023-02-24 11:16:12,815 - pyskl - INFO - Epoch [12][180/265]	lr: 2.606e-04, eta: 0:24:12, time: 0.359, data_time: 0.001, memory: 4764, top1_acc: 0.9984, top5_acc: 1.0000, loss_cls: 0.0063, loss: 0.0063, grad_norm: 0.2708
2023-02-24 11:16:19,990 - pyskl - INFO - Epoch [12][200/265]	lr: 2.581e-04, eta: 0:24:02, time: 0.358, data_time: 0.000, memory: 4764, top1_acc: 1.0000, top5_acc: 1.0000, loss_cls: 0.0046, loss: 0.0046, grad_norm: 0.2425
2023-02-24 11:16:27,165 - pyskl - INFO - Epoch [12][220/265]	lr: 2.557e-04, eta: 0:23:51, time: 0.359, data_time: 0.001, memory: 4764, top1_acc: 1.0000, top5_acc: 1.0000, loss_cls: 0.0027, loss: 0.0027, grad_norm: 0.1232
2023-02-24 11:16:34,341 - pyskl - INFO - Epoch [12][240/265]	lr: 2.532e-04, eta: 0:23:40, time: 0.359, data_time: 0.001, memory: 4764, top1_acc: 1.0000, top5_acc: 1.0000, loss_cls: 0.0036, loss: 0.0036, grad_norm: 0.1910
2023-02-24 11:16:41,369 - pyskl - INFO - Epoch [12][260/265]	lr: 2.507e-04, eta: 0:23:30, time: 0.351, data_time: 0.000, memory: 4764, top1_acc: 0.9984, top5_acc: 1.0000, loss_cls: 0.0036, loss: 0.0036, grad_norm: 0.1357
2023-02-24 11:17:03,850 - pyskl - INFO - Evaluating top_k_accuracy ...
2023-02-24 11:17:03,850 - pyskl - INFO - 
top1_acc	0.7500
top5_acc	1.0000
2023-02-24 11:17:03,851 - pyskl - INFO - Evaluating mean_class_accuracy ...
2023-02-24 11:17:03,851 - pyskl - INFO - 
mean_acc	0.7549
2023-02-24 11:17:03,851 - pyskl - INFO - Epoch(val) [12][4]	top1_acc: 0.7500, top5_acc: 1.0000, mean_class_accuracy: 0.7549
2023-02-24 11:17:35,404 - pyskl - INFO - Epoch [13][20/265]	lr: 2.477e-04, eta: 0:23:39, time: 1.577, data_time: 1.164, memory: 4764, top1_acc: 0.9969, top5_acc: 1.0000, loss_cls: 0.0092, loss: 0.0092, grad_norm: 0.4286
2023-02-24 11:17:42,580 - pyskl - INFO - Epoch [13][40/265]	lr: 2.452e-04, eta: 0:23:28, time: 0.359, data_time: 0.000, memory: 4764, top1_acc: 0.9984, top5_acc: 1.0000, loss_cls: 0.0122, loss: 0.0122, grad_norm: 0.5636
2023-02-24 11:17:49,750 - pyskl - INFO - Epoch [13][60/265]	lr: 2.427e-04, eta: 0:23:17, time: 0.359, data_time: 0.000, memory: 4764, top1_acc: 0.9984, top5_acc: 1.0000, loss_cls: 0.0067, loss: 0.0067, grad_norm: 0.3350
2023-02-24 11:17:56,884 - pyskl - INFO - Epoch [13][80/265]	lr: 2.402e-04, eta: 0:23:07, time: 0.356, data_time: 0.000, memory: 4764, top1_acc: 0.9922, top5_acc: 1.0000, loss_cls: 0.0184, loss: 0.0184, grad_norm: 0.9641
2023-02-24 11:18:04,085 - pyskl - INFO - Epoch [13][100/265]	lr: 2.378e-04, eta: 0:22:56, time: 0.360, data_time: 0.001, memory: 4764, top1_acc: 0.9984, top5_acc: 1.0000, loss_cls: 0.0074, loss: 0.0074, grad_norm: 0.3746
2023-02-24 11:18:11,167 - pyskl - INFO - Epoch [13][120/265]	lr: 2.353e-04, eta: 0:22:45, time: 0.354, data_time: 0.000, memory: 4764, top1_acc: 0.9984, top5_acc: 1.0000, loss_cls: 0.0065, loss: 0.0065, grad_norm: 0.3599
2023-02-24 11:18:18,392 - pyskl - INFO - Epoch [13][140/265]	lr: 2.328e-04, eta: 0:22:35, time: 0.361, data_time: 0.001, memory: 4764, top1_acc: 1.0000, top5_acc: 1.0000, loss_cls: 0.0033, loss: 0.0033, grad_norm: 0.1463
2023-02-24 11:18:25,663 - pyskl - INFO - Epoch [13][160/265]	lr: 2.304e-04, eta: 0:22:25, time: 0.364, data_time: 0.001, memory: 4764, top1_acc: 1.0000, top5_acc: 1.0000, loss_cls: 0.0024, loss: 0.0024, grad_norm: 0.1445
2023-02-24 11:18:32,872 - pyskl - INFO - Epoch [13][180/265]	lr: 2.279e-04, eta: 0:22:14, time: 0.361, data_time: 0.000, memory: 4764, top1_acc: 1.0000, top5_acc: 1.0000, loss_cls: 0.0021, loss: 0.0021, grad_norm: 0.1008
2023-02-24 11:18:40,003 - pyskl - INFO - Epoch [13][200/265]	lr: 2.255e-04, eta: 0:22:04, time: 0.356, data_time: 0.000, memory: 4764, top1_acc: 1.0000, top5_acc: 1.0000, loss_cls: 0.0018, loss: 0.0018, grad_norm: 0.0785
2023-02-24 11:18:47,163 - pyskl - INFO - Epoch [13][220/265]	lr: 2.230e-04, eta: 0:21:53, time: 0.358, data_time: 0.000, memory: 4764, top1_acc: 1.0000, top5_acc: 1.0000, loss_cls: 0.0016, loss: 0.0016, grad_norm: 0.0743
2023-02-24 11:18:54,368 - pyskl - INFO - Epoch [13][240/265]	lr: 2.206e-04, eta: 0:21:43, time: 0.360, data_time: 0.000, memory: 4764, top1_acc: 1.0000, top5_acc: 1.0000, loss_cls: 0.0008, loss: 0.0008, grad_norm: 0.0345
2023-02-24 11:19:01,544 - pyskl - INFO - Epoch [13][260/265]	lr: 2.181e-04, eta: 0:21:33, time: 0.359, data_time: 0.001, memory: 4764, top1_acc: 1.0000, top5_acc: 1.0000, loss_cls: 0.0016, loss: 0.0016, grad_norm: 0.0920
2023-02-24 11:19:23,845 - pyskl - INFO - Evaluating top_k_accuracy ...
2023-02-24 11:19:23,845 - pyskl - INFO - 
top1_acc	0.7328
top5_acc	0.9914
2023-02-24 11:19:23,845 - pyskl - INFO - Evaluating mean_class_accuracy ...
2023-02-24 11:19:23,846 - pyskl - INFO - 
mean_acc	0.7494
2023-02-24 11:19:23,846 - pyskl - INFO - Epoch(val) [13][4]	top1_acc: 0.7328, top5_acc: 0.9914, mean_class_accuracy: 0.7494
2023-02-24 11:19:55,176 - pyskl - INFO - Epoch [14][20/265]	lr: 2.150e-04, eta: 0:21:39, time: 1.566, data_time: 1.140, memory: 4764, top1_acc: 1.0000, top5_acc: 1.0000, loss_cls: 0.0026, loss: 0.0026, grad_norm: 0.1464
2023-02-24 11:20:02,325 - pyskl - INFO - Epoch [14][40/265]	lr: 2.126e-04, eta: 0:21:28, time: 0.357, data_time: 0.000, memory: 4764, top1_acc: 0.9984, top5_acc: 1.0000, loss_cls: 0.0090, loss: 0.0090, grad_norm: 0.3879
2023-02-24 11:20:09,508 - pyskl - INFO - Epoch [14][60/265]	lr: 2.102e-04, eta: 0:21:18, time: 0.359, data_time: 0.000, memory: 4764, top1_acc: 0.9984, top5_acc: 1.0000, loss_cls: 0.0057, loss: 0.0057, grad_norm: 0.2516
2023-02-24 11:20:16,673 - pyskl - INFO - Epoch [14][80/265]	lr: 2.077e-04, eta: 0:21:07, time: 0.358, data_time: 0.000, memory: 4764, top1_acc: 0.9984, top5_acc: 1.0000, loss_cls: 0.0052, loss: 0.0052, grad_norm: 0.1905
2023-02-24 11:20:23,880 - pyskl - INFO - Epoch [14][100/265]	lr: 2.053e-04, eta: 0:20:57, time: 0.360, data_time: 0.000, memory: 4764, top1_acc: 0.9984, top5_acc: 1.0000, loss_cls: 0.0032, loss: 0.0032, grad_norm: 0.2038
2023-02-24 11:20:31,065 - pyskl - INFO - Epoch [14][120/265]	lr: 2.029e-04, eta: 0:20:47, time: 0.359, data_time: 0.000, memory: 4764, top1_acc: 1.0000, top5_acc: 1.0000, loss_cls: 0.0033, loss: 0.0033, grad_norm: 0.2022
2023-02-24 11:20:38,230 - pyskl - INFO - Epoch [14][140/265]	lr: 2.004e-04, eta: 0:20:36, time: 0.358, data_time: 0.000, memory: 4764, top1_acc: 1.0000, top5_acc: 1.0000, loss_cls: 0.0014, loss: 0.0014, grad_norm: 0.0677
2023-02-24 11:20:45,320 - pyskl - INFO - Epoch [14][160/265]	lr: 1.980e-04, eta: 0:20:26, time: 0.355, data_time: 0.001, memory: 4764, top1_acc: 1.0000, top5_acc: 1.0000, loss_cls: 0.0019, loss: 0.0019, grad_norm: 0.0940
2023-02-24 11:20:52,471 - pyskl - INFO - Epoch [14][180/265]	lr: 1.956e-04, eta: 0:20:16, time: 0.357, data_time: 0.000, memory: 4764, top1_acc: 1.0000, top5_acc: 1.0000, loss_cls: 0.0008, loss: 0.0008, grad_norm: 0.0323
2023-02-24 11:20:59,650 - pyskl - INFO - Epoch [14][200/265]	lr: 1.932e-04, eta: 0:20:06, time: 0.359, data_time: 0.000, memory: 4764, top1_acc: 1.0000, top5_acc: 1.0000, loss_cls: 0.0006, loss: 0.0006, grad_norm: 0.0182
2023-02-24 11:21:06,859 - pyskl - INFO - Epoch [14][220/265]	lr: 1.908e-04, eta: 0:19:56, time: 0.360, data_time: 0.000, memory: 4764, top1_acc: 1.0000, top5_acc: 1.0000, loss_cls: 0.0012, loss: 0.0012, grad_norm: 0.0574
2023-02-24 11:21:14,049 - pyskl - INFO - Epoch [14][240/265]	lr: 1.884e-04, eta: 0:19:45, time: 0.360, data_time: 0.000, memory: 4764, top1_acc: 0.9984, top5_acc: 1.0000, loss_cls: 0.0024, loss: 0.0024, grad_norm: 0.1039
2023-02-24 11:21:21,266 - pyskl - INFO - Epoch [14][260/265]	lr: 1.860e-04, eta: 0:19:35, time: 0.361, data_time: 0.000, memory: 4764, top1_acc: 1.0000, top5_acc: 1.0000, loss_cls: 0.0014, loss: 0.0014, grad_norm: 0.0555
2023-02-24 11:21:43,257 - pyskl - INFO - Evaluating top_k_accuracy ...
2023-02-24 11:21:43,257 - pyskl - INFO - 
top1_acc	0.7241
top5_acc	0.9914
2023-02-24 11:21:43,257 - pyskl - INFO - Evaluating mean_class_accuracy ...
2023-02-24 11:21:43,258 - pyskl - INFO - 
mean_acc	0.7537
2023-02-24 11:21:43,258 - pyskl - INFO - Epoch(val) [14][4]	top1_acc: 0.7241, top5_acc: 0.9914, mean_class_accuracy: 0.7537
2023-02-24 11:22:14,739 - pyskl - INFO - Epoch [15][20/265]	lr: 1.830e-04, eta: 0:19:39, time: 1.574, data_time: 1.141, memory: 4764, top1_acc: 1.0000, top5_acc: 1.0000, loss_cls: 0.0013, loss: 0.0013, grad_norm: 0.0682
2023-02-24 11:22:21,912 - pyskl - INFO - Epoch [15][40/265]	lr: 1.807e-04, eta: 0:19:28, time: 0.359, data_time: 0.001, memory: 4764, top1_acc: 1.0000, top5_acc: 1.0000, loss_cls: 0.0012, loss: 0.0012, grad_norm: 0.0513
2023-02-24 11:22:29,064 - pyskl - INFO - Epoch [15][60/265]	lr: 1.783e-04, eta: 0:19:18, time: 0.357, data_time: 0.000, memory: 4764, top1_acc: 1.0000, top5_acc: 1.0000, loss_cls: 0.0006, loss: 0.0006, grad_norm: 0.0237
2023-02-24 11:22:36,181 - pyskl - INFO - Epoch [15][80/265]	lr: 1.759e-04, eta: 0:19:08, time: 0.356, data_time: 0.000, memory: 4764, top1_acc: 1.0000, top5_acc: 1.0000, loss_cls: 0.0011, loss: 0.0011, grad_norm: 0.0590
2023-02-24 11:22:43,349 - pyskl - INFO - Epoch [15][100/265]	lr: 1.736e-04, eta: 0:18:58, time: 0.358, data_time: 0.000, memory: 4764, top1_acc: 1.0000, top5_acc: 1.0000, loss_cls: 0.0013, loss: 0.0013, grad_norm: 0.0674
2023-02-24 11:22:50,521 - pyskl - INFO - Epoch [15][120/265]	lr: 1.712e-04, eta: 0:18:48, time: 0.359, data_time: 0.000, memory: 4764, top1_acc: 1.0000, top5_acc: 1.0000, loss_cls: 0.0014, loss: 0.0014, grad_norm: 0.0690
2023-02-24 11:22:57,700 - pyskl - INFO - Epoch [15][140/265]	lr: 1.689e-04, eta: 0:18:38, time: 0.359, data_time: 0.000, memory: 4764, top1_acc: 1.0000, top5_acc: 1.0000, loss_cls: 0.0010, loss: 0.0010, grad_norm: 0.0461
2023-02-24 11:23:04,856 - pyskl - INFO - Epoch [15][160/265]	lr: 1.665e-04, eta: 0:18:28, time: 0.358, data_time: 0.000, memory: 4764, top1_acc: 1.0000, top5_acc: 1.0000, loss_cls: 0.0007, loss: 0.0007, grad_norm: 0.0334
2023-02-24 11:23:12,066 - pyskl - INFO - Epoch [15][180/265]	lr: 1.642e-04, eta: 0:18:18, time: 0.361, data_time: 0.000, memory: 4764, top1_acc: 1.0000, top5_acc: 1.0000, loss_cls: 0.0005, loss: 0.0005, grad_norm: 0.0175
2023-02-24 11:23:19,241 - pyskl - INFO - Epoch [15][200/265]	lr: 1.619e-04, eta: 0:18:08, time: 0.358, data_time: 0.000, memory: 4764, top1_acc: 1.0000, top5_acc: 1.0000, loss_cls: 0.0008, loss: 0.0008, grad_norm: 0.0414
2023-02-24 11:23:26,410 - pyskl - INFO - Epoch [15][220/265]	lr: 1.596e-04, eta: 0:17:58, time: 0.358, data_time: 0.001, memory: 4764, top1_acc: 0.9984, top5_acc: 1.0000, loss_cls: 0.0033, loss: 0.0033, grad_norm: 0.1790
2023-02-24 11:23:33,611 - pyskl - INFO - Epoch [15][240/265]	lr: 1.573e-04, eta: 0:17:48, time: 0.361, data_time: 0.001, memory: 4764, top1_acc: 1.0000, top5_acc: 1.0000, loss_cls: 0.0010, loss: 0.0010, grad_norm: 0.0419
2023-02-24 11:23:40,795 - pyskl - INFO - Epoch [15][260/265]	lr: 1.550e-04, eta: 0:17:38, time: 0.359, data_time: 0.000, memory: 4764, top1_acc: 0.9969, top5_acc: 1.0000, loss_cls: 0.0104, loss: 0.0104, grad_norm: 0.2890
2023-02-24 11:24:03,246 - pyskl - INFO - Evaluating top_k_accuracy ...
2023-02-24 11:24:03,247 - pyskl - INFO - 
top1_acc	0.6121
top5_acc	0.9914
2023-02-24 11:24:03,247 - pyskl - INFO - Evaluating mean_class_accuracy ...
2023-02-24 11:24:03,247 - pyskl - INFO - 
mean_acc	0.6579
2023-02-24 11:24:03,247 - pyskl - INFO - Epoch(val) [15][4]	top1_acc: 0.6121, top5_acc: 0.9914, mean_class_accuracy: 0.6579
2023-02-24 11:24:34,942 - pyskl - INFO - Epoch [16][20/265]	lr: 1.522e-04, eta: 0:17:39, time: 1.584, data_time: 1.113, memory: 4764, top1_acc: 0.9984, top5_acc: 1.0000, loss_cls: 0.0053, loss: 0.0053, grad_norm: 0.2845
2023-02-24 11:24:42,091 - pyskl - INFO - Epoch [16][40/265]	lr: 1.499e-04, eta: 0:17:29, time: 0.358, data_time: 0.001, memory: 4764, top1_acc: 0.9984, top5_acc: 1.0000, loss_cls: 0.0063, loss: 0.0063, grad_norm: 0.3763
2023-02-24 11:24:49,327 - pyskl - INFO - Epoch [16][60/265]	lr: 1.476e-04, eta: 0:17:19, time: 0.362, data_time: 0.000, memory: 4764, top1_acc: 0.9984, top5_acc: 1.0000, loss_cls: 0.0041, loss: 0.0041, grad_norm: 0.1879
2023-02-24 11:24:56,503 - pyskl - INFO - Epoch [16][80/265]	lr: 1.454e-04, eta: 0:17:09, time: 0.359, data_time: 0.001, memory: 4764, top1_acc: 1.0000, top5_acc: 1.0000, loss_cls: 0.0017, loss: 0.0017, grad_norm: 0.1021
2023-02-24 11:25:03,715 - pyskl - INFO - Epoch [16][100/265]	lr: 1.432e-04, eta: 0:16:59, time: 0.361, data_time: 0.000, memory: 4764, top1_acc: 1.0000, top5_acc: 1.0000, loss_cls: 0.0012, loss: 0.0012, grad_norm: 0.0513
2023-02-24 11:25:10,923 - pyskl - INFO - Epoch [16][120/265]	lr: 1.409e-04, eta: 0:16:50, time: 0.360, data_time: 0.000, memory: 4764, top1_acc: 1.0000, top5_acc: 1.0000, loss_cls: 0.0016, loss: 0.0016, grad_norm: 0.1053
2023-02-24 11:25:18,057 - pyskl - INFO - Epoch [16][140/265]	lr: 1.387e-04, eta: 0:16:40, time: 0.357, data_time: 0.000, memory: 4764, top1_acc: 0.9984, top5_acc: 1.0000, loss_cls: 0.0028, loss: 0.0028, grad_norm: 0.1286
2023-02-24 11:25:25,295 - pyskl - INFO - Epoch [16][160/265]	lr: 1.365e-04, eta: 0:16:30, time: 0.362, data_time: 0.000, memory: 4764, top1_acc: 1.0000, top5_acc: 1.0000, loss_cls: 0.0007, loss: 0.0007, grad_norm: 0.0227
2023-02-24 11:25:32,457 - pyskl - INFO - Epoch [16][180/265]	lr: 1.343e-04, eta: 0:16:20, time: 0.358, data_time: 0.000, memory: 4764, top1_acc: 0.9984, top5_acc: 1.0000, loss_cls: 0.0060, loss: 0.0060, grad_norm: 0.2533
2023-02-24 11:25:39,616 - pyskl - INFO - Epoch [16][200/265]	lr: 1.321e-04, eta: 0:16:10, time: 0.358, data_time: 0.000, memory: 4764, top1_acc: 1.0000, top5_acc: 1.0000, loss_cls: 0.0021, loss: 0.0021, grad_norm: 0.1114
2023-02-24 11:25:46,657 - pyskl - INFO - Epoch [16][220/265]	lr: 1.300e-04, eta: 0:16:00, time: 0.352, data_time: 0.000, memory: 4764, top1_acc: 1.0000, top5_acc: 1.0000, loss_cls: 0.0013, loss: 0.0013, grad_norm: 0.0570
2023-02-24 11:25:53,846 - pyskl - INFO - Epoch [16][240/265]	lr: 1.278e-04, eta: 0:15:51, time: 0.359, data_time: 0.000, memory: 4764, top1_acc: 1.0000, top5_acc: 1.0000, loss_cls: 0.0010, loss: 0.0010, grad_norm: 0.0526
2023-02-24 11:26:00,964 - pyskl - INFO - Epoch [16][260/265]	lr: 1.256e-04, eta: 0:15:41, time: 0.356, data_time: 0.001, memory: 4764, top1_acc: 1.0000, top5_acc: 1.0000, loss_cls: 0.0006, loss: 0.0006, grad_norm: 0.0260
2023-02-24 11:26:23,425 - pyskl - INFO - Evaluating top_k_accuracy ...
2023-02-24 11:26:23,426 - pyskl - INFO - 
top1_acc	0.7155
top5_acc	1.0000
2023-02-24 11:26:23,426 - pyskl - INFO - Evaluating mean_class_accuracy ...
2023-02-24 11:26:23,426 - pyskl - INFO - 
mean_acc	0.7306
2023-02-24 11:26:23,427 - pyskl - INFO - Epoch(val) [16][4]	top1_acc: 0.7155, top5_acc: 1.0000, mean_class_accuracy: 0.7306
2023-02-24 11:26:55,117 - pyskl - INFO - Epoch [17][20/265]	lr: 1.230e-04, eta: 0:15:40, time: 1.584, data_time: 1.200, memory: 4764, top1_acc: 0.9953, top5_acc: 1.0000, loss_cls: 0.0086, loss: 0.0086, grad_norm: 0.2186
2023-02-24 11:27:02,292 - pyskl - INFO - Epoch [17][40/265]	lr: 1.209e-04, eta: 0:15:30, time: 0.359, data_time: 0.000, memory: 4764, top1_acc: 1.0000, top5_acc: 1.0000, loss_cls: 0.0016, loss: 0.0016, grad_norm: 0.0828
2023-02-24 11:27:09,490 - pyskl - INFO - Epoch [17][60/265]	lr: 1.187e-04, eta: 0:15:20, time: 0.359, data_time: 0.001, memory: 4764, top1_acc: 0.9984, top5_acc: 1.0000, loss_cls: 0.0061, loss: 0.0061, grad_norm: 0.2454
2023-02-24 11:27:16,672 - pyskl - INFO - Epoch [17][80/265]	lr: 1.166e-04, eta: 0:15:11, time: 0.360, data_time: 0.001, memory: 4764, top1_acc: 1.0000, top5_acc: 1.0000, loss_cls: 0.0019, loss: 0.0019, grad_norm: 0.1372
2023-02-24 11:27:23,838 - pyskl - INFO - Epoch [17][100/265]	lr: 1.146e-04, eta: 0:15:01, time: 0.358, data_time: 0.000, memory: 4764, top1_acc: 1.0000, top5_acc: 1.0000, loss_cls: 0.0012, loss: 0.0012, grad_norm: 0.0635
2023-02-24 11:27:30,971 - pyskl - INFO - Epoch [17][120/265]	lr: 1.125e-04, eta: 0:14:51, time: 0.357, data_time: 0.001, memory: 4764, top1_acc: 1.0000, top5_acc: 1.0000, loss_cls: 0.0012, loss: 0.0012, grad_norm: 0.0400
2023-02-24 11:27:38,174 - pyskl - INFO - Epoch [17][140/265]	lr: 1.104e-04, eta: 0:14:41, time: 0.360, data_time: 0.000, memory: 4764, top1_acc: 1.0000, top5_acc: 1.0000, loss_cls: 0.0010, loss: 0.0010, grad_norm: 0.0416
2023-02-24 11:27:45,312 - pyskl - INFO - Epoch [17][160/265]	lr: 1.084e-04, eta: 0:14:32, time: 0.357, data_time: 0.001, memory: 4764, top1_acc: 1.0000, top5_acc: 1.0000, loss_cls: 0.0018, loss: 0.0018, grad_norm: 0.0775
2023-02-24 11:27:52,520 - pyskl - INFO - Epoch [17][180/265]	lr: 1.064e-04, eta: 0:14:22, time: 0.360, data_time: 0.000, memory: 4764, top1_acc: 0.9984, top5_acc: 1.0000, loss_cls: 0.0039, loss: 0.0039, grad_norm: 0.1838
2023-02-24 11:27:59,731 - pyskl - INFO - Epoch [17][200/265]	lr: 1.044e-04, eta: 0:14:12, time: 0.361, data_time: 0.001, memory: 4764, top1_acc: 1.0000, top5_acc: 1.0000, loss_cls: 0.0032, loss: 0.0032, grad_norm: 0.1667
2023-02-24 11:28:06,931 - pyskl - INFO - Epoch [17][220/265]	lr: 1.024e-04, eta: 0:14:03, time: 0.360, data_time: 0.001, memory: 4764, top1_acc: 1.0000, top5_acc: 1.0000, loss_cls: 0.0019, loss: 0.0019, grad_norm: 0.1409
2023-02-24 11:28:14,068 - pyskl - INFO - Epoch [17][240/265]	lr: 1.004e-04, eta: 0:13:53, time: 0.357, data_time: 0.001, memory: 4764, top1_acc: 1.0000, top5_acc: 1.0000, loss_cls: 0.0013, loss: 0.0013, grad_norm: 0.0825
2023-02-24 11:28:21,221 - pyskl - INFO - Epoch [17][260/265]	lr: 9.840e-05, eta: 0:13:44, time: 0.358, data_time: 0.001, memory: 4764, top1_acc: 1.0000, top5_acc: 1.0000, loss_cls: 0.0004, loss: 0.0004, grad_norm: 0.0166
2023-02-24 11:28:43,603 - pyskl - INFO - Evaluating top_k_accuracy ...
2023-02-24 11:28:43,604 - pyskl - INFO - 
top1_acc	0.7414
top5_acc	1.0000
2023-02-24 11:28:43,604 - pyskl - INFO - Evaluating mean_class_accuracy ...
2023-02-24 11:28:43,605 - pyskl - INFO - 
mean_acc	0.7693
2023-02-24 11:28:43,605 - pyskl - INFO - Epoch(val) [17][4]	top1_acc: 0.7414, top5_acc: 1.0000, mean_class_accuracy: 0.7693
2023-02-24 11:29:15,067 - pyskl - INFO - Epoch [18][20/265]	lr: 9.595e-05, eta: 0:13:41, time: 1.572, data_time: 1.215, memory: 4764, top1_acc: 1.0000, top5_acc: 1.0000, loss_cls: 0.0006, loss: 0.0006, grad_norm: 0.0203
2023-02-24 11:29:22,311 - pyskl - INFO - Epoch [18][40/265]	lr: 9.402e-05, eta: 0:13:31, time: 0.363, data_time: 0.001, memory: 4764, top1_acc: 1.0000, top5_acc: 1.0000, loss_cls: 0.0013, loss: 0.0013, grad_norm: 0.0767
2023-02-24 11:29:29,588 - pyskl - INFO - Epoch [18][60/265]	lr: 9.209e-05, eta: 0:13:22, time: 0.364, data_time: 0.000, memory: 4764, top1_acc: 1.0000, top5_acc: 1.0000, loss_cls: 0.0008, loss: 0.0008, grad_norm: 0.0344
2023-02-24 11:29:36,839 - pyskl - INFO - Epoch [18][80/265]	lr: 9.019e-05, eta: 0:13:12, time: 0.363, data_time: 0.000, memory: 4764, top1_acc: 1.0000, top5_acc: 1.0000, loss_cls: 0.0005, loss: 0.0005, grad_norm: 0.0183
2023-02-24 11:29:43,954 - pyskl - INFO - Epoch [18][100/265]	lr: 8.830e-05, eta: 0:13:02, time: 0.356, data_time: 0.000, memory: 4764, top1_acc: 1.0000, top5_acc: 1.0000, loss_cls: 0.0008, loss: 0.0008, grad_norm: 0.0341
2023-02-24 11:29:51,140 - pyskl - INFO - Epoch [18][120/265]	lr: 8.642e-05, eta: 0:12:53, time: 0.359, data_time: 0.001, memory: 4764, top1_acc: 1.0000, top5_acc: 1.0000, loss_cls: 0.0007, loss: 0.0007, grad_norm: 0.0321
2023-02-24 11:29:58,368 - pyskl - INFO - Epoch [18][140/265]	lr: 8.456e-05, eta: 0:12:43, time: 0.361, data_time: 0.000, memory: 4764, top1_acc: 1.0000, top5_acc: 1.0000, loss_cls: 0.0004, loss: 0.0004, grad_norm: 0.0168
2023-02-24 11:30:05,483 - pyskl - INFO - Epoch [18][160/265]	lr: 8.272e-05, eta: 0:12:34, time: 0.355, data_time: 0.001, memory: 4764, top1_acc: 1.0000, top5_acc: 1.0000, loss_cls: 0.0009, loss: 0.0009, grad_norm: 0.0429
2023-02-24 11:30:12,648 - pyskl - INFO - Epoch [18][180/265]	lr: 8.089e-05, eta: 0:12:24, time: 0.358, data_time: 0.001, memory: 4764, top1_acc: 1.0000, top5_acc: 1.0000, loss_cls: 0.0005, loss: 0.0005, grad_norm: 0.0193
2023-02-24 11:30:19,875 - pyskl - INFO - Epoch [18][200/265]	lr: 7.908e-05, eta: 0:12:15, time: 0.362, data_time: 0.001, memory: 4764, top1_acc: 1.0000, top5_acc: 1.0000, loss_cls: 0.0003, loss: 0.0003, grad_norm: 0.0107
2023-02-24 11:30:27,090 - pyskl - INFO - Epoch [18][220/265]	lr: 7.729e-05, eta: 0:12:05, time: 0.360, data_time: 0.000, memory: 4764, top1_acc: 1.0000, top5_acc: 1.0000, loss_cls: 0.0003, loss: 0.0003, grad_norm: 0.0109
2023-02-24 11:30:34,299 - pyskl - INFO - Epoch [18][240/265]	lr: 7.551e-05, eta: 0:11:56, time: 0.361, data_time: 0.001, memory: 4764, top1_acc: 1.0000, top5_acc: 1.0000, loss_cls: 0.0009, loss: 0.0009, grad_norm: 0.0615
2023-02-24 11:30:41,452 - pyskl - INFO - Epoch [18][260/265]	lr: 7.375e-05, eta: 0:11:46, time: 0.358, data_time: 0.001, memory: 4764, top1_acc: 1.0000, top5_acc: 1.0000, loss_cls: 0.0009, loss: 0.0009, grad_norm: 0.0358
2023-02-24 11:31:03,904 - pyskl - INFO - Evaluating top_k_accuracy ...
2023-02-24 11:31:03,904 - pyskl - INFO - 
top1_acc	0.7672
top5_acc	1.0000
2023-02-24 11:31:03,904 - pyskl - INFO - Evaluating mean_class_accuracy ...
2023-02-24 11:31:03,905 - pyskl - INFO - 
mean_acc	0.7783
2023-02-24 11:31:03,910 - pyskl - INFO - The previous best checkpoint /home/yl/sscls/model_pth/exp7/ncrc_nfwc_adamw5e-4_lb/best_top1_acc_epoch_5.pth was removed
2023-02-24 11:31:03,971 - pyskl - INFO - Now best checkpoint is saved as best_top1_acc_epoch_18.pth.
2023-02-24 11:31:03,971 - pyskl - INFO - Best top1_acc is 0.7672 at 18 epoch.
2023-02-24 11:31:03,971 - pyskl - INFO - Epoch(val) [18][4]	top1_acc: 0.7672, top5_acc: 1.0000, mean_class_accuracy: 0.7783
2023-02-24 11:31:35,594 - pyskl - INFO - Epoch [19][20/265]	lr: 7.157e-05, eta: 0:11:42, time: 1.581, data_time: 1.222, memory: 4764, top1_acc: 1.0000, top5_acc: 1.0000, loss_cls: 0.0003, loss: 0.0003, grad_norm: 0.0102
2023-02-24 11:31:42,669 - pyskl - INFO - Epoch [19][40/265]	lr: 6.985e-05, eta: 0:11:32, time: 0.354, data_time: 0.000, memory: 4764, top1_acc: 1.0000, top5_acc: 1.0000, loss_cls: 0.0006, loss: 0.0006, grad_norm: 0.0389
2023-02-24 11:31:49,812 - pyskl - INFO - Epoch [19][60/265]	lr: 6.815e-05, eta: 0:11:23, time: 0.357, data_time: 0.000, memory: 4764, top1_acc: 1.0000, top5_acc: 1.0000, loss_cls: 0.0009, loss: 0.0009, grad_norm: 0.0359
2023-02-24 11:31:56,948 - pyskl - INFO - Epoch [19][80/265]	lr: 6.646e-05, eta: 0:11:13, time: 0.356, data_time: 0.000, memory: 4764, top1_acc: 1.0000, top5_acc: 1.0000, loss_cls: 0.0004, loss: 0.0004, grad_norm: 0.0164
2023-02-24 11:32:04,111 - pyskl - INFO - Epoch [19][100/265]	lr: 6.479e-05, eta: 0:11:04, time: 0.359, data_time: 0.001, memory: 4764, top1_acc: 0.9984, top5_acc: 1.0000, loss_cls: 0.0026, loss: 0.0026, grad_norm: 0.1758
2023-02-24 11:32:11,294 - pyskl - INFO - Epoch [19][120/265]	lr: 6.314e-05, eta: 0:10:55, time: 0.359, data_time: 0.000, memory: 4764, top1_acc: 1.0000, top5_acc: 1.0000, loss_cls: 0.0011, loss: 0.0011, grad_norm: 0.0541
2023-02-24 11:32:18,470 - pyskl - INFO - Epoch [19][140/265]	lr: 6.151e-05, eta: 0:10:45, time: 0.359, data_time: 0.000, memory: 4764, top1_acc: 1.0000, top5_acc: 1.0000, loss_cls: 0.0010, loss: 0.0010, grad_norm: 0.0620
2023-02-24 11:32:25,615 - pyskl - INFO - Epoch [19][160/265]	lr: 5.990e-05, eta: 0:10:36, time: 0.357, data_time: 0.000, memory: 4764, top1_acc: 1.0000, top5_acc: 1.0000, loss_cls: 0.0004, loss: 0.0004, grad_norm: 0.0159
2023-02-24 11:32:32,820 - pyskl - INFO - Epoch [19][180/265]	lr: 5.830e-05, eta: 0:10:26, time: 0.360, data_time: 0.000, memory: 4764, top1_acc: 1.0000, top5_acc: 1.0000, loss_cls: 0.0004, loss: 0.0004, grad_norm: 0.0158
2023-02-24 11:32:40,049 - pyskl - INFO - Epoch [19][200/265]	lr: 5.673e-05, eta: 0:10:17, time: 0.361, data_time: 0.000, memory: 4764, top1_acc: 1.0000, top5_acc: 1.0000, loss_cls: 0.0005, loss: 0.0005, grad_norm: 0.0258
2023-02-24 11:32:47,281 - pyskl - INFO - Epoch [19][220/265]	lr: 5.517e-05, eta: 0:10:08, time: 0.361, data_time: 0.000, memory: 4764, top1_acc: 1.0000, top5_acc: 1.0000, loss_cls: 0.0012, loss: 0.0012, grad_norm: 0.0930
2023-02-24 11:32:54,390 - pyskl - INFO - Epoch [19][240/265]	lr: 5.363e-05, eta: 0:09:58, time: 0.356, data_time: 0.001, memory: 4764, top1_acc: 1.0000, top5_acc: 1.0000, loss_cls: 0.0002, loss: 0.0002, grad_norm: 0.0073
2023-02-24 11:33:01,576 - pyskl - INFO - Epoch [19][260/265]	lr: 5.211e-05, eta: 0:09:49, time: 0.359, data_time: 0.000, memory: 4764, top1_acc: 1.0000, top5_acc: 1.0000, loss_cls: 0.0006, loss: 0.0006, grad_norm: 0.0306
2023-02-24 11:33:23,865 - pyskl - INFO - Evaluating top_k_accuracy ...
2023-02-24 11:33:23,866 - pyskl - INFO - 
top1_acc	0.6724
top5_acc	0.9914
2023-02-24 11:33:23,866 - pyskl - INFO - Evaluating mean_class_accuracy ...
2023-02-24 11:33:23,867 - pyskl - INFO - 
mean_acc	0.7073
2023-02-24 11:33:23,867 - pyskl - INFO - Epoch(val) [19][4]	top1_acc: 0.6724, top5_acc: 0.9914, mean_class_accuracy: 0.7073
2023-02-24 11:33:56,065 - pyskl - INFO - Epoch [20][20/265]	lr: 5.024e-05, eta: 0:09:43, time: 1.610, data_time: 1.248, memory: 4764, top1_acc: 1.0000, top5_acc: 1.0000, loss_cls: 0.0005, loss: 0.0005, grad_norm: 0.0258
2023-02-24 11:34:03,214 - pyskl - INFO - Epoch [20][40/265]	lr: 4.877e-05, eta: 0:09:34, time: 0.357, data_time: 0.000, memory: 4764, top1_acc: 1.0000, top5_acc: 1.0000, loss_cls: 0.0011, loss: 0.0011, grad_norm: 0.0523
2023-02-24 11:34:10,369 - pyskl - INFO - Epoch [20][60/265]	lr: 4.731e-05, eta: 0:09:25, time: 0.358, data_time: 0.001, memory: 4764, top1_acc: 1.0000, top5_acc: 1.0000, loss_cls: 0.0003, loss: 0.0003, grad_norm: 0.0109
2023-02-24 11:34:17,566 - pyskl - INFO - Epoch [20][80/265]	lr: 4.588e-05, eta: 0:09:15, time: 0.360, data_time: 0.001, memory: 4764, top1_acc: 1.0000, top5_acc: 1.0000, loss_cls: 0.0005, loss: 0.0005, grad_norm: 0.0204
2023-02-24 11:34:24,780 - pyskl - INFO - Epoch [20][100/265]	lr: 4.446e-05, eta: 0:09:06, time: 0.361, data_time: 0.001, memory: 4764, top1_acc: 1.0000, top5_acc: 1.0000, loss_cls: 0.0002, loss: 0.0002, grad_norm: 0.0078
2023-02-24 11:34:32,001 - pyskl - INFO - Epoch [20][120/265]	lr: 4.306e-05, eta: 0:08:57, time: 0.361, data_time: 0.001, memory: 4764, top1_acc: 1.0000, top5_acc: 1.0000, loss_cls: 0.0004, loss: 0.0004, grad_norm: 0.0177
2023-02-24 11:34:39,192 - pyskl - INFO - Epoch [20][140/265]	lr: 4.169e-05, eta: 0:08:47, time: 0.359, data_time: 0.000, memory: 4764, top1_acc: 1.0000, top5_acc: 1.0000, loss_cls: 0.0016, loss: 0.0016, grad_norm: 0.0874
2023-02-24 11:34:46,375 - pyskl - INFO - Epoch [20][160/265]	lr: 4.033e-05, eta: 0:08:38, time: 0.360, data_time: 0.001, memory: 4764, top1_acc: 1.0000, top5_acc: 1.0000, loss_cls: 0.0007, loss: 0.0007, grad_norm: 0.0314
2023-02-24 11:34:53,516 - pyskl - INFO - Epoch [20][180/265]	lr: 3.900e-05, eta: 0:08:29, time: 0.357, data_time: 0.000, memory: 4764, top1_acc: 0.9984, top5_acc: 1.0000, loss_cls: 0.0033, loss: 0.0033, grad_norm: 0.1529
2023-02-24 11:35:00,615 - pyskl - INFO - Epoch [20][200/265]	lr: 3.768e-05, eta: 0:08:19, time: 0.355, data_time: 0.001, memory: 4764, top1_acc: 1.0000, top5_acc: 1.0000, loss_cls: 0.0005, loss: 0.0005, grad_norm: 0.0226
2023-02-24 11:35:07,797 - pyskl - INFO - Epoch [20][220/265]	lr: 3.639e-05, eta: 0:08:10, time: 0.359, data_time: 0.000, memory: 4764, top1_acc: 1.0000, top5_acc: 1.0000, loss_cls: 0.0004, loss: 0.0004, grad_norm: 0.0197
2023-02-24 11:35:15,015 - pyskl - INFO - Epoch [20][240/265]	lr: 3.512e-05, eta: 0:08:01, time: 0.361, data_time: 0.000, memory: 4764, top1_acc: 1.0000, top5_acc: 1.0000, loss_cls: 0.0005, loss: 0.0005, grad_norm: 0.0195
2023-02-24 11:35:22,207 - pyskl - INFO - Epoch [20][260/265]	lr: 3.387e-05, eta: 0:07:52, time: 0.360, data_time: 0.001, memory: 4764, top1_acc: 1.0000, top5_acc: 1.0000, loss_cls: 0.0003, loss: 0.0003, grad_norm: 0.0136
2023-02-24 11:35:44,836 - pyskl - INFO - Evaluating top_k_accuracy ...
2023-02-24 11:35:44,836 - pyskl - INFO - 
top1_acc	0.7069
top5_acc	1.0000
2023-02-24 11:35:44,836 - pyskl - INFO - Evaluating mean_class_accuracy ...
2023-02-24 11:35:44,837 - pyskl - INFO - 
mean_acc	0.7419
2023-02-24 11:35:44,837 - pyskl - INFO - Epoch(val) [20][4]	top1_acc: 0.7069, top5_acc: 1.0000, mean_class_accuracy: 0.7419
2023-02-24 11:36:17,112 - pyskl - INFO - Epoch [21][20/265]	lr: 3.233e-05, eta: 0:07:45, time: 1.613, data_time: 1.258, memory: 4764, top1_acc: 1.0000, top5_acc: 1.0000, loss_cls: 0.0006, loss: 0.0006, grad_norm: 0.0332
2023-02-24 11:36:24,315 - pyskl - INFO - Epoch [21][40/265]	lr: 3.113e-05, eta: 0:07:35, time: 0.360, data_time: 0.001, memory: 4764, top1_acc: 1.0000, top5_acc: 1.0000, loss_cls: 0.0008, loss: 0.0008, grad_norm: 0.0328
2023-02-24 11:36:31,427 - pyskl - INFO - Epoch [21][60/265]	lr: 2.994e-05, eta: 0:07:26, time: 0.355, data_time: 0.000, memory: 4764, top1_acc: 1.0000, top5_acc: 1.0000, loss_cls: 0.0006, loss: 0.0006, grad_norm: 0.0281
2023-02-24 11:36:38,522 - pyskl - INFO - Epoch [21][80/265]	lr: 2.878e-05, eta: 0:07:17, time: 0.355, data_time: 0.001, memory: 4764, top1_acc: 1.0000, top5_acc: 1.0000, loss_cls: 0.0006, loss: 0.0006, grad_norm: 0.0295
2023-02-24 11:36:45,675 - pyskl - INFO - Epoch [21][100/265]	lr: 2.764e-05, eta: 0:07:08, time: 0.358, data_time: 0.001, memory: 4764, top1_acc: 1.0000, top5_acc: 1.0000, loss_cls: 0.0004, loss: 0.0004, grad_norm: 0.0163
2023-02-24 11:36:52,821 - pyskl - INFO - Epoch [21][120/265]	lr: 2.652e-05, eta: 0:06:58, time: 0.357, data_time: 0.000, memory: 4764, top1_acc: 1.0000, top5_acc: 1.0000, loss_cls: 0.0006, loss: 0.0006, grad_norm: 0.0298
2023-02-24 11:37:00,034 - pyskl - INFO - Epoch [21][140/265]	lr: 2.543e-05, eta: 0:06:49, time: 0.360, data_time: 0.000, memory: 4764, top1_acc: 1.0000, top5_acc: 1.0000, loss_cls: 0.0016, loss: 0.0016, grad_norm: 0.1096
2023-02-24 11:37:07,223 - pyskl - INFO - Epoch [21][160/265]	lr: 2.435e-05, eta: 0:06:40, time: 0.360, data_time: 0.001, memory: 4764, top1_acc: 1.0000, top5_acc: 1.0000, loss_cls: 0.0008, loss: 0.0008, grad_norm: 0.0374
2023-02-24 11:37:14,434 - pyskl - INFO - Epoch [21][180/265]	lr: 2.330e-05, eta: 0:06:31, time: 0.360, data_time: 0.000, memory: 4764, top1_acc: 1.0000, top5_acc: 1.0000, loss_cls: 0.0010, loss: 0.0010, grad_norm: 0.0620
2023-02-24 11:37:21,649 - pyskl - INFO - Epoch [21][200/265]	lr: 2.227e-05, eta: 0:06:22, time: 0.361, data_time: 0.001, memory: 4764, top1_acc: 1.0000, top5_acc: 1.0000, loss_cls: 0.0015, loss: 0.0015, grad_norm: 0.0526
2023-02-24 11:37:28,824 - pyskl - INFO - Epoch [21][220/265]	lr: 2.126e-05, eta: 0:06:13, time: 0.359, data_time: 0.001, memory: 4764, top1_acc: 1.0000, top5_acc: 1.0000, loss_cls: 0.0005, loss: 0.0005, grad_norm: 0.0232
2023-02-24 11:37:36,030 - pyskl - INFO - Epoch [21][240/265]	lr: 2.028e-05, eta: 0:06:03, time: 0.361, data_time: 0.001, memory: 4764, top1_acc: 1.0000, top5_acc: 1.0000, loss_cls: 0.0011, loss: 0.0011, grad_norm: 0.0344
2023-02-24 11:37:43,189 - pyskl - INFO - Epoch [21][260/265]	lr: 1.931e-05, eta: 0:05:54, time: 0.358, data_time: 0.000, memory: 4764, top1_acc: 1.0000, top5_acc: 1.0000, loss_cls: 0.0003, loss: 0.0003, grad_norm: 0.0132
2023-02-24 11:38:05,504 - pyskl - INFO - Evaluating top_k_accuracy ...
2023-02-24 11:38:05,504 - pyskl - INFO - 
top1_acc	0.7241
top5_acc	1.0000
2023-02-24 11:38:05,504 - pyskl - INFO - Evaluating mean_class_accuracy ...
2023-02-24 11:38:05,505 - pyskl - INFO - 
mean_acc	0.7499
2023-02-24 11:38:05,505 - pyskl - INFO - Epoch(val) [21][4]	top1_acc: 0.7241, top5_acc: 1.0000, mean_class_accuracy: 0.7499
2023-02-24 11:38:37,337 - pyskl - INFO - Epoch [22][20/265]	lr: 1.814e-05, eta: 0:05:46, time: 1.591, data_time: 1.212, memory: 4764, top1_acc: 0.9984, top5_acc: 1.0000, loss_cls: 0.0032, loss: 0.0032, grad_norm: 0.1119
2023-02-24 11:38:44,481 - pyskl - INFO - Epoch [22][40/265]	lr: 1.723e-05, eta: 0:05:37, time: 0.357, data_time: 0.001, memory: 4764, top1_acc: 1.0000, top5_acc: 1.0000, loss_cls: 0.0007, loss: 0.0007, grad_norm: 0.0330
2023-02-24 11:38:51,625 - pyskl - INFO - Epoch [22][60/265]	lr: 1.634e-05, eta: 0:05:28, time: 0.358, data_time: 0.001, memory: 4764, top1_acc: 1.0000, top5_acc: 1.0000, loss_cls: 0.0004, loss: 0.0004, grad_norm: 0.0190
2023-02-24 11:38:58,794 - pyskl - INFO - Epoch [22][80/265]	lr: 1.547e-05, eta: 0:05:19, time: 0.358, data_time: 0.000, memory: 4764, top1_acc: 1.0000, top5_acc: 1.0000, loss_cls: 0.0013, loss: 0.0013, grad_norm: 0.0720
2023-02-24 11:39:05,992 - pyskl - INFO - Epoch [22][100/265]	lr: 1.463e-05, eta: 0:05:09, time: 0.360, data_time: 0.001, memory: 4764, top1_acc: 1.0000, top5_acc: 1.0000, loss_cls: 0.0014, loss: 0.0014, grad_norm: 0.0947
2023-02-24 11:39:13,170 - pyskl - INFO - Epoch [22][120/265]	lr: 1.381e-05, eta: 0:05:00, time: 0.359, data_time: 0.001, memory: 4764, top1_acc: 1.0000, top5_acc: 1.0000, loss_cls: 0.0003, loss: 0.0003, grad_norm: 0.0118
2023-02-24 11:39:20,351 - pyskl - INFO - Epoch [22][140/265]	lr: 1.301e-05, eta: 0:04:51, time: 0.359, data_time: 0.000, memory: 4764, top1_acc: 1.0000, top5_acc: 1.0000, loss_cls: 0.0006, loss: 0.0006, grad_norm: 0.0249
2023-02-24 11:39:27,567 - pyskl - INFO - Epoch [22][160/265]	lr: 1.224e-05, eta: 0:04:42, time: 0.361, data_time: 0.000, memory: 4764, top1_acc: 1.0000, top5_acc: 1.0000, loss_cls: 0.0004, loss: 0.0004, grad_norm: 0.0219
2023-02-24 11:39:34,680 - pyskl - INFO - Epoch [22][180/265]	lr: 1.148e-05, eta: 0:04:33, time: 0.356, data_time: 0.000, memory: 4764, top1_acc: 1.0000, top5_acc: 1.0000, loss_cls: 0.0008, loss: 0.0008, grad_norm: 0.0403
2023-02-24 11:39:41,848 - pyskl - INFO - Epoch [22][200/265]	lr: 1.076e-05, eta: 0:04:24, time: 0.358, data_time: 0.000, memory: 4764, top1_acc: 1.0000, top5_acc: 1.0000, loss_cls: 0.0003, loss: 0.0003, grad_norm: 0.0116
2023-02-24 11:39:48,973 - pyskl - INFO - Epoch [22][220/265]	lr: 1.005e-05, eta: 0:04:15, time: 0.357, data_time: 0.001, memory: 4764, top1_acc: 1.0000, top5_acc: 1.0000, loss_cls: 0.0002, loss: 0.0002, grad_norm: 0.0078
2023-02-24 11:39:56,143 - pyskl - INFO - Epoch [22][240/265]	lr: 9.369e-06, eta: 0:04:06, time: 0.358, data_time: 0.000, memory: 4764, top1_acc: 1.0000, top5_acc: 1.0000, loss_cls: 0.0004, loss: 0.0004, grad_norm: 0.0285
2023-02-24 11:40:03,325 - pyskl - INFO - Epoch [22][260/265]	lr: 8.711e-06, eta: 0:03:57, time: 0.359, data_time: 0.001, memory: 4764, top1_acc: 1.0000, top5_acc: 1.0000, loss_cls: 0.0004, loss: 0.0004, grad_norm: 0.0174
2023-02-24 11:40:25,998 - pyskl - INFO - Evaluating top_k_accuracy ...
2023-02-24 11:40:26,000 - pyskl - INFO - 
top1_acc	0.7241
top5_acc	1.0000
2023-02-24 11:40:26,000 - pyskl - INFO - Evaluating mean_class_accuracy ...
2023-02-24 11:40:26,001 - pyskl - INFO - 
mean_acc	0.7484
2023-02-24 11:40:26,002 - pyskl - INFO - Epoch(val) [22][4]	top1_acc: 0.7241, top5_acc: 1.0000, mean_class_accuracy: 0.7484
2023-02-24 11:40:57,503 - pyskl - INFO - Epoch [23][20/265]	lr: 7.922e-06, eta: 0:03:48, time: 1.575, data_time: 1.216, memory: 4764, top1_acc: 1.0000, top5_acc: 1.0000, loss_cls: 0.0008, loss: 0.0008, grad_norm: 0.0584
2023-02-24 11:41:04,680 - pyskl - INFO - Epoch [23][40/265]	lr: 7.317e-06, eta: 0:03:38, time: 0.359, data_time: 0.001, memory: 4764, top1_acc: 1.0000, top5_acc: 1.0000, loss_cls: 0.0004, loss: 0.0004, grad_norm: 0.0164
2023-02-24 11:41:11,815 - pyskl - INFO - Epoch [23][60/265]	lr: 6.736e-06, eta: 0:03:29, time: 0.357, data_time: 0.000, memory: 4764, top1_acc: 1.0000, top5_acc: 1.0000, loss_cls: 0.0005, loss: 0.0005, grad_norm: 0.0218
2023-02-24 11:41:18,964 - pyskl - INFO - Epoch [23][80/265]	lr: 6.178e-06, eta: 0:03:20, time: 0.358, data_time: 0.001, memory: 4764, top1_acc: 1.0000, top5_acc: 1.0000, loss_cls: 0.0003, loss: 0.0003, grad_norm: 0.0129
2023-02-24 11:41:26,149 - pyskl - INFO - Epoch [23][100/265]	lr: 5.644e-06, eta: 0:03:11, time: 0.359, data_time: 0.000, memory: 4764, top1_acc: 1.0000, top5_acc: 1.0000, loss_cls: 0.0004, loss: 0.0004, grad_norm: 0.0188
2023-02-24 11:41:33,356 - pyskl - INFO - Epoch [23][120/265]	lr: 5.134e-06, eta: 0:03:02, time: 0.360, data_time: 0.000, memory: 4764, top1_acc: 1.0000, top5_acc: 1.0000, loss_cls: 0.0003, loss: 0.0003, grad_norm: 0.0094
2023-02-24 11:41:40,519 - pyskl - INFO - Epoch [23][140/265]	lr: 4.648e-06, eta: 0:02:53, time: 0.358, data_time: 0.000, memory: 4764, top1_acc: 1.0000, top5_acc: 1.0000, loss_cls: 0.0004, loss: 0.0004, grad_norm: 0.0227
2023-02-24 11:41:47,597 - pyskl - INFO - Epoch [23][160/265]	lr: 4.186e-06, eta: 0:02:44, time: 0.354, data_time: 0.000, memory: 4764, top1_acc: 1.0000, top5_acc: 1.0000, loss_cls: 0.0004, loss: 0.0004, grad_norm: 0.0129
2023-02-24 11:41:54,780 - pyskl - INFO - Epoch [23][180/265]	lr: 3.748e-06, eta: 0:02:35, time: 0.359, data_time: 0.001, memory: 4764, top1_acc: 1.0000, top5_acc: 1.0000, loss_cls: 0.0005, loss: 0.0005, grad_norm: 0.0180
2023-02-24 11:42:01,956 - pyskl - INFO - Epoch [23][200/265]	lr: 3.334e-06, eta: 0:02:26, time: 0.359, data_time: 0.001, memory: 4764, top1_acc: 1.0000, top5_acc: 1.0000, loss_cls: 0.0003, loss: 0.0003, grad_norm: 0.0102
2023-02-24 11:42:09,119 - pyskl - INFO - Epoch [23][220/265]	lr: 2.944e-06, eta: 0:02:17, time: 0.358, data_time: 0.001, memory: 4764, top1_acc: 1.0000, top5_acc: 1.0000, loss_cls: 0.0003, loss: 0.0003, grad_norm: 0.0149
2023-02-24 11:42:16,315 - pyskl - INFO - Epoch [23][240/265]	lr: 2.578e-06, eta: 0:02:08, time: 0.360, data_time: 0.001, memory: 4764, top1_acc: 1.0000, top5_acc: 1.0000, loss_cls: 0.0005, loss: 0.0005, grad_norm: 0.0236
2023-02-24 11:42:23,492 - pyskl - INFO - Epoch [23][260/265]	lr: 2.237e-06, eta: 0:01:59, time: 0.359, data_time: 0.001, memory: 4764, top1_acc: 1.0000, top5_acc: 1.0000, loss_cls: 0.0002, loss: 0.0002, grad_norm: 0.0071
2023-02-24 11:42:45,719 - pyskl - INFO - Evaluating top_k_accuracy ...
2023-02-24 11:42:45,719 - pyskl - INFO - 
top1_acc	0.7069
top5_acc	1.0000
2023-02-24 11:42:45,719 - pyskl - INFO - Evaluating mean_class_accuracy ...
2023-02-24 11:42:45,719 - pyskl - INFO - 
mean_acc	0.7362
2023-02-24 11:42:45,720 - pyskl - INFO - Epoch(val) [23][4]	top1_acc: 0.7069, top5_acc: 1.0000, mean_class_accuracy: 0.7362
2023-02-24 11:43:17,234 - pyskl - INFO - Epoch [24][20/265]	lr: 1.843e-06, eta: 0:01:49, time: 1.575, data_time: 1.215, memory: 4764, top1_acc: 1.0000, top5_acc: 1.0000, loss_cls: 0.0003, loss: 0.0003, grad_norm: 0.0085
2023-02-24 11:43:24,339 - pyskl - INFO - Epoch [24][40/265]	lr: 1.556e-06, eta: 0:01:40, time: 0.355, data_time: 0.000, memory: 4764, top1_acc: 1.0000, top5_acc: 1.0000, loss_cls: 0.0008, loss: 0.0008, grad_norm: 0.0365
2023-02-24 11:43:31,476 - pyskl - INFO - Epoch [24][60/265]	lr: 1.293e-06, eta: 0:01:31, time: 0.357, data_time: 0.000, memory: 4764, top1_acc: 1.0000, top5_acc: 1.0000, loss_cls: 0.0010, loss: 0.0010, grad_norm: 0.0469
2023-02-24 11:43:38,676 - pyskl - INFO - Epoch [24][80/265]	lr: 1.054e-06, eta: 0:01:22, time: 0.360, data_time: 0.000, memory: 4764, top1_acc: 1.0000, top5_acc: 1.0000, loss_cls: 0.0006, loss: 0.0006, grad_norm: 0.0354
2023-02-24 11:43:45,740 - pyskl - INFO - Epoch [24][100/265]	lr: 8.400e-07, eta: 0:01:13, time: 0.353, data_time: 0.000, memory: 4764, top1_acc: 1.0000, top5_acc: 1.0000, loss_cls: 0.0009, loss: 0.0009, grad_norm: 0.0452
2023-02-24 11:43:52,890 - pyskl - INFO - Epoch [24][120/265]	lr: 6.498e-07, eta: 0:01:04, time: 0.357, data_time: 0.000, memory: 4764, top1_acc: 1.0000, top5_acc: 1.0000, loss_cls: 0.0012, loss: 0.0012, grad_norm: 0.0625
2023-02-24 11:44:00,088 - pyskl - INFO - Epoch [24][140/265]	lr: 4.841e-07, eta: 0:00:55, time: 0.360, data_time: 0.001, memory: 4764, top1_acc: 1.0000, top5_acc: 1.0000, loss_cls: 0.0003, loss: 0.0003, grad_norm: 0.0112
2023-02-24 11:44:07,300 - pyskl - INFO - Epoch [24][160/265]	lr: 3.426e-07, eta: 0:00:46, time: 0.361, data_time: 0.001, memory: 4764, top1_acc: 1.0000, top5_acc: 1.0000, loss_cls: 0.0007, loss: 0.0007, grad_norm: 0.0363
2023-02-24 11:44:14,458 - pyskl - INFO - Epoch [24][180/265]	lr: 2.255e-07, eta: 0:00:37, time: 0.358, data_time: 0.000, memory: 4764, top1_acc: 1.0000, top5_acc: 1.0000, loss_cls: 0.0004, loss: 0.0004, grad_norm: 0.0198
2023-02-24 11:44:21,618 - pyskl - INFO - Epoch [24][200/265]	lr: 1.328e-07, eta: 0:00:28, time: 0.358, data_time: 0.000, memory: 4764, top1_acc: 1.0000, top5_acc: 1.0000, loss_cls: 0.0011, loss: 0.0011, grad_norm: 0.0576
2023-02-24 11:44:28,884 - pyskl - INFO - Epoch [24][220/265]	lr: 6.453e-08, eta: 0:00:19, time: 0.363, data_time: 0.000, memory: 4764, top1_acc: 1.0000, top5_acc: 1.0000, loss_cls: 0.0005, loss: 0.0005, grad_norm: 0.0236
2023-02-24 11:44:36,043 - pyskl - INFO - Epoch [24][240/265]	lr: 2.062e-08, eta: 0:00:11, time: 0.358, data_time: 0.001, memory: 4764, top1_acc: 1.0000, top5_acc: 1.0000, loss_cls: 0.0004, loss: 0.0004, grad_norm: 0.0165
2023-02-24 11:44:43,232 - pyskl - INFO - Epoch [24][260/265]	lr: 1.098e-09, eta: 0:00:02, time: 0.359, data_time: 0.000, memory: 4764, top1_acc: 1.0000, top5_acc: 1.0000, loss_cls: 0.0037, loss: 0.0037, grad_norm: 0.1875
2023-02-24 11:44:45,726 - pyskl - INFO - Saving checkpoint at 24 epochs
2023-02-24 11:45:05,409 - pyskl - INFO - Evaluating top_k_accuracy ...
2023-02-24 11:45:05,410 - pyskl - INFO - 
top1_acc	0.6810
top5_acc	1.0000
2023-02-24 11:45:05,410 - pyskl - INFO - Evaluating mean_class_accuracy ...
2023-02-24 11:45:05,411 - pyskl - INFO - 
mean_acc	0.7127
2023-02-24 11:45:05,411 - pyskl - INFO - Epoch(val) [24][4]	top1_acc: 0.6810, top5_acc: 1.0000, mean_class_accuracy: 0.7127
