2023-02-23 15:21:55,833 - pyskl - INFO - Environment info:
------------------------------------------------------------
sys.platform: linux
Python: 3.8.16 (default, Jan 17 2023, 23:13:24) [GCC 11.2.0]
CUDA available: True
GPU 0,1,2,3: NVIDIA GeForce RTX 3090
CUDA_HOME: /usr/local/cuda
NVCC: Cuda compilation tools, release 11.6, V11.6.55
GCC: gcc (Ubuntu 7.5.0-6ubuntu2) 7.5.0
PyTorch: 1.10.1
PyTorch compiling details: PyTorch built with:
  - GCC 7.3
  - C++ Version: 201402
  - Intel(R) oneAPI Math Kernel Library Version 2021.4-Product Build 20210904 for Intel(R) 64 architecture applications
  - Intel(R) MKL-DNN v2.2.3 (Git Hash 7336ca9f055cf1bfa13efb658fe15dc9b41f0740)
  - OpenMP 201511 (a.k.a. OpenMP 4.5)
  - LAPACK is enabled (usually provided by MKL)
  - NNPACK is enabled
  - CPU capability usage: AVX2
  - CUDA Runtime 11.3
  - NVCC architecture flags: -gencode;arch=compute_37,code=sm_37;-gencode;arch=compute_50,code=sm_50;-gencode;arch=compute_60,code=sm_60;-gencode;arch=compute_61,code=sm_61;-gencode;arch=compute_70,code=sm_70;-gencode;arch=compute_75,code=sm_75;-gencode;arch=compute_80,code=sm_80;-gencode;arch=compute_86,code=sm_86;-gencode;arch=compute_37,code=compute_37
  - CuDNN 8.2
  - Magma 2.5.2
  - Build settings: BLAS_INFO=mkl, BUILD_TYPE=Release, CUDA_VERSION=11.3, CUDNN_VERSION=8.2.0, CXX_COMPILER=/opt/rh/devtoolset-7/root/usr/bin/c++, CXX_FLAGS= -Wno-deprecated -fvisibility-inlines-hidden -DUSE_PTHREADPOOL -fopenmp -DNDEBUG -DUSE_KINETO -DUSE_FBGEMM -DUSE_QNNPACK -DUSE_PYTORCH_QNNPACK -DUSE_XNNPACK -DSYMBOLICATE_MOBILE_DEBUG_HANDLE -DEDGE_PROFILER_USE_KINETO -O2 -fPIC -Wno-narrowing -Wall -Wextra -Werror=return-type -Wno-missing-field-initializers -Wno-type-limits -Wno-array-bounds -Wno-unknown-pragmas -Wno-sign-compare -Wno-unused-parameter -Wno-unused-variable -Wno-unused-function -Wno-unused-result -Wno-unused-local-typedefs -Wno-strict-overflow -Wno-strict-aliasing -Wno-error=deprecated-declarations -Wno-stringop-overflow -Wno-psabi -Wno-error=pedantic -Wno-error=redundant-decls -Wno-error=old-style-cast -fdiagnostics-color=always -faligned-new -Wno-unused-but-set-variable -Wno-maybe-uninitialized -fno-math-errno -fno-trapping-math -Werror=format -Wno-stringop-overflow, LAPACK_INFO=mkl, PERF_WITH_AVX=1, PERF_WITH_AVX2=1, PERF_WITH_AVX512=1, TORCH_VERSION=1.10.1, USE_CUDA=ON, USE_CUDNN=ON, USE_EXCEPTION_PTR=1, USE_GFLAGS=OFF, USE_GLOG=OFF, USE_MKL=ON, USE_MKLDNN=ON, USE_MPI=OFF, USE_NCCL=ON, USE_NNPACK=ON, USE_OPENMP=ON, 

TorchVision: 0.11.2
OpenCV: 4.7.0
MMCV: 1.6.2
MMCV Compiler: GCC 9.3
MMCV CUDA Compiler: 11.3
pyskl: 0.1.0+HEAD
------------------------------------------------------------

2023-02-23 15:21:57,078 - pyskl - INFO - Config: model = dict(
    type='Recognizer3D',
    backbone=dict(
        type='ResNet3dSlowOnly',
        in_channels=5,
        base_channels=32,
        num_stages=3,
        out_indices=(2, ),
        stage_blocks=(4, 6, 3),
        conv1_stride=(1, 1),
        pool1_stride=(1, 1),
        inflate=(0, 1, 1),
        spatial_strides=(2, 2, 2),
        temporal_strides=(1, 1, 2)),
    cls_head=dict(
        type='I3DHead', in_channels=512, num_classes=10, dropout=0.5),
    test_cfg=dict(average_clips='prob'))
dataset_type = 'PoseDataset'
ann_file = 'data/ds_taichi/test9wswr.pkl'
left_kp = [
    5, 6, 7, 8, 44, 45, 46, 47, 48, 49, 50, 51, 52, 53, 54, 55, 56, 57, 58, 59,
    60, 61, 62, 63, 64, 65, 66, 67, 68, 69, 70, 71
]
right_kp = [
    1, 2, 3, 4, 16, 17, 18, 19, 20, 21, 22, 23, 24, 25, 26, 27, 28, 29, 30, 31,
    32, 33, 34, 35, 36, 37, 38, 39, 40, 41, 42, 43
]
train_pipeline = [
    dict(type='UniformSampleFrames', clip_len=48),
    dict(type='PoseDecode'),
    dict(type='PoseCompact', hw_ratio=1.0, allow_imgpad=True),
    dict(type='Resize', scale=(-1, 64)),
    dict(type='RandomResizedCrop', area_range=(0.56, 1.0)),
    dict(type='Resize', scale=(56, 56), keep_ratio=False),
    dict(
        type='Flip',
        flip_ratio=0.5,
        left_kp=[
            5, 6, 7, 8, 44, 45, 46, 47, 48, 49, 50, 51, 52, 53, 54, 55, 56, 57,
            58, 59, 60, 61, 62, 63, 64, 65, 66, 67, 68, 69, 70, 71
        ],
        right_kp=[
            1, 2, 3, 4, 16, 17, 18, 19, 20, 21, 22, 23, 24, 25, 26, 27, 28, 29,
            30, 31, 32, 33, 34, 35, 36, 37, 38, 39, 40, 41, 42, 43
        ]),
    dict(type='GenerateTaiChiPoseTarget', with_kp=True, with_limb=False),
    dict(type='FormatShape', input_format='NCTHW_Heatmap'),
    dict(type='Collect', keys=['imgs', 'label'], meta_keys=[]),
    dict(type='ToTensor', keys=['imgs', 'label'])
]
val_pipeline = [
    dict(type='UniformSampleFrames', clip_len=48, num_clips=1),
    dict(type='PoseDecode'),
    dict(type='PoseCompact', hw_ratio=1.0, allow_imgpad=True),
    dict(type='Resize', scale=(64, 64), keep_ratio=False),
    dict(type='GenerateTaiChiPoseTarget', with_kp=True, with_limb=False),
    dict(type='FormatShape', input_format='NCTHW_Heatmap'),
    dict(type='Collect', keys=['imgs', 'label'], meta_keys=[]),
    dict(type='ToTensor', keys=['imgs'])
]
test_pipeline = [
    dict(type='UniformSampleFrames', clip_len=48, num_clips=10),
    dict(type='PoseDecode'),
    dict(type='PoseCompact', hw_ratio=1.0, allow_imgpad=True),
    dict(type='Resize', scale=(64, 64), keep_ratio=False),
    dict(
        type='GenerateTaiChiPoseTarget',
        with_kp=True,
        with_limb=False,
        double=True),
    dict(type='FormatShape', input_format='NCTHW_Heatmap'),
    dict(type='Collect', keys=['imgs', 'label'], meta_keys=[]),
    dict(type='ToTensor', keys=['imgs'])
]
data = dict(
    videos_per_gpu=8,
    workers_per_gpu=4,
    test_dataloader=dict(videos_per_gpu=6),
    train=dict(
        type='RepeatDataset',
        times=30,
        dataset=dict(
            type='PoseDataset',
            ann_file='data/ds_taichi/test9wswr.pkl',
            split='train',
            pipeline=[
                dict(type='UniformSampleFrames', clip_len=48),
                dict(type='PoseDecode'),
                dict(type='PoseCompact', hw_ratio=1.0, allow_imgpad=True),
                dict(type='Resize', scale=(-1, 64)),
                dict(type='RandomResizedCrop', area_range=(0.56, 1.0)),
                dict(type='Resize', scale=(56, 56), keep_ratio=False),
                dict(
                    type='Flip',
                    flip_ratio=0.5,
                    left_kp=[
                        5, 6, 7, 8, 44, 45, 46, 47, 48, 49, 50, 51, 52, 53, 54,
                        55, 56, 57, 58, 59, 60, 61, 62, 63, 64, 65, 66, 67, 68,
                        69, 70, 71
                    ],
                    right_kp=[
                        1, 2, 3, 4, 16, 17, 18, 19, 20, 21, 22, 23, 24, 25, 26,
                        27, 28, 29, 30, 31, 32, 33, 34, 35, 36, 37, 38, 39, 40,
                        41, 42, 43
                    ]),
                dict(
                    type='GenerateTaiChiPoseTarget',
                    with_kp=True,
                    with_limb=False),
                dict(type='FormatShape', input_format='NCTHW_Heatmap'),
                dict(type='Collect', keys=['imgs', 'label'], meta_keys=[]),
                dict(type='ToTensor', keys=['imgs', 'label'])
            ])),
    val=dict(
        type='PoseDataset',
        ann_file='data/ds_taichi/test9wswr.pkl',
        split='test',
        pipeline=[
            dict(type='UniformSampleFrames', clip_len=48, num_clips=1),
            dict(type='PoseDecode'),
            dict(type='PoseCompact', hw_ratio=1.0, allow_imgpad=True),
            dict(type='Resize', scale=(64, 64), keep_ratio=False),
            dict(
                type='GenerateTaiChiPoseTarget', with_kp=True,
                with_limb=False),
            dict(type='FormatShape', input_format='NCTHW_Heatmap'),
            dict(type='Collect', keys=['imgs', 'label'], meta_keys=[]),
            dict(type='ToTensor', keys=['imgs'])
        ]),
    test=dict(
        type='PoseDataset',
        ann_file='data/ds_taichi/test9wswr.pkl',
        split='test',
        pipeline=[
            dict(type='UniformSampleFrames', clip_len=48, num_clips=10),
            dict(type='PoseDecode'),
            dict(type='PoseCompact', hw_ratio=1.0, allow_imgpad=True),
            dict(type='Resize', scale=(64, 64), keep_ratio=False),
            dict(
                type='GenerateTaiChiPoseTarget',
                with_kp=True,
                with_limb=False,
                double=True),
            dict(type='FormatShape', input_format='NCTHW_Heatmap'),
            dict(type='Collect', keys=['imgs', 'label'], meta_keys=[]),
            dict(type='ToTensor', keys=['imgs'])
        ]))
optimizer = dict(type='SGD', lr=0.01, momentum=0.9, weight_decay=0.0003)
optimizer_config = dict(grad_clip=dict(max_norm=40, norm_type=2))
lr_config = dict(policy='CosineAnnealing', by_epoch=False, min_lr=0)
total_epochs = 24
checkpoint_config = dict(interval=24)
evaluation = dict(
    interval=1, metrics=['top_k_accuracy', 'mean_class_accuracy'], topk=(1, 5))
log_config = dict(interval=20, hooks=[dict(type='TextLoggerHook')])
log_level = 'INFO'
output_config = dict(
    out='./model_pth/exp6/t9wswr_wfwc_ft/test_result/results.pkl')
eval_config = dict(
    metric_out='./model_pth/exp6/t9wswr_wfwc_ft/test_result',
    eval=[
        'top_k_accuracy', 'mean_class_accuracy', 'confusion_matrix',
        't_sne_vis'
    ])
work_dir = './model_pth/exp6/t9wswr_wfwc_ft'
load_from = './model_pth/ntu120xsub_5parts_kp/best_top1_acc_epoch_23.pth'
find_unused_parameters = True
dist_params = dict(backend='nccl')
gpu_ids = range(0, 4)

2023-02-23 15:21:57,078 - pyskl - INFO - Set random seed to 42, deterministic: True
2023-02-23 15:21:57,718 - pyskl - INFO - 20 videos remain after valid thresholding
2023-02-23 15:22:03,110 - pyskl - INFO - 180 videos remain after valid thresholding
2023-02-23 15:22:03,112 - pyskl - INFO - load checkpoint from local path: ./model_pth/ntu120xsub_5parts_kp/best_top1_acc_epoch_23.pth
2023-02-23 15:22:03,135 - pyskl - WARNING - The model and loaded state dict do not match exactly

size mismatch for cls_head.fc_cls.weight: copying a param with shape torch.Size([120, 512]) from checkpoint, the shape in current model is torch.Size([10, 512]).
size mismatch for cls_head.fc_cls.bias: copying a param with shape torch.Size([120]) from checkpoint, the shape in current model is torch.Size([10]).
2023-02-23 15:22:03,135 - pyskl - INFO - Start running, host: yl@83090-jin, work_dir: /home/yl/sscls/model_pth/exp6/t9wswr_wfwc_ft
2023-02-23 15:22:03,136 - pyskl - INFO - Hooks will be executed in the following order:
before_run:
(VERY_HIGH   ) CosineAnnealingLrUpdaterHook       
(NORMAL      ) CheckpointHook                     
(NORMAL      ) DistEvalHook                       
(VERY_LOW    ) TextLoggerHook                     
 -------------------- 
before_train_epoch:
(VERY_HIGH   ) CosineAnnealingLrUpdaterHook       
(NORMAL      ) DistSamplerSeedHook                
(NORMAL      ) DistEvalHook                       
(LOW         ) IterTimerHook                      
(VERY_LOW    ) TextLoggerHook                     
 -------------------- 
before_train_iter:
(VERY_HIGH   ) CosineAnnealingLrUpdaterHook       
(NORMAL      ) DistEvalHook                       
(LOW         ) IterTimerHook                      
 -------------------- 
after_train_iter:
(ABOVE_NORMAL) OptimizerHook                      
(NORMAL      ) CheckpointHook                     
(NORMAL      ) DistEvalHook                       
(LOW         ) IterTimerHook                      
(VERY_LOW    ) TextLoggerHook                     
 -------------------- 
after_train_epoch:
(NORMAL      ) CheckpointHook                     
(NORMAL      ) DistEvalHook                       
(VERY_LOW    ) TextLoggerHook                     
 -------------------- 
before_val_epoch:
(NORMAL      ) DistSamplerSeedHook                
(LOW         ) IterTimerHook                      
(VERY_LOW    ) TextLoggerHook                     
 -------------------- 
before_val_iter:
(LOW         ) IterTimerHook                      
 -------------------- 
after_val_iter:
(LOW         ) IterTimerHook                      
 -------------------- 
after_val_epoch:
(VERY_LOW    ) TextLoggerHook                     
 -------------------- 
after_run:
(VERY_LOW    ) TextLoggerHook                     
 -------------------- 
2023-02-23 15:22:03,136 - pyskl - INFO - workflow: [('train', 1)], max: 24 epochs
2023-02-23 15:22:03,136 - pyskl - INFO - Checkpoints will be saved to /home/yl/sscls/model_pth/exp6/t9wswr_wfwc_ft by HardDiskBackend.
2023-02-23 15:22:38,999 - pyskl - INFO - Evaluating top_k_accuracy ...
2023-02-23 15:22:39,000 - pyskl - INFO - 
top1_acc	0.6333
top5_acc	0.9944
2023-02-23 15:22:39,000 - pyskl - INFO - Evaluating mean_class_accuracy ...
2023-02-23 15:22:39,001 - pyskl - INFO - 
mean_acc	0.6333
2023-02-23 15:22:39,043 - pyskl - INFO - Now best checkpoint is saved as best_top1_acc_epoch_1.pth.
2023-02-23 15:22:39,043 - pyskl - INFO - Best top1_acc is 0.6333 at 1 epoch.
2023-02-23 15:22:39,043 - pyskl - INFO - Epoch(val) [1][6]	top1_acc: 0.6333, top5_acc: 0.9944, mean_class_accuracy: 0.6333
2023-02-23 15:23:14,423 - pyskl - INFO - Evaluating top_k_accuracy ...
2023-02-23 15:23:14,424 - pyskl - INFO - 
top1_acc	0.8667
top5_acc	0.9556
2023-02-23 15:23:14,424 - pyskl - INFO - Evaluating mean_class_accuracy ...
2023-02-23 15:23:14,425 - pyskl - INFO - 
mean_acc	0.8667
2023-02-23 15:23:14,429 - pyskl - INFO - The previous best checkpoint /home/yl/sscls/model_pth/exp6/t9wswr_wfwc_ft/best_top1_acc_epoch_1.pth was removed
2023-02-23 15:23:14,473 - pyskl - INFO - Now best checkpoint is saved as best_top1_acc_epoch_2.pth.
2023-02-23 15:23:14,474 - pyskl - INFO - Best top1_acc is 0.8667 at 2 epoch.
2023-02-23 15:23:14,474 - pyskl - INFO - Epoch(val) [2][6]	top1_acc: 0.8667, top5_acc: 0.9556, mean_class_accuracy: 0.8667
2023-02-23 15:23:49,535 - pyskl - INFO - Evaluating top_k_accuracy ...
2023-02-23 15:23:49,536 - pyskl - INFO - 
top1_acc	0.8444
top5_acc	0.9444
2023-02-23 15:23:49,536 - pyskl - INFO - Evaluating mean_class_accuracy ...
2023-02-23 15:23:49,537 - pyskl - INFO - 
mean_acc	0.8444
2023-02-23 15:23:49,537 - pyskl - INFO - Epoch(val) [3][6]	top1_acc: 0.8444, top5_acc: 0.9444, mean_class_accuracy: 0.8444
2023-02-23 15:24:25,119 - pyskl - INFO - Evaluating top_k_accuracy ...
2023-02-23 15:24:25,120 - pyskl - INFO - 
top1_acc	0.9444
top5_acc	0.9611
2023-02-23 15:24:25,120 - pyskl - INFO - Evaluating mean_class_accuracy ...
2023-02-23 15:24:25,120 - pyskl - INFO - 
mean_acc	0.9444
2023-02-23 15:24:25,124 - pyskl - INFO - The previous best checkpoint /home/yl/sscls/model_pth/exp6/t9wswr_wfwc_ft/best_top1_acc_epoch_2.pth was removed
2023-02-23 15:24:25,167 - pyskl - INFO - Now best checkpoint is saved as best_top1_acc_epoch_4.pth.
2023-02-23 15:24:25,167 - pyskl - INFO - Best top1_acc is 0.9444 at 4 epoch.
2023-02-23 15:24:25,168 - pyskl - INFO - Epoch(val) [4][6]	top1_acc: 0.9444, top5_acc: 0.9611, mean_class_accuracy: 0.9444
2023-02-23 15:25:00,348 - pyskl - INFO - Evaluating top_k_accuracy ...
2023-02-23 15:25:00,349 - pyskl - INFO - 
top1_acc	0.9278
top5_acc	0.9833
2023-02-23 15:25:00,349 - pyskl - INFO - Evaluating mean_class_accuracy ...
2023-02-23 15:25:00,350 - pyskl - INFO - 
mean_acc	0.9278
2023-02-23 15:25:00,350 - pyskl - INFO - Epoch(val) [5][6]	top1_acc: 0.9278, top5_acc: 0.9833, mean_class_accuracy: 0.9278
2023-02-23 15:25:36,507 - pyskl - INFO - Evaluating top_k_accuracy ...
2023-02-23 15:25:36,508 - pyskl - INFO - 
top1_acc	0.9167
top5_acc	0.9778
2023-02-23 15:25:36,508 - pyskl - INFO - Evaluating mean_class_accuracy ...
2023-02-23 15:25:36,508 - pyskl - INFO - 
mean_acc	0.9167
2023-02-23 15:25:36,508 - pyskl - INFO - Epoch(val) [6][6]	top1_acc: 0.9167, top5_acc: 0.9778, mean_class_accuracy: 0.9167
2023-02-23 15:26:11,249 - pyskl - INFO - Evaluating top_k_accuracy ...
2023-02-23 15:26:11,249 - pyskl - INFO - 
top1_acc	0.8389
top5_acc	1.0000
2023-02-23 15:26:11,249 - pyskl - INFO - Evaluating mean_class_accuracy ...
2023-02-23 15:26:11,250 - pyskl - INFO - 
mean_acc	0.8389
2023-02-23 15:26:11,250 - pyskl - INFO - Epoch(val) [7][6]	top1_acc: 0.8389, top5_acc: 1.0000, mean_class_accuracy: 0.8389
2023-02-23 15:26:47,213 - pyskl - INFO - Evaluating top_k_accuracy ...
2023-02-23 15:26:47,214 - pyskl - INFO - 
top1_acc	0.9444
top5_acc	0.9833
2023-02-23 15:26:47,214 - pyskl - INFO - Evaluating mean_class_accuracy ...
2023-02-23 15:26:47,214 - pyskl - INFO - 
mean_acc	0.9444
2023-02-23 15:26:47,214 - pyskl - INFO - Epoch(val) [8][6]	top1_acc: 0.9444, top5_acc: 0.9833, mean_class_accuracy: 0.9444
2023-02-23 15:27:23,061 - pyskl - INFO - Evaluating top_k_accuracy ...
2023-02-23 15:27:23,061 - pyskl - INFO - 
top1_acc	0.9611
top5_acc	0.9889
2023-02-23 15:27:23,061 - pyskl - INFO - Evaluating mean_class_accuracy ...
2023-02-23 15:27:23,062 - pyskl - INFO - 
mean_acc	0.9611
2023-02-23 15:27:23,064 - pyskl - INFO - The previous best checkpoint /home/yl/sscls/model_pth/exp6/t9wswr_wfwc_ft/best_top1_acc_epoch_4.pth was removed
2023-02-23 15:27:23,119 - pyskl - INFO - Now best checkpoint is saved as best_top1_acc_epoch_9.pth.
2023-02-23 15:27:23,119 - pyskl - INFO - Best top1_acc is 0.9611 at 9 epoch.
2023-02-23 15:27:23,119 - pyskl - INFO - Epoch(val) [9][6]	top1_acc: 0.9611, top5_acc: 0.9889, mean_class_accuracy: 0.9611
2023-02-23 15:27:58,792 - pyskl - INFO - Evaluating top_k_accuracy ...
2023-02-23 15:27:58,792 - pyskl - INFO - 
top1_acc	0.9444
top5_acc	0.9500
2023-02-23 15:27:58,792 - pyskl - INFO - Evaluating mean_class_accuracy ...
2023-02-23 15:27:58,793 - pyskl - INFO - 
mean_acc	0.9444
2023-02-23 15:27:58,793 - pyskl - INFO - Epoch(val) [10][6]	top1_acc: 0.9444, top5_acc: 0.9500, mean_class_accuracy: 0.9444
2023-02-23 15:28:34,996 - pyskl - INFO - Evaluating top_k_accuracy ...
2023-02-23 15:28:34,997 - pyskl - INFO - 
top1_acc	0.9333
top5_acc	0.9833
2023-02-23 15:28:34,997 - pyskl - INFO - Evaluating mean_class_accuracy ...
2023-02-23 15:28:34,998 - pyskl - INFO - 
mean_acc	0.9333
2023-02-23 15:28:34,998 - pyskl - INFO - Epoch(val) [11][6]	top1_acc: 0.9333, top5_acc: 0.9833, mean_class_accuracy: 0.9333
2023-02-23 15:29:11,198 - pyskl - INFO - Evaluating top_k_accuracy ...
2023-02-23 15:29:11,198 - pyskl - INFO - 
top1_acc	0.9444
top5_acc	0.9833
2023-02-23 15:29:11,198 - pyskl - INFO - Evaluating mean_class_accuracy ...
2023-02-23 15:29:11,199 - pyskl - INFO - 
mean_acc	0.9444
2023-02-23 15:29:11,199 - pyskl - INFO - Epoch(val) [12][6]	top1_acc: 0.9444, top5_acc: 0.9833, mean_class_accuracy: 0.9444
2023-02-23 15:29:46,961 - pyskl - INFO - Evaluating top_k_accuracy ...
2023-02-23 15:29:46,962 - pyskl - INFO - 
top1_acc	0.9444
top5_acc	0.9833
2023-02-23 15:29:46,962 - pyskl - INFO - Evaluating mean_class_accuracy ...
2023-02-23 15:29:46,962 - pyskl - INFO - 
mean_acc	0.9444
2023-02-23 15:29:46,962 - pyskl - INFO - Epoch(val) [13][6]	top1_acc: 0.9444, top5_acc: 0.9833, mean_class_accuracy: 0.9444
2023-02-23 15:30:23,067 - pyskl - INFO - Evaluating top_k_accuracy ...
2023-02-23 15:30:23,068 - pyskl - INFO - 
top1_acc	0.9389
top5_acc	0.9944
2023-02-23 15:30:23,068 - pyskl - INFO - Evaluating mean_class_accuracy ...
2023-02-23 15:30:23,069 - pyskl - INFO - 
mean_acc	0.9389
2023-02-23 15:30:23,069 - pyskl - INFO - Epoch(val) [14][6]	top1_acc: 0.9389, top5_acc: 0.9944, mean_class_accuracy: 0.9389
2023-02-23 15:30:59,035 - pyskl - INFO - Evaluating top_k_accuracy ...
2023-02-23 15:30:59,035 - pyskl - INFO - 
top1_acc	0.9389
top5_acc	0.9778
2023-02-23 15:30:59,035 - pyskl - INFO - Evaluating mean_class_accuracy ...
2023-02-23 15:30:59,036 - pyskl - INFO - 
mean_acc	0.9389
2023-02-23 15:30:59,036 - pyskl - INFO - Epoch(val) [15][6]	top1_acc: 0.9389, top5_acc: 0.9778, mean_class_accuracy: 0.9389
2023-02-23 15:31:34,930 - pyskl - INFO - Evaluating top_k_accuracy ...
2023-02-23 15:31:34,931 - pyskl - INFO - 
top1_acc	0.9500
top5_acc	0.9889
2023-02-23 15:31:34,931 - pyskl - INFO - Evaluating mean_class_accuracy ...
2023-02-23 15:31:34,931 - pyskl - INFO - 
mean_acc	0.9500
2023-02-23 15:31:34,931 - pyskl - INFO - Epoch(val) [16][6]	top1_acc: 0.9500, top5_acc: 0.9889, mean_class_accuracy: 0.9500
2023-02-23 15:32:11,229 - pyskl - INFO - Evaluating top_k_accuracy ...
2023-02-23 15:32:11,229 - pyskl - INFO - 
top1_acc	0.9556
top5_acc	0.9944
2023-02-23 15:32:11,229 - pyskl - INFO - Evaluating mean_class_accuracy ...
2023-02-23 15:32:11,230 - pyskl - INFO - 
mean_acc	0.9556
2023-02-23 15:32:11,230 - pyskl - INFO - Epoch(val) [17][6]	top1_acc: 0.9556, top5_acc: 0.9944, mean_class_accuracy: 0.9556
2023-02-23 15:32:49,438 - pyskl - INFO - Evaluating top_k_accuracy ...
2023-02-23 15:32:49,439 - pyskl - INFO - 
top1_acc	0.9556
top5_acc	0.9944
2023-02-23 15:32:49,439 - pyskl - INFO - Evaluating mean_class_accuracy ...
2023-02-23 15:32:49,439 - pyskl - INFO - 
mean_acc	0.9556
2023-02-23 15:32:49,439 - pyskl - INFO - Epoch(val) [18][6]	top1_acc: 0.9556, top5_acc: 0.9944, mean_class_accuracy: 0.9556
2023-02-23 15:33:30,574 - pyskl - INFO - Evaluating top_k_accuracy ...
2023-02-23 15:33:30,575 - pyskl - INFO - 
top1_acc	0.9444
top5_acc	0.9889
2023-02-23 15:33:30,575 - pyskl - INFO - Evaluating mean_class_accuracy ...
2023-02-23 15:33:30,576 - pyskl - INFO - 
mean_acc	0.9444
2023-02-23 15:33:30,576 - pyskl - INFO - Epoch(val) [19][6]	top1_acc: 0.9444, top5_acc: 0.9889, mean_class_accuracy: 0.9444
2023-02-23 15:34:08,817 - pyskl - INFO - Evaluating top_k_accuracy ...
2023-02-23 15:34:08,817 - pyskl - INFO - 
top1_acc	0.9444
top5_acc	0.9722
2023-02-23 15:34:08,817 - pyskl - INFO - Evaluating mean_class_accuracy ...
2023-02-23 15:34:08,818 - pyskl - INFO - 
mean_acc	0.9444
2023-02-23 15:34:08,818 - pyskl - INFO - Epoch(val) [20][6]	top1_acc: 0.9444, top5_acc: 0.9722, mean_class_accuracy: 0.9444
2023-02-23 15:34:44,574 - pyskl - INFO - Evaluating top_k_accuracy ...
2023-02-23 15:34:44,575 - pyskl - INFO - 
top1_acc	0.9722
top5_acc	0.9944
2023-02-23 15:34:44,575 - pyskl - INFO - Evaluating mean_class_accuracy ...
2023-02-23 15:34:44,575 - pyskl - INFO - 
mean_acc	0.9722
2023-02-23 15:34:44,577 - pyskl - INFO - The previous best checkpoint /home/yl/sscls/model_pth/exp6/t9wswr_wfwc_ft/best_top1_acc_epoch_9.pth was removed
2023-02-23 15:34:44,619 - pyskl - INFO - Now best checkpoint is saved as best_top1_acc_epoch_21.pth.
2023-02-23 15:34:44,619 - pyskl - INFO - Best top1_acc is 0.9722 at 21 epoch.
2023-02-23 15:34:44,620 - pyskl - INFO - Epoch(val) [21][6]	top1_acc: 0.9722, top5_acc: 0.9944, mean_class_accuracy: 0.9722
2023-02-23 15:35:20,370 - pyskl - INFO - Evaluating top_k_accuracy ...
2023-02-23 15:35:20,370 - pyskl - INFO - 
top1_acc	0.9833
top5_acc	1.0000
2023-02-23 15:35:20,370 - pyskl - INFO - Evaluating mean_class_accuracy ...
2023-02-23 15:35:20,371 - pyskl - INFO - 
mean_acc	0.9833
2023-02-23 15:35:20,373 - pyskl - INFO - The previous best checkpoint /home/yl/sscls/model_pth/exp6/t9wswr_wfwc_ft/best_top1_acc_epoch_21.pth was removed
2023-02-23 15:35:20,416 - pyskl - INFO - Now best checkpoint is saved as best_top1_acc_epoch_22.pth.
2023-02-23 15:35:20,416 - pyskl - INFO - Best top1_acc is 0.9833 at 22 epoch.
2023-02-23 15:35:20,416 - pyskl - INFO - Epoch(val) [22][6]	top1_acc: 0.9833, top5_acc: 1.0000, mean_class_accuracy: 0.9833
2023-02-23 15:35:56,298 - pyskl - INFO - Evaluating top_k_accuracy ...
2023-02-23 15:35:56,298 - pyskl - INFO - 
top1_acc	0.9833
top5_acc	1.0000
2023-02-23 15:35:56,298 - pyskl - INFO - Evaluating mean_class_accuracy ...
2023-02-23 15:35:56,299 - pyskl - INFO - 
mean_acc	0.9833
2023-02-23 15:35:56,299 - pyskl - INFO - Epoch(val) [23][6]	top1_acc: 0.9833, top5_acc: 1.0000, mean_class_accuracy: 0.9833
2023-02-23 15:36:14,683 - pyskl - INFO - Saving checkpoint at 24 epochs
2023-02-23 15:36:32,181 - pyskl - INFO - Evaluating top_k_accuracy ...
2023-02-23 15:36:32,182 - pyskl - INFO - 
top1_acc	0.9389
top5_acc	0.9833
2023-02-23 15:36:32,182 - pyskl - INFO - Evaluating mean_class_accuracy ...
2023-02-23 15:36:32,182 - pyskl - INFO - 
mean_acc	0.9389
2023-02-23 15:36:32,183 - pyskl - INFO - Epoch(val) [24][6]	top1_acc: 0.9389, top5_acc: 0.9833, mean_class_accuracy: 0.9389
