2023-02-24 10:10:34,015 - pyskl - INFO - Environment info:
------------------------------------------------------------
sys.platform: linux
Python: 3.8.16 (default, Jan 17 2023, 23:13:24) [GCC 11.2.0]
CUDA available: True
GPU 0,1,2,3: NVIDIA GeForce RTX 3090
CUDA_HOME: /usr/local/cuda
NVCC: Cuda compilation tools, release 11.6, V11.6.55
GCC: gcc (Ubuntu 7.5.0-6ubuntu2) 7.5.0
PyTorch: 1.10.1
PyTorch compiling details: PyTorch built with:
  - GCC 7.3
  - C++ Version: 201402
  - Intel(R) oneAPI Math Kernel Library Version 2021.4-Product Build 20210904 for Intel(R) 64 architecture applications
  - Intel(R) MKL-DNN v2.2.3 (Git Hash 7336ca9f055cf1bfa13efb658fe15dc9b41f0740)
  - OpenMP 201511 (a.k.a. OpenMP 4.5)
  - LAPACK is enabled (usually provided by MKL)
  - NNPACK is enabled
  - CPU capability usage: AVX2
  - CUDA Runtime 11.3
  - NVCC architecture flags: -gencode;arch=compute_37,code=sm_37;-gencode;arch=compute_50,code=sm_50;-gencode;arch=compute_60,code=sm_60;-gencode;arch=compute_61,code=sm_61;-gencode;arch=compute_70,code=sm_70;-gencode;arch=compute_75,code=sm_75;-gencode;arch=compute_80,code=sm_80;-gencode;arch=compute_86,code=sm_86;-gencode;arch=compute_37,code=compute_37
  - CuDNN 8.2
  - Magma 2.5.2
  - Build settings: BLAS_INFO=mkl, BUILD_TYPE=Release, CUDA_VERSION=11.3, CUDNN_VERSION=8.2.0, CXX_COMPILER=/opt/rh/devtoolset-7/root/usr/bin/c++, CXX_FLAGS= -Wno-deprecated -fvisibility-inlines-hidden -DUSE_PTHREADPOOL -fopenmp -DNDEBUG -DUSE_KINETO -DUSE_FBGEMM -DUSE_QNNPACK -DUSE_PYTORCH_QNNPACK -DUSE_XNNPACK -DSYMBOLICATE_MOBILE_DEBUG_HANDLE -DEDGE_PROFILER_USE_KINETO -O2 -fPIC -Wno-narrowing -Wall -Wextra -Werror=return-type -Wno-missing-field-initializers -Wno-type-limits -Wno-array-bounds -Wno-unknown-pragmas -Wno-sign-compare -Wno-unused-parameter -Wno-unused-variable -Wno-unused-function -Wno-unused-result -Wno-unused-local-typedefs -Wno-strict-overflow -Wno-strict-aliasing -Wno-error=deprecated-declarations -Wno-stringop-overflow -Wno-psabi -Wno-error=pedantic -Wno-error=redundant-decls -Wno-error=old-style-cast -fdiagnostics-color=always -faligned-new -Wno-unused-but-set-variable -Wno-maybe-uninitialized -fno-math-errno -fno-trapping-math -Werror=format -Wno-stringop-overflow, LAPACK_INFO=mkl, PERF_WITH_AVX=1, PERF_WITH_AVX2=1, PERF_WITH_AVX512=1, TORCH_VERSION=1.10.1, USE_CUDA=ON, USE_CUDNN=ON, USE_EXCEPTION_PTR=1, USE_GFLAGS=OFF, USE_GLOG=OFF, USE_MKL=ON, USE_MKLDNN=ON, USE_MPI=OFF, USE_NCCL=ON, USE_NNPACK=ON, USE_OPENMP=ON, 

TorchVision: 0.11.2
OpenCV: 4.7.0
MMCV: 1.6.2
MMCV Compiler: GCC 9.3
MMCV CUDA Compiler: 11.3
pyskl: 0.1.0+HEAD
------------------------------------------------------------

2023-02-24 10:10:35,234 - pyskl - INFO - Config: model = dict(
    type='Recognizer3D',
    backbone=dict(
        type='ResNet3dSlowOnly',
        in_channels=5,
        base_channels=32,
        num_stages=3,
        out_indices=(2, ),
        stage_blocks=(4, 6, 3),
        conv1_stride=(1, 1),
        pool1_stride=(1, 1),
        inflate=(0, 1, 1),
        spatial_strides=(2, 2, 2),
        temporal_strides=(1, 1, 2)),
    cls_head=dict(
        type='I3DHead', in_channels=512, num_classes=10, dropout=0.5),
    test_cfg=dict(average_clips='prob'))
dataset_type = 'PoseDataset'
ann_file = 'data/ds_taichi/test5nsnr.pkl'
left_kp = [
    5, 6, 7, 8, 44, 45, 46, 47, 48, 49, 50, 51, 52, 53, 54, 55, 56, 57, 58, 59,
    60, 61, 62, 63, 64, 65, 66, 67, 68, 69, 70, 71
]
right_kp = [
    1, 2, 3, 4, 16, 17, 18, 19, 20, 21, 22, 23, 24, 25, 26, 27, 28, 29, 30, 31,
    32, 33, 34, 35, 36, 37, 38, 39, 40, 41, 42, 43
]
train_pipeline = [
    dict(type='UniformSampleFrames', clip_len=48),
    dict(type='PoseDecode'),
    dict(type='PoseCompact', hw_ratio=1.0, allow_imgpad=True),
    dict(type='Resize', scale=(-1, 64)),
    dict(type='RandomResizedCrop', area_range=(0.56, 1.0)),
    dict(type='Resize', scale=(56, 56), keep_ratio=False),
    dict(
        type='Flip',
        flip_ratio=0.5,
        left_kp=[
            5, 6, 7, 8, 44, 45, 46, 47, 48, 49, 50, 51, 52, 53, 54, 55, 56, 57,
            58, 59, 60, 61, 62, 63, 64, 65, 66, 67, 68, 69, 70, 71
        ],
        right_kp=[
            1, 2, 3, 4, 16, 17, 18, 19, 20, 21, 22, 23, 24, 25, 26, 27, 28, 29,
            30, 31, 32, 33, 34, 35, 36, 37, 38, 39, 40, 41, 42, 43
        ]),
    dict(type='GenerateTaiChiPoseTarget', with_kp=True, with_limb=False),
    dict(type='FormatShape', input_format='NCTHW_Heatmap'),
    dict(type='Collect', keys=['imgs', 'label'], meta_keys=[]),
    dict(type='ToTensor', keys=['imgs', 'label'])
]
val_pipeline = [
    dict(type='UniformSampleFrames', clip_len=48, num_clips=1),
    dict(type='PoseDecode'),
    dict(type='PoseCompact', hw_ratio=1.0, allow_imgpad=True),
    dict(type='Resize', scale=(64, 64), keep_ratio=False),
    dict(type='GenerateTaiChiPoseTarget', with_kp=True, with_limb=False),
    dict(type='FormatShape', input_format='NCTHW_Heatmap'),
    dict(type='Collect', keys=['imgs', 'label'], meta_keys=[]),
    dict(type='ToTensor', keys=['imgs'])
]
test_pipeline = [
    dict(type='UniformSampleFrames', clip_len=48, num_clips=10),
    dict(type='PoseDecode'),
    dict(type='PoseCompact', hw_ratio=1.0, allow_imgpad=True),
    dict(type='Resize', scale=(64, 64), keep_ratio=False),
    dict(
        type='GenerateTaiChiPoseTarget',
        with_kp=True,
        with_limb=False,
        double=True),
    dict(type='FormatShape', input_format='NCTHW_Heatmap'),
    dict(type='Collect', keys=['imgs', 'label'], meta_keys=[]),
    dict(type='ToTensor', keys=['imgs'])
]
data = dict(
    videos_per_gpu=8,
    workers_per_gpu=4,
    test_dataloader=dict(videos_per_gpu=3),
    train=dict(
        type='RepeatDataset',
        times=30,
        dataset=dict(
            type='PoseDataset',
            ann_file='data/ds_taichi/test5nsnr.pkl',
            split='train',
            pipeline=[
                dict(type='UniformSampleFrames', clip_len=48),
                dict(type='PoseDecode'),
                dict(type='PoseCompact', hw_ratio=1.0, allow_imgpad=True),
                dict(type='Resize', scale=(-1, 64)),
                dict(type='RandomResizedCrop', area_range=(0.56, 1.0)),
                dict(type='Resize', scale=(56, 56), keep_ratio=False),
                dict(
                    type='Flip',
                    flip_ratio=0.5,
                    left_kp=[
                        5, 6, 7, 8, 44, 45, 46, 47, 48, 49, 50, 51, 52, 53, 54,
                        55, 56, 57, 58, 59, 60, 61, 62, 63, 64, 65, 66, 67, 68,
                        69, 70, 71
                    ],
                    right_kp=[
                        1, 2, 3, 4, 16, 17, 18, 19, 20, 21, 22, 23, 24, 25, 26,
                        27, 28, 29, 30, 31, 32, 33, 34, 35, 36, 37, 38, 39, 40,
                        41, 42, 43
                    ]),
                dict(
                    type='GenerateTaiChiPoseTarget',
                    with_kp=True,
                    with_limb=False),
                dict(type='FormatShape', input_format='NCTHW_Heatmap'),
                dict(type='Collect', keys=['imgs', 'label'], meta_keys=[]),
                dict(type='ToTensor', keys=['imgs', 'label'])
            ])),
    val=dict(
        type='PoseDataset',
        ann_file='data/ds_taichi/test5nsnr.pkl',
        split='test',
        pipeline=[
            dict(type='UniformSampleFrames', clip_len=48, num_clips=1),
            dict(type='PoseDecode'),
            dict(type='PoseCompact', hw_ratio=1.0, allow_imgpad=True),
            dict(type='Resize', scale=(64, 64), keep_ratio=False),
            dict(
                type='GenerateTaiChiPoseTarget', with_kp=True,
                with_limb=False),
            dict(type='FormatShape', input_format='NCTHW_Heatmap'),
            dict(type='Collect', keys=['imgs', 'label'], meta_keys=[]),
            dict(type='ToTensor', keys=['imgs'])
        ]),
    test=dict(
        type='PoseDataset',
        ann_file='data/ds_taichi/test5nsnr.pkl',
        split='test',
        pipeline=[
            dict(type='UniformSampleFrames', clip_len=48, num_clips=10),
            dict(type='PoseDecode'),
            dict(type='PoseCompact', hw_ratio=1.0, allow_imgpad=True),
            dict(type='Resize', scale=(64, 64), keep_ratio=False),
            dict(
                type='GenerateTaiChiPoseTarget',
                with_kp=True,
                with_limb=False,
                double=True),
            dict(type='FormatShape', input_format='NCTHW_Heatmap'),
            dict(type='Collect', keys=['imgs', 'label'], meta_keys=[]),
            dict(type='ToTensor', keys=['imgs'])
        ]))
optimizer = dict(type='SGD', lr=0.01, momentum=0.9, weight_decay=0.0003)
optimizer_config = dict(grad_clip=dict(max_norm=40, norm_type=2))
lr_config = dict(policy='CosineAnnealing', by_epoch=False, min_lr=0)
total_epochs = 24
checkpoint_config = dict(interval=24)
evaluation = dict(
    interval=1, metrics=['top_k_accuracy', 'mean_class_accuracy'], topk=(1, 5))
log_config = dict(interval=20, hooks=[dict(type='TextLoggerHook')])
log_level = 'INFO'
output_config = dict(
    out='./model_pth/exp8/t5_nsnr_wfwc_ft/test_result/results.pkl')
eval_config = dict(
    metric_out='./model_pth/exp8/t5_nsnr_wfwc_ft/test_result',
    eval=[
        'top_k_accuracy', 'mean_class_accuracy', 'confusion_matrix',
        't_sne_vis'
    ])
work_dir = './model_pth/exp8/t5_nsnr_wfwc_ft'
load_from = './model_pth/ntu120xsub_5parts_kp/best_top1_acc_epoch_23.pth'
find_unused_parameters = True
dist_params = dict(backend='nccl')
gpu_ids = range(0, 4)

2023-02-24 10:10:35,235 - pyskl - INFO - Set random seed to 42, deterministic: True
2023-02-24 10:10:35,879 - pyskl - INFO - 100 videos remain after valid thresholding
2023-02-24 10:10:42,291 - pyskl - INFO - 100 videos remain after valid thresholding
2023-02-24 10:10:42,292 - pyskl - INFO - load checkpoint from local path: ./model_pth/ntu120xsub_5parts_kp/best_top1_acc_epoch_23.pth
2023-02-24 10:10:42,315 - pyskl - WARNING - The model and loaded state dict do not match exactly

size mismatch for cls_head.fc_cls.weight: copying a param with shape torch.Size([120, 512]) from checkpoint, the shape in current model is torch.Size([10, 512]).
size mismatch for cls_head.fc_cls.bias: copying a param with shape torch.Size([120]) from checkpoint, the shape in current model is torch.Size([10]).
2023-02-24 10:10:42,315 - pyskl - INFO - Start running, host: yl@83090-jin, work_dir: /home/yl/sscls/model_pth/exp8/t5_nsnr_wfwc_ft
2023-02-24 10:10:42,316 - pyskl - INFO - Hooks will be executed in the following order:
before_run:
(VERY_HIGH   ) CosineAnnealingLrUpdaterHook       
(NORMAL      ) CheckpointHook                     
(NORMAL      ) DistEvalHook                       
(VERY_LOW    ) TextLoggerHook                     
 -------------------- 
before_train_epoch:
(VERY_HIGH   ) CosineAnnealingLrUpdaterHook       
(NORMAL      ) DistSamplerSeedHook                
(NORMAL      ) DistEvalHook                       
(LOW         ) IterTimerHook                      
(VERY_LOW    ) TextLoggerHook                     
 -------------------- 
before_train_iter:
(VERY_HIGH   ) CosineAnnealingLrUpdaterHook       
(NORMAL      ) DistEvalHook                       
(LOW         ) IterTimerHook                      
 -------------------- 
after_train_iter:
(ABOVE_NORMAL) OptimizerHook                      
(NORMAL      ) CheckpointHook                     
(NORMAL      ) DistEvalHook                       
(LOW         ) IterTimerHook                      
(VERY_LOW    ) TextLoggerHook                     
 -------------------- 
after_train_epoch:
(NORMAL      ) CheckpointHook                     
(NORMAL      ) DistEvalHook                       
(VERY_LOW    ) TextLoggerHook                     
 -------------------- 
before_val_epoch:
(NORMAL      ) DistSamplerSeedHook                
(LOW         ) IterTimerHook                      
(VERY_LOW    ) TextLoggerHook                     
 -------------------- 
before_val_iter:
(LOW         ) IterTimerHook                      
 -------------------- 
after_val_iter:
(LOW         ) IterTimerHook                      
 -------------------- 
after_val_epoch:
(VERY_LOW    ) TextLoggerHook                     
 -------------------- 
after_run:
(VERY_LOW    ) TextLoggerHook                     
 -------------------- 
2023-02-24 10:10:42,316 - pyskl - INFO - workflow: [('train', 1)], max: 24 epochs
2023-02-24 10:10:42,316 - pyskl - INFO - Checkpoints will be saved to /home/yl/sscls/model_pth/exp8/t5_nsnr_wfwc_ft by HardDiskBackend.
2023-02-24 10:11:04,799 - pyskl - INFO - Epoch [1][20/94]	lr: 9.998e-03, eta: 0:41:53, time: 1.124, data_time: 0.736, memory: 4756, top1_acc: 0.4406, top5_acc: 0.7906, loss_cls: 1.8682, loss: 1.8682, grad_norm: 2.7894
2023-02-24 10:11:11,899 - pyskl - INFO - Epoch [1][40/94]	lr: 9.993e-03, eta: 0:27:18, time: 0.354, data_time: 0.001, memory: 4756, top1_acc: 0.8781, top5_acc: 1.0000, loss_cls: 0.5750, loss: 0.5750, grad_norm: 2.3398
2023-02-24 10:11:19,016 - pyskl - INFO - Epoch [1][60/94]	lr: 9.983e-03, eta: 0:22:22, time: 0.356, data_time: 0.001, memory: 4756, top1_acc: 0.9891, top5_acc: 1.0000, loss_cls: 0.1273, loss: 0.1273, grad_norm: 1.5157
2023-02-24 10:11:26,081 - pyskl - INFO - Epoch [1][80/94]	lr: 9.970e-03, eta: 0:19:50, time: 0.353, data_time: 0.001, memory: 4756, top1_acc: 0.9906, top5_acc: 1.0000, loss_cls: 0.0875, loss: 0.0875, grad_norm: 1.4605
2023-02-24 10:11:47,878 - pyskl - INFO - Evaluating top_k_accuracy ...
2023-02-24 10:11:47,879 - pyskl - INFO - 
top1_acc	1.0000
top5_acc	1.0000
2023-02-24 10:11:47,879 - pyskl - INFO - Evaluating mean_class_accuracy ...
2023-02-24 10:11:47,879 - pyskl - INFO - 
mean_acc	1.0000
2023-02-24 10:11:47,923 - pyskl - INFO - Now best checkpoint is saved as best_top1_acc_epoch_1.pth.
2023-02-24 10:11:47,923 - pyskl - INFO - Best top1_acc is 1.0000 at 1 epoch.
2023-02-24 10:11:47,923 - pyskl - INFO - Epoch(val) [1][4]	top1_acc: 1.0000, top5_acc: 1.0000, mean_class_accuracy: 1.0000
2023-02-24 10:12:10,028 - pyskl - INFO - Epoch [2][20/94]	lr: 9.938e-03, eta: 0:20:37, time: 1.105, data_time: 0.737, memory: 4756, top1_acc: 0.9969, top5_acc: 1.0000, loss_cls: 0.0357, loss: 0.0357, grad_norm: 0.7352
2023-02-24 10:12:17,121 - pyskl - INFO - Epoch [2][40/94]	lr: 9.914e-03, eta: 0:19:15, time: 0.355, data_time: 0.001, memory: 4756, top1_acc: 0.9969, top5_acc: 1.0000, loss_cls: 0.0341, loss: 0.0341, grad_norm: 0.6711
2023-02-24 10:12:24,269 - pyskl - INFO - Epoch [2][60/94]	lr: 9.887e-03, eta: 0:18:13, time: 0.357, data_time: 0.001, memory: 4756, top1_acc: 1.0000, top5_acc: 1.0000, loss_cls: 0.0207, loss: 0.0207, grad_norm: 0.4690
2023-02-24 10:12:31,416 - pyskl - INFO - Epoch [2][80/94]	lr: 9.856e-03, eta: 0:17:23, time: 0.358, data_time: 0.001, memory: 4756, top1_acc: 1.0000, top5_acc: 1.0000, loss_cls: 0.0199, loss: 0.0199, grad_norm: 0.4455
2023-02-24 10:12:53,196 - pyskl - INFO - Evaluating top_k_accuracy ...
2023-02-24 10:12:53,197 - pyskl - INFO - 
top1_acc	1.0000
top5_acc	1.0000
2023-02-24 10:12:53,197 - pyskl - INFO - Evaluating mean_class_accuracy ...
2023-02-24 10:12:53,198 - pyskl - INFO - 
mean_acc	1.0000
2023-02-24 10:12:53,199 - pyskl - INFO - Epoch(val) [2][4]	top1_acc: 1.0000, top5_acc: 1.0000, mean_class_accuracy: 1.0000
2023-02-24 10:13:15,267 - pyskl - INFO - Epoch [3][20/94]	lr: 9.794e-03, eta: 0:17:56, time: 1.103, data_time: 0.751, memory: 4756, top1_acc: 1.0000, top5_acc: 1.0000, loss_cls: 0.0145, loss: 0.0145, grad_norm: 0.3528
2023-02-24 10:13:22,354 - pyskl - INFO - Epoch [3][40/94]	lr: 9.752e-03, eta: 0:17:15, time: 0.354, data_time: 0.001, memory: 4756, top1_acc: 1.0000, top5_acc: 1.0000, loss_cls: 0.0093, loss: 0.0093, grad_norm: 0.2006
2023-02-24 10:13:29,435 - pyskl - INFO - Epoch [3][60/94]	lr: 9.707e-03, eta: 0:16:39, time: 0.354, data_time: 0.001, memory: 4756, top1_acc: 1.0000, top5_acc: 1.0000, loss_cls: 0.0080, loss: 0.0080, grad_norm: 0.2027
2023-02-24 10:13:36,557 - pyskl - INFO - Epoch [3][80/94]	lr: 9.658e-03, eta: 0:16:08, time: 0.356, data_time: 0.001, memory: 4756, top1_acc: 1.0000, top5_acc: 1.0000, loss_cls: 0.0099, loss: 0.0099, grad_norm: 0.2627
2023-02-24 10:13:58,103 - pyskl - INFO - Evaluating top_k_accuracy ...
2023-02-24 10:13:58,103 - pyskl - INFO - 
top1_acc	1.0000
top5_acc	1.0000
2023-02-24 10:13:58,103 - pyskl - INFO - Evaluating mean_class_accuracy ...
2023-02-24 10:13:58,104 - pyskl - INFO - 
mean_acc	1.0000
2023-02-24 10:13:58,104 - pyskl - INFO - Epoch(val) [3][4]	top1_acc: 1.0000, top5_acc: 1.0000, mean_class_accuracy: 1.0000
2023-02-24 10:14:20,053 - pyskl - INFO - Epoch [4][20/94]	lr: 9.567e-03, eta: 0:16:26, time: 1.097, data_time: 0.742, memory: 4756, top1_acc: 1.0000, top5_acc: 1.0000, loss_cls: 0.0126, loss: 0.0126, grad_norm: 0.3178
2023-02-24 10:14:27,175 - pyskl - INFO - Epoch [4][40/94]	lr: 9.509e-03, eta: 0:15:58, time: 0.356, data_time: 0.001, memory: 4756, top1_acc: 1.0000, top5_acc: 1.0000, loss_cls: 0.0131, loss: 0.0131, grad_norm: 0.3149
2023-02-24 10:14:34,306 - pyskl - INFO - Epoch [4][60/94]	lr: 9.447e-03, eta: 0:15:33, time: 0.356, data_time: 0.001, memory: 4756, top1_acc: 1.0000, top5_acc: 1.0000, loss_cls: 0.0104, loss: 0.0104, grad_norm: 0.2336
2023-02-24 10:14:41,427 - pyskl - INFO - Epoch [4][80/94]	lr: 9.381e-03, eta: 0:15:09, time: 0.356, data_time: 0.001, memory: 4756, top1_acc: 1.0000, top5_acc: 1.0000, loss_cls: 0.0071, loss: 0.0071, grad_norm: 0.2392
2023-02-24 10:15:03,083 - pyskl - INFO - Evaluating top_k_accuracy ...
2023-02-24 10:15:03,084 - pyskl - INFO - 
top1_acc	1.0000
top5_acc	1.0000
2023-02-24 10:15:03,084 - pyskl - INFO - Evaluating mean_class_accuracy ...
2023-02-24 10:15:03,084 - pyskl - INFO - 
mean_acc	1.0000
2023-02-24 10:15:03,084 - pyskl - INFO - Epoch(val) [4][4]	top1_acc: 1.0000, top5_acc: 1.0000, mean_class_accuracy: 1.0000
2023-02-24 10:15:25,081 - pyskl - INFO - Epoch [5][20/94]	lr: 9.262e-03, eta: 0:15:20, time: 1.099, data_time: 0.740, memory: 4756, top1_acc: 1.0000, top5_acc: 1.0000, loss_cls: 0.0083, loss: 0.0083, grad_norm: 0.2111
2023-02-24 10:15:32,178 - pyskl - INFO - Epoch [5][40/94]	lr: 9.188e-03, eta: 0:14:57, time: 0.355, data_time: 0.001, memory: 4756, top1_acc: 1.0000, top5_acc: 1.0000, loss_cls: 0.0070, loss: 0.0070, grad_norm: 0.2048
2023-02-24 10:15:39,275 - pyskl - INFO - Epoch [5][60/94]	lr: 9.110e-03, eta: 0:14:36, time: 0.355, data_time: 0.001, memory: 4756, top1_acc: 1.0000, top5_acc: 1.0000, loss_cls: 0.0057, loss: 0.0057, grad_norm: 0.1302
2023-02-24 10:15:46,314 - pyskl - INFO - Epoch [5][80/94]	lr: 9.029e-03, eta: 0:14:17, time: 0.352, data_time: 0.001, memory: 4756, top1_acc: 1.0000, top5_acc: 1.0000, loss_cls: 0.0043, loss: 0.0043, grad_norm: 0.1089
2023-02-24 10:16:08,285 - pyskl - INFO - Evaluating top_k_accuracy ...
2023-02-24 10:16:08,286 - pyskl - INFO - 
top1_acc	1.0000
top5_acc	1.0000
2023-02-24 10:16:08,286 - pyskl - INFO - Evaluating mean_class_accuracy ...
2023-02-24 10:16:08,286 - pyskl - INFO - 
mean_acc	1.0000
2023-02-24 10:16:08,287 - pyskl - INFO - Epoch(val) [5][4]	top1_acc: 1.0000, top5_acc: 1.0000, mean_class_accuracy: 1.0000
2023-02-24 10:16:30,499 - pyskl - INFO - Epoch [6][20/94]	lr: 8.885e-03, eta: 0:14:22, time: 1.110, data_time: 0.745, memory: 4756, top1_acc: 1.0000, top5_acc: 1.0000, loss_cls: 0.0049, loss: 0.0049, grad_norm: 0.1292
2023-02-24 10:16:37,623 - pyskl - INFO - Epoch [6][40/94]	lr: 8.796e-03, eta: 0:14:03, time: 0.356, data_time: 0.001, memory: 4756, top1_acc: 1.0000, top5_acc: 1.0000, loss_cls: 0.0059, loss: 0.0059, grad_norm: 0.2275
2023-02-24 10:16:44,794 - pyskl - INFO - Epoch [6][60/94]	lr: 8.704e-03, eta: 0:13:45, time: 0.359, data_time: 0.001, memory: 4756, top1_acc: 1.0000, top5_acc: 1.0000, loss_cls: 0.0060, loss: 0.0060, grad_norm: 0.1806
2023-02-24 10:16:51,940 - pyskl - INFO - Epoch [6][80/94]	lr: 8.609e-03, eta: 0:13:28, time: 0.357, data_time: 0.001, memory: 4756, top1_acc: 1.0000, top5_acc: 1.0000, loss_cls: 0.0054, loss: 0.0054, grad_norm: 0.1855
2023-02-24 10:17:13,372 - pyskl - INFO - Evaluating top_k_accuracy ...
2023-02-24 10:17:13,372 - pyskl - INFO - 
top1_acc	1.0000
top5_acc	1.0000
2023-02-24 10:17:13,372 - pyskl - INFO - Evaluating mean_class_accuracy ...
2023-02-24 10:17:13,372 - pyskl - INFO - 
mean_acc	1.0000
2023-02-24 10:17:13,373 - pyskl - INFO - Epoch(val) [6][4]	top1_acc: 1.0000, top5_acc: 1.0000, mean_class_accuracy: 1.0000
2023-02-24 10:17:34,916 - pyskl - INFO - Epoch [7][20/94]	lr: 8.441e-03, eta: 0:13:28, time: 1.077, data_time: 0.731, memory: 4756, top1_acc: 1.0000, top5_acc: 1.0000, loss_cls: 0.0050, loss: 0.0050, grad_norm: 0.1402
2023-02-24 10:17:42,057 - pyskl - INFO - Epoch [7][40/94]	lr: 8.338e-03, eta: 0:13:11, time: 0.357, data_time: 0.000, memory: 4756, top1_acc: 1.0000, top5_acc: 1.0000, loss_cls: 0.0051, loss: 0.0051, grad_norm: 0.1687
2023-02-24 10:17:49,151 - pyskl - INFO - Epoch [7][60/94]	lr: 8.233e-03, eta: 0:12:55, time: 0.355, data_time: 0.001, memory: 4756, top1_acc: 1.0000, top5_acc: 1.0000, loss_cls: 0.0051, loss: 0.0051, grad_norm: 0.1326
2023-02-24 10:17:56,345 - pyskl - INFO - Epoch [7][80/94]	lr: 8.126e-03, eta: 0:12:40, time: 0.360, data_time: 0.001, memory: 4756, top1_acc: 1.0000, top5_acc: 1.0000, loss_cls: 0.0057, loss: 0.0057, grad_norm: 0.1607
2023-02-24 10:18:18,167 - pyskl - INFO - Evaluating top_k_accuracy ...
2023-02-24 10:18:18,167 - pyskl - INFO - 
top1_acc	1.0000
top5_acc	1.0000
2023-02-24 10:18:18,167 - pyskl - INFO - Evaluating mean_class_accuracy ...
2023-02-24 10:18:18,168 - pyskl - INFO - 
mean_acc	1.0000
2023-02-24 10:18:18,168 - pyskl - INFO - Epoch(val) [7][4]	top1_acc: 1.0000, top5_acc: 1.0000, mean_class_accuracy: 1.0000
2023-02-24 10:18:40,232 - pyskl - INFO - Epoch [8][20/94]	lr: 7.938e-03, eta: 0:12:38, time: 1.103, data_time: 0.745, memory: 4756, top1_acc: 1.0000, top5_acc: 1.0000, loss_cls: 0.0043, loss: 0.0043, grad_norm: 0.1287
2023-02-24 10:18:47,366 - pyskl - INFO - Epoch [8][40/94]	lr: 7.824e-03, eta: 0:12:23, time: 0.357, data_time: 0.001, memory: 4756, top1_acc: 1.0000, top5_acc: 1.0000, loss_cls: 0.0049, loss: 0.0049, grad_norm: 0.1180
2023-02-24 10:18:54,523 - pyskl - INFO - Epoch [8][60/94]	lr: 7.708e-03, eta: 0:12:08, time: 0.358, data_time: 0.001, memory: 4756, top1_acc: 1.0000, top5_acc: 1.0000, loss_cls: 0.0035, loss: 0.0035, grad_norm: 0.1003
2023-02-24 10:19:01,703 - pyskl - INFO - Epoch [8][80/94]	lr: 7.590e-03, eta: 0:11:54, time: 0.359, data_time: 0.001, memory: 4756, top1_acc: 1.0000, top5_acc: 1.0000, loss_cls: 0.0030, loss: 0.0030, grad_norm: 0.0837
2023-02-24 10:19:23,325 - pyskl - INFO - Evaluating top_k_accuracy ...
2023-02-24 10:19:23,325 - pyskl - INFO - 
top1_acc	1.0000
top5_acc	1.0000
2023-02-24 10:19:23,325 - pyskl - INFO - Evaluating mean_class_accuracy ...
2023-02-24 10:19:23,326 - pyskl - INFO - 
mean_acc	1.0000
2023-02-24 10:19:23,326 - pyskl - INFO - Epoch(val) [8][4]	top1_acc: 1.0000, top5_acc: 1.0000, mean_class_accuracy: 1.0000
2023-02-24 10:19:45,333 - pyskl - INFO - Epoch [9][20/94]	lr: 7.385e-03, eta: 0:11:49, time: 1.100, data_time: 0.749, memory: 4756, top1_acc: 1.0000, top5_acc: 1.0000, loss_cls: 0.0038, loss: 0.0038, grad_norm: 0.0990
2023-02-24 10:19:52,437 - pyskl - INFO - Epoch [9][40/94]	lr: 7.261e-03, eta: 0:11:35, time: 0.356, data_time: 0.001, memory: 4756, top1_acc: 1.0000, top5_acc: 1.0000, loss_cls: 0.0028, loss: 0.0028, grad_norm: 0.0770
2023-02-24 10:19:59,445 - pyskl - INFO - Epoch [9][60/94]	lr: 7.136e-03, eta: 0:11:21, time: 0.350, data_time: 0.001, memory: 4756, top1_acc: 1.0000, top5_acc: 1.0000, loss_cls: 0.0048, loss: 0.0048, grad_norm: 0.1844
2023-02-24 10:20:06,586 - pyskl - INFO - Epoch [9][80/94]	lr: 7.009e-03, eta: 0:11:08, time: 0.357, data_time: 0.001, memory: 4756, top1_acc: 1.0000, top5_acc: 1.0000, loss_cls: 0.0040, loss: 0.0040, grad_norm: 0.1383
2023-02-24 10:20:28,015 - pyskl - INFO - Evaluating top_k_accuracy ...
2023-02-24 10:20:28,015 - pyskl - INFO - 
top1_acc	1.0000
top5_acc	1.0000
2023-02-24 10:20:28,015 - pyskl - INFO - Evaluating mean_class_accuracy ...
2023-02-24 10:20:28,016 - pyskl - INFO - 
mean_acc	1.0000
2023-02-24 10:20:28,016 - pyskl - INFO - Epoch(val) [9][4]	top1_acc: 1.0000, top5_acc: 1.0000, mean_class_accuracy: 1.0000
2023-02-24 10:20:50,029 - pyskl - INFO - Epoch [10][20/94]	lr: 6.791e-03, eta: 0:11:02, time: 1.100, data_time: 0.727, memory: 4756, top1_acc: 1.0000, top5_acc: 1.0000, loss_cls: 0.0039, loss: 0.0039, grad_norm: 0.1119
2023-02-24 10:20:57,152 - pyskl - INFO - Epoch [10][40/94]	lr: 6.660e-03, eta: 0:10:48, time: 0.356, data_time: 0.001, memory: 4756, top1_acc: 1.0000, top5_acc: 1.0000, loss_cls: 0.0044, loss: 0.0044, grad_norm: 0.1330
2023-02-24 10:21:04,303 - pyskl - INFO - Epoch [10][60/94]	lr: 6.528e-03, eta: 0:10:35, time: 0.358, data_time: 0.001, memory: 4756, top1_acc: 1.0000, top5_acc: 1.0000, loss_cls: 0.0034, loss: 0.0034, grad_norm: 0.0969
2023-02-24 10:21:11,435 - pyskl - INFO - Epoch [10][80/94]	lr: 6.395e-03, eta: 0:10:23, time: 0.357, data_time: 0.001, memory: 4756, top1_acc: 1.0000, top5_acc: 1.0000, loss_cls: 0.0022, loss: 0.0022, grad_norm: 0.0545
2023-02-24 10:21:33,162 - pyskl - INFO - Evaluating top_k_accuracy ...
2023-02-24 10:21:33,163 - pyskl - INFO - 
top1_acc	1.0000
top5_acc	1.0000
2023-02-24 10:21:33,163 - pyskl - INFO - Evaluating mean_class_accuracy ...
2023-02-24 10:21:33,163 - pyskl - INFO - 
mean_acc	1.0000
2023-02-24 10:21:33,164 - pyskl - INFO - Epoch(val) [10][4]	top1_acc: 1.0000, top5_acc: 1.0000, mean_class_accuracy: 1.0000
2023-02-24 10:21:55,353 - pyskl - INFO - Epoch [11][20/94]	lr: 6.166e-03, eta: 0:10:15, time: 1.109, data_time: 0.741, memory: 4756, top1_acc: 1.0000, top5_acc: 1.0000, loss_cls: 0.0041, loss: 0.0041, grad_norm: 0.1356
2023-02-24 10:22:02,485 - pyskl - INFO - Epoch [11][40/94]	lr: 6.030e-03, eta: 0:10:03, time: 0.357, data_time: 0.001, memory: 4756, top1_acc: 1.0000, top5_acc: 1.0000, loss_cls: 0.0032, loss: 0.0032, grad_norm: 0.0907
2023-02-24 10:22:09,661 - pyskl - INFO - Epoch [11][60/94]	lr: 5.893e-03, eta: 0:09:50, time: 0.359, data_time: 0.000, memory: 4756, top1_acc: 0.9984, top5_acc: 1.0000, loss_cls: 0.0043, loss: 0.0043, grad_norm: 0.1985
2023-02-24 10:22:16,762 - pyskl - INFO - Epoch [11][80/94]	lr: 5.756e-03, eta: 0:09:38, time: 0.355, data_time: 0.000, memory: 4756, top1_acc: 1.0000, top5_acc: 1.0000, loss_cls: 0.0041, loss: 0.0041, grad_norm: 0.1253
2023-02-24 10:22:38,338 - pyskl - INFO - Evaluating top_k_accuracy ...
2023-02-24 10:22:38,339 - pyskl - INFO - 
top1_acc	1.0000
top5_acc	1.0000
2023-02-24 10:22:38,339 - pyskl - INFO - Evaluating mean_class_accuracy ...
2023-02-24 10:22:38,339 - pyskl - INFO - 
mean_acc	1.0000
2023-02-24 10:22:38,339 - pyskl - INFO - Epoch(val) [11][4]	top1_acc: 1.0000, top5_acc: 1.0000, mean_class_accuracy: 1.0000
2023-02-24 10:23:00,679 - pyskl - INFO - Epoch [12][20/94]	lr: 5.521e-03, eta: 0:09:30, time: 1.117, data_time: 0.740, memory: 4756, top1_acc: 1.0000, top5_acc: 1.0000, loss_cls: 0.0035, loss: 0.0035, grad_norm: 0.0899
2023-02-24 10:23:07,811 - pyskl - INFO - Epoch [12][40/94]	lr: 5.383e-03, eta: 0:09:17, time: 0.357, data_time: 0.001, memory: 4756, top1_acc: 1.0000, top5_acc: 1.0000, loss_cls: 0.0026, loss: 0.0026, grad_norm: 0.0845
2023-02-24 10:23:14,968 - pyskl - INFO - Epoch [12][60/94]	lr: 5.244e-03, eta: 0:09:06, time: 0.357, data_time: 0.001, memory: 4756, top1_acc: 0.9984, top5_acc: 1.0000, loss_cls: 0.0058, loss: 0.0058, grad_norm: 0.2403
2023-02-24 10:23:22,038 - pyskl - INFO - Epoch [12][80/94]	lr: 5.104e-03, eta: 0:08:54, time: 0.354, data_time: 0.001, memory: 4756, top1_acc: 1.0000, top5_acc: 1.0000, loss_cls: 0.0027, loss: 0.0027, grad_norm: 0.0773
2023-02-24 10:23:43,494 - pyskl - INFO - Evaluating top_k_accuracy ...
2023-02-24 10:23:43,495 - pyskl - INFO - 
top1_acc	1.0000
top5_acc	1.0000
2023-02-24 10:23:43,495 - pyskl - INFO - Evaluating mean_class_accuracy ...
2023-02-24 10:23:43,495 - pyskl - INFO - 
mean_acc	1.0000
2023-02-24 10:23:43,495 - pyskl - INFO - Epoch(val) [12][4]	top1_acc: 1.0000, top5_acc: 1.0000, mean_class_accuracy: 1.0000
2023-02-24 10:24:05,523 - pyskl - INFO - Epoch [13][20/94]	lr: 4.868e-03, eta: 0:08:44, time: 1.101, data_time: 0.747, memory: 4756, top1_acc: 1.0000, top5_acc: 1.0000, loss_cls: 0.0027, loss: 0.0027, grad_norm: 0.0792
2023-02-24 10:24:12,644 - pyskl - INFO - Epoch [13][40/94]	lr: 4.729e-03, eta: 0:08:32, time: 0.356, data_time: 0.001, memory: 4756, top1_acc: 1.0000, top5_acc: 1.0000, loss_cls: 0.0028, loss: 0.0028, grad_norm: 0.0783
2023-02-24 10:24:19,716 - pyskl - INFO - Epoch [13][60/94]	lr: 4.590e-03, eta: 0:08:21, time: 0.354, data_time: 0.001, memory: 4756, top1_acc: 1.0000, top5_acc: 1.0000, loss_cls: 0.0032, loss: 0.0032, grad_norm: 0.0967
2023-02-24 10:24:26,851 - pyskl - INFO - Epoch [13][80/94]	lr: 4.451e-03, eta: 0:08:09, time: 0.357, data_time: 0.001, memory: 4756, top1_acc: 1.0000, top5_acc: 1.0000, loss_cls: 0.0019, loss: 0.0019, grad_norm: 0.0540
2023-02-24 10:24:48,490 - pyskl - INFO - Evaluating top_k_accuracy ...
2023-02-24 10:24:48,491 - pyskl - INFO - 
top1_acc	1.0000
top5_acc	1.0000
2023-02-24 10:24:48,491 - pyskl - INFO - Evaluating mean_class_accuracy ...
2023-02-24 10:24:48,491 - pyskl - INFO - 
mean_acc	1.0000
2023-02-24 10:24:48,492 - pyskl - INFO - Epoch(val) [13][4]	top1_acc: 1.0000, top5_acc: 1.0000, mean_class_accuracy: 1.0000
2023-02-24 10:25:10,494 - pyskl - INFO - Epoch [14][20/94]	lr: 4.216e-03, eta: 0:07:58, time: 1.100, data_time: 0.740, memory: 4756, top1_acc: 1.0000, top5_acc: 1.0000, loss_cls: 0.0031, loss: 0.0031, grad_norm: 0.0913
2023-02-24 10:25:17,576 - pyskl - INFO - Epoch [14][40/94]	lr: 4.079e-03, eta: 0:07:47, time: 0.354, data_time: 0.001, memory: 4756, top1_acc: 1.0000, top5_acc: 1.0000, loss_cls: 0.0023, loss: 0.0023, grad_norm: 0.0666
2023-02-24 10:25:24,705 - pyskl - INFO - Epoch [14][60/94]	lr: 3.943e-03, eta: 0:07:36, time: 0.356, data_time: 0.000, memory: 4756, top1_acc: 1.0000, top5_acc: 1.0000, loss_cls: 0.0026, loss: 0.0026, grad_norm: 0.0716
2023-02-24 10:25:31,872 - pyskl - INFO - Epoch [14][80/94]	lr: 3.807e-03, eta: 0:07:25, time: 0.358, data_time: 0.001, memory: 4756, top1_acc: 1.0000, top5_acc: 1.0000, loss_cls: 0.0027, loss: 0.0027, grad_norm: 0.1364
2023-02-24 10:25:53,311 - pyskl - INFO - Evaluating top_k_accuracy ...
2023-02-24 10:25:53,311 - pyskl - INFO - 
top1_acc	1.0000
top5_acc	1.0000
2023-02-24 10:25:53,312 - pyskl - INFO - Evaluating mean_class_accuracy ...
2023-02-24 10:25:53,312 - pyskl - INFO - 
mean_acc	1.0000
2023-02-24 10:25:53,312 - pyskl - INFO - Epoch(val) [14][4]	top1_acc: 1.0000, top5_acc: 1.0000, mean_class_accuracy: 1.0000
2023-02-24 10:26:15,378 - pyskl - INFO - Epoch [15][20/94]	lr: 3.579e-03, eta: 0:07:13, time: 1.103, data_time: 0.736, memory: 4756, top1_acc: 1.0000, top5_acc: 1.0000, loss_cls: 0.0045, loss: 0.0045, grad_norm: 0.1386
2023-02-24 10:26:22,497 - pyskl - INFO - Epoch [15][40/94]	lr: 3.446e-03, eta: 0:07:02, time: 0.356, data_time: 0.001, memory: 4756, top1_acc: 1.0000, top5_acc: 1.0000, loss_cls: 0.0024, loss: 0.0024, grad_norm: 0.0646
2023-02-24 10:26:29,558 - pyskl - INFO - Epoch [15][60/94]	lr: 3.314e-03, eta: 0:06:51, time: 0.353, data_time: 0.001, memory: 4756, top1_acc: 1.0000, top5_acc: 1.0000, loss_cls: 0.0025, loss: 0.0025, grad_norm: 0.0837
2023-02-24 10:26:36,703 - pyskl - INFO - Epoch [15][80/94]	lr: 3.183e-03, eta: 0:06:41, time: 0.357, data_time: 0.000, memory: 4756, top1_acc: 1.0000, top5_acc: 1.0000, loss_cls: 0.0025, loss: 0.0025, grad_norm: 0.0695
2023-02-24 10:26:58,225 - pyskl - INFO - Evaluating top_k_accuracy ...
2023-02-24 10:26:58,226 - pyskl - INFO - 
top1_acc	1.0000
top5_acc	1.0000
2023-02-24 10:26:58,226 - pyskl - INFO - Evaluating mean_class_accuracy ...
2023-02-24 10:26:58,226 - pyskl - INFO - 
mean_acc	1.0000
2023-02-24 10:26:58,227 - pyskl - INFO - Epoch(val) [15][4]	top1_acc: 1.0000, top5_acc: 1.0000, mean_class_accuracy: 1.0000
2023-02-24 10:27:20,518 - pyskl - INFO - Epoch [16][20/94]	lr: 2.965e-03, eta: 0:06:29, time: 1.114, data_time: 0.758, memory: 4756, top1_acc: 1.0000, top5_acc: 1.0000, loss_cls: 0.0050, loss: 0.0050, grad_norm: 0.1556
2023-02-24 10:27:27,620 - pyskl - INFO - Epoch [16][40/94]	lr: 2.839e-03, eta: 0:06:18, time: 0.355, data_time: 0.001, memory: 4756, top1_acc: 1.0000, top5_acc: 1.0000, loss_cls: 0.0028, loss: 0.0028, grad_norm: 0.0718
2023-02-24 10:27:34,710 - pyskl - INFO - Epoch [16][60/94]	lr: 2.714e-03, eta: 0:06:07, time: 0.355, data_time: 0.001, memory: 4756, top1_acc: 1.0000, top5_acc: 1.0000, loss_cls: 0.0020, loss: 0.0020, grad_norm: 0.0661
2023-02-24 10:27:41,853 - pyskl - INFO - Epoch [16][80/94]	lr: 2.591e-03, eta: 0:05:57, time: 0.357, data_time: 0.000, memory: 4756, top1_acc: 1.0000, top5_acc: 1.0000, loss_cls: 0.0040, loss: 0.0040, grad_norm: 0.1517
2023-02-24 10:28:03,649 - pyskl - INFO - Evaluating top_k_accuracy ...
2023-02-24 10:28:03,650 - pyskl - INFO - 
top1_acc	1.0000
top5_acc	1.0000
2023-02-24 10:28:03,650 - pyskl - INFO - Evaluating mean_class_accuracy ...
2023-02-24 10:28:03,650 - pyskl - INFO - 
mean_acc	1.0000
2023-02-24 10:28:03,651 - pyskl - INFO - Epoch(val) [16][4]	top1_acc: 1.0000, top5_acc: 1.0000, mean_class_accuracy: 1.0000
2023-02-24 10:28:25,783 - pyskl - INFO - Epoch [17][20/94]	lr: 2.386e-03, eta: 0:05:44, time: 1.107, data_time: 0.746, memory: 4756, top1_acc: 1.0000, top5_acc: 1.0000, loss_cls: 0.0024, loss: 0.0024, grad_norm: 0.0772
2023-02-24 10:28:32,930 - pyskl - INFO - Epoch [17][40/94]	lr: 2.269e-03, eta: 0:05:33, time: 0.357, data_time: 0.000, memory: 4756, top1_acc: 1.0000, top5_acc: 1.0000, loss_cls: 0.0036, loss: 0.0036, grad_norm: 0.1406
2023-02-24 10:28:40,063 - pyskl - INFO - Epoch [17][60/94]	lr: 2.153e-03, eta: 0:05:23, time: 0.357, data_time: 0.001, memory: 4756, top1_acc: 1.0000, top5_acc: 1.0000, loss_cls: 0.0022, loss: 0.0022, grad_norm: 0.0617
2023-02-24 10:28:47,179 - pyskl - INFO - Epoch [17][80/94]	lr: 2.040e-03, eta: 0:05:13, time: 0.356, data_time: 0.001, memory: 4756, top1_acc: 1.0000, top5_acc: 1.0000, loss_cls: 0.0034, loss: 0.0034, grad_norm: 0.1162
2023-02-24 10:29:08,864 - pyskl - INFO - Evaluating top_k_accuracy ...
2023-02-24 10:29:08,864 - pyskl - INFO - 
top1_acc	1.0000
top5_acc	1.0000
2023-02-24 10:29:08,864 - pyskl - INFO - Evaluating mean_class_accuracy ...
2023-02-24 10:29:08,865 - pyskl - INFO - 
mean_acc	1.0000
2023-02-24 10:29:08,865 - pyskl - INFO - Epoch(val) [17][4]	top1_acc: 1.0000, top5_acc: 1.0000, mean_class_accuracy: 1.0000
2023-02-24 10:29:31,062 - pyskl - INFO - Epoch [18][20/94]	lr: 1.852e-03, eta: 0:04:59, time: 1.109, data_time: 0.736, memory: 4756, top1_acc: 1.0000, top5_acc: 1.0000, loss_cls: 0.0019, loss: 0.0019, grad_norm: 0.0488
2023-02-24 10:29:38,178 - pyskl - INFO - Epoch [18][40/94]	lr: 1.745e-03, eta: 0:04:49, time: 0.356, data_time: 0.001, memory: 4756, top1_acc: 1.0000, top5_acc: 1.0000, loss_cls: 0.0022, loss: 0.0022, grad_norm: 0.0609
2023-02-24 10:29:45,279 - pyskl - INFO - Epoch [18][60/94]	lr: 1.641e-03, eta: 0:04:39, time: 0.355, data_time: 0.001, memory: 4756, top1_acc: 1.0000, top5_acc: 1.0000, loss_cls: 0.0018, loss: 0.0018, grad_norm: 0.0468
2023-02-24 10:29:52,378 - pyskl - INFO - Epoch [18][80/94]	lr: 1.539e-03, eta: 0:04:29, time: 0.355, data_time: 0.001, memory: 4756, top1_acc: 0.9984, top5_acc: 1.0000, loss_cls: 0.0046, loss: 0.0046, grad_norm: 0.1933
2023-02-24 10:30:14,216 - pyskl - INFO - Evaluating top_k_accuracy ...
2023-02-24 10:30:14,217 - pyskl - INFO - 
top1_acc	1.0000
top5_acc	1.0000
2023-02-24 10:30:14,217 - pyskl - INFO - Evaluating mean_class_accuracy ...
2023-02-24 10:30:14,217 - pyskl - INFO - 
mean_acc	1.0000
2023-02-24 10:30:14,217 - pyskl - INFO - Epoch(val) [18][4]	top1_acc: 1.0000, top5_acc: 1.0000, mean_class_accuracy: 1.0000
2023-02-24 10:30:36,597 - pyskl - INFO - Epoch [19][20/94]	lr: 1.372e-03, eta: 0:04:15, time: 1.118, data_time: 0.736, memory: 4756, top1_acc: 1.0000, top5_acc: 1.0000, loss_cls: 0.0022, loss: 0.0022, grad_norm: 0.0620
2023-02-24 10:30:43,690 - pyskl - INFO - Epoch [19][40/94]	lr: 1.278e-03, eta: 0:04:05, time: 0.355, data_time: 0.001, memory: 4756, top1_acc: 1.0000, top5_acc: 1.0000, loss_cls: 0.0026, loss: 0.0026, grad_norm: 0.0866
2023-02-24 10:30:50,841 - pyskl - INFO - Epoch [19][60/94]	lr: 1.186e-03, eta: 0:03:55, time: 0.357, data_time: 0.000, memory: 4756, top1_acc: 1.0000, top5_acc: 1.0000, loss_cls: 0.0021, loss: 0.0021, grad_norm: 0.0751
2023-02-24 10:30:57,941 - pyskl - INFO - Epoch [19][80/94]	lr: 1.098e-03, eta: 0:03:45, time: 0.355, data_time: 0.001, memory: 4756, top1_acc: 1.0000, top5_acc: 1.0000, loss_cls: 0.0018, loss: 0.0018, grad_norm: 0.0596
2023-02-24 10:31:19,665 - pyskl - INFO - Evaluating top_k_accuracy ...
2023-02-24 10:31:19,665 - pyskl - INFO - 
top1_acc	1.0000
top5_acc	1.0000
2023-02-24 10:31:19,665 - pyskl - INFO - Evaluating mean_class_accuracy ...
2023-02-24 10:31:19,666 - pyskl - INFO - 
mean_acc	1.0000
2023-02-24 10:31:19,666 - pyskl - INFO - Epoch(val) [19][4]	top1_acc: 1.0000, top5_acc: 1.0000, mean_class_accuracy: 1.0000
2023-02-24 10:31:42,149 - pyskl - INFO - Epoch [20][20/94]	lr: 9.541e-04, eta: 0:03:31, time: 1.124, data_time: 0.734, memory: 4756, top1_acc: 1.0000, top5_acc: 1.0000, loss_cls: 0.0028, loss: 0.0028, grad_norm: 0.0991
2023-02-24 10:31:49,216 - pyskl - INFO - Epoch [20][40/94]	lr: 8.739e-04, eta: 0:03:21, time: 0.353, data_time: 0.001, memory: 4756, top1_acc: 1.0000, top5_acc: 1.0000, loss_cls: 0.0029, loss: 0.0029, grad_norm: 0.0813
2023-02-24 10:31:56,371 - pyskl - INFO - Epoch [20][60/94]	lr: 7.968e-04, eta: 0:03:11, time: 0.358, data_time: 0.001, memory: 4756, top1_acc: 1.0000, top5_acc: 1.0000, loss_cls: 0.0023, loss: 0.0023, grad_norm: 0.0743
2023-02-24 10:32:03,463 - pyskl - INFO - Epoch [20][80/94]	lr: 7.230e-04, eta: 0:03:01, time: 0.355, data_time: 0.001, memory: 4756, top1_acc: 1.0000, top5_acc: 1.0000, loss_cls: 0.0023, loss: 0.0023, grad_norm: 0.0656
2023-02-24 10:32:25,271 - pyskl - INFO - Evaluating top_k_accuracy ...
2023-02-24 10:32:25,272 - pyskl - INFO - 
top1_acc	1.0000
top5_acc	1.0000
2023-02-24 10:32:25,273 - pyskl - INFO - Evaluating mean_class_accuracy ...
2023-02-24 10:32:25,273 - pyskl - INFO - 
mean_acc	1.0000
2023-02-24 10:32:25,274 - pyskl - INFO - Epoch(val) [20][4]	top1_acc: 1.0000, top5_acc: 1.0000, mean_class_accuracy: 1.0000
2023-02-24 10:32:47,482 - pyskl - INFO - Epoch [21][20/94]	lr: 6.053e-04, eta: 0:02:47, time: 1.110, data_time: 0.735, memory: 4756, top1_acc: 1.0000, top5_acc: 1.0000, loss_cls: 0.0021, loss: 0.0021, grad_norm: 0.0595
2023-02-24 10:32:54,586 - pyskl - INFO - Epoch [21][40/94]	lr: 5.406e-04, eta: 0:02:37, time: 0.355, data_time: 0.001, memory: 4756, top1_acc: 1.0000, top5_acc: 1.0000, loss_cls: 0.0027, loss: 0.0027, grad_norm: 0.0907
2023-02-24 10:33:01,616 - pyskl - INFO - Epoch [21][60/94]	lr: 4.793e-04, eta: 0:02:27, time: 0.351, data_time: 0.001, memory: 4756, top1_acc: 1.0000, top5_acc: 1.0000, loss_cls: 0.0023, loss: 0.0023, grad_norm: 0.0715
2023-02-24 10:33:08,746 - pyskl - INFO - Epoch [21][80/94]	lr: 4.216e-04, eta: 0:02:17, time: 0.357, data_time: 0.001, memory: 4756, top1_acc: 1.0000, top5_acc: 1.0000, loss_cls: 0.0025, loss: 0.0025, grad_norm: 0.0649
2023-02-24 10:33:30,595 - pyskl - INFO - Evaluating top_k_accuracy ...
2023-02-24 10:33:30,596 - pyskl - INFO - 
top1_acc	1.0000
top5_acc	1.0000
2023-02-24 10:33:30,596 - pyskl - INFO - Evaluating mean_class_accuracy ...
2023-02-24 10:33:30,596 - pyskl - INFO - 
mean_acc	1.0000
2023-02-24 10:33:30,597 - pyskl - INFO - Epoch(val) [21][4]	top1_acc: 1.0000, top5_acc: 1.0000, mean_class_accuracy: 1.0000
2023-02-24 10:33:52,953 - pyskl - INFO - Epoch [22][20/94]	lr: 3.316e-04, eta: 0:02:02, time: 1.118, data_time: 0.738, memory: 4756, top1_acc: 1.0000, top5_acc: 1.0000, loss_cls: 0.0021, loss: 0.0021, grad_norm: 0.0552
2023-02-24 10:34:00,073 - pyskl - INFO - Epoch [22][40/94]	lr: 2.835e-04, eta: 0:01:53, time: 0.356, data_time: 0.000, memory: 4756, top1_acc: 1.0000, top5_acc: 1.0000, loss_cls: 0.0028, loss: 0.0028, grad_norm: 0.0966
2023-02-24 10:34:07,121 - pyskl - INFO - Epoch [22][60/94]	lr: 2.392e-04, eta: 0:01:43, time: 0.352, data_time: 0.000, memory: 4756, top1_acc: 0.9984, top5_acc: 1.0000, loss_cls: 0.0045, loss: 0.0045, grad_norm: 0.1452
2023-02-24 10:34:14,310 - pyskl - INFO - Epoch [22][80/94]	lr: 1.985e-04, eta: 0:01:34, time: 0.360, data_time: 0.001, memory: 4756, top1_acc: 1.0000, top5_acc: 1.0000, loss_cls: 0.0022, loss: 0.0022, grad_norm: 0.0699
2023-02-24 10:34:35,760 - pyskl - INFO - Evaluating top_k_accuracy ...
2023-02-24 10:34:35,761 - pyskl - INFO - 
top1_acc	1.0000
top5_acc	1.0000
2023-02-24 10:34:35,761 - pyskl - INFO - Evaluating mean_class_accuracy ...
2023-02-24 10:34:35,761 - pyskl - INFO - 
mean_acc	1.0000
2023-02-24 10:34:35,761 - pyskl - INFO - Epoch(val) [22][4]	top1_acc: 1.0000, top5_acc: 1.0000, mean_class_accuracy: 1.0000
2023-02-24 10:34:57,913 - pyskl - INFO - Epoch [23][20/94]	lr: 1.378e-04, eta: 0:01:18, time: 1.107, data_time: 0.752, memory: 4756, top1_acc: 1.0000, top5_acc: 1.0000, loss_cls: 0.0020, loss: 0.0020, grad_norm: 0.0582
2023-02-24 10:35:05,036 - pyskl - INFO - Epoch [23][40/94]	lr: 1.072e-04, eta: 0:01:09, time: 0.356, data_time: 0.001, memory: 4756, top1_acc: 1.0000, top5_acc: 1.0000, loss_cls: 0.0016, loss: 0.0016, grad_norm: 0.0412
2023-02-24 10:35:12,125 - pyskl - INFO - Epoch [23][60/94]	lr: 8.046e-05, eta: 0:00:59, time: 0.355, data_time: 0.001, memory: 4756, top1_acc: 1.0000, top5_acc: 1.0000, loss_cls: 0.0014, loss: 0.0014, grad_norm: 0.0403
2023-02-24 10:35:19,256 - pyskl - INFO - Epoch [23][80/94]	lr: 5.749e-05, eta: 0:00:50, time: 0.356, data_time: 0.001, memory: 4756, top1_acc: 1.0000, top5_acc: 1.0000, loss_cls: 0.0019, loss: 0.0019, grad_norm: 0.0493
2023-02-24 10:35:40,989 - pyskl - INFO - Evaluating top_k_accuracy ...
2023-02-24 10:35:40,990 - pyskl - INFO - 
top1_acc	1.0000
top5_acc	1.0000
2023-02-24 10:35:40,990 - pyskl - INFO - Evaluating mean_class_accuracy ...
2023-02-24 10:35:40,990 - pyskl - INFO - 
mean_acc	1.0000
2023-02-24 10:35:40,990 - pyskl - INFO - Epoch(val) [23][4]	top1_acc: 1.0000, top5_acc: 1.0000, mean_class_accuracy: 1.0000
2023-02-24 10:36:03,025 - pyskl - INFO - Epoch [24][20/94]	lr: 2.725e-05, eta: 0:00:34, time: 1.101, data_time: 0.747, memory: 4756, top1_acc: 1.0000, top5_acc: 1.0000, loss_cls: 0.0030, loss: 0.0030, grad_norm: 0.0891
2023-02-24 10:36:10,093 - pyskl - INFO - Epoch [24][40/94]	lr: 1.466e-05, eta: 0:00:25, time: 0.354, data_time: 0.001, memory: 4756, top1_acc: 1.0000, top5_acc: 1.0000, loss_cls: 0.0026, loss: 0.0026, grad_norm: 0.0906
2023-02-24 10:36:17,220 - pyskl - INFO - Epoch [24][60/94]	lr: 5.938e-06, eta: 0:00:15, time: 0.356, data_time: 0.000, memory: 4756, top1_acc: 1.0000, top5_acc: 1.0000, loss_cls: 0.0021, loss: 0.0021, grad_norm: 0.0550
2023-02-24 10:36:24,254 - pyskl - INFO - Epoch [24][80/94]	lr: 1.091e-06, eta: 0:00:06, time: 0.352, data_time: 0.001, memory: 4756, top1_acc: 1.0000, top5_acc: 1.0000, loss_cls: 0.0034, loss: 0.0034, grad_norm: 0.0903
2023-02-24 10:36:29,942 - pyskl - INFO - Saving checkpoint at 24 epochs
2023-02-24 10:36:45,977 - pyskl - INFO - Evaluating top_k_accuracy ...
2023-02-24 10:36:45,977 - pyskl - INFO - 
top1_acc	1.0000
top5_acc	1.0000
2023-02-24 10:36:45,978 - pyskl - INFO - Evaluating mean_class_accuracy ...
2023-02-24 10:36:45,978 - pyskl - INFO - 
mean_acc	1.0000
2023-02-24 10:36:45,978 - pyskl - INFO - Epoch(val) [24][4]	top1_acc: 1.0000, top5_acc: 1.0000, mean_class_accuracy: 1.0000
