2023-02-21 16:09:15,537 - pyskl - INFO - Environment info:
------------------------------------------------------------
sys.platform: linux
Python: 3.8.16 (default, Jan 17 2023, 23:13:24) [GCC 11.2.0]
CUDA available: True
GPU 0,1,2,3: NVIDIA GeForce RTX 3090
CUDA_HOME: /usr/local/cuda
NVCC: Cuda compilation tools, release 11.6, V11.6.55
GCC: gcc (Ubuntu 7.5.0-6ubuntu2) 7.5.0
PyTorch: 1.10.1
PyTorch compiling details: PyTorch built with:
  - GCC 7.3
  - C++ Version: 201402
  - Intel(R) oneAPI Math Kernel Library Version 2021.4-Product Build 20210904 for Intel(R) 64 architecture applications
  - Intel(R) MKL-DNN v2.2.3 (Git Hash 7336ca9f055cf1bfa13efb658fe15dc9b41f0740)
  - OpenMP 201511 (a.k.a. OpenMP 4.5)
  - LAPACK is enabled (usually provided by MKL)
  - NNPACK is enabled
  - CPU capability usage: AVX2
  - CUDA Runtime 11.3
  - NVCC architecture flags: -gencode;arch=compute_37,code=sm_37;-gencode;arch=compute_50,code=sm_50;-gencode;arch=compute_60,code=sm_60;-gencode;arch=compute_61,code=sm_61;-gencode;arch=compute_70,code=sm_70;-gencode;arch=compute_75,code=sm_75;-gencode;arch=compute_80,code=sm_80;-gencode;arch=compute_86,code=sm_86;-gencode;arch=compute_37,code=compute_37
  - CuDNN 8.2
  - Magma 2.5.2
  - Build settings: BLAS_INFO=mkl, BUILD_TYPE=Release, CUDA_VERSION=11.3, CUDNN_VERSION=8.2.0, CXX_COMPILER=/opt/rh/devtoolset-7/root/usr/bin/c++, CXX_FLAGS= -Wno-deprecated -fvisibility-inlines-hidden -DUSE_PTHREADPOOL -fopenmp -DNDEBUG -DUSE_KINETO -DUSE_FBGEMM -DUSE_QNNPACK -DUSE_PYTORCH_QNNPACK -DUSE_XNNPACK -DSYMBOLICATE_MOBILE_DEBUG_HANDLE -DEDGE_PROFILER_USE_KINETO -O2 -fPIC -Wno-narrowing -Wall -Wextra -Werror=return-type -Wno-missing-field-initializers -Wno-type-limits -Wno-array-bounds -Wno-unknown-pragmas -Wno-sign-compare -Wno-unused-parameter -Wno-unused-variable -Wno-unused-function -Wno-unused-result -Wno-unused-local-typedefs -Wno-strict-overflow -Wno-strict-aliasing -Wno-error=deprecated-declarations -Wno-stringop-overflow -Wno-psabi -Wno-error=pedantic -Wno-error=redundant-decls -Wno-error=old-style-cast -fdiagnostics-color=always -faligned-new -Wno-unused-but-set-variable -Wno-maybe-uninitialized -fno-math-errno -fno-trapping-math -Werror=format -Wno-stringop-overflow, LAPACK_INFO=mkl, PERF_WITH_AVX=1, PERF_WITH_AVX2=1, PERF_WITH_AVX512=1, TORCH_VERSION=1.10.1, USE_CUDA=ON, USE_CUDNN=ON, USE_EXCEPTION_PTR=1, USE_GFLAGS=OFF, USE_GLOG=OFF, USE_MKL=ON, USE_MKLDNN=ON, USE_MPI=OFF, USE_NCCL=ON, USE_NNPACK=ON, USE_OPENMP=ON, 

TorchVision: 0.11.2
OpenCV: 4.7.0
MMCV: 1.6.2
MMCV Compiler: GCC 9.3
MMCV CUDA Compiler: 11.3
pyskl: 0.1.0+HEAD
------------------------------------------------------------

2023-02-21 16:09:16,765 - pyskl - INFO - Config: model = dict(
    type='Recognizer3D',
    backbone=dict(
        type='ResNet3dSlowOnly',
        in_channels=5,
        base_channels=32,
        num_stages=3,
        out_indices=(2, ),
        stage_blocks=(4, 6, 3),
        conv1_stride=(1, 1),
        pool1_stride=(1, 1),
        inflate=(0, 1, 1),
        spatial_strides=(2, 2, 2),
        temporal_strides=(1, 1, 2),
        frozen_stages=3),
    cls_head=dict(
        type='I3DHead', in_channels=512, num_classes=10, dropout=0.5),
    test_cfg=dict(average_clips='prob'))
dataset_type = 'PoseDataset'
ann_file = 'data/ds_taichi/test7nsnr.pkl'
left_kp = [
    5, 6, 7, 8, 44, 45, 46, 47, 48, 49, 50, 51, 52, 53, 54, 55, 56, 57, 58, 59,
    60, 61, 62, 63, 64, 65, 66, 67, 68, 69, 70, 71
]
right_kp = [
    1, 2, 3, 4, 16, 17, 18, 19, 20, 21, 22, 23, 24, 25, 26, 27, 28, 29, 30, 31,
    32, 33, 34, 35, 36, 37, 38, 39, 40, 41, 42, 43
]
train_pipeline = [
    dict(type='UniformSampleFrames', clip_len=48),
    dict(type='PoseDecode'),
    dict(type='PoseCompact', hw_ratio=1.0, allow_imgpad=True),
    dict(type='Resize', scale=(-1, 64)),
    dict(type='RandomResizedCrop', area_range=(0.56, 1.0)),
    dict(type='Resize', scale=(56, 56), keep_ratio=False),
    dict(
        type='Flip',
        flip_ratio=0.5,
        left_kp=[
            5, 6, 7, 8, 44, 45, 46, 47, 48, 49, 50, 51, 52, 53, 54, 55, 56, 57,
            58, 59, 60, 61, 62, 63, 64, 65, 66, 67, 68, 69, 70, 71
        ],
        right_kp=[
            1, 2, 3, 4, 16, 17, 18, 19, 20, 21, 22, 23, 24, 25, 26, 27, 28, 29,
            30, 31, 32, 33, 34, 35, 36, 37, 38, 39, 40, 41, 42, 43
        ]),
    dict(type='GenerateTaiChiPoseTarget', with_kp=True, with_limb=False),
    dict(type='FormatShape', input_format='NCTHW_Heatmap'),
    dict(type='Collect', keys=['imgs', 'label'], meta_keys=[]),
    dict(type='ToTensor', keys=['imgs', 'label'])
]
val_pipeline = [
    dict(type='UniformSampleFrames', clip_len=48, num_clips=1),
    dict(type='PoseDecode'),
    dict(type='PoseCompact', hw_ratio=1.0, allow_imgpad=True),
    dict(type='Resize', scale=(64, 64), keep_ratio=False),
    dict(type='GenerateTaiChiPoseTarget', with_kp=True, with_limb=False),
    dict(type='FormatShape', input_format='NCTHW_Heatmap'),
    dict(type='Collect', keys=['imgs', 'label'], meta_keys=[]),
    dict(type='ToTensor', keys=['imgs'])
]
test_pipeline = [
    dict(type='UniformSampleFrames', clip_len=48, num_clips=10),
    dict(type='PoseDecode'),
    dict(type='PoseCompact', hw_ratio=1.0, allow_imgpad=True),
    dict(type='Resize', scale=(64, 64), keep_ratio=False),
    dict(
        type='GenerateTaiChiPoseTarget',
        with_kp=True,
        with_limb=False,
        double=True),
    dict(type='FormatShape', input_format='NCTHW_Heatmap'),
    dict(type='Collect', keys=['imgs', 'label'], meta_keys=[]),
    dict(type='ToTensor', keys=['imgs'])
]
data = dict(
    videos_per_gpu=8,
    workers_per_gpu=4,
    test_dataloader=dict(videos_per_gpu=6),
    train=dict(
        type='RepeatDataset',
        times=30,
        dataset=dict(
            type='PoseDataset',
            ann_file='data/ds_taichi/test7nsnr.pkl',
            split='train',
            pipeline=[
                dict(type='UniformSampleFrames', clip_len=48),
                dict(type='PoseDecode'),
                dict(type='PoseCompact', hw_ratio=1.0, allow_imgpad=True),
                dict(type='Resize', scale=(-1, 64)),
                dict(type='RandomResizedCrop', area_range=(0.56, 1.0)),
                dict(type='Resize', scale=(56, 56), keep_ratio=False),
                dict(
                    type='Flip',
                    flip_ratio=0.5,
                    left_kp=[
                        5, 6, 7, 8, 44, 45, 46, 47, 48, 49, 50, 51, 52, 53, 54,
                        55, 56, 57, 58, 59, 60, 61, 62, 63, 64, 65, 66, 67, 68,
                        69, 70, 71
                    ],
                    right_kp=[
                        1, 2, 3, 4, 16, 17, 18, 19, 20, 21, 22, 23, 24, 25, 26,
                        27, 28, 29, 30, 31, 32, 33, 34, 35, 36, 37, 38, 39, 40,
                        41, 42, 43
                    ]),
                dict(
                    type='GenerateTaiChiPoseTarget',
                    with_kp=True,
                    with_limb=False),
                dict(type='FormatShape', input_format='NCTHW_Heatmap'),
                dict(type='Collect', keys=['imgs', 'label'], meta_keys=[]),
                dict(type='ToTensor', keys=['imgs', 'label'])
            ])),
    val=dict(
        type='PoseDataset',
        ann_file='data/ds_taichi/test7nsnr.pkl',
        split='test',
        pipeline=[
            dict(type='UniformSampleFrames', clip_len=48, num_clips=1),
            dict(type='PoseDecode'),
            dict(type='PoseCompact', hw_ratio=1.0, allow_imgpad=True),
            dict(type='Resize', scale=(64, 64), keep_ratio=False),
            dict(
                type='GenerateTaiChiPoseTarget', with_kp=True,
                with_limb=False),
            dict(type='FormatShape', input_format='NCTHW_Heatmap'),
            dict(type='Collect', keys=['imgs', 'label'], meta_keys=[]),
            dict(type='ToTensor', keys=['imgs'])
        ]),
    test=dict(
        type='PoseDataset',
        ann_file='data/ds_taichi/test7nsnr.pkl',
        split='test',
        pipeline=[
            dict(type='UniformSampleFrames', clip_len=48, num_clips=10),
            dict(type='PoseDecode'),
            dict(type='PoseCompact', hw_ratio=1.0, allow_imgpad=True),
            dict(type='Resize', scale=(64, 64), keep_ratio=False),
            dict(
                type='GenerateTaiChiPoseTarget',
                with_kp=True,
                with_limb=False,
                double=True),
            dict(type='FormatShape', input_format='NCTHW_Heatmap'),
            dict(type='Collect', keys=['imgs', 'label'], meta_keys=[]),
            dict(type='ToTensor', keys=['imgs'])
        ]))
optimizer = dict(type='SGD', lr=1, momentum=0.9, weight_decay=0.0003)
optimizer_config = dict(grad_clip=dict(max_norm=40, norm_type=2))
lr_config = dict(policy='CosineAnnealing', by_epoch=False, min_lr=0)
total_epochs = 24
checkpoint_config = dict(interval=24)
evaluation = dict(
    interval=1, metrics=['top_k_accuracy', 'mean_class_accuracy'], topk=(1, 5))
log_config = dict(interval=20, hooks=[dict(type='TextLoggerHook')])
log_level = 'INFO'
output_config = dict(
    out='./model_pth/exp0/t7nsnr_5p_lr1/test_result/results.pkl')
eval_config = dict(
    metric_out='./model_pth/exp0/t7nsnr_5p_lr1/test_result',
    eval=[
        'top_k_accuracy', 'mean_class_accuracy', 'confusion_matrix',
        't_sne_vis'
    ])
work_dir = './model_pth/exp0/t7nsnr_5p_lr1'
load_from = './model_pth/ntu120xsub_5parts_kp/best_top1_acc_epoch_23.pth'
find_unused_parameters = True
dist_params = dict(backend='nccl')
gpu_ids = range(0, 4)

2023-02-21 16:09:16,766 - pyskl - INFO - Set random seed to 42, deterministic: True
2023-02-21 16:09:17,418 - pyskl - INFO - 60 videos remain after valid thresholding
2023-02-21 16:09:23,009 - pyskl - INFO - 140 videos remain after valid thresholding
2023-02-21 16:09:23,010 - pyskl - INFO - load checkpoint from local path: ./model_pth/ntu120xsub_5parts_kp/best_top1_acc_epoch_23.pth
2023-02-21 16:09:23,033 - pyskl - WARNING - The model and loaded state dict do not match exactly

size mismatch for cls_head.fc_cls.weight: copying a param with shape torch.Size([120, 512]) from checkpoint, the shape in current model is torch.Size([10, 512]).
size mismatch for cls_head.fc_cls.bias: copying a param with shape torch.Size([120]) from checkpoint, the shape in current model is torch.Size([10]).
2023-02-21 16:09:23,034 - pyskl - INFO - Start running, host: yl@83090-jin, work_dir: /home/yl/sscls/model_pth/exp0/t7nsnr_5p_lr1
2023-02-21 16:09:23,034 - pyskl - INFO - Hooks will be executed in the following order:
before_run:
(VERY_HIGH   ) CosineAnnealingLrUpdaterHook       
(NORMAL      ) CheckpointHook                     
(NORMAL      ) DistEvalHook                       
(VERY_LOW    ) TextLoggerHook                     
 -------------------- 
before_train_epoch:
(VERY_HIGH   ) CosineAnnealingLrUpdaterHook       
(NORMAL      ) DistSamplerSeedHook                
(NORMAL      ) DistEvalHook                       
(LOW         ) IterTimerHook                      
(VERY_LOW    ) TextLoggerHook                     
 -------------------- 
before_train_iter:
(VERY_HIGH   ) CosineAnnealingLrUpdaterHook       
(NORMAL      ) DistEvalHook                       
(LOW         ) IterTimerHook                      
 -------------------- 
after_train_iter:
(ABOVE_NORMAL) OptimizerHook                      
(NORMAL      ) CheckpointHook                     
(NORMAL      ) DistEvalHook                       
(LOW         ) IterTimerHook                      
(VERY_LOW    ) TextLoggerHook                     
 -------------------- 
after_train_epoch:
(NORMAL      ) CheckpointHook                     
(NORMAL      ) DistEvalHook                       
(VERY_LOW    ) TextLoggerHook                     
 -------------------- 
before_val_epoch:
(NORMAL      ) DistSamplerSeedHook                
(LOW         ) IterTimerHook                      
(VERY_LOW    ) TextLoggerHook                     
 -------------------- 
before_val_iter:
(LOW         ) IterTimerHook                      
 -------------------- 
after_val_iter:
(LOW         ) IterTimerHook                      
 -------------------- 
after_val_epoch:
(VERY_LOW    ) TextLoggerHook                     
 -------------------- 
after_run:
(VERY_LOW    ) TextLoggerHook                     
 -------------------- 
2023-02-21 16:09:23,035 - pyskl - INFO - workflow: [('train', 1)], max: 24 epochs
2023-02-21 16:09:23,035 - pyskl - INFO - Checkpoints will be saved to /home/yl/sscls/model_pth/exp0/t7nsnr_5p_lr1 by HardDiskBackend.
2023-02-21 16:09:40,812 - pyskl - INFO - Epoch [1][20/57]	lr: 9.995e-01, eta: 0:19:57, time: 0.889, data_time: 0.752, memory: 664, top1_acc: 0.1750, top5_acc: 0.5734, loss_cls: 66.2945, loss: 66.2945, grad_norm: 7.1923
2023-02-21 16:09:44,294 - pyskl - INFO - Epoch [1][40/57]	lr: 9.980e-01, eta: 0:11:45, time: 0.174, data_time: 0.088, memory: 664, top1_acc: 0.3656, top5_acc: 0.7609, loss_cls: 45.0410, loss: 45.0410, grad_norm: 4.7704
2023-02-21 16:10:03,849 - pyskl - INFO - Evaluating top_k_accuracy ...
2023-02-21 16:10:03,850 - pyskl - INFO - 
top1_acc	0.6500
top5_acc	0.9000
2023-02-21 16:10:03,850 - pyskl - INFO - Evaluating mean_class_accuracy ...
2023-02-21 16:10:03,851 - pyskl - INFO - 
mean_acc	0.6500
2023-02-21 16:10:03,881 - pyskl - INFO - Now best checkpoint is saved as best_top1_acc_epoch_1.pth.
2023-02-21 16:10:03,881 - pyskl - INFO - Best top1_acc is 0.6500 at 1 epoch.
2023-02-21 16:10:03,881 - pyskl - INFO - Epoch(val) [1][5]	top1_acc: 0.6500, top5_acc: 0.9000, mean_class_accuracy: 0.6500
2023-02-21 16:10:21,362 - pyskl - INFO - Epoch [2][20/57]	lr: 9.924e-01, eta: 0:10:49, time: 0.874, data_time: 0.821, memory: 861, top1_acc: 0.5594, top5_acc: 0.9344, loss_cls: 17.0234, loss: 17.0234, grad_norm: 3.1972
2023-02-21 16:10:24,897 - pyskl - INFO - Epoch [2][40/57]	lr: 9.879e-01, eta: 0:09:13, time: 0.177, data_time: 0.121, memory: 861, top1_acc: 0.5281, top5_acc: 0.8594, loss_cls: 33.8148, loss: 33.8148, grad_norm: 3.6389
2023-02-21 16:10:44,676 - pyskl - INFO - Evaluating top_k_accuracy ...
2023-02-21 16:10:44,676 - pyskl - INFO - 
top1_acc	0.4571
top5_acc	0.9357
2023-02-21 16:10:44,676 - pyskl - INFO - Evaluating mean_class_accuracy ...
2023-02-21 16:10:44,677 - pyskl - INFO - 
mean_acc	0.4571
2023-02-21 16:10:44,677 - pyskl - INFO - Epoch(val) [2][5]	top1_acc: 0.4571, top5_acc: 0.9357, mean_class_accuracy: 0.4571
2023-02-21 16:11:02,339 - pyskl - INFO - Epoch [3][20/57]	lr: 9.769e-01, eta: 0:09:11, time: 0.883, data_time: 0.807, memory: 861, top1_acc: 0.5828, top5_acc: 0.9594, loss_cls: 16.7398, loss: 16.7398, grad_norm: 3.0297
2023-02-21 16:11:06,121 - pyskl - INFO - Epoch [3][40/57]	lr: 9.695e-01, eta: 0:08:22, time: 0.189, data_time: 0.041, memory: 861, top1_acc: 0.5781, top5_acc: 0.9406, loss_cls: 19.9885, loss: 19.9885, grad_norm: 3.0986
2023-02-21 16:11:25,759 - pyskl - INFO - Evaluating top_k_accuracy ...
2023-02-21 16:11:25,759 - pyskl - INFO - 
top1_acc	0.7000
top5_acc	0.9357
2023-02-21 16:11:25,759 - pyskl - INFO - Evaluating mean_class_accuracy ...
2023-02-21 16:11:25,760 - pyskl - INFO - 
mean_acc	0.7000
2023-02-21 16:11:25,761 - pyskl - INFO - The previous best checkpoint /home/yl/sscls/model_pth/exp0/t7nsnr_5p_lr1/best_top1_acc_epoch_1.pth was removed
2023-02-21 16:11:25,786 - pyskl - INFO - Now best checkpoint is saved as best_top1_acc_epoch_3.pth.
2023-02-21 16:11:25,787 - pyskl - INFO - Best top1_acc is 0.7000 at 3 epoch.
2023-02-21 16:11:25,787 - pyskl - INFO - Epoch(val) [3][5]	top1_acc: 0.7000, top5_acc: 0.9357, mean_class_accuracy: 0.7000
2023-02-21 16:11:43,200 - pyskl - INFO - Epoch [4][20/57]	lr: 9.532e-01, eta: 0:08:19, time: 0.870, data_time: 0.807, memory: 861, top1_acc: 0.6719, top5_acc: 0.9703, loss_cls: 12.7025, loss: 12.7025, grad_norm: 2.6059
2023-02-21 16:11:46,778 - pyskl - INFO - Epoch [4][40/57]	lr: 9.430e-01, eta: 0:07:44, time: 0.179, data_time: 0.100, memory: 861, top1_acc: 0.6250, top5_acc: 0.9531, loss_cls: 15.9307, loss: 15.9307, grad_norm: 2.8341
2023-02-21 16:12:06,391 - pyskl - INFO - Evaluating top_k_accuracy ...
2023-02-21 16:12:06,392 - pyskl - INFO - 
top1_acc	0.8071
top5_acc	0.9786
2023-02-21 16:12:06,392 - pyskl - INFO - Evaluating mean_class_accuracy ...
2023-02-21 16:12:06,392 - pyskl - INFO - 
mean_acc	0.8071
2023-02-21 16:12:06,393 - pyskl - INFO - The previous best checkpoint /home/yl/sscls/model_pth/exp0/t7nsnr_5p_lr1/best_top1_acc_epoch_3.pth was removed
2023-02-21 16:12:06,420 - pyskl - INFO - Now best checkpoint is saved as best_top1_acc_epoch_4.pth.
2023-02-21 16:12:06,421 - pyskl - INFO - Best top1_acc is 0.8071 at 4 epoch.
2023-02-21 16:12:06,421 - pyskl - INFO - Epoch(val) [4][5]	top1_acc: 0.8071, top5_acc: 0.9786, mean_class_accuracy: 0.8071
2023-02-21 16:12:24,075 - pyskl - INFO - Epoch [5][20/57]	lr: 9.217e-01, eta: 0:07:42, time: 0.883, data_time: 0.776, memory: 861, top1_acc: 0.7000, top5_acc: 0.9625, loss_cls: 9.8927, loss: 9.8927, grad_norm: 2.2296
2023-02-21 16:12:27,672 - pyskl - INFO - Epoch [5][40/57]	lr: 9.089e-01, eta: 0:07:14, time: 0.180, data_time: 0.025, memory: 861, top1_acc: 0.7219, top5_acc: 0.9750, loss_cls: 8.3715, loss: 8.3715, grad_norm: 2.1891
2023-02-21 16:12:47,367 - pyskl - INFO - Evaluating top_k_accuracy ...
2023-02-21 16:12:47,368 - pyskl - INFO - 
top1_acc	0.8571
top5_acc	0.9643
2023-02-21 16:12:47,368 - pyskl - INFO - Evaluating mean_class_accuracy ...
2023-02-21 16:12:47,369 - pyskl - INFO - 
mean_acc	0.8571
2023-02-21 16:12:47,371 - pyskl - INFO - The previous best checkpoint /home/yl/sscls/model_pth/exp0/t7nsnr_5p_lr1/best_top1_acc_epoch_4.pth was removed
2023-02-21 16:12:47,397 - pyskl - INFO - Now best checkpoint is saved as best_top1_acc_epoch_5.pth.
2023-02-21 16:12:47,397 - pyskl - INFO - Best top1_acc is 0.8571 at 5 epoch.
2023-02-21 16:12:47,397 - pyskl - INFO - Epoch(val) [5][5]	top1_acc: 0.8571, top5_acc: 0.9643, mean_class_accuracy: 0.8571
2023-02-21 16:13:05,028 - pyskl - INFO - Epoch [6][20/57]	lr: 8.830e-01, eta: 0:07:10, time: 0.881, data_time: 0.791, memory: 861, top1_acc: 0.6391, top5_acc: 0.9594, loss_cls: 12.8339, loss: 12.8339, grad_norm: 2.7669
2023-02-21 16:13:08,619 - pyskl - INFO - Epoch [6][40/57]	lr: 8.679e-01, eta: 0:06:48, time: 0.180, data_time: 0.078, memory: 861, top1_acc: 0.6516, top5_acc: 0.9703, loss_cls: 11.3117, loss: 11.3117, grad_norm: 2.7165
2023-02-21 16:13:28,453 - pyskl - INFO - Evaluating top_k_accuracy ...
2023-02-21 16:13:28,454 - pyskl - INFO - 
top1_acc	0.9071
top5_acc	1.0000
2023-02-21 16:13:28,455 - pyskl - INFO - Evaluating mean_class_accuracy ...
2023-02-21 16:13:28,455 - pyskl - INFO - 
mean_acc	0.9071
2023-02-21 16:13:28,458 - pyskl - INFO - The previous best checkpoint /home/yl/sscls/model_pth/exp0/t7nsnr_5p_lr1/best_top1_acc_epoch_5.pth was removed
2023-02-21 16:13:28,483 - pyskl - INFO - Now best checkpoint is saved as best_top1_acc_epoch_6.pth.
2023-02-21 16:13:28,483 - pyskl - INFO - Best top1_acc is 0.9071 at 6 epoch.
2023-02-21 16:13:28,484 - pyskl - INFO - Epoch(val) [6][5]	top1_acc: 0.9071, top5_acc: 1.0000, mean_class_accuracy: 0.9071
2023-02-21 16:13:46,476 - pyskl - INFO - Epoch [7][20/57]	lr: 8.378e-01, eta: 0:06:43, time: 0.899, data_time: 0.818, memory: 861, top1_acc: 0.6766, top5_acc: 0.9766, loss_cls: 9.7099, loss: 9.7099, grad_norm: 2.5404
2023-02-21 16:13:50,096 - pyskl - INFO - Epoch [7][40/57]	lr: 8.205e-01, eta: 0:06:23, time: 0.181, data_time: 0.107, memory: 861, top1_acc: 0.6453, top5_acc: 0.9688, loss_cls: 11.0220, loss: 11.0220, grad_norm: 2.8182
2023-02-21 16:14:09,970 - pyskl - INFO - Evaluating top_k_accuracy ...
2023-02-21 16:14:09,971 - pyskl - INFO - 
top1_acc	0.7357
top5_acc	1.0000
2023-02-21 16:14:09,971 - pyskl - INFO - Evaluating mean_class_accuracy ...
2023-02-21 16:14:09,971 - pyskl - INFO - 
mean_acc	0.7357
2023-02-21 16:14:09,971 - pyskl - INFO - Epoch(val) [7][5]	top1_acc: 0.7357, top5_acc: 1.0000, mean_class_accuracy: 0.7357
2023-02-21 16:14:27,822 - pyskl - INFO - Epoch [8][20/57]	lr: 7.868e-01, eta: 0:06:17, time: 0.892, data_time: 0.836, memory: 861, top1_acc: 0.6937, top5_acc: 0.9875, loss_cls: 8.6166, loss: 8.6166, grad_norm: 2.4702
2023-02-21 16:14:31,326 - pyskl - INFO - Epoch [8][40/57]	lr: 7.677e-01, eta: 0:05:59, time: 0.175, data_time: 0.112, memory: 861, top1_acc: 0.7125, top5_acc: 0.9828, loss_cls: 8.2184, loss: 8.2184, grad_norm: 2.2900
2023-02-21 16:14:51,328 - pyskl - INFO - Evaluating top_k_accuracy ...
2023-02-21 16:14:51,328 - pyskl - INFO - 
top1_acc	0.8214
top5_acc	0.9929
2023-02-21 16:14:51,328 - pyskl - INFO - Evaluating mean_class_accuracy ...
2023-02-21 16:14:51,329 - pyskl - INFO - 
mean_acc	0.8214
2023-02-21 16:14:51,329 - pyskl - INFO - Epoch(val) [8][5]	top1_acc: 0.8214, top5_acc: 0.9929, mean_class_accuracy: 0.8214
2023-02-21 16:15:09,068 - pyskl - INFO - Epoch [9][20/57]	lr: 7.309e-01, eta: 0:05:52, time: 0.887, data_time: 0.778, memory: 861, top1_acc: 0.7547, top5_acc: 0.9875, loss_cls: 6.1975, loss: 6.1975, grad_norm: 2.1257
2023-02-21 16:15:12,579 - pyskl - INFO - Epoch [9][40/57]	lr: 7.103e-01, eta: 0:05:36, time: 0.176, data_time: 0.083, memory: 861, top1_acc: 0.6750, top5_acc: 0.9766, loss_cls: 9.5194, loss: 9.5194, grad_norm: 2.5888
2023-02-21 16:15:32,312 - pyskl - INFO - Evaluating top_k_accuracy ...
2023-02-21 16:15:32,313 - pyskl - INFO - 
top1_acc	0.5929
top5_acc	0.9429
2023-02-21 16:15:32,313 - pyskl - INFO - Evaluating mean_class_accuracy ...
2023-02-21 16:15:32,313 - pyskl - INFO - 
mean_acc	0.5929
2023-02-21 16:15:32,314 - pyskl - INFO - Epoch(val) [9][5]	top1_acc: 0.5929, top5_acc: 0.9429, mean_class_accuracy: 0.5929
2023-02-21 16:15:49,994 - pyskl - INFO - Epoch [10][20/57]	lr: 6.710e-01, eta: 0:05:27, time: 0.884, data_time: 0.758, memory: 861, top1_acc: 0.6859, top5_acc: 0.9719, loss_cls: 9.3044, loss: 9.3044, grad_norm: 2.6415
2023-02-21 16:15:53,525 - pyskl - INFO - Epoch [10][40/57]	lr: 6.493e-01, eta: 0:05:13, time: 0.177, data_time: 0.033, memory: 861, top1_acc: 0.6703, top5_acc: 0.9578, loss_cls: 11.6695, loss: 11.6695, grad_norm: 2.7965
2023-02-21 16:16:13,323 - pyskl - INFO - Evaluating top_k_accuracy ...
2023-02-21 16:16:13,323 - pyskl - INFO - 
top1_acc	0.9071
top5_acc	1.0000
2023-02-21 16:16:13,324 - pyskl - INFO - Evaluating mean_class_accuracy ...
2023-02-21 16:16:13,324 - pyskl - INFO - 
mean_acc	0.9071
2023-02-21 16:16:13,324 - pyskl - INFO - Epoch(val) [10][5]	top1_acc: 0.9071, top5_acc: 1.0000, mean_class_accuracy: 0.9071
2023-02-21 16:16:30,944 - pyskl - INFO - Epoch [11][20/57]	lr: 6.082e-01, eta: 0:05:03, time: 0.881, data_time: 0.823, memory: 861, top1_acc: 0.7141, top5_acc: 0.9875, loss_cls: 6.6183, loss: 6.6183, grad_norm: 2.2913
2023-02-21 16:16:34,405 - pyskl - INFO - Epoch [11][40/57]	lr: 5.857e-01, eta: 0:04:50, time: 0.173, data_time: 0.088, memory: 861, top1_acc: 0.7250, top5_acc: 0.9797, loss_cls: 7.1536, loss: 7.1536, grad_norm: 2.3418
2023-02-21 16:16:54,346 - pyskl - INFO - Evaluating top_k_accuracy ...
2023-02-21 16:16:54,347 - pyskl - INFO - 
top1_acc	0.8214
top5_acc	1.0000
2023-02-21 16:16:54,347 - pyskl - INFO - Evaluating mean_class_accuracy ...
2023-02-21 16:16:54,347 - pyskl - INFO - 
mean_acc	0.8214
2023-02-21 16:16:54,348 - pyskl - INFO - Epoch(val) [11][5]	top1_acc: 0.8214, top5_acc: 1.0000, mean_class_accuracy: 0.8214
2023-02-21 16:17:12,488 - pyskl - INFO - Epoch [12][20/57]	lr: 5.436e-01, eta: 0:04:40, time: 0.907, data_time: 0.779, memory: 861, top1_acc: 0.7625, top5_acc: 0.9906, loss_cls: 5.7139, loss: 5.7139, grad_norm: 2.0575
2023-02-21 16:17:16,075 - pyskl - INFO - Epoch [12][40/57]	lr: 5.207e-01, eta: 0:04:28, time: 0.179, data_time: 0.033, memory: 861, top1_acc: 0.7750, top5_acc: 0.9828, loss_cls: 4.7191, loss: 4.7191, grad_norm: 1.8683
2023-02-21 16:17:35,783 - pyskl - INFO - Evaluating top_k_accuracy ...
2023-02-21 16:17:35,784 - pyskl - INFO - 
top1_acc	0.9071
top5_acc	0.9929
2023-02-21 16:17:35,784 - pyskl - INFO - Evaluating mean_class_accuracy ...
2023-02-21 16:17:35,784 - pyskl - INFO - 
mean_acc	0.9071
2023-02-21 16:17:35,784 - pyskl - INFO - Epoch(val) [12][5]	top1_acc: 0.9071, top5_acc: 0.9929, mean_class_accuracy: 0.9071
2023-02-21 16:17:53,804 - pyskl - INFO - Epoch [13][20/57]	lr: 4.782e-01, eta: 0:04:17, time: 0.901, data_time: 0.806, memory: 861, top1_acc: 0.7453, top5_acc: 0.9812, loss_cls: 5.8791, loss: 5.8791, grad_norm: 2.0574
2023-02-21 16:17:57,621 - pyskl - INFO - Epoch [13][40/57]	lr: 4.553e-01, eta: 0:04:06, time: 0.191, data_time: 0.092, memory: 861, top1_acc: 0.7781, top5_acc: 0.9812, loss_cls: 4.3784, loss: 4.3784, grad_norm: 1.7948
2023-02-21 16:18:17,496 - pyskl - INFO - Evaluating top_k_accuracy ...
2023-02-21 16:18:17,496 - pyskl - INFO - 
top1_acc	0.9000
top5_acc	1.0000
2023-02-21 16:18:17,496 - pyskl - INFO - Evaluating mean_class_accuracy ...
2023-02-21 16:18:17,497 - pyskl - INFO - 
mean_acc	0.9000
2023-02-21 16:18:17,497 - pyskl - INFO - Epoch(val) [13][5]	top1_acc: 0.9000, top5_acc: 1.0000, mean_class_accuracy: 0.9000
2023-02-21 16:18:35,281 - pyskl - INFO - Epoch [14][20/57]	lr: 4.132e-01, eta: 0:03:55, time: 0.889, data_time: 0.771, memory: 861, top1_acc: 0.8031, top5_acc: 0.9891, loss_cls: 3.4764, loss: 3.4764, grad_norm: 1.7221
2023-02-21 16:18:38,891 - pyskl - INFO - Epoch [14][40/57]	lr: 3.907e-01, eta: 0:03:44, time: 0.181, data_time: 0.055, memory: 861, top1_acc: 0.7422, top5_acc: 0.9875, loss_cls: 4.6398, loss: 4.6398, grad_norm: 2.1208
2023-02-21 16:18:58,849 - pyskl - INFO - Evaluating top_k_accuracy ...
2023-02-21 16:18:58,850 - pyskl - INFO - 
top1_acc	0.8714
top5_acc	1.0000
2023-02-21 16:18:58,850 - pyskl - INFO - Evaluating mean_class_accuracy ...
2023-02-21 16:18:58,851 - pyskl - INFO - 
mean_acc	0.8714
2023-02-21 16:18:58,851 - pyskl - INFO - Epoch(val) [14][5]	top1_acc: 0.8714, top5_acc: 1.0000, mean_class_accuracy: 0.8714
2023-02-21 16:19:16,588 - pyskl - INFO - Epoch [15][20/57]	lr: 3.496e-01, eta: 0:03:32, time: 0.887, data_time: 0.811, memory: 861, top1_acc: 0.7281, top5_acc: 0.9922, loss_cls: 4.8405, loss: 4.8405, grad_norm: 2.1743
2023-02-21 16:19:20,152 - pyskl - INFO - Epoch [15][40/57]	lr: 3.279e-01, eta: 0:03:22, time: 0.178, data_time: 0.099, memory: 861, top1_acc: 0.8000, top5_acc: 0.9891, loss_cls: 3.3062, loss: 3.3062, grad_norm: 1.7662
2023-02-21 16:19:39,878 - pyskl - INFO - Evaluating top_k_accuracy ...
2023-02-21 16:19:39,878 - pyskl - INFO - 
top1_acc	0.8929
top5_acc	1.0000
2023-02-21 16:19:39,878 - pyskl - INFO - Evaluating mean_class_accuracy ...
2023-02-21 16:19:39,879 - pyskl - INFO - 
mean_acc	0.8929
2023-02-21 16:19:39,879 - pyskl - INFO - Epoch(val) [15][5]	top1_acc: 0.8929, top5_acc: 1.0000, mean_class_accuracy: 0.8929
2023-02-21 16:19:57,686 - pyskl - INFO - Epoch [16][20/57]	lr: 2.887e-01, eta: 0:03:10, time: 0.890, data_time: 0.804, memory: 861, top1_acc: 0.8109, top5_acc: 0.9922, loss_cls: 2.8833, loss: 2.8833, grad_norm: 1.6544
2023-02-21 16:20:01,267 - pyskl - INFO - Epoch [16][40/57]	lr: 2.681e-01, eta: 0:03:00, time: 0.179, data_time: 0.068, memory: 861, top1_acc: 0.8281, top5_acc: 0.9891, loss_cls: 2.8182, loss: 2.8182, grad_norm: 1.5486
2023-02-21 16:20:21,148 - pyskl - INFO - Evaluating top_k_accuracy ...
2023-02-21 16:20:21,149 - pyskl - INFO - 
top1_acc	0.9286
top5_acc	1.0000
2023-02-21 16:20:21,149 - pyskl - INFO - Evaluating mean_class_accuracy ...
2023-02-21 16:20:21,150 - pyskl - INFO - 
mean_acc	0.9286
2023-02-21 16:20:21,152 - pyskl - INFO - The previous best checkpoint /home/yl/sscls/model_pth/exp0/t7nsnr_5p_lr1/best_top1_acc_epoch_6.pth was removed
2023-02-21 16:20:21,180 - pyskl - INFO - Now best checkpoint is saved as best_top1_acc_epoch_16.pth.
2023-02-21 16:20:21,180 - pyskl - INFO - Best top1_acc is 0.9286 at 16 epoch.
2023-02-21 16:20:21,180 - pyskl - INFO - Epoch(val) [16][5]	top1_acc: 0.9286, top5_acc: 1.0000, mean_class_accuracy: 0.9286
2023-02-21 16:20:38,816 - pyskl - INFO - Epoch [17][20/57]	lr: 2.314e-01, eta: 0:02:47, time: 0.882, data_time: 0.833, memory: 861, top1_acc: 0.7797, top5_acc: 0.9938, loss_cls: 3.6723, loss: 3.6723, grad_norm: 1.8907
2023-02-21 16:20:42,446 - pyskl - INFO - Epoch [17][40/57]	lr: 2.123e-01, eta: 0:02:38, time: 0.182, data_time: 0.132, memory: 861, top1_acc: 0.8203, top5_acc: 0.9938, loss_cls: 2.5168, loss: 2.5168, grad_norm: 1.5937
2023-02-21 16:21:02,404 - pyskl - INFO - Evaluating top_k_accuracy ...
2023-02-21 16:21:02,405 - pyskl - INFO - 
top1_acc	0.9429
top5_acc	1.0000
2023-02-21 16:21:02,405 - pyskl - INFO - Evaluating mean_class_accuracy ...
2023-02-21 16:21:02,405 - pyskl - INFO - 
mean_acc	0.9429
2023-02-21 16:21:02,407 - pyskl - INFO - The previous best checkpoint /home/yl/sscls/model_pth/exp0/t7nsnr_5p_lr1/best_top1_acc_epoch_16.pth was removed
2023-02-21 16:21:02,433 - pyskl - INFO - Now best checkpoint is saved as best_top1_acc_epoch_17.pth.
2023-02-21 16:21:02,433 - pyskl - INFO - Best top1_acc is 0.9429 at 17 epoch.
2023-02-21 16:21:02,433 - pyskl - INFO - Epoch(val) [17][5]	top1_acc: 0.9429, top5_acc: 1.0000, mean_class_accuracy: 0.9429
2023-02-21 16:21:20,172 - pyskl - INFO - Epoch [18][20/57]	lr: 1.786e-01, eta: 0:02:25, time: 0.887, data_time: 0.835, memory: 861, top1_acc: 0.8016, top5_acc: 0.9953, loss_cls: 2.8926, loss: 2.8926, grad_norm: 1.7177
2023-02-21 16:21:23,737 - pyskl - INFO - Epoch [18][40/57]	lr: 1.614e-01, eta: 0:02:16, time: 0.178, data_time: 0.128, memory: 861, top1_acc: 0.8297, top5_acc: 0.9922, loss_cls: 2.2663, loss: 2.2663, grad_norm: 1.5001
2023-02-21 16:21:43,529 - pyskl - INFO - Evaluating top_k_accuracy ...
2023-02-21 16:21:43,529 - pyskl - INFO - 
top1_acc	0.9214
top5_acc	1.0000
2023-02-21 16:21:43,529 - pyskl - INFO - Evaluating mean_class_accuracy ...
2023-02-21 16:21:43,530 - pyskl - INFO - 
mean_acc	0.9214
2023-02-21 16:21:43,530 - pyskl - INFO - Epoch(val) [18][5]	top1_acc: 0.9214, top5_acc: 1.0000, mean_class_accuracy: 0.9214
2023-02-21 16:22:01,121 - pyskl - INFO - Epoch [19][20/57]	lr: 1.314e-01, eta: 0:02:03, time: 0.879, data_time: 0.832, memory: 861, top1_acc: 0.8187, top5_acc: 0.9984, loss_cls: 2.1455, loss: 2.1455, grad_norm: 1.5925
2023-02-21 16:22:04,734 - pyskl - INFO - Epoch [19][40/57]	lr: 1.162e-01, eta: 0:01:54, time: 0.180, data_time: 0.128, memory: 861, top1_acc: 0.8406, top5_acc: 1.0000, loss_cls: 1.7305, loss: 1.7305, grad_norm: 1.4479
2023-02-21 16:22:24,950 - pyskl - INFO - Evaluating top_k_accuracy ...
2023-02-21 16:22:24,950 - pyskl - INFO - 
top1_acc	0.9500
top5_acc	1.0000
2023-02-21 16:22:24,950 - pyskl - INFO - Evaluating mean_class_accuracy ...
2023-02-21 16:22:24,951 - pyskl - INFO - 
mean_acc	0.9500
2023-02-21 16:22:24,952 - pyskl - INFO - The previous best checkpoint /home/yl/sscls/model_pth/exp0/t7nsnr_5p_lr1/best_top1_acc_epoch_17.pth was removed
2023-02-21 16:22:24,979 - pyskl - INFO - Now best checkpoint is saved as best_top1_acc_epoch_19.pth.
2023-02-21 16:22:24,979 - pyskl - INFO - Best top1_acc is 0.9500 at 19 epoch.
2023-02-21 16:22:24,979 - pyskl - INFO - Epoch(val) [19][5]	top1_acc: 0.9500, top5_acc: 1.0000, mean_class_accuracy: 0.9500
2023-02-21 16:22:42,711 - pyskl - INFO - Epoch [20][20/57]	lr: 9.042e-02, eta: 0:01:41, time: 0.886, data_time: 0.815, memory: 861, top1_acc: 0.8641, top5_acc: 0.9953, loss_cls: 1.5556, loss: 1.5556, grad_norm: 1.3641
2023-02-21 16:22:46,275 - pyskl - INFO - Epoch [20][40/57]	lr: 7.769e-02, eta: 0:01:33, time: 0.178, data_time: 0.097, memory: 861, top1_acc: 0.8625, top5_acc: 0.9953, loss_cls: 1.4495, loss: 1.4495, grad_norm: 1.3179
2023-02-21 16:23:06,345 - pyskl - INFO - Evaluating top_k_accuracy ...
2023-02-21 16:23:06,345 - pyskl - INFO - 
top1_acc	0.9429
top5_acc	1.0000
2023-02-21 16:23:06,345 - pyskl - INFO - Evaluating mean_class_accuracy ...
2023-02-21 16:23:06,346 - pyskl - INFO - 
mean_acc	0.9429
2023-02-21 16:23:06,346 - pyskl - INFO - Epoch(val) [20][5]	top1_acc: 0.9429, top5_acc: 1.0000, mean_class_accuracy: 0.9429
2023-02-21 16:23:23,993 - pyskl - INFO - Epoch [21][20/57]	lr: 5.649e-02, eta: 0:01:19, time: 0.882, data_time: 0.831, memory: 861, top1_acc: 0.8531, top5_acc: 0.9938, loss_cls: 1.6594, loss: 1.6594, grad_norm: 1.4371
2023-02-21 16:23:27,630 - pyskl - INFO - Epoch [21][40/57]	lr: 4.636e-02, eta: 0:01:11, time: 0.182, data_time: 0.125, memory: 861, top1_acc: 0.8594, top5_acc: 0.9969, loss_cls: 1.5386, loss: 1.5386, grad_norm: 1.3015
2023-02-21 16:23:47,615 - pyskl - INFO - Evaluating top_k_accuracy ...
2023-02-21 16:23:47,615 - pyskl - INFO - 
top1_acc	0.9500
top5_acc	1.0000
2023-02-21 16:23:47,615 - pyskl - INFO - Evaluating mean_class_accuracy ...
2023-02-21 16:23:47,616 - pyskl - INFO - 
mean_acc	0.9500
2023-02-21 16:23:47,616 - pyskl - INFO - Epoch(val) [21][5]	top1_acc: 0.9500, top5_acc: 1.0000, mean_class_accuracy: 0.9500
2023-02-21 16:24:05,380 - pyskl - INFO - Epoch [22][20/57]	lr: 3.015e-02, eta: 0:00:57, time: 0.888, data_time: 0.716, memory: 861, top1_acc: 0.8703, top5_acc: 0.9969, loss_cls: 1.3259, loss: 1.3259, grad_norm: 1.3043
2023-02-21 16:24:08,960 - pyskl - INFO - Epoch [22][40/57]	lr: 2.280e-02, eta: 0:00:49, time: 0.179, data_time: 0.000, memory: 861, top1_acc: 0.8703, top5_acc: 0.9969, loss_cls: 1.3545, loss: 1.3545, grad_norm: 1.2877
2023-02-21 16:24:28,776 - pyskl - INFO - Evaluating top_k_accuracy ...
2023-02-21 16:24:28,776 - pyskl - INFO - 
top1_acc	0.9857
top5_acc	1.0000
2023-02-21 16:24:28,776 - pyskl - INFO - Evaluating mean_class_accuracy ...
2023-02-21 16:24:28,777 - pyskl - INFO - 
mean_acc	0.9857
2023-02-21 16:24:28,779 - pyskl - INFO - The previous best checkpoint /home/yl/sscls/model_pth/exp0/t7nsnr_5p_lr1/best_top1_acc_epoch_19.pth was removed
2023-02-21 16:24:28,812 - pyskl - INFO - Now best checkpoint is saved as best_top1_acc_epoch_22.pth.
2023-02-21 16:24:28,812 - pyskl - INFO - Best top1_acc is 0.9857 at 22 epoch.
2023-02-21 16:24:28,812 - pyskl - INFO - Epoch(val) [22][5]	top1_acc: 0.9857, top5_acc: 1.0000, mean_class_accuracy: 0.9857
2023-02-21 16:24:46,611 - pyskl - INFO - Epoch [23][20/57]	lr: 1.185e-02, eta: 0:00:35, time: 0.890, data_time: 0.836, memory: 861, top1_acc: 0.8594, top5_acc: 0.9969, loss_cls: 1.3713, loss: 1.3713, grad_norm: 1.2527
2023-02-21 16:24:50,136 - pyskl - INFO - Epoch [23][40/57]	lr: 7.398e-03, eta: 0:00:28, time: 0.176, data_time: 0.121, memory: 861, top1_acc: 0.8688, top5_acc: 0.9953, loss_cls: 1.3807, loss: 1.3807, grad_norm: 1.2538
2023-02-21 16:25:09,878 - pyskl - INFO - Evaluating top_k_accuracy ...
2023-02-21 16:25:09,879 - pyskl - INFO - 
top1_acc	0.9786
top5_acc	1.0000
2023-02-21 16:25:09,879 - pyskl - INFO - Evaluating mean_class_accuracy ...
2023-02-21 16:25:09,880 - pyskl - INFO - 
mean_acc	0.9786
2023-02-21 16:25:09,880 - pyskl - INFO - Epoch(val) [23][5]	top1_acc: 0.9786, top5_acc: 1.0000, mean_class_accuracy: 0.9786
2023-02-21 16:25:27,618 - pyskl - INFO - Epoch [24][20/57]	lr: 1.903e-03, eta: 0:00:14, time: 0.887, data_time: 0.840, memory: 861, top1_acc: 0.8703, top5_acc: 0.9984, loss_cls: 1.1791, loss: 1.1791, grad_norm: 1.2156
2023-02-21 16:25:31,179 - pyskl - INFO - Epoch [24][40/57]	lr: 4.271e-04, eta: 0:00:06, time: 0.178, data_time: 0.130, memory: 861, top1_acc: 0.8750, top5_acc: 0.9969, loss_cls: 1.2716, loss: 1.2716, grad_norm: 1.2417
2023-02-21 16:25:34,722 - pyskl - INFO - Saving checkpoint at 24 epochs
2023-02-21 16:25:51,370 - pyskl - INFO - Evaluating top_k_accuracy ...
2023-02-21 16:25:51,370 - pyskl - INFO - 
top1_acc	0.9786
top5_acc	1.0000
2023-02-21 16:25:51,370 - pyskl - INFO - Evaluating mean_class_accuracy ...
2023-02-21 16:25:51,371 - pyskl - INFO - 
mean_acc	0.9786
2023-02-21 16:25:51,371 - pyskl - INFO - Epoch(val) [24][5]	top1_acc: 0.9786, top5_acc: 1.0000, mean_class_accuracy: 0.9786
