2023-02-23 10:27:06,461 - pyskl - INFO - Environment info:
------------------------------------------------------------
sys.platform: linux
Python: 3.8.16 (default, Jan 17 2023, 23:13:24) [GCC 11.2.0]
CUDA available: True
GPU 0,1,2,3: NVIDIA GeForce RTX 3090
CUDA_HOME: /usr/local/cuda
NVCC: Cuda compilation tools, release 11.6, V11.6.55
GCC: gcc (Ubuntu 7.5.0-6ubuntu2) 7.5.0
PyTorch: 1.10.1
PyTorch compiling details: PyTorch built with:
  - GCC 7.3
  - C++ Version: 201402
  - Intel(R) oneAPI Math Kernel Library Version 2021.4-Product Build 20210904 for Intel(R) 64 architecture applications
  - Intel(R) MKL-DNN v2.2.3 (Git Hash 7336ca9f055cf1bfa13efb658fe15dc9b41f0740)
  - OpenMP 201511 (a.k.a. OpenMP 4.5)
  - LAPACK is enabled (usually provided by MKL)
  - NNPACK is enabled
  - CPU capability usage: AVX2
  - CUDA Runtime 11.3
  - NVCC architecture flags: -gencode;arch=compute_37,code=sm_37;-gencode;arch=compute_50,code=sm_50;-gencode;arch=compute_60,code=sm_60;-gencode;arch=compute_61,code=sm_61;-gencode;arch=compute_70,code=sm_70;-gencode;arch=compute_75,code=sm_75;-gencode;arch=compute_80,code=sm_80;-gencode;arch=compute_86,code=sm_86;-gencode;arch=compute_37,code=compute_37
  - CuDNN 8.2
  - Magma 2.5.2
  - Build settings: BLAS_INFO=mkl, BUILD_TYPE=Release, CUDA_VERSION=11.3, CUDNN_VERSION=8.2.0, CXX_COMPILER=/opt/rh/devtoolset-7/root/usr/bin/c++, CXX_FLAGS= -Wno-deprecated -fvisibility-inlines-hidden -DUSE_PTHREADPOOL -fopenmp -DNDEBUG -DUSE_KINETO -DUSE_FBGEMM -DUSE_QNNPACK -DUSE_PYTORCH_QNNPACK -DUSE_XNNPACK -DSYMBOLICATE_MOBILE_DEBUG_HANDLE -DEDGE_PROFILER_USE_KINETO -O2 -fPIC -Wno-narrowing -Wall -Wextra -Werror=return-type -Wno-missing-field-initializers -Wno-type-limits -Wno-array-bounds -Wno-unknown-pragmas -Wno-sign-compare -Wno-unused-parameter -Wno-unused-variable -Wno-unused-function -Wno-unused-result -Wno-unused-local-typedefs -Wno-strict-overflow -Wno-strict-aliasing -Wno-error=deprecated-declarations -Wno-stringop-overflow -Wno-psabi -Wno-error=pedantic -Wno-error=redundant-decls -Wno-error=old-style-cast -fdiagnostics-color=always -faligned-new -Wno-unused-but-set-variable -Wno-maybe-uninitialized -fno-math-errno -fno-trapping-math -Werror=format -Wno-stringop-overflow, LAPACK_INFO=mkl, PERF_WITH_AVX=1, PERF_WITH_AVX2=1, PERF_WITH_AVX512=1, TORCH_VERSION=1.10.1, USE_CUDA=ON, USE_CUDNN=ON, USE_EXCEPTION_PTR=1, USE_GFLAGS=OFF, USE_GLOG=OFF, USE_MKL=ON, USE_MKLDNN=ON, USE_MPI=OFF, USE_NCCL=ON, USE_NNPACK=ON, USE_OPENMP=ON, 

TorchVision: 0.11.2
OpenCV: 4.7.0
MMCV: 1.6.2
MMCV Compiler: GCC 9.3
MMCV CUDA Compiler: 11.3
pyskl: 0.1.0+HEAD
------------------------------------------------------------

2023-02-23 10:27:07,653 - pyskl - INFO - Config: model = dict(
    type='Recognizer3D',
    backbone=dict(
        type='ResNet3dSlowOnly',
        in_channels=5,
        base_channels=32,
        num_stages=3,
        out_indices=(2, ),
        stage_blocks=(4, 6, 3),
        conv1_stride=(1, 1),
        pool1_stride=(1, 1),
        inflate=(0, 1, 1),
        spatial_strides=(2, 2, 2),
        temporal_strides=(1, 1, 2),
        frozen_stages=3),
    cls_head=dict(
        type='I3DHead', in_channels=512, num_classes=10, dropout=0.5),
    test_cfg=dict(average_clips='prob'))
dataset_type = 'PoseDataset'
ann_file = 'data/ds_taichi/test9nsnr.pkl'
left_kp = [
    5, 6, 7, 8, 44, 45, 46, 47, 48, 49, 50, 51, 52, 53, 54, 55, 56, 57, 58, 59,
    60, 61, 62, 63, 64, 65, 66, 67, 68, 69, 70, 71
]
right_kp = [
    1, 2, 3, 4, 16, 17, 18, 19, 20, 21, 22, 23, 24, 25, 26, 27, 28, 29, 30, 31,
    32, 33, 34, 35, 36, 37, 38, 39, 40, 41, 42, 43
]
train_pipeline = [
    dict(type='UniformSampleFrames', clip_len=48),
    dict(type='PoseDecode'),
    dict(type='PoseCompact', hw_ratio=1.0, allow_imgpad=True),
    dict(type='Resize', scale=(-1, 64)),
    dict(type='RandomResizedCrop', area_range=(0.56, 1.0)),
    dict(type='Resize', scale=(56, 56), keep_ratio=False),
    dict(
        type='Flip',
        flip_ratio=0.5,
        left_kp=[
            5, 6, 7, 8, 44, 45, 46, 47, 48, 49, 50, 51, 52, 53, 54, 55, 56, 57,
            58, 59, 60, 61, 62, 63, 64, 65, 66, 67, 68, 69, 70, 71
        ],
        right_kp=[
            1, 2, 3, 4, 16, 17, 18, 19, 20, 21, 22, 23, 24, 25, 26, 27, 28, 29,
            30, 31, 32, 33, 34, 35, 36, 37, 38, 39, 40, 41, 42, 43
        ]),
    dict(type='GenerateTaiChiPoseTarget', with_kp=True, with_limb=False),
    dict(type='FormatShape', input_format='NCTHW_Heatmap'),
    dict(type='Collect', keys=['imgs', 'label'], meta_keys=[]),
    dict(type='ToTensor', keys=['imgs', 'label'])
]
val_pipeline = [
    dict(type='UniformSampleFrames', clip_len=48, num_clips=1),
    dict(type='PoseDecode'),
    dict(type='PoseCompact', hw_ratio=1.0, allow_imgpad=True),
    dict(type='Resize', scale=(64, 64), keep_ratio=False),
    dict(type='GenerateTaiChiPoseTarget', with_kp=True, with_limb=False),
    dict(type='FormatShape', input_format='NCTHW_Heatmap'),
    dict(type='Collect', keys=['imgs', 'label'], meta_keys=[]),
    dict(type='ToTensor', keys=['imgs'])
]
test_pipeline = [
    dict(type='UniformSampleFrames', clip_len=48, num_clips=10),
    dict(type='PoseDecode'),
    dict(type='PoseCompact', hw_ratio=1.0, allow_imgpad=True),
    dict(type='Resize', scale=(64, 64), keep_ratio=False),
    dict(
        type='GenerateTaiChiPoseTarget',
        with_kp=True,
        with_limb=False,
        double=True),
    dict(type='FormatShape', input_format='NCTHW_Heatmap'),
    dict(type='Collect', keys=['imgs', 'label'], meta_keys=[]),
    dict(type='ToTensor', keys=['imgs'])
]
data = dict(
    videos_per_gpu=8,
    workers_per_gpu=4,
    test_dataloader=dict(videos_per_gpu=6),
    train=dict(
        type='RepeatDataset',
        times=30,
        dataset=dict(
            type='PoseDataset',
            ann_file='data/ds_taichi/test9nsnr.pkl',
            split='train',
            pipeline=[
                dict(type='UniformSampleFrames', clip_len=48),
                dict(type='PoseDecode'),
                dict(type='PoseCompact', hw_ratio=1.0, allow_imgpad=True),
                dict(type='Resize', scale=(-1, 64)),
                dict(type='RandomResizedCrop', area_range=(0.56, 1.0)),
                dict(type='Resize', scale=(56, 56), keep_ratio=False),
                dict(
                    type='Flip',
                    flip_ratio=0.5,
                    left_kp=[
                        5, 6, 7, 8, 44, 45, 46, 47, 48, 49, 50, 51, 52, 53, 54,
                        55, 56, 57, 58, 59, 60, 61, 62, 63, 64, 65, 66, 67, 68,
                        69, 70, 71
                    ],
                    right_kp=[
                        1, 2, 3, 4, 16, 17, 18, 19, 20, 21, 22, 23, 24, 25, 26,
                        27, 28, 29, 30, 31, 32, 33, 34, 35, 36, 37, 38, 39, 40,
                        41, 42, 43
                    ]),
                dict(
                    type='GenerateTaiChiPoseTarget',
                    with_kp=True,
                    with_limb=False),
                dict(type='FormatShape', input_format='NCTHW_Heatmap'),
                dict(type='Collect', keys=['imgs', 'label'], meta_keys=[]),
                dict(type='ToTensor', keys=['imgs', 'label'])
            ])),
    val=dict(
        type='PoseDataset',
        ann_file='data/ds_taichi/test9nsnr.pkl',
        split='test',
        pipeline=[
            dict(type='UniformSampleFrames', clip_len=48, num_clips=1),
            dict(type='PoseDecode'),
            dict(type='PoseCompact', hw_ratio=1.0, allow_imgpad=True),
            dict(type='Resize', scale=(64, 64), keep_ratio=False),
            dict(
                type='GenerateTaiChiPoseTarget', with_kp=True,
                with_limb=False),
            dict(type='FormatShape', input_format='NCTHW_Heatmap'),
            dict(type='Collect', keys=['imgs', 'label'], meta_keys=[]),
            dict(type='ToTensor', keys=['imgs'])
        ]),
    test=dict(
        type='PoseDataset',
        ann_file='data/ds_taichi/test9nsnr.pkl',
        split='test',
        pipeline=[
            dict(type='UniformSampleFrames', clip_len=48, num_clips=10),
            dict(type='PoseDecode'),
            dict(type='PoseCompact', hw_ratio=1.0, allow_imgpad=True),
            dict(type='Resize', scale=(64, 64), keep_ratio=False),
            dict(
                type='GenerateTaiChiPoseTarget',
                with_kp=True,
                with_limb=False,
                double=True),
            dict(type='FormatShape', input_format='NCTHW_Heatmap'),
            dict(type='Collect', keys=['imgs', 'label'], meta_keys=[]),
            dict(type='ToTensor', keys=['imgs'])
        ]))
optimizer = dict(type='SGD', lr=0.4, momentum=0.9, weight_decay=0.0003)
optimizer_config = dict(grad_clip=dict(max_norm=40, norm_type=2))
lr_config = dict(policy='CosineAnnealing', by_epoch=False, min_lr=0)
total_epochs = 24
checkpoint_config = dict(interval=24)
evaluation = dict(
    interval=1, metrics=['top_k_accuracy', 'mean_class_accuracy'], topk=(1, 5))
log_config = dict(interval=20, hooks=[dict(type='TextLoggerHook')])
log_level = 'INFO'
output_config = dict(
    out='./model_pth/exp3/t9nsnr_wfwc_5p_nopre/test_result/results.pkl')
eval_config = dict(
    metric_out='./model_pth/exp3/t9nsnr_wfwc_5p_nopre/test_result',
    eval=[
        'top_k_accuracy', 'mean_class_accuracy', 'confusion_matrix',
        't_sne_vis'
    ])
work_dir = './model_pth/exp3/t9nsnr_wfwc_5p_nopre'
load_from = None
find_unused_parameters = True
dist_params = dict(backend='nccl')
gpu_ids = range(0, 4)

2023-02-23 10:27:07,653 - pyskl - INFO - Set random seed to 42, deterministic: True
2023-02-23 10:27:08,285 - pyskl - INFO - 20 videos remain after valid thresholding
2023-02-23 10:27:13,516 - pyskl - INFO - 180 videos remain after valid thresholding
2023-02-23 10:27:13,517 - pyskl - INFO - Start running, host: yl@83090-jin, work_dir: /home/yl/sscls/model_pth/exp3/t9nsnr_wfwc_5p_nopre
2023-02-23 10:27:13,517 - pyskl - INFO - Hooks will be executed in the following order:
before_run:
(VERY_HIGH   ) CosineAnnealingLrUpdaterHook       
(NORMAL      ) CheckpointHook                     
(NORMAL      ) DistEvalHook                       
(VERY_LOW    ) TextLoggerHook                     
 -------------------- 
before_train_epoch:
(VERY_HIGH   ) CosineAnnealingLrUpdaterHook       
(NORMAL      ) DistSamplerSeedHook                
(NORMAL      ) DistEvalHook                       
(LOW         ) IterTimerHook                      
(VERY_LOW    ) TextLoggerHook                     
 -------------------- 
before_train_iter:
(VERY_HIGH   ) CosineAnnealingLrUpdaterHook       
(NORMAL      ) DistEvalHook                       
(LOW         ) IterTimerHook                      
 -------------------- 
after_train_iter:
(ABOVE_NORMAL) OptimizerHook                      
(NORMAL      ) CheckpointHook                     
(NORMAL      ) DistEvalHook                       
(LOW         ) IterTimerHook                      
(VERY_LOW    ) TextLoggerHook                     
 -------------------- 
after_train_epoch:
(NORMAL      ) CheckpointHook                     
(NORMAL      ) DistEvalHook                       
(VERY_LOW    ) TextLoggerHook                     
 -------------------- 
before_val_epoch:
(NORMAL      ) DistSamplerSeedHook                
(LOW         ) IterTimerHook                      
(VERY_LOW    ) TextLoggerHook                     
 -------------------- 
before_val_iter:
(LOW         ) IterTimerHook                      
 -------------------- 
after_val_iter:
(LOW         ) IterTimerHook                      
 -------------------- 
after_val_epoch:
(VERY_LOW    ) TextLoggerHook                     
 -------------------- 
after_run:
(VERY_LOW    ) TextLoggerHook                     
 -------------------- 
2023-02-23 10:27:13,517 - pyskl - INFO - workflow: [('train', 1)], max: 24 epochs
2023-02-23 10:27:13,518 - pyskl - INFO - Checkpoints will be saved to /home/yl/sscls/model_pth/exp3/t9nsnr_wfwc_5p_nopre by HardDiskBackend.
2023-02-23 10:27:48,352 - pyskl - INFO - Evaluating top_k_accuracy ...
2023-02-23 10:27:48,353 - pyskl - INFO - 
top1_acc	0.1000
top5_acc	0.5000
2023-02-23 10:27:48,353 - pyskl - INFO - Evaluating mean_class_accuracy ...
2023-02-23 10:27:48,354 - pyskl - INFO - 
mean_acc	0.1000
2023-02-23 10:27:48,381 - pyskl - INFO - Now best checkpoint is saved as best_top1_acc_epoch_1.pth.
2023-02-23 10:27:48,381 - pyskl - INFO - Best top1_acc is 0.1000 at 1 epoch.
2023-02-23 10:27:48,381 - pyskl - INFO - Epoch(val) [1][6]	top1_acc: 0.1000, top5_acc: 0.5000, mean_class_accuracy: 0.1000
2023-02-23 10:28:22,962 - pyskl - INFO - Evaluating top_k_accuracy ...
2023-02-23 10:28:22,963 - pyskl - INFO - 
top1_acc	0.1000
top5_acc	0.5000
2023-02-23 10:28:22,963 - pyskl - INFO - Evaluating mean_class_accuracy ...
2023-02-23 10:28:22,963 - pyskl - INFO - 
mean_acc	0.1000
2023-02-23 10:28:22,963 - pyskl - INFO - Epoch(val) [2][6]	top1_acc: 0.1000, top5_acc: 0.5000, mean_class_accuracy: 0.1000
2023-02-23 10:28:57,702 - pyskl - INFO - Evaluating top_k_accuracy ...
2023-02-23 10:28:57,703 - pyskl - INFO - 
top1_acc	0.1000
top5_acc	0.5000
2023-02-23 10:28:57,703 - pyskl - INFO - Evaluating mean_class_accuracy ...
2023-02-23 10:28:57,704 - pyskl - INFO - 
mean_acc	0.1000
2023-02-23 10:28:57,704 - pyskl - INFO - Epoch(val) [3][6]	top1_acc: 0.1000, top5_acc: 0.5000, mean_class_accuracy: 0.1000
2023-02-23 10:29:32,279 - pyskl - INFO - Evaluating top_k_accuracy ...
2023-02-23 10:29:32,280 - pyskl - INFO - 
top1_acc	0.1000
top5_acc	0.5000
2023-02-23 10:29:32,280 - pyskl - INFO - Evaluating mean_class_accuracy ...
2023-02-23 10:29:32,280 - pyskl - INFO - 
mean_acc	0.1000
2023-02-23 10:29:32,281 - pyskl - INFO - Epoch(val) [4][6]	top1_acc: 0.1000, top5_acc: 0.5000, mean_class_accuracy: 0.1000
2023-02-23 10:30:06,719 - pyskl - INFO - Evaluating top_k_accuracy ...
2023-02-23 10:30:06,719 - pyskl - INFO - 
top1_acc	0.1000
top5_acc	0.5000
2023-02-23 10:30:06,719 - pyskl - INFO - Evaluating mean_class_accuracy ...
2023-02-23 10:30:06,720 - pyskl - INFO - 
mean_acc	0.1000
2023-02-23 10:30:06,720 - pyskl - INFO - Epoch(val) [5][6]	top1_acc: 0.1000, top5_acc: 0.5000, mean_class_accuracy: 0.1000
2023-02-23 10:30:41,173 - pyskl - INFO - Evaluating top_k_accuracy ...
2023-02-23 10:30:41,173 - pyskl - INFO - 
top1_acc	0.1000
top5_acc	0.5000
2023-02-23 10:30:41,174 - pyskl - INFO - Evaluating mean_class_accuracy ...
2023-02-23 10:30:41,174 - pyskl - INFO - 
mean_acc	0.1000
2023-02-23 10:30:41,175 - pyskl - INFO - Epoch(val) [6][6]	top1_acc: 0.1000, top5_acc: 0.5000, mean_class_accuracy: 0.1000
2023-02-23 10:31:15,742 - pyskl - INFO - Evaluating top_k_accuracy ...
2023-02-23 10:31:15,743 - pyskl - INFO - 
top1_acc	0.1000
top5_acc	0.4944
2023-02-23 10:31:15,743 - pyskl - INFO - Evaluating mean_class_accuracy ...
2023-02-23 10:31:15,743 - pyskl - INFO - 
mean_acc	0.1000
2023-02-23 10:31:15,743 - pyskl - INFO - Epoch(val) [7][6]	top1_acc: 0.1000, top5_acc: 0.4944, mean_class_accuracy: 0.1000
2023-02-23 10:31:50,409 - pyskl - INFO - Evaluating top_k_accuracy ...
2023-02-23 10:31:50,410 - pyskl - INFO - 
top1_acc	0.1000
top5_acc	0.5000
2023-02-23 10:31:50,410 - pyskl - INFO - Evaluating mean_class_accuracy ...
2023-02-23 10:31:50,410 - pyskl - INFO - 
mean_acc	0.1000
2023-02-23 10:31:50,410 - pyskl - INFO - Epoch(val) [8][6]	top1_acc: 0.1000, top5_acc: 0.5000, mean_class_accuracy: 0.1000
2023-02-23 10:32:24,734 - pyskl - INFO - Evaluating top_k_accuracy ...
2023-02-23 10:32:24,735 - pyskl - INFO - 
top1_acc	0.1000
top5_acc	0.5000
2023-02-23 10:32:24,735 - pyskl - INFO - Evaluating mean_class_accuracy ...
2023-02-23 10:32:24,735 - pyskl - INFO - 
mean_acc	0.1000
2023-02-23 10:32:24,736 - pyskl - INFO - Epoch(val) [9][6]	top1_acc: 0.1000, top5_acc: 0.5000, mean_class_accuracy: 0.1000
2023-02-23 10:32:59,637 - pyskl - INFO - Evaluating top_k_accuracy ...
2023-02-23 10:32:59,638 - pyskl - INFO - 
top1_acc	0.1000
top5_acc	0.5000
2023-02-23 10:32:59,638 - pyskl - INFO - Evaluating mean_class_accuracy ...
2023-02-23 10:32:59,639 - pyskl - INFO - 
mean_acc	0.1000
2023-02-23 10:32:59,639 - pyskl - INFO - Epoch(val) [10][6]	top1_acc: 0.1000, top5_acc: 0.5000, mean_class_accuracy: 0.1000
2023-02-23 10:33:33,911 - pyskl - INFO - Evaluating top_k_accuracy ...
2023-02-23 10:33:33,912 - pyskl - INFO - 
top1_acc	0.1000
top5_acc	0.5000
2023-02-23 10:33:33,912 - pyskl - INFO - Evaluating mean_class_accuracy ...
2023-02-23 10:33:33,912 - pyskl - INFO - 
mean_acc	0.1000
2023-02-23 10:33:33,912 - pyskl - INFO - Epoch(val) [11][6]	top1_acc: 0.1000, top5_acc: 0.5000, mean_class_accuracy: 0.1000
2023-02-23 10:34:08,523 - pyskl - INFO - Evaluating top_k_accuracy ...
2023-02-23 10:34:08,523 - pyskl - INFO - 
top1_acc	0.1000
top5_acc	0.5000
2023-02-23 10:34:08,523 - pyskl - INFO - Evaluating mean_class_accuracy ...
2023-02-23 10:34:08,524 - pyskl - INFO - 
mean_acc	0.1000
2023-02-23 10:34:08,524 - pyskl - INFO - Epoch(val) [12][6]	top1_acc: 0.1000, top5_acc: 0.5000, mean_class_accuracy: 0.1000
2023-02-23 10:34:43,343 - pyskl - INFO - Evaluating top_k_accuracy ...
2023-02-23 10:34:43,344 - pyskl - INFO - 
top1_acc	0.1000
top5_acc	0.5000
2023-02-23 10:34:43,344 - pyskl - INFO - Evaluating mean_class_accuracy ...
2023-02-23 10:34:43,345 - pyskl - INFO - 
mean_acc	0.1000
2023-02-23 10:34:43,345 - pyskl - INFO - Epoch(val) [13][6]	top1_acc: 0.1000, top5_acc: 0.5000, mean_class_accuracy: 0.1000
2023-02-23 10:35:18,135 - pyskl - INFO - Evaluating top_k_accuracy ...
2023-02-23 10:35:18,135 - pyskl - INFO - 
top1_acc	0.1000
top5_acc	0.5000
2023-02-23 10:35:18,135 - pyskl - INFO - Evaluating mean_class_accuracy ...
2023-02-23 10:35:18,136 - pyskl - INFO - 
mean_acc	0.1000
2023-02-23 10:35:18,136 - pyskl - INFO - Epoch(val) [14][6]	top1_acc: 0.1000, top5_acc: 0.5000, mean_class_accuracy: 0.1000
2023-02-23 10:35:52,954 - pyskl - INFO - Evaluating top_k_accuracy ...
2023-02-23 10:35:52,955 - pyskl - INFO - 
top1_acc	0.1000
top5_acc	0.5000
2023-02-23 10:35:52,955 - pyskl - INFO - Evaluating mean_class_accuracy ...
2023-02-23 10:35:52,955 - pyskl - INFO - 
mean_acc	0.1000
2023-02-23 10:35:52,955 - pyskl - INFO - Epoch(val) [15][6]	top1_acc: 0.1000, top5_acc: 0.5000, mean_class_accuracy: 0.1000
2023-02-23 10:36:27,740 - pyskl - INFO - Evaluating top_k_accuracy ...
2023-02-23 10:36:27,740 - pyskl - INFO - 
top1_acc	0.1000
top5_acc	0.5000
2023-02-23 10:36:27,740 - pyskl - INFO - Evaluating mean_class_accuracy ...
2023-02-23 10:36:27,741 - pyskl - INFO - 
mean_acc	0.1000
2023-02-23 10:36:27,741 - pyskl - INFO - Epoch(val) [16][6]	top1_acc: 0.1000, top5_acc: 0.5000, mean_class_accuracy: 0.1000
2023-02-23 10:37:02,509 - pyskl - INFO - Evaluating top_k_accuracy ...
2023-02-23 10:37:02,509 - pyskl - INFO - 
top1_acc	0.1000
top5_acc	0.5000
2023-02-23 10:37:02,509 - pyskl - INFO - Evaluating mean_class_accuracy ...
2023-02-23 10:37:02,510 - pyskl - INFO - 
mean_acc	0.1000
2023-02-23 10:37:02,510 - pyskl - INFO - Epoch(val) [17][6]	top1_acc: 0.1000, top5_acc: 0.5000, mean_class_accuracy: 0.1000
2023-02-23 10:37:37,120 - pyskl - INFO - Evaluating top_k_accuracy ...
2023-02-23 10:37:37,121 - pyskl - INFO - 
top1_acc	0.0889
top5_acc	0.5000
2023-02-23 10:37:37,121 - pyskl - INFO - Evaluating mean_class_accuracy ...
2023-02-23 10:37:37,121 - pyskl - INFO - 
mean_acc	0.0889
2023-02-23 10:37:37,122 - pyskl - INFO - Epoch(val) [18][6]	top1_acc: 0.0889, top5_acc: 0.5000, mean_class_accuracy: 0.0889
2023-02-23 10:38:11,813 - pyskl - INFO - Evaluating top_k_accuracy ...
2023-02-23 10:38:11,813 - pyskl - INFO - 
top1_acc	0.1000
top5_acc	0.5000
2023-02-23 10:38:11,813 - pyskl - INFO - Evaluating mean_class_accuracy ...
2023-02-23 10:38:11,814 - pyskl - INFO - 
mean_acc	0.1000
2023-02-23 10:38:11,814 - pyskl - INFO - Epoch(val) [19][6]	top1_acc: 0.1000, top5_acc: 0.5000, mean_class_accuracy: 0.1000
2023-02-23 10:38:46,679 - pyskl - INFO - Evaluating top_k_accuracy ...
2023-02-23 10:38:46,680 - pyskl - INFO - 
top1_acc	0.1000
top5_acc	0.5389
2023-02-23 10:38:46,680 - pyskl - INFO - Evaluating mean_class_accuracy ...
2023-02-23 10:38:46,680 - pyskl - INFO - 
mean_acc	0.1000
2023-02-23 10:38:46,680 - pyskl - INFO - Epoch(val) [20][6]	top1_acc: 0.1000, top5_acc: 0.5389, mean_class_accuracy: 0.1000
2023-02-23 10:39:21,406 - pyskl - INFO - Evaluating top_k_accuracy ...
2023-02-23 10:39:21,407 - pyskl - INFO - 
top1_acc	0.1000
top5_acc	0.5000
2023-02-23 10:39:21,407 - pyskl - INFO - Evaluating mean_class_accuracy ...
2023-02-23 10:39:21,407 - pyskl - INFO - 
mean_acc	0.1000
2023-02-23 10:39:21,408 - pyskl - INFO - Epoch(val) [21][6]	top1_acc: 0.1000, top5_acc: 0.5000, mean_class_accuracy: 0.1000
2023-02-23 10:39:56,186 - pyskl - INFO - Evaluating top_k_accuracy ...
2023-02-23 10:39:56,187 - pyskl - INFO - 
top1_acc	0.1000
top5_acc	0.5000
2023-02-23 10:39:56,187 - pyskl - INFO - Evaluating mean_class_accuracy ...
2023-02-23 10:39:56,187 - pyskl - INFO - 
mean_acc	0.1000
2023-02-23 10:39:56,187 - pyskl - INFO - Epoch(val) [22][6]	top1_acc: 0.1000, top5_acc: 0.5000, mean_class_accuracy: 0.1000
2023-02-23 10:40:30,860 - pyskl - INFO - Evaluating top_k_accuracy ...
2023-02-23 10:40:30,861 - pyskl - INFO - 
top1_acc	0.1000
top5_acc	0.5278
2023-02-23 10:40:30,861 - pyskl - INFO - Evaluating mean_class_accuracy ...
2023-02-23 10:40:30,861 - pyskl - INFO - 
mean_acc	0.1000
2023-02-23 10:40:30,861 - pyskl - INFO - Epoch(val) [23][6]	top1_acc: 0.1000, top5_acc: 0.5278, mean_class_accuracy: 0.1000
2023-02-23 10:40:48,653 - pyskl - INFO - Saving checkpoint at 24 epochs
2023-02-23 10:41:05,669 - pyskl - INFO - Evaluating top_k_accuracy ...
2023-02-23 10:41:05,669 - pyskl - INFO - 
top1_acc	0.1000
top5_acc	0.5222
2023-02-23 10:41:05,669 - pyskl - INFO - Evaluating mean_class_accuracy ...
2023-02-23 10:41:05,670 - pyskl - INFO - 
mean_acc	0.1000
2023-02-23 10:41:05,670 - pyskl - INFO - Epoch(val) [24][6]	top1_acc: 0.1000, top5_acc: 0.5222, mean_class_accuracy: 0.1000
