2023-02-23 22:45:32,920 - pyskl - INFO - Environment info:
------------------------------------------------------------
sys.platform: linux
Python: 3.8.16 (default, Jan 17 2023, 23:13:24) [GCC 11.2.0]
CUDA available: True
GPU 0,1,2,3: NVIDIA GeForce RTX 3090
CUDA_HOME: /usr/local/cuda
NVCC: Cuda compilation tools, release 11.6, V11.6.55
GCC: gcc (Ubuntu 7.5.0-6ubuntu2) 7.5.0
PyTorch: 1.10.1
PyTorch compiling details: PyTorch built with:
  - GCC 7.3
  - C++ Version: 201402
  - Intel(R) oneAPI Math Kernel Library Version 2021.4-Product Build 20210904 for Intel(R) 64 architecture applications
  - Intel(R) MKL-DNN v2.2.3 (Git Hash 7336ca9f055cf1bfa13efb658fe15dc9b41f0740)
  - OpenMP 201511 (a.k.a. OpenMP 4.5)
  - LAPACK is enabled (usually provided by MKL)
  - NNPACK is enabled
  - CPU capability usage: AVX2
  - CUDA Runtime 11.3
  - NVCC architecture flags: -gencode;arch=compute_37,code=sm_37;-gencode;arch=compute_50,code=sm_50;-gencode;arch=compute_60,code=sm_60;-gencode;arch=compute_61,code=sm_61;-gencode;arch=compute_70,code=sm_70;-gencode;arch=compute_75,code=sm_75;-gencode;arch=compute_80,code=sm_80;-gencode;arch=compute_86,code=sm_86;-gencode;arch=compute_37,code=compute_37
  - CuDNN 8.2
  - Magma 2.5.2
  - Build settings: BLAS_INFO=mkl, BUILD_TYPE=Release, CUDA_VERSION=11.3, CUDNN_VERSION=8.2.0, CXX_COMPILER=/opt/rh/devtoolset-7/root/usr/bin/c++, CXX_FLAGS= -Wno-deprecated -fvisibility-inlines-hidden -DUSE_PTHREADPOOL -fopenmp -DNDEBUG -DUSE_KINETO -DUSE_FBGEMM -DUSE_QNNPACK -DUSE_PYTORCH_QNNPACK -DUSE_XNNPACK -DSYMBOLICATE_MOBILE_DEBUG_HANDLE -DEDGE_PROFILER_USE_KINETO -O2 -fPIC -Wno-narrowing -Wall -Wextra -Werror=return-type -Wno-missing-field-initializers -Wno-type-limits -Wno-array-bounds -Wno-unknown-pragmas -Wno-sign-compare -Wno-unused-parameter -Wno-unused-variable -Wno-unused-function -Wno-unused-result -Wno-unused-local-typedefs -Wno-strict-overflow -Wno-strict-aliasing -Wno-error=deprecated-declarations -Wno-stringop-overflow -Wno-psabi -Wno-error=pedantic -Wno-error=redundant-decls -Wno-error=old-style-cast -fdiagnostics-color=always -faligned-new -Wno-unused-but-set-variable -Wno-maybe-uninitialized -fno-math-errno -fno-trapping-math -Werror=format -Wno-stringop-overflow, LAPACK_INFO=mkl, PERF_WITH_AVX=1, PERF_WITH_AVX2=1, PERF_WITH_AVX512=1, TORCH_VERSION=1.10.1, USE_CUDA=ON, USE_CUDNN=ON, USE_EXCEPTION_PTR=1, USE_GFLAGS=OFF, USE_GLOG=OFF, USE_MKL=ON, USE_MKLDNN=ON, USE_MPI=OFF, USE_NCCL=ON, USE_NNPACK=ON, USE_OPENMP=ON, 

TorchVision: 0.11.2
OpenCV: 4.7.0
MMCV: 1.6.2
MMCV Compiler: GCC 9.3
MMCV CUDA Compiler: 11.3
pyskl: 0.1.0+HEAD
------------------------------------------------------------

2023-02-23 22:45:34,101 - pyskl - INFO - Config: model = dict(
    type='Recognizer3D',
    backbone=dict(
        type='ResNet3dSlowOnly',
        in_channels=5,
        base_channels=32,
        num_stages=3,
        out_indices=(2, ),
        stage_blocks=(4, 6, 3),
        conv1_stride=(1, 1),
        pool1_stride=(1, 1),
        inflate=(0, 1, 1),
        spatial_strides=(2, 2, 2),
        temporal_strides=(1, 1, 2)),
    cls_head=dict(
        type='I3DHead', in_channels=512, num_classes=10, dropout=0.5),
    test_cfg=dict(average_clips='prob'))
dataset_type = 'PoseDataset'
ann_file = 'data/ds_taichi/test3nsnr.pkl'
left_kp = [
    5, 6, 7, 8, 44, 45, 46, 47, 48, 49, 50, 51, 52, 53, 54, 55, 56, 57, 58, 59,
    60, 61, 62, 63, 64, 65, 66, 67, 68, 69, 70, 71
]
right_kp = [
    1, 2, 3, 4, 16, 17, 18, 19, 20, 21, 22, 23, 24, 25, 26, 27, 28, 29, 30, 31,
    32, 33, 34, 35, 36, 37, 38, 39, 40, 41, 42, 43
]
train_pipeline = [
    dict(type='UniformSampleFrames', clip_len=48),
    dict(type='PoseDecode'),
    dict(type='PoseCompact', hw_ratio=1.0, allow_imgpad=True),
    dict(type='Resize', scale=(-1, 64)),
    dict(type='RandomResizedCrop', area_range=(0.56, 1.0)),
    dict(type='Resize', scale=(56, 56), keep_ratio=False),
    dict(
        type='Flip',
        flip_ratio=0.5,
        left_kp=[
            5, 6, 7, 8, 44, 45, 46, 47, 48, 49, 50, 51, 52, 53, 54, 55, 56, 57,
            58, 59, 60, 61, 62, 63, 64, 65, 66, 67, 68, 69, 70, 71
        ],
        right_kp=[
            1, 2, 3, 4, 16, 17, 18, 19, 20, 21, 22, 23, 24, 25, 26, 27, 28, 29,
            30, 31, 32, 33, 34, 35, 36, 37, 38, 39, 40, 41, 42, 43
        ]),
    dict(type='GenerateTaiChiPoseTarget', with_kp=True, with_limb=False),
    dict(type='FormatShape', input_format='NCTHW_Heatmap'),
    dict(type='Collect', keys=['imgs', 'label'], meta_keys=[]),
    dict(type='ToTensor', keys=['imgs', 'label'])
]
val_pipeline = [
    dict(type='UniformSampleFrames', clip_len=48, num_clips=1),
    dict(type='PoseDecode'),
    dict(type='PoseCompact', hw_ratio=1.0, allow_imgpad=True),
    dict(type='Resize', scale=(64, 64), keep_ratio=False),
    dict(type='GenerateTaiChiPoseTarget', with_kp=True, with_limb=False),
    dict(type='FormatShape', input_format='NCTHW_Heatmap'),
    dict(type='Collect', keys=['imgs', 'label'], meta_keys=[]),
    dict(type='ToTensor', keys=['imgs'])
]
test_pipeline = [
    dict(type='UniformSampleFrames', clip_len=48, num_clips=10),
    dict(type='PoseDecode'),
    dict(type='PoseCompact', hw_ratio=1.0, allow_imgpad=True),
    dict(type='Resize', scale=(64, 64), keep_ratio=False),
    dict(
        type='GenerateTaiChiPoseTarget',
        with_kp=True,
        with_limb=False,
        double=True),
    dict(type='FormatShape', input_format='NCTHW_Heatmap'),
    dict(type='Collect', keys=['imgs', 'label'], meta_keys=[]),
    dict(type='ToTensor', keys=['imgs'])
]
data = dict(
    videos_per_gpu=8,
    workers_per_gpu=4,
    test_dataloader=dict(videos_per_gpu=3),
    train=dict(
        type='RepeatDataset',
        times=30,
        dataset=dict(
            type='PoseDataset',
            ann_file='data/ds_taichi/test3nsnr.pkl',
            split='train',
            pipeline=[
                dict(type='UniformSampleFrames', clip_len=48),
                dict(type='PoseDecode'),
                dict(type='PoseCompact', hw_ratio=1.0, allow_imgpad=True),
                dict(type='Resize', scale=(-1, 64)),
                dict(type='RandomResizedCrop', area_range=(0.56, 1.0)),
                dict(type='Resize', scale=(56, 56), keep_ratio=False),
                dict(
                    type='Flip',
                    flip_ratio=0.5,
                    left_kp=[
                        5, 6, 7, 8, 44, 45, 46, 47, 48, 49, 50, 51, 52, 53, 54,
                        55, 56, 57, 58, 59, 60, 61, 62, 63, 64, 65, 66, 67, 68,
                        69, 70, 71
                    ],
                    right_kp=[
                        1, 2, 3, 4, 16, 17, 18, 19, 20, 21, 22, 23, 24, 25, 26,
                        27, 28, 29, 30, 31, 32, 33, 34, 35, 36, 37, 38, 39, 40,
                        41, 42, 43
                    ]),
                dict(
                    type='GenerateTaiChiPoseTarget',
                    with_kp=True,
                    with_limb=False),
                dict(type='FormatShape', input_format='NCTHW_Heatmap'),
                dict(type='Collect', keys=['imgs', 'label'], meta_keys=[]),
                dict(type='ToTensor', keys=['imgs', 'label'])
            ])),
    val=dict(
        type='PoseDataset',
        ann_file='data/ds_taichi/test3nsnr.pkl',
        split='test',
        pipeline=[
            dict(type='UniformSampleFrames', clip_len=48, num_clips=1),
            dict(type='PoseDecode'),
            dict(type='PoseCompact', hw_ratio=1.0, allow_imgpad=True),
            dict(type='Resize', scale=(64, 64), keep_ratio=False),
            dict(
                type='GenerateTaiChiPoseTarget', with_kp=True,
                with_limb=False),
            dict(type='FormatShape', input_format='NCTHW_Heatmap'),
            dict(type='Collect', keys=['imgs', 'label'], meta_keys=[]),
            dict(type='ToTensor', keys=['imgs'])
        ]),
    test=dict(
        type='PoseDataset',
        ann_file='data/ds_taichi/test3nsnr.pkl',
        split='test',
        pipeline=[
            dict(type='UniformSampleFrames', clip_len=48, num_clips=10),
            dict(type='PoseDecode'),
            dict(type='PoseCompact', hw_ratio=1.0, allow_imgpad=True),
            dict(type='Resize', scale=(64, 64), keep_ratio=False),
            dict(
                type='GenerateTaiChiPoseTarget',
                with_kp=True,
                with_limb=False,
                double=True),
            dict(type='FormatShape', input_format='NCTHW_Heatmap'),
            dict(type='Collect', keys=['imgs', 'label'], meta_keys=[]),
            dict(type='ToTensor', keys=['imgs'])
        ]))
optimizer = dict(type='SGD', lr=0.01, momentum=0.9, weight_decay=0.0003)
optimizer_config = dict(grad_clip=dict(max_norm=40, norm_type=2))
lr_config = dict(policy='CosineAnnealing', by_epoch=False, min_lr=0)
total_epochs = 24
checkpoint_config = dict(interval=24)
evaluation = dict(
    interval=1, metrics=['top_k_accuracy', 'mean_class_accuracy'], topk=(1, 5))
log_config = dict(interval=20, hooks=[dict(type='TextLoggerHook')])
log_level = 'INFO'
output_config = dict(
    out='./model_pth/exp8/t3_nsnr_wfwc_ft/test_result/results.pkl')
eval_config = dict(
    metric_out='./model_pth/exp8/t3_nsnr_wfwc_ft/test_result',
    eval=[
        'top_k_accuracy', 'mean_class_accuracy', 'confusion_matrix',
        't_sne_vis'
    ])
work_dir = './model_pth/exp8/t3_nsnr_wfwc_ft'
load_from = './model_pth/ntu120xsub_5parts_kp/best_top1_acc_epoch_23.pth'
find_unused_parameters = True
dist_params = dict(backend='nccl')
gpu_ids = range(0, 4)

2023-02-23 22:45:34,102 - pyskl - INFO - Set random seed to 42, deterministic: True
2023-02-23 22:45:34,767 - pyskl - INFO - 140 videos remain after valid thresholding
2023-02-23 22:45:40,406 - pyskl - INFO - 60 videos remain after valid thresholding
2023-02-23 22:45:40,407 - pyskl - INFO - load checkpoint from local path: ./model_pth/ntu120xsub_5parts_kp/best_top1_acc_epoch_23.pth
2023-02-23 22:45:40,430 - pyskl - WARNING - The model and loaded state dict do not match exactly

size mismatch for cls_head.fc_cls.weight: copying a param with shape torch.Size([120, 512]) from checkpoint, the shape in current model is torch.Size([10, 512]).
size mismatch for cls_head.fc_cls.bias: copying a param with shape torch.Size([120]) from checkpoint, the shape in current model is torch.Size([10]).
2023-02-23 22:45:40,430 - pyskl - INFO - Start running, host: yl@83090-jin, work_dir: /home/yl/sscls/model_pth/exp8/t3_nsnr_wfwc_ft
2023-02-23 22:45:40,430 - pyskl - INFO - Hooks will be executed in the following order:
before_run:
(VERY_HIGH   ) CosineAnnealingLrUpdaterHook       
(NORMAL      ) CheckpointHook                     
(NORMAL      ) DistEvalHook                       
(VERY_LOW    ) TextLoggerHook                     
 -------------------- 
before_train_epoch:
(VERY_HIGH   ) CosineAnnealingLrUpdaterHook       
(NORMAL      ) DistSamplerSeedHook                
(NORMAL      ) DistEvalHook                       
(LOW         ) IterTimerHook                      
(VERY_LOW    ) TextLoggerHook                     
 -------------------- 
before_train_iter:
(VERY_HIGH   ) CosineAnnealingLrUpdaterHook       
(NORMAL      ) DistEvalHook                       
(LOW         ) IterTimerHook                      
 -------------------- 
after_train_iter:
(ABOVE_NORMAL) OptimizerHook                      
(NORMAL      ) CheckpointHook                     
(NORMAL      ) DistEvalHook                       
(LOW         ) IterTimerHook                      
(VERY_LOW    ) TextLoggerHook                     
 -------------------- 
after_train_epoch:
(NORMAL      ) CheckpointHook                     
(NORMAL      ) DistEvalHook                       
(VERY_LOW    ) TextLoggerHook                     
 -------------------- 
before_val_epoch:
(NORMAL      ) DistSamplerSeedHook                
(LOW         ) IterTimerHook                      
(VERY_LOW    ) TextLoggerHook                     
 -------------------- 
before_val_iter:
(LOW         ) IterTimerHook                      
 -------------------- 
after_val_iter:
(LOW         ) IterTimerHook                      
 -------------------- 
after_val_epoch:
(VERY_LOW    ) TextLoggerHook                     
 -------------------- 
after_run:
(VERY_LOW    ) TextLoggerHook                     
 -------------------- 
2023-02-23 22:45:40,431 - pyskl - INFO - workflow: [('train', 1)], max: 24 epochs
2023-02-23 22:45:40,431 - pyskl - INFO - Checkpoints will be saved to /home/yl/sscls/model_pth/exp8/t3_nsnr_wfwc_ft by HardDiskBackend.
2023-02-23 22:45:59,747 - pyskl - INFO - Epoch [1][20/132]	lr: 9.999e-03, eta: 0:50:39, time: 0.966, data_time: 0.758, memory: 4756, top1_acc: 0.3234, top5_acc: 0.7797, loss_cls: 1.9298, loss: 1.9298, grad_norm: 2.9390
2023-02-23 22:46:03,166 - pyskl - INFO - Epoch [1][40/132]	lr: 9.996e-03, eta: 0:29:37, time: 0.171, data_time: 0.000, memory: 4756, top1_acc: 0.9000, top5_acc: 0.9969, loss_cls: 0.5614, loss: 0.5614, grad_norm: 2.3814
2023-02-23 22:46:06,766 - pyskl - INFO - Epoch [1][60/132]	lr: 9.991e-03, eta: 0:22:44, time: 0.180, data_time: 0.001, memory: 4756, top1_acc: 0.9922, top5_acc: 1.0000, loss_cls: 0.1167, loss: 0.1167, grad_norm: 1.3058
2023-02-23 22:46:10,450 - pyskl - INFO - Epoch [1][80/132]	lr: 9.985e-03, eta: 0:19:18, time: 0.184, data_time: 0.000, memory: 4756, top1_acc: 0.9938, top5_acc: 1.0000, loss_cls: 0.0623, loss: 0.0623, grad_norm: 1.0170
2023-02-23 22:46:14,196 - pyskl - INFO - Epoch [1][100/132]	lr: 9.976e-03, eta: 0:17:15, time: 0.187, data_time: 0.000, memory: 4756, top1_acc: 0.9969, top5_acc: 1.0000, loss_cls: 0.0392, loss: 0.0392, grad_norm: 0.7426
2023-02-23 22:46:18,301 - pyskl - INFO - Epoch [1][120/132]	lr: 9.965e-03, eta: 0:16:01, time: 0.205, data_time: 0.000, memory: 4756, top1_acc: 0.9953, top5_acc: 1.0000, loss_cls: 0.0285, loss: 0.0285, grad_norm: 0.6406
2023-02-23 22:46:36,834 - pyskl - INFO - Evaluating top_k_accuracy ...
2023-02-23 22:46:36,834 - pyskl - INFO - 
top1_acc	1.0000
top5_acc	1.0000
2023-02-23 22:46:36,834 - pyskl - INFO - Evaluating mean_class_accuracy ...
2023-02-23 22:46:36,835 - pyskl - INFO - 
mean_acc	1.0000
2023-02-23 22:46:36,880 - pyskl - INFO - Now best checkpoint is saved as best_top1_acc_epoch_1.pth.
2023-02-23 22:46:36,880 - pyskl - INFO - Best top1_acc is 1.0000 at 1 epoch.
2023-02-23 22:46:36,880 - pyskl - INFO - Epoch(val) [1][2]	top1_acc: 1.0000, top5_acc: 1.0000, mean_class_accuracy: 1.0000
2023-02-23 22:46:55,759 - pyskl - INFO - Epoch [2][20/132]	lr: 9.944e-03, eta: 0:18:45, time: 0.944, data_time: 0.787, memory: 4756, top1_acc: 0.9984, top5_acc: 1.0000, loss_cls: 0.0316, loss: 0.0316, grad_norm: 0.6985
2023-02-23 22:46:59,289 - pyskl - INFO - Epoch [2][40/132]	lr: 9.928e-03, eta: 0:17:29, time: 0.176, data_time: 0.019, memory: 4756, top1_acc: 0.9953, top5_acc: 1.0000, loss_cls: 0.0316, loss: 0.0316, grad_norm: 0.6811
2023-02-23 22:47:02,973 - pyskl - INFO - Epoch [2][60/132]	lr: 9.911e-03, eta: 0:16:31, time: 0.184, data_time: 0.025, memory: 4756, top1_acc: 1.0000, top5_acc: 1.0000, loss_cls: 0.0153, loss: 0.0153, grad_norm: 0.3715
2023-02-23 22:47:06,573 - pyskl - INFO - Epoch [2][80/132]	lr: 9.891e-03, eta: 0:15:41, time: 0.180, data_time: 0.023, memory: 4756, top1_acc: 0.9984, top5_acc: 1.0000, loss_cls: 0.0136, loss: 0.0136, grad_norm: 0.2577
2023-02-23 22:47:10,165 - pyskl - INFO - Epoch [2][100/132]	lr: 9.869e-03, eta: 0:15:00, time: 0.180, data_time: 0.023, memory: 4756, top1_acc: 1.0000, top5_acc: 1.0000, loss_cls: 0.0120, loss: 0.0120, grad_norm: 0.3101
2023-02-23 22:47:13,977 - pyskl - INFO - Epoch [2][120/132]	lr: 9.846e-03, eta: 0:14:27, time: 0.191, data_time: 0.016, memory: 4756, top1_acc: 1.0000, top5_acc: 1.0000, loss_cls: 0.0126, loss: 0.0126, grad_norm: 0.2886
2023-02-23 22:47:32,401 - pyskl - INFO - Evaluating top_k_accuracy ...
2023-02-23 22:47:32,401 - pyskl - INFO - 
top1_acc	1.0000
top5_acc	1.0000
2023-02-23 22:47:32,402 - pyskl - INFO - Evaluating mean_class_accuracy ...
2023-02-23 22:47:32,402 - pyskl - INFO - 
mean_acc	1.0000
2023-02-23 22:47:32,403 - pyskl - INFO - Epoch(val) [2][2]	top1_acc: 1.0000, top5_acc: 1.0000, mean_class_accuracy: 1.0000
2023-02-23 22:47:51,574 - pyskl - INFO - Epoch [3][20/132]	lr: 9.804e-03, eta: 0:15:55, time: 0.958, data_time: 0.796, memory: 4756, top1_acc: 0.9984, top5_acc: 1.0000, loss_cls: 0.0131, loss: 0.0131, grad_norm: 0.3692
2023-02-23 22:47:55,215 - pyskl - INFO - Epoch [3][40/132]	lr: 9.776e-03, eta: 0:15:21, time: 0.182, data_time: 0.022, memory: 4756, top1_acc: 1.0000, top5_acc: 1.0000, loss_cls: 0.0138, loss: 0.0138, grad_norm: 0.3445
2023-02-23 22:47:58,837 - pyskl - INFO - Epoch [3][60/132]	lr: 9.746e-03, eta: 0:14:49, time: 0.181, data_time: 0.018, memory: 4756, top1_acc: 1.0000, top5_acc: 1.0000, loss_cls: 0.0089, loss: 0.0089, grad_norm: 0.2575
2023-02-23 22:48:02,532 - pyskl - INFO - Epoch [3][80/132]	lr: 9.714e-03, eta: 0:14:22, time: 0.185, data_time: 0.027, memory: 4756, top1_acc: 1.0000, top5_acc: 1.0000, loss_cls: 0.0083, loss: 0.0083, grad_norm: 0.2762
2023-02-23 22:48:06,249 - pyskl - INFO - Epoch [3][100/132]	lr: 9.680e-03, eta: 0:13:58, time: 0.186, data_time: 0.026, memory: 4756, top1_acc: 0.9984, top5_acc: 1.0000, loss_cls: 0.0102, loss: 0.0102, grad_norm: 0.3018
2023-02-23 22:48:10,110 - pyskl - INFO - Epoch [3][120/132]	lr: 9.644e-03, eta: 0:13:36, time: 0.193, data_time: 0.009, memory: 4756, top1_acc: 1.0000, top5_acc: 1.0000, loss_cls: 0.0091, loss: 0.0091, grad_norm: 0.2200
2023-02-23 22:48:28,641 - pyskl - INFO - Evaluating top_k_accuracy ...
2023-02-23 22:48:28,642 - pyskl - INFO - 
top1_acc	1.0000
top5_acc	1.0000
2023-02-23 22:48:28,642 - pyskl - INFO - Evaluating mean_class_accuracy ...
2023-02-23 22:48:28,642 - pyskl - INFO - 
mean_acc	1.0000
2023-02-23 22:48:28,642 - pyskl - INFO - Epoch(val) [3][2]	top1_acc: 1.0000, top5_acc: 1.0000, mean_class_accuracy: 1.0000
2023-02-23 22:48:47,614 - pyskl - INFO - Epoch [4][20/132]	lr: 9.583e-03, eta: 0:14:30, time: 0.948, data_time: 0.778, memory: 4756, top1_acc: 1.0000, top5_acc: 1.0000, loss_cls: 0.0059, loss: 0.0059, grad_norm: 0.1594
2023-02-23 22:48:51,244 - pyskl - INFO - Epoch [4][40/132]	lr: 9.542e-03, eta: 0:14:07, time: 0.181, data_time: 0.010, memory: 4756, top1_acc: 1.0000, top5_acc: 1.0000, loss_cls: 0.0094, loss: 0.0094, grad_norm: 0.2400
2023-02-23 22:48:54,819 - pyskl - INFO - Epoch [4][60/132]	lr: 9.500e-03, eta: 0:13:45, time: 0.179, data_time: 0.006, memory: 4756, top1_acc: 1.0000, top5_acc: 1.0000, loss_cls: 0.0078, loss: 0.0078, grad_norm: 0.2437
2023-02-23 22:48:58,327 - pyskl - INFO - Epoch [4][80/132]	lr: 9.455e-03, eta: 0:13:24, time: 0.175, data_time: 0.001, memory: 4756, top1_acc: 0.9969, top5_acc: 1.0000, loss_cls: 0.0100, loss: 0.0100, grad_norm: 0.3206
2023-02-23 22:49:01,893 - pyskl - INFO - Epoch [4][100/132]	lr: 9.410e-03, eta: 0:13:06, time: 0.179, data_time: 0.012, memory: 4756, top1_acc: 1.0000, top5_acc: 1.0000, loss_cls: 0.0068, loss: 0.0068, grad_norm: 0.1867
2023-02-23 22:49:06,318 - pyskl - INFO - Epoch [4][120/132]	lr: 9.362e-03, eta: 0:12:52, time: 0.221, data_time: 0.002, memory: 4756, top1_acc: 1.0000, top5_acc: 1.0000, loss_cls: 0.0051, loss: 0.0051, grad_norm: 0.1931
2023-02-23 22:49:24,791 - pyskl - INFO - Evaluating top_k_accuracy ...
2023-02-23 22:49:24,791 - pyskl - INFO - 
top1_acc	1.0000
top5_acc	1.0000
2023-02-23 22:49:24,792 - pyskl - INFO - Evaluating mean_class_accuracy ...
2023-02-23 22:49:24,793 - pyskl - INFO - 
mean_acc	1.0000
2023-02-23 22:49:24,793 - pyskl - INFO - Epoch(val) [4][2]	top1_acc: 1.0000, top5_acc: 1.0000, mean_class_accuracy: 1.0000
2023-02-23 22:49:43,532 - pyskl - INFO - Epoch [5][20/132]	lr: 9.282e-03, eta: 0:13:28, time: 0.937, data_time: 0.757, memory: 4756, top1_acc: 1.0000, top5_acc: 1.0000, loss_cls: 0.0043, loss: 0.0043, grad_norm: 0.1243
2023-02-23 22:49:47,139 - pyskl - INFO - Epoch [5][40/132]	lr: 9.230e-03, eta: 0:13:10, time: 0.180, data_time: 0.002, memory: 4756, top1_acc: 1.0000, top5_acc: 1.0000, loss_cls: 0.0071, loss: 0.0071, grad_norm: 0.2025
2023-02-23 22:49:50,719 - pyskl - INFO - Epoch [5][60/132]	lr: 9.177e-03, eta: 0:12:53, time: 0.179, data_time: 0.000, memory: 4756, top1_acc: 1.0000, top5_acc: 1.0000, loss_cls: 0.0038, loss: 0.0038, grad_norm: 0.1013
2023-02-23 22:49:54,290 - pyskl - INFO - Epoch [5][80/132]	lr: 9.121e-03, eta: 0:12:37, time: 0.179, data_time: 0.000, memory: 4756, top1_acc: 1.0000, top5_acc: 1.0000, loss_cls: 0.0053, loss: 0.0053, grad_norm: 0.1555
2023-02-23 22:49:57,861 - pyskl - INFO - Epoch [5][100/132]	lr: 9.064e-03, eta: 0:12:21, time: 0.179, data_time: 0.001, memory: 4756, top1_acc: 1.0000, top5_acc: 1.0000, loss_cls: 0.0041, loss: 0.0041, grad_norm: 0.1121
2023-02-23 22:50:01,479 - pyskl - INFO - Epoch [5][120/132]	lr: 9.006e-03, eta: 0:12:07, time: 0.181, data_time: 0.004, memory: 4756, top1_acc: 1.0000, top5_acc: 1.0000, loss_cls: 0.0041, loss: 0.0041, grad_norm: 0.1249
2023-02-23 22:50:20,134 - pyskl - INFO - Evaluating top_k_accuracy ...
2023-02-23 22:50:20,134 - pyskl - INFO - 
top1_acc	1.0000
top5_acc	1.0000
2023-02-23 22:50:20,134 - pyskl - INFO - Evaluating mean_class_accuracy ...
2023-02-23 22:50:20,135 - pyskl - INFO - 
mean_acc	1.0000
2023-02-23 22:50:20,135 - pyskl - INFO - Epoch(val) [5][2]	top1_acc: 1.0000, top5_acc: 1.0000, mean_class_accuracy: 1.0000
2023-02-23 22:50:39,162 - pyskl - INFO - Epoch [6][20/132]	lr: 8.909e-03, eta: 0:12:33, time: 0.951, data_time: 0.792, memory: 4756, top1_acc: 0.9984, top5_acc: 1.0000, loss_cls: 0.0085, loss: 0.0085, grad_norm: 0.2309
2023-02-23 22:50:42,963 - pyskl - INFO - Epoch [6][40/132]	lr: 8.846e-03, eta: 0:12:19, time: 0.190, data_time: 0.029, memory: 4756, top1_acc: 0.9984, top5_acc: 1.0000, loss_cls: 0.0061, loss: 0.0061, grad_norm: 0.2005
2023-02-23 22:50:46,533 - pyskl - INFO - Epoch [6][60/132]	lr: 8.782e-03, eta: 0:12:05, time: 0.179, data_time: 0.018, memory: 4756, top1_acc: 1.0000, top5_acc: 1.0000, loss_cls: 0.0077, loss: 0.0077, grad_norm: 0.2350
2023-02-23 22:50:50,204 - pyskl - INFO - Epoch [6][80/132]	lr: 8.716e-03, eta: 0:11:52, time: 0.183, data_time: 0.024, memory: 4756, top1_acc: 1.0000, top5_acc: 1.0000, loss_cls: 0.0056, loss: 0.0056, grad_norm: 0.2170
2023-02-23 22:50:53,752 - pyskl - INFO - Epoch [6][100/132]	lr: 8.649e-03, eta: 0:11:39, time: 0.178, data_time: 0.019, memory: 4756, top1_acc: 1.0000, top5_acc: 1.0000, loss_cls: 0.0046, loss: 0.0046, grad_norm: 0.1561
2023-02-23 22:50:57,429 - pyskl - INFO - Epoch [6][120/132]	lr: 8.581e-03, eta: 0:11:26, time: 0.184, data_time: 0.014, memory: 4756, top1_acc: 0.9984, top5_acc: 1.0000, loss_cls: 0.0069, loss: 0.0069, grad_norm: 0.2546
2023-02-23 22:51:16,050 - pyskl - INFO - Evaluating top_k_accuracy ...
2023-02-23 22:51:16,050 - pyskl - INFO - 
top1_acc	1.0000
top5_acc	1.0000
2023-02-23 22:51:16,050 - pyskl - INFO - Evaluating mean_class_accuracy ...
2023-02-23 22:51:16,051 - pyskl - INFO - 
mean_acc	1.0000
2023-02-23 22:51:16,051 - pyskl - INFO - Epoch(val) [6][2]	top1_acc: 1.0000, top5_acc: 1.0000, mean_class_accuracy: 1.0000
2023-02-23 22:51:34,873 - pyskl - INFO - Epoch [7][20/132]	lr: 8.468e-03, eta: 0:11:45, time: 0.941, data_time: 0.757, memory: 4756, top1_acc: 1.0000, top5_acc: 1.0000, loss_cls: 0.0065, loss: 0.0065, grad_norm: 0.2390
2023-02-23 22:51:38,386 - pyskl - INFO - Epoch [7][40/132]	lr: 8.396e-03, eta: 0:11:32, time: 0.176, data_time: 0.000, memory: 4756, top1_acc: 0.9984, top5_acc: 1.0000, loss_cls: 0.0062, loss: 0.0062, grad_norm: 0.3046
2023-02-23 22:51:42,004 - pyskl - INFO - Epoch [7][60/132]	lr: 8.323e-03, eta: 0:11:20, time: 0.181, data_time: 0.009, memory: 4756, top1_acc: 1.0000, top5_acc: 1.0000, loss_cls: 0.0039, loss: 0.0039, grad_norm: 0.1479
2023-02-23 22:51:45,747 - pyskl - INFO - Epoch [7][80/132]	lr: 8.248e-03, eta: 0:11:08, time: 0.187, data_time: 0.002, memory: 4756, top1_acc: 1.0000, top5_acc: 1.0000, loss_cls: 0.0056, loss: 0.0056, grad_norm: 0.1864
2023-02-23 22:51:49,500 - pyskl - INFO - Epoch [7][100/132]	lr: 8.172e-03, eta: 0:10:57, time: 0.188, data_time: 0.000, memory: 4756, top1_acc: 1.0000, top5_acc: 1.0000, loss_cls: 0.0031, loss: 0.0031, grad_norm: 0.1042
2023-02-23 22:51:53,124 - pyskl - INFO - Epoch [7][120/132]	lr: 8.095e-03, eta: 0:10:46, time: 0.181, data_time: 0.000, memory: 4756, top1_acc: 1.0000, top5_acc: 1.0000, loss_cls: 0.0058, loss: 0.0058, grad_norm: 0.1849
2023-02-23 22:52:11,558 - pyskl - INFO - Evaluating top_k_accuracy ...
2023-02-23 22:52:11,558 - pyskl - INFO - 
top1_acc	1.0000
top5_acc	1.0000
2023-02-23 22:52:11,558 - pyskl - INFO - Evaluating mean_class_accuracy ...
2023-02-23 22:52:11,559 - pyskl - INFO - 
mean_acc	1.0000
2023-02-23 22:52:11,559 - pyskl - INFO - Epoch(val) [7][2]	top1_acc: 1.0000, top5_acc: 1.0000, mean_class_accuracy: 1.0000
2023-02-23 22:52:30,503 - pyskl - INFO - Epoch [8][20/132]	lr: 7.969e-03, eta: 0:11:00, time: 0.947, data_time: 0.789, memory: 4756, top1_acc: 1.0000, top5_acc: 1.0000, loss_cls: 0.0088, loss: 0.0088, grad_norm: 0.3070
2023-02-23 22:52:34,230 - pyskl - INFO - Epoch [8][40/132]	lr: 7.888e-03, eta: 0:10:49, time: 0.186, data_time: 0.027, memory: 4756, top1_acc: 0.9984, top5_acc: 1.0000, loss_cls: 0.0138, loss: 0.0138, grad_norm: 0.4108
2023-02-23 22:52:37,890 - pyskl - INFO - Epoch [8][60/132]	lr: 7.807e-03, eta: 0:10:38, time: 0.183, data_time: 0.025, memory: 4756, top1_acc: 1.0000, top5_acc: 1.0000, loss_cls: 0.0071, loss: 0.0071, grad_norm: 0.2180
2023-02-23 22:52:41,493 - pyskl - INFO - Epoch [8][80/132]	lr: 7.724e-03, eta: 0:10:27, time: 0.180, data_time: 0.021, memory: 4756, top1_acc: 1.0000, top5_acc: 1.0000, loss_cls: 0.0036, loss: 0.0036, grad_norm: 0.1136
2023-02-23 22:52:45,073 - pyskl - INFO - Epoch [8][100/132]	lr: 7.640e-03, eta: 0:10:17, time: 0.179, data_time: 0.021, memory: 4756, top1_acc: 1.0000, top5_acc: 1.0000, loss_cls: 0.0021, loss: 0.0021, grad_norm: 0.0569
2023-02-23 22:52:48,727 - pyskl - INFO - Epoch [8][120/132]	lr: 7.556e-03, eta: 0:10:07, time: 0.183, data_time: 0.024, memory: 4756, top1_acc: 1.0000, top5_acc: 1.0000, loss_cls: 0.0047, loss: 0.0047, grad_norm: 0.1410
2023-02-23 22:53:07,712 - pyskl - INFO - Evaluating top_k_accuracy ...
2023-02-23 22:53:07,713 - pyskl - INFO - 
top1_acc	1.0000
top5_acc	1.0000
2023-02-23 22:53:07,713 - pyskl - INFO - Evaluating mean_class_accuracy ...
2023-02-23 22:53:07,713 - pyskl - INFO - 
mean_acc	1.0000
2023-02-23 22:53:07,713 - pyskl - INFO - Epoch(val) [8][2]	top1_acc: 1.0000, top5_acc: 1.0000, mean_class_accuracy: 1.0000
2023-02-23 22:53:27,261 - pyskl - INFO - Epoch [9][20/132]	lr: 7.418e-03, eta: 0:10:18, time: 0.977, data_time: 0.820, memory: 4756, top1_acc: 1.0000, top5_acc: 1.0000, loss_cls: 0.0025, loss: 0.0025, grad_norm: 0.0632
2023-02-23 22:53:30,805 - pyskl - INFO - Epoch [9][40/132]	lr: 7.331e-03, eta: 0:10:08, time: 0.177, data_time: 0.019, memory: 4756, top1_acc: 1.0000, top5_acc: 1.0000, loss_cls: 0.0029, loss: 0.0029, grad_norm: 0.0863
2023-02-23 22:53:34,367 - pyskl - INFO - Epoch [9][60/132]	lr: 7.243e-03, eta: 0:09:57, time: 0.178, data_time: 0.019, memory: 4756, top1_acc: 1.0000, top5_acc: 1.0000, loss_cls: 0.0038, loss: 0.0038, grad_norm: 0.1046
2023-02-23 22:53:37,894 - pyskl - INFO - Epoch [9][80/132]	lr: 7.153e-03, eta: 0:09:47, time: 0.176, data_time: 0.017, memory: 4756, top1_acc: 1.0000, top5_acc: 1.0000, loss_cls: 0.0026, loss: 0.0026, grad_norm: 0.0711
2023-02-23 22:53:41,461 - pyskl - INFO - Epoch [9][100/132]	lr: 7.064e-03, eta: 0:09:38, time: 0.178, data_time: 0.019, memory: 4756, top1_acc: 0.9984, top5_acc: 1.0000, loss_cls: 0.0067, loss: 0.0067, grad_norm: 0.1621
2023-02-23 22:53:45,136 - pyskl - INFO - Epoch [9][120/132]	lr: 6.973e-03, eta: 0:09:29, time: 0.184, data_time: 0.017, memory: 4756, top1_acc: 1.0000, top5_acc: 1.0000, loss_cls: 0.0024, loss: 0.0024, grad_norm: 0.0815
2023-02-23 22:54:03,891 - pyskl - INFO - Evaluating top_k_accuracy ...
2023-02-23 22:54:03,891 - pyskl - INFO - 
top1_acc	1.0000
top5_acc	1.0000
2023-02-23 22:54:03,891 - pyskl - INFO - Evaluating mean_class_accuracy ...
2023-02-23 22:54:03,892 - pyskl - INFO - 
mean_acc	1.0000
2023-02-23 22:54:03,892 - pyskl - INFO - Epoch(val) [9][2]	top1_acc: 1.0000, top5_acc: 1.0000, mean_class_accuracy: 1.0000
2023-02-23 22:54:22,668 - pyskl - INFO - Epoch [10][20/132]	lr: 6.826e-03, eta: 0:09:35, time: 0.938, data_time: 0.780, memory: 4756, top1_acc: 1.0000, top5_acc: 1.0000, loss_cls: 0.0023, loss: 0.0023, grad_norm: 0.0680
2023-02-23 22:54:26,437 - pyskl - INFO - Epoch [10][40/132]	lr: 6.733e-03, eta: 0:09:26, time: 0.189, data_time: 0.004, memory: 4756, top1_acc: 1.0000, top5_acc: 1.0000, loss_cls: 0.0028, loss: 0.0028, grad_norm: 0.0801
2023-02-23 22:54:30,034 - pyskl - INFO - Epoch [10][60/132]	lr: 6.640e-03, eta: 0:09:17, time: 0.180, data_time: 0.000, memory: 4756, top1_acc: 1.0000, top5_acc: 1.0000, loss_cls: 0.0021, loss: 0.0021, grad_norm: 0.0648
2023-02-23 22:54:33,685 - pyskl - INFO - Epoch [10][80/132]	lr: 6.546e-03, eta: 0:09:08, time: 0.183, data_time: 0.000, memory: 4756, top1_acc: 1.0000, top5_acc: 1.0000, loss_cls: 0.0022, loss: 0.0022, grad_norm: 0.0659
2023-02-23 22:54:37,291 - pyskl - INFO - Epoch [10][100/132]	lr: 6.451e-03, eta: 0:08:59, time: 0.180, data_time: 0.000, memory: 4756, top1_acc: 1.0000, top5_acc: 1.0000, loss_cls: 0.0024, loss: 0.0024, grad_norm: 0.0652
2023-02-23 22:54:40,978 - pyskl - INFO - Epoch [10][120/132]	lr: 6.356e-03, eta: 0:08:50, time: 0.184, data_time: 0.000, memory: 4756, top1_acc: 1.0000, top5_acc: 1.0000, loss_cls: 0.0028, loss: 0.0028, grad_norm: 0.0779
2023-02-23 22:54:59,648 - pyskl - INFO - Evaluating top_k_accuracy ...
2023-02-23 22:54:59,649 - pyskl - INFO - 
top1_acc	1.0000
top5_acc	1.0000
2023-02-23 22:54:59,649 - pyskl - INFO - Evaluating mean_class_accuracy ...
2023-02-23 22:54:59,650 - pyskl - INFO - 
mean_acc	1.0000
2023-02-23 22:54:59,650 - pyskl - INFO - Epoch(val) [10][2]	top1_acc: 1.0000, top5_acc: 1.0000, mean_class_accuracy: 1.0000
2023-02-23 22:55:18,605 - pyskl - INFO - Epoch [11][20/132]	lr: 6.203e-03, eta: 0:08:54, time: 0.948, data_time: 0.791, memory: 4756, top1_acc: 1.0000, top5_acc: 1.0000, loss_cls: 0.0025, loss: 0.0025, grad_norm: 0.0779
2023-02-23 22:55:22,232 - pyskl - INFO - Epoch [11][40/132]	lr: 6.106e-03, eta: 0:08:45, time: 0.181, data_time: 0.006, memory: 4756, top1_acc: 1.0000, top5_acc: 1.0000, loss_cls: 0.0034, loss: 0.0034, grad_norm: 0.1290
2023-02-23 22:55:25,835 - pyskl - INFO - Epoch [11][60/132]	lr: 6.009e-03, eta: 0:08:37, time: 0.181, data_time: 0.001, memory: 4756, top1_acc: 1.0000, top5_acc: 1.0000, loss_cls: 0.0043, loss: 0.0043, grad_norm: 0.1770
2023-02-23 22:55:29,504 - pyskl - INFO - Epoch [11][80/132]	lr: 5.912e-03, eta: 0:08:28, time: 0.183, data_time: 0.000, memory: 4756, top1_acc: 1.0000, top5_acc: 1.0000, loss_cls: 0.0028, loss: 0.0028, grad_norm: 0.0899
2023-02-23 22:55:33,183 - pyskl - INFO - Epoch [11][100/132]	lr: 5.814e-03, eta: 0:08:20, time: 0.184, data_time: 0.000, memory: 4756, top1_acc: 1.0000, top5_acc: 1.0000, loss_cls: 0.0028, loss: 0.0028, grad_norm: 0.1242
2023-02-23 22:55:36,872 - pyskl - INFO - Epoch [11][120/132]	lr: 5.716e-03, eta: 0:08:12, time: 0.184, data_time: 0.001, memory: 4756, top1_acc: 1.0000, top5_acc: 1.0000, loss_cls: 0.0015, loss: 0.0015, grad_norm: 0.0449
2023-02-23 22:55:55,508 - pyskl - INFO - Evaluating top_k_accuracy ...
2023-02-23 22:55:55,509 - pyskl - INFO - 
top1_acc	1.0000
top5_acc	1.0000
2023-02-23 22:55:55,509 - pyskl - INFO - Evaluating mean_class_accuracy ...
2023-02-23 22:55:55,509 - pyskl - INFO - 
mean_acc	1.0000
2023-02-23 22:55:55,509 - pyskl - INFO - Epoch(val) [11][2]	top1_acc: 1.0000, top5_acc: 1.0000, mean_class_accuracy: 1.0000
2023-02-23 22:56:14,568 - pyskl - INFO - Epoch [12][20/132]	lr: 5.559e-03, eta: 0:08:14, time: 0.953, data_time: 0.768, memory: 4756, top1_acc: 1.0000, top5_acc: 1.0000, loss_cls: 0.0035, loss: 0.0035, grad_norm: 0.1546
2023-02-23 22:56:18,198 - pyskl - INFO - Epoch [12][40/132]	lr: 5.460e-03, eta: 0:08:06, time: 0.181, data_time: 0.000, memory: 4756, top1_acc: 1.0000, top5_acc: 1.0000, loss_cls: 0.0033, loss: 0.0033, grad_norm: 0.1093
2023-02-23 22:56:21,774 - pyskl - INFO - Epoch [12][60/132]	lr: 5.362e-03, eta: 0:07:58, time: 0.179, data_time: 0.001, memory: 4756, top1_acc: 1.0000, top5_acc: 1.0000, loss_cls: 0.0021, loss: 0.0021, grad_norm: 0.0607
2023-02-23 22:56:25,362 - pyskl - INFO - Epoch [12][80/132]	lr: 5.263e-03, eta: 0:07:49, time: 0.179, data_time: 0.001, memory: 4756, top1_acc: 1.0000, top5_acc: 1.0000, loss_cls: 0.0037, loss: 0.0037, grad_norm: 0.1531
2023-02-23 22:56:29,074 - pyskl - INFO - Epoch [12][100/132]	lr: 5.164e-03, eta: 0:07:42, time: 0.186, data_time: 0.001, memory: 4756, top1_acc: 1.0000, top5_acc: 1.0000, loss_cls: 0.0026, loss: 0.0026, grad_norm: 0.0804
2023-02-23 22:56:32,772 - pyskl - INFO - Epoch [12][120/132]	lr: 5.064e-03, eta: 0:07:34, time: 0.185, data_time: 0.000, memory: 4756, top1_acc: 1.0000, top5_acc: 1.0000, loss_cls: 0.0016, loss: 0.0016, grad_norm: 0.0472
2023-02-23 22:56:51,722 - pyskl - INFO - Evaluating top_k_accuracy ...
2023-02-23 22:56:51,723 - pyskl - INFO - 
top1_acc	1.0000
top5_acc	1.0000
2023-02-23 22:56:51,723 - pyskl - INFO - Evaluating mean_class_accuracy ...
2023-02-23 22:56:51,723 - pyskl - INFO - 
mean_acc	1.0000
2023-02-23 22:56:51,724 - pyskl - INFO - Epoch(val) [12][2]	top1_acc: 1.0000, top5_acc: 1.0000, mean_class_accuracy: 1.0000
2023-02-23 22:57:10,779 - pyskl - INFO - Epoch [13][20/132]	lr: 4.906e-03, eta: 0:07:34, time: 0.953, data_time: 0.770, memory: 4756, top1_acc: 1.0000, top5_acc: 1.0000, loss_cls: 0.0023, loss: 0.0023, grad_norm: 0.0840
2023-02-23 22:57:14,626 - pyskl - INFO - Epoch [13][40/132]	lr: 4.807e-03, eta: 0:07:27, time: 0.192, data_time: 0.000, memory: 4756, top1_acc: 1.0000, top5_acc: 1.0000, loss_cls: 0.0030, loss: 0.0030, grad_norm: 0.0873
2023-02-23 22:57:18,140 - pyskl - INFO - Epoch [13][60/132]	lr: 4.708e-03, eta: 0:07:19, time: 0.176, data_time: 0.000, memory: 4756, top1_acc: 1.0000, top5_acc: 1.0000, loss_cls: 0.0026, loss: 0.0026, grad_norm: 0.0782
2023-02-23 22:57:21,704 - pyskl - INFO - Epoch [13][80/132]	lr: 4.609e-03, eta: 0:07:11, time: 0.178, data_time: 0.000, memory: 4756, top1_acc: 1.0000, top5_acc: 1.0000, loss_cls: 0.0010, loss: 0.0010, grad_norm: 0.0283
2023-02-23 22:57:25,226 - pyskl - INFO - Epoch [13][100/132]	lr: 4.510e-03, eta: 0:07:03, time: 0.176, data_time: 0.000, memory: 4756, top1_acc: 1.0000, top5_acc: 1.0000, loss_cls: 0.0029, loss: 0.0029, grad_norm: 0.0852
2023-02-23 22:57:28,895 - pyskl - INFO - Epoch [13][120/132]	lr: 4.411e-03, eta: 0:06:56, time: 0.183, data_time: 0.000, memory: 4756, top1_acc: 1.0000, top5_acc: 1.0000, loss_cls: 0.0013, loss: 0.0013, grad_norm: 0.0352
2023-02-23 22:57:47,444 - pyskl - INFO - Evaluating top_k_accuracy ...
2023-02-23 22:57:47,444 - pyskl - INFO - 
top1_acc	1.0000
top5_acc	1.0000
2023-02-23 22:57:47,444 - pyskl - INFO - Evaluating mean_class_accuracy ...
2023-02-23 22:57:47,445 - pyskl - INFO - 
mean_acc	1.0000
2023-02-23 22:57:47,445 - pyskl - INFO - Epoch(val) [13][2]	top1_acc: 1.0000, top5_acc: 1.0000, mean_class_accuracy: 1.0000
2023-02-23 22:58:06,573 - pyskl - INFO - Epoch [14][20/132]	lr: 4.254e-03, eta: 0:06:55, time: 0.956, data_time: 0.797, memory: 4756, top1_acc: 1.0000, top5_acc: 1.0000, loss_cls: 0.0020, loss: 0.0020, grad_norm: 0.0631
2023-02-23 22:58:10,163 - pyskl - INFO - Epoch [14][40/132]	lr: 4.156e-03, eta: 0:06:47, time: 0.180, data_time: 0.019, memory: 4756, top1_acc: 1.0000, top5_acc: 1.0000, loss_cls: 0.0032, loss: 0.0032, grad_norm: 0.1168
2023-02-23 22:58:13,786 - pyskl - INFO - Epoch [14][60/132]	lr: 4.059e-03, eta: 0:06:40, time: 0.181, data_time: 0.010, memory: 4756, top1_acc: 1.0000, top5_acc: 1.0000, loss_cls: 0.0038, loss: 0.0038, grad_norm: 0.0924
2023-02-23 22:58:17,480 - pyskl - INFO - Epoch [14][80/132]	lr: 3.961e-03, eta: 0:06:33, time: 0.185, data_time: 0.001, memory: 4756, top1_acc: 1.0000, top5_acc: 1.0000, loss_cls: 0.0014, loss: 0.0014, grad_norm: 0.0384
2023-02-23 22:58:21,095 - pyskl - INFO - Epoch [14][100/132]	lr: 3.865e-03, eta: 0:06:25, time: 0.181, data_time: 0.000, memory: 4756, top1_acc: 1.0000, top5_acc: 1.0000, loss_cls: 0.0024, loss: 0.0024, grad_norm: 0.0806
2023-02-23 22:58:25,025 - pyskl - INFO - Epoch [14][120/132]	lr: 3.768e-03, eta: 0:06:18, time: 0.196, data_time: 0.000, memory: 4756, top1_acc: 1.0000, top5_acc: 1.0000, loss_cls: 0.0035, loss: 0.0035, grad_norm: 0.1308
2023-02-23 22:58:43,539 - pyskl - INFO - Evaluating top_k_accuracy ...
2023-02-23 22:58:43,540 - pyskl - INFO - 
top1_acc	1.0000
top5_acc	1.0000
2023-02-23 22:58:43,540 - pyskl - INFO - Evaluating mean_class_accuracy ...
2023-02-23 22:58:43,540 - pyskl - INFO - 
mean_acc	1.0000
2023-02-23 22:58:43,541 - pyskl - INFO - Epoch(val) [14][2]	top1_acc: 1.0000, top5_acc: 1.0000, mean_class_accuracy: 1.0000
2023-02-23 22:59:02,635 - pyskl - INFO - Epoch [15][20/132]	lr: 3.615e-03, eta: 0:06:16, time: 0.955, data_time: 0.795, memory: 4756, top1_acc: 1.0000, top5_acc: 1.0000, loss_cls: 0.0020, loss: 0.0020, grad_norm: 0.0730
2023-02-23 22:59:06,273 - pyskl - INFO - Epoch [15][40/132]	lr: 3.520e-03, eta: 0:06:09, time: 0.182, data_time: 0.023, memory: 4756, top1_acc: 1.0000, top5_acc: 1.0000, loss_cls: 0.0015, loss: 0.0015, grad_norm: 0.0415
2023-02-23 22:59:09,875 - pyskl - INFO - Epoch [15][60/132]	lr: 3.426e-03, eta: 0:06:02, time: 0.181, data_time: 0.020, memory: 4756, top1_acc: 1.0000, top5_acc: 1.0000, loss_cls: 0.0022, loss: 0.0022, grad_norm: 0.0679
2023-02-23 22:59:13,480 - pyskl - INFO - Epoch [15][80/132]	lr: 3.332e-03, eta: 0:05:55, time: 0.180, data_time: 0.023, memory: 4756, top1_acc: 1.0000, top5_acc: 1.0000, loss_cls: 0.0016, loss: 0.0016, grad_norm: 0.0473
2023-02-23 22:59:17,230 - pyskl - INFO - Epoch [15][100/132]	lr: 3.239e-03, eta: 0:05:48, time: 0.188, data_time: 0.023, memory: 4756, top1_acc: 1.0000, top5_acc: 1.0000, loss_cls: 0.0015, loss: 0.0015, grad_norm: 0.0498
2023-02-23 22:59:21,014 - pyskl - INFO - Epoch [15][120/132]	lr: 3.146e-03, eta: 0:05:41, time: 0.189, data_time: 0.014, memory: 4756, top1_acc: 1.0000, top5_acc: 1.0000, loss_cls: 0.0017, loss: 0.0017, grad_norm: 0.0549
2023-02-23 22:59:39,993 - pyskl - INFO - Evaluating top_k_accuracy ...
2023-02-23 22:59:39,994 - pyskl - INFO - 
top1_acc	1.0000
top5_acc	1.0000
2023-02-23 22:59:39,994 - pyskl - INFO - Evaluating mean_class_accuracy ...
2023-02-23 22:59:39,995 - pyskl - INFO - 
mean_acc	1.0000
2023-02-23 22:59:39,995 - pyskl - INFO - Epoch(val) [15][2]	top1_acc: 1.0000, top5_acc: 1.0000, mean_class_accuracy: 1.0000
2023-02-23 22:59:59,052 - pyskl - INFO - Epoch [16][20/132]	lr: 3.000e-03, eta: 0:05:38, time: 0.953, data_time: 0.775, memory: 4756, top1_acc: 1.0000, top5_acc: 1.0000, loss_cls: 0.0015, loss: 0.0015, grad_norm: 0.0413
2023-02-23 23:00:02,566 - pyskl - INFO - Epoch [16][40/132]	lr: 2.909e-03, eta: 0:05:30, time: 0.176, data_time: 0.008, memory: 4756, top1_acc: 1.0000, top5_acc: 1.0000, loss_cls: 0.0016, loss: 0.0016, grad_norm: 0.0512
2023-02-23 23:00:06,210 - pyskl - INFO - Epoch [16][60/132]	lr: 2.820e-03, eta: 0:05:23, time: 0.182, data_time: 0.021, memory: 4756, top1_acc: 1.0000, top5_acc: 1.0000, loss_cls: 0.0014, loss: 0.0014, grad_norm: 0.0454
2023-02-23 23:00:09,860 - pyskl - INFO - Epoch [16][80/132]	lr: 2.731e-03, eta: 0:05:17, time: 0.183, data_time: 0.001, memory: 4756, top1_acc: 1.0000, top5_acc: 1.0000, loss_cls: 0.0017, loss: 0.0017, grad_norm: 0.0511
2023-02-23 23:00:13,593 - pyskl - INFO - Epoch [16][100/132]	lr: 2.643e-03, eta: 0:05:10, time: 0.187, data_time: 0.001, memory: 4756, top1_acc: 1.0000, top5_acc: 1.0000, loss_cls: 0.0027, loss: 0.0027, grad_norm: 0.1029
2023-02-23 23:00:17,310 - pyskl - INFO - Epoch [16][120/132]	lr: 2.556e-03, eta: 0:05:03, time: 0.186, data_time: 0.000, memory: 4756, top1_acc: 1.0000, top5_acc: 1.0000, loss_cls: 0.0025, loss: 0.0025, grad_norm: 0.0930
2023-02-23 23:00:36,307 - pyskl - INFO - Evaluating top_k_accuracy ...
2023-02-23 23:00:36,307 - pyskl - INFO - 
top1_acc	1.0000
top5_acc	1.0000
2023-02-23 23:00:36,307 - pyskl - INFO - Evaluating mean_class_accuracy ...
2023-02-23 23:00:36,308 - pyskl - INFO - 
mean_acc	1.0000
2023-02-23 23:00:36,308 - pyskl - INFO - Epoch(val) [16][2]	top1_acc: 1.0000, top5_acc: 1.0000, mean_class_accuracy: 1.0000
2023-02-23 23:00:55,161 - pyskl - INFO - Epoch [17][20/132]	lr: 2.419e-03, eta: 0:04:59, time: 0.943, data_time: 0.786, memory: 4756, top1_acc: 1.0000, top5_acc: 1.0000, loss_cls: 0.0012, loss: 0.0012, grad_norm: 0.0342
2023-02-23 23:00:58,742 - pyskl - INFO - Epoch [17][40/132]	lr: 2.334e-03, eta: 0:04:52, time: 0.179, data_time: 0.022, memory: 4756, top1_acc: 1.0000, top5_acc: 1.0000, loss_cls: 0.0020, loss: 0.0020, grad_norm: 0.0562
2023-02-23 23:01:02,365 - pyskl - INFO - Epoch [17][60/132]	lr: 2.251e-03, eta: 0:04:45, time: 0.181, data_time: 0.020, memory: 4756, top1_acc: 1.0000, top5_acc: 1.0000, loss_cls: 0.0010, loss: 0.0010, grad_norm: 0.0249
2023-02-23 23:01:06,040 - pyskl - INFO - Epoch [17][80/132]	lr: 2.169e-03, eta: 0:04:39, time: 0.184, data_time: 0.024, memory: 4756, top1_acc: 1.0000, top5_acc: 1.0000, loss_cls: 0.0016, loss: 0.0016, grad_norm: 0.0464
2023-02-23 23:01:09,755 - pyskl - INFO - Epoch [17][100/132]	lr: 2.088e-03, eta: 0:04:32, time: 0.186, data_time: 0.015, memory: 4756, top1_acc: 0.9984, top5_acc: 1.0000, loss_cls: 0.0059, loss: 0.0059, grad_norm: 0.2638
2023-02-23 23:01:13,540 - pyskl - INFO - Epoch [17][120/132]	lr: 2.008e-03, eta: 0:04:25, time: 0.190, data_time: 0.002, memory: 4756, top1_acc: 1.0000, top5_acc: 1.0000, loss_cls: 0.0015, loss: 0.0015, grad_norm: 0.0393
2023-02-23 23:01:32,410 - pyskl - INFO - Evaluating top_k_accuracy ...
2023-02-23 23:01:32,411 - pyskl - INFO - 
top1_acc	1.0000
top5_acc	1.0000
2023-02-23 23:01:32,411 - pyskl - INFO - Evaluating mean_class_accuracy ...
2023-02-23 23:01:32,412 - pyskl - INFO - 
mean_acc	1.0000
2023-02-23 23:01:32,412 - pyskl - INFO - Epoch(val) [17][2]	top1_acc: 1.0000, top5_acc: 1.0000, mean_class_accuracy: 1.0000
2023-02-23 23:01:51,486 - pyskl - INFO - Epoch [18][20/132]	lr: 1.882e-03, eta: 0:04:20, time: 0.954, data_time: 0.769, memory: 4756, top1_acc: 1.0000, top5_acc: 1.0000, loss_cls: 0.0034, loss: 0.0034, grad_norm: 0.1203
2023-02-23 23:01:55,134 - pyskl - INFO - Epoch [18][40/132]	lr: 1.805e-03, eta: 0:04:14, time: 0.182, data_time: 0.000, memory: 4756, top1_acc: 1.0000, top5_acc: 1.0000, loss_cls: 0.0027, loss: 0.0027, grad_norm: 0.0936
2023-02-23 23:01:58,743 - pyskl - INFO - Epoch [18][60/132]	lr: 1.729e-03, eta: 0:04:07, time: 0.180, data_time: 0.000, memory: 4756, top1_acc: 1.0000, top5_acc: 1.0000, loss_cls: 0.0015, loss: 0.0015, grad_norm: 0.0512
2023-02-23 23:02:02,359 - pyskl - INFO - Epoch [18][80/132]	lr: 1.655e-03, eta: 0:04:01, time: 0.181, data_time: 0.000, memory: 4756, top1_acc: 1.0000, top5_acc: 1.0000, loss_cls: 0.0019, loss: 0.0019, grad_norm: 0.0636
2023-02-23 23:02:06,014 - pyskl - INFO - Epoch [18][100/132]	lr: 1.582e-03, eta: 0:03:54, time: 0.183, data_time: 0.000, memory: 4756, top1_acc: 1.0000, top5_acc: 1.0000, loss_cls: 0.0013, loss: 0.0013, grad_norm: 0.0398
2023-02-23 23:02:09,663 - pyskl - INFO - Epoch [18][120/132]	lr: 1.510e-03, eta: 0:03:48, time: 0.182, data_time: 0.000, memory: 4756, top1_acc: 1.0000, top5_acc: 1.0000, loss_cls: 0.0014, loss: 0.0014, grad_norm: 0.0383
2023-02-23 23:02:28,142 - pyskl - INFO - Evaluating top_k_accuracy ...
2023-02-23 23:02:28,142 - pyskl - INFO - 
top1_acc	1.0000
top5_acc	1.0000
2023-02-23 23:02:28,142 - pyskl - INFO - Evaluating mean_class_accuracy ...
2023-02-23 23:02:28,143 - pyskl - INFO - 
mean_acc	1.0000
2023-02-23 23:02:28,143 - pyskl - INFO - Epoch(val) [18][2]	top1_acc: 1.0000, top5_acc: 1.0000, mean_class_accuracy: 1.0000
2023-02-23 23:02:47,297 - pyskl - INFO - Epoch [19][20/132]	lr: 1.398e-03, eta: 0:03:42, time: 0.958, data_time: 0.781, memory: 4756, top1_acc: 1.0000, top5_acc: 1.0000, loss_cls: 0.0026, loss: 0.0026, grad_norm: 0.1002
2023-02-23 23:02:50,888 - pyskl - INFO - Epoch [19][40/132]	lr: 1.330e-03, eta: 0:03:36, time: 0.179, data_time: 0.000, memory: 4756, top1_acc: 1.0000, top5_acc: 1.0000, loss_cls: 0.0012, loss: 0.0012, grad_norm: 0.0361
2023-02-23 23:02:54,519 - pyskl - INFO - Epoch [19][60/132]	lr: 1.264e-03, eta: 0:03:29, time: 0.182, data_time: 0.000, memory: 4756, top1_acc: 1.0000, top5_acc: 1.0000, loss_cls: 0.0014, loss: 0.0014, grad_norm: 0.0473
2023-02-23 23:02:57,961 - pyskl - INFO - Epoch [19][80/132]	lr: 1.199e-03, eta: 0:03:23, time: 0.172, data_time: 0.000, memory: 4756, top1_acc: 1.0000, top5_acc: 1.0000, loss_cls: 0.0022, loss: 0.0022, grad_norm: 0.1183
2023-02-23 23:03:01,508 - pyskl - INFO - Epoch [19][100/132]	lr: 1.135e-03, eta: 0:03:16, time: 0.177, data_time: 0.002, memory: 4756, top1_acc: 1.0000, top5_acc: 1.0000, loss_cls: 0.0017, loss: 0.0017, grad_norm: 0.0473
2023-02-23 23:03:05,590 - pyskl - INFO - Epoch [19][120/132]	lr: 1.073e-03, eta: 0:03:10, time: 0.204, data_time: 0.006, memory: 4756, top1_acc: 1.0000, top5_acc: 1.0000, loss_cls: 0.0011, loss: 0.0011, grad_norm: 0.0289
2023-02-23 23:03:23,997 - pyskl - INFO - Evaluating top_k_accuracy ...
2023-02-23 23:03:23,998 - pyskl - INFO - 
top1_acc	1.0000
top5_acc	1.0000
2023-02-23 23:03:23,998 - pyskl - INFO - Evaluating mean_class_accuracy ...
2023-02-23 23:03:23,999 - pyskl - INFO - 
mean_acc	1.0000
2023-02-23 23:03:23,999 - pyskl - INFO - Epoch(val) [19][2]	top1_acc: 1.0000, top5_acc: 1.0000, mean_class_accuracy: 1.0000
2023-02-23 23:03:42,842 - pyskl - INFO - Epoch [20][20/132]	lr: 9.766e-04, eta: 0:03:04, time: 0.942, data_time: 0.760, memory: 4756, top1_acc: 1.0000, top5_acc: 1.0000, loss_cls: 0.0022, loss: 0.0022, grad_norm: 0.0696
2023-02-23 23:03:46,429 - pyskl - INFO - Epoch [20][40/132]	lr: 9.185e-04, eta: 0:02:57, time: 0.179, data_time: 0.000, memory: 4756, top1_acc: 1.0000, top5_acc: 1.0000, loss_cls: 0.0015, loss: 0.0015, grad_norm: 0.0493
2023-02-23 23:03:50,104 - pyskl - INFO - Epoch [20][60/132]	lr: 8.620e-04, eta: 0:02:51, time: 0.184, data_time: 0.001, memory: 4756, top1_acc: 1.0000, top5_acc: 1.0000, loss_cls: 0.0010, loss: 0.0010, grad_norm: 0.0260
2023-02-23 23:03:53,887 - pyskl - INFO - Epoch [20][80/132]	lr: 8.072e-04, eta: 0:02:45, time: 0.189, data_time: 0.000, memory: 4756, top1_acc: 1.0000, top5_acc: 1.0000, loss_cls: 0.0022, loss: 0.0022, grad_norm: 0.0703
2023-02-23 23:03:57,462 - pyskl - INFO - Epoch [20][100/132]	lr: 7.540e-04, eta: 0:02:39, time: 0.179, data_time: 0.001, memory: 4756, top1_acc: 1.0000, top5_acc: 1.0000, loss_cls: 0.0023, loss: 0.0023, grad_norm: 0.0686
2023-02-23 23:04:01,056 - pyskl - INFO - Epoch [20][120/132]	lr: 7.025e-04, eta: 0:02:33, time: 0.180, data_time: 0.000, memory: 4756, top1_acc: 1.0000, top5_acc: 1.0000, loss_cls: 0.0058, loss: 0.0058, grad_norm: 0.1535
2023-02-23 23:04:19,731 - pyskl - INFO - Evaluating top_k_accuracy ...
2023-02-23 23:04:19,731 - pyskl - INFO - 
top1_acc	1.0000
top5_acc	1.0000
2023-02-23 23:04:19,731 - pyskl - INFO - Evaluating mean_class_accuracy ...
2023-02-23 23:04:19,732 - pyskl - INFO - 
mean_acc	1.0000
2023-02-23 23:04:19,732 - pyskl - INFO - Epoch(val) [20][2]	top1_acc: 1.0000, top5_acc: 1.0000, mean_class_accuracy: 1.0000
2023-02-23 23:04:38,827 - pyskl - INFO - Epoch [21][20/132]	lr: 6.235e-04, eta: 0:02:26, time: 0.955, data_time: 0.769, memory: 4756, top1_acc: 1.0000, top5_acc: 1.0000, loss_cls: 0.0015, loss: 0.0015, grad_norm: 0.0430
2023-02-23 23:04:42,389 - pyskl - INFO - Epoch [21][40/132]	lr: 5.764e-04, eta: 0:02:19, time: 0.178, data_time: 0.000, memory: 4756, top1_acc: 1.0000, top5_acc: 1.0000, loss_cls: 0.0016, loss: 0.0016, grad_norm: 0.0445
2023-02-23 23:04:45,925 - pyskl - INFO - Epoch [21][60/132]	lr: 5.311e-04, eta: 0:02:13, time: 0.177, data_time: 0.000, memory: 4756, top1_acc: 1.0000, top5_acc: 1.0000, loss_cls: 0.0020, loss: 0.0020, grad_norm: 0.0488
2023-02-23 23:04:49,520 - pyskl - INFO - Epoch [21][80/132]	lr: 4.875e-04, eta: 0:02:07, time: 0.180, data_time: 0.000, memory: 4756, top1_acc: 1.0000, top5_acc: 1.0000, loss_cls: 0.0016, loss: 0.0016, grad_norm: 0.0530
2023-02-23 23:04:53,193 - pyskl - INFO - Epoch [21][100/132]	lr: 4.457e-04, eta: 0:02:01, time: 0.184, data_time: 0.000, memory: 4756, top1_acc: 0.9984, top5_acc: 1.0000, loss_cls: 0.0072, loss: 0.0072, grad_norm: 0.2370
2023-02-23 23:04:56,836 - pyskl - INFO - Epoch [21][120/132]	lr: 4.057e-04, eta: 0:01:55, time: 0.182, data_time: 0.004, memory: 4756, top1_acc: 1.0000, top5_acc: 1.0000, loss_cls: 0.0030, loss: 0.0030, grad_norm: 0.0906
2023-02-23 23:05:15,280 - pyskl - INFO - Evaluating top_k_accuracy ...
2023-02-23 23:05:15,280 - pyskl - INFO - 
top1_acc	1.0000
top5_acc	1.0000
2023-02-23 23:05:15,280 - pyskl - INFO - Evaluating mean_class_accuracy ...
2023-02-23 23:05:15,281 - pyskl - INFO - 
mean_acc	1.0000
2023-02-23 23:05:15,281 - pyskl - INFO - Epoch(val) [21][2]	top1_acc: 1.0000, top5_acc: 1.0000, mean_class_accuracy: 1.0000
2023-02-23 23:05:34,170 - pyskl - INFO - Epoch [22][20/132]	lr: 3.454e-04, eta: 0:01:48, time: 0.944, data_time: 0.751, memory: 4756, top1_acc: 1.0000, top5_acc: 1.0000, loss_cls: 0.0013, loss: 0.0013, grad_norm: 0.0360
2023-02-23 23:05:37,817 - pyskl - INFO - Epoch [22][40/132]	lr: 3.101e-04, eta: 0:01:41, time: 0.182, data_time: 0.000, memory: 4756, top1_acc: 1.0000, top5_acc: 1.0000, loss_cls: 0.0022, loss: 0.0022, grad_norm: 0.0730
2023-02-23 23:05:41,443 - pyskl - INFO - Epoch [22][60/132]	lr: 2.766e-04, eta: 0:01:36, time: 0.181, data_time: 0.000, memory: 4756, top1_acc: 1.0000, top5_acc: 1.0000, loss_cls: 0.0011, loss: 0.0011, grad_norm: 0.0348
2023-02-23 23:05:45,082 - pyskl - INFO - Epoch [22][80/132]	lr: 2.450e-04, eta: 0:01:30, time: 0.182, data_time: 0.000, memory: 4756, top1_acc: 1.0000, top5_acc: 1.0000, loss_cls: 0.0020, loss: 0.0020, grad_norm: 0.0546
2023-02-23 23:05:48,691 - pyskl - INFO - Epoch [22][100/132]	lr: 2.153e-04, eta: 0:01:24, time: 0.180, data_time: 0.000, memory: 4756, top1_acc: 1.0000, top5_acc: 1.0000, loss_cls: 0.0015, loss: 0.0015, grad_norm: 0.0496
2023-02-23 23:05:52,768 - pyskl - INFO - Epoch [22][120/132]	lr: 1.875e-04, eta: 0:01:18, time: 0.204, data_time: 0.000, memory: 4756, top1_acc: 1.0000, top5_acc: 1.0000, loss_cls: 0.0017, loss: 0.0017, grad_norm: 0.0562
2023-02-23 23:06:11,193 - pyskl - INFO - Evaluating top_k_accuracy ...
2023-02-23 23:06:11,194 - pyskl - INFO - 
top1_acc	1.0000
top5_acc	1.0000
2023-02-23 23:06:11,194 - pyskl - INFO - Evaluating mean_class_accuracy ...
2023-02-23 23:06:11,195 - pyskl - INFO - 
mean_acc	1.0000
2023-02-23 23:06:11,195 - pyskl - INFO - Epoch(val) [22][2]	top1_acc: 1.0000, top5_acc: 1.0000, mean_class_accuracy: 1.0000
2023-02-23 23:06:30,295 - pyskl - INFO - Epoch [23][20/132]	lr: 1.468e-04, eta: 0:01:10, time: 0.955, data_time: 0.768, memory: 4756, top1_acc: 1.0000, top5_acc: 1.0000, loss_cls: 0.0012, loss: 0.0012, grad_norm: 0.0351
2023-02-23 23:06:33,918 - pyskl - INFO - Epoch [23][40/132]	lr: 1.239e-04, eta: 0:01:04, time: 0.181, data_time: 0.000, memory: 4756, top1_acc: 1.0000, top5_acc: 1.0000, loss_cls: 0.0012, loss: 0.0012, grad_norm: 0.0399
2023-02-23 23:06:37,534 - pyskl - INFO - Epoch [23][60/132]	lr: 1.030e-04, eta: 0:00:58, time: 0.181, data_time: 0.001, memory: 4756, top1_acc: 1.0000, top5_acc: 1.0000, loss_cls: 0.0052, loss: 0.0052, grad_norm: 0.1390
2023-02-23 23:06:41,108 - pyskl - INFO - Epoch [23][80/132]	lr: 8.391e-05, eta: 0:00:52, time: 0.179, data_time: 0.000, memory: 4756, top1_acc: 1.0000, top5_acc: 1.0000, loss_cls: 0.0024, loss: 0.0024, grad_norm: 0.0597
2023-02-23 23:06:44,655 - pyskl - INFO - Epoch [23][100/132]	lr: 6.678e-05, eta: 0:00:46, time: 0.177, data_time: 0.000, memory: 4756, top1_acc: 1.0000, top5_acc: 1.0000, loss_cls: 0.0018, loss: 0.0018, grad_norm: 0.0499
2023-02-23 23:06:48,749 - pyskl - INFO - Epoch [23][120/132]	lr: 5.160e-05, eta: 0:00:40, time: 0.205, data_time: 0.000, memory: 4756, top1_acc: 1.0000, top5_acc: 1.0000, loss_cls: 0.0019, loss: 0.0019, grad_norm: 0.0591
2023-02-23 23:07:07,532 - pyskl - INFO - Evaluating top_k_accuracy ...
2023-02-23 23:07:07,533 - pyskl - INFO - 
top1_acc	1.0000
top5_acc	1.0000
2023-02-23 23:07:07,533 - pyskl - INFO - Evaluating mean_class_accuracy ...
2023-02-23 23:07:07,533 - pyskl - INFO - 
mean_acc	1.0000
2023-02-23 23:07:07,533 - pyskl - INFO - Epoch(val) [23][2]	top1_acc: 1.0000, top5_acc: 1.0000, mean_class_accuracy: 1.0000
2023-02-23 23:07:26,250 - pyskl - INFO - Epoch [24][20/132]	lr: 3.136e-05, eta: 0:00:32, time: 0.936, data_time: 0.746, memory: 4756, top1_acc: 1.0000, top5_acc: 1.0000, loss_cls: 0.0017, loss: 0.0017, grad_norm: 0.0765
2023-02-23 23:07:29,839 - pyskl - INFO - Epoch [24][40/132]	lr: 2.125e-05, eta: 0:00:26, time: 0.179, data_time: 0.002, memory: 4756, top1_acc: 1.0000, top5_acc: 1.0000, loss_cls: 0.0010, loss: 0.0010, grad_norm: 0.0347
2023-02-23 23:07:33,389 - pyskl - INFO - Epoch [24][60/132]	lr: 1.310e-05, eta: 0:00:20, time: 0.177, data_time: 0.019, memory: 4756, top1_acc: 1.0000, top5_acc: 1.0000, loss_cls: 0.0011, loss: 0.0011, grad_norm: 0.0281
2023-02-23 23:07:37,308 - pyskl - INFO - Epoch [24][80/132]	lr: 6.904e-06, eta: 0:00:14, time: 0.196, data_time: 0.037, memory: 4756, top1_acc: 1.0000, top5_acc: 1.0000, loss_cls: 0.0017, loss: 0.0017, grad_norm: 0.0468
2023-02-23 23:07:40,957 - pyskl - INFO - Epoch [24][100/132]	lr: 2.677e-06, eta: 0:00:09, time: 0.182, data_time: 0.022, memory: 4756, top1_acc: 1.0000, top5_acc: 1.0000, loss_cls: 0.0014, loss: 0.0014, grad_norm: 0.0435
2023-02-23 23:07:44,815 - pyskl - INFO - Epoch [24][120/132]	lr: 4.155e-07, eta: 0:00:03, time: 0.193, data_time: 0.032, memory: 4756, top1_acc: 1.0000, top5_acc: 1.0000, loss_cls: 0.0015, loss: 0.0015, grad_norm: 0.0510
2023-02-23 23:07:47,542 - pyskl - INFO - Saving checkpoint at 24 epochs
2023-02-23 23:08:03,187 - pyskl - INFO - Evaluating top_k_accuracy ...
2023-02-23 23:08:03,188 - pyskl - INFO - 
top1_acc	1.0000
top5_acc	1.0000
2023-02-23 23:08:03,188 - pyskl - INFO - Evaluating mean_class_accuracy ...
2023-02-23 23:08:03,188 - pyskl - INFO - 
mean_acc	1.0000
2023-02-23 23:08:03,189 - pyskl - INFO - Epoch(val) [24][2]	top1_acc: 1.0000, top5_acc: 1.0000, mean_class_accuracy: 1.0000
