2023-02-21 17:33:50,655 - pyskl - INFO - Environment info:
------------------------------------------------------------
sys.platform: linux
Python: 3.8.16 (default, Jan 17 2023, 23:13:24) [GCC 11.2.0]
CUDA available: True
GPU 0,1,2,3: NVIDIA GeForce RTX 3090
CUDA_HOME: /usr/local/cuda
NVCC: Cuda compilation tools, release 11.6, V11.6.55
GCC: gcc (Ubuntu 7.5.0-6ubuntu2) 7.5.0
PyTorch: 1.10.1
PyTorch compiling details: PyTorch built with:
  - GCC 7.3
  - C++ Version: 201402
  - Intel(R) oneAPI Math Kernel Library Version 2021.4-Product Build 20210904 for Intel(R) 64 architecture applications
  - Intel(R) MKL-DNN v2.2.3 (Git Hash 7336ca9f055cf1bfa13efb658fe15dc9b41f0740)
  - OpenMP 201511 (a.k.a. OpenMP 4.5)
  - LAPACK is enabled (usually provided by MKL)
  - NNPACK is enabled
  - CPU capability usage: AVX2
  - CUDA Runtime 11.3
  - NVCC architecture flags: -gencode;arch=compute_37,code=sm_37;-gencode;arch=compute_50,code=sm_50;-gencode;arch=compute_60,code=sm_60;-gencode;arch=compute_61,code=sm_61;-gencode;arch=compute_70,code=sm_70;-gencode;arch=compute_75,code=sm_75;-gencode;arch=compute_80,code=sm_80;-gencode;arch=compute_86,code=sm_86;-gencode;arch=compute_37,code=compute_37
  - CuDNN 8.2
  - Magma 2.5.2
  - Build settings: BLAS_INFO=mkl, BUILD_TYPE=Release, CUDA_VERSION=11.3, CUDNN_VERSION=8.2.0, CXX_COMPILER=/opt/rh/devtoolset-7/root/usr/bin/c++, CXX_FLAGS= -Wno-deprecated -fvisibility-inlines-hidden -DUSE_PTHREADPOOL -fopenmp -DNDEBUG -DUSE_KINETO -DUSE_FBGEMM -DUSE_QNNPACK -DUSE_PYTORCH_QNNPACK -DUSE_XNNPACK -DSYMBOLICATE_MOBILE_DEBUG_HANDLE -DEDGE_PROFILER_USE_KINETO -O2 -fPIC -Wno-narrowing -Wall -Wextra -Werror=return-type -Wno-missing-field-initializers -Wno-type-limits -Wno-array-bounds -Wno-unknown-pragmas -Wno-sign-compare -Wno-unused-parameter -Wno-unused-variable -Wno-unused-function -Wno-unused-result -Wno-unused-local-typedefs -Wno-strict-overflow -Wno-strict-aliasing -Wno-error=deprecated-declarations -Wno-stringop-overflow -Wno-psabi -Wno-error=pedantic -Wno-error=redundant-decls -Wno-error=old-style-cast -fdiagnostics-color=always -faligned-new -Wno-unused-but-set-variable -Wno-maybe-uninitialized -fno-math-errno -fno-trapping-math -Werror=format -Wno-stringop-overflow, LAPACK_INFO=mkl, PERF_WITH_AVX=1, PERF_WITH_AVX2=1, PERF_WITH_AVX512=1, TORCH_VERSION=1.10.1, USE_CUDA=ON, USE_CUDNN=ON, USE_EXCEPTION_PTR=1, USE_GFLAGS=OFF, USE_GLOG=OFF, USE_MKL=ON, USE_MKLDNN=ON, USE_MPI=OFF, USE_NCCL=ON, USE_NNPACK=ON, USE_OPENMP=ON, 

TorchVision: 0.11.2
OpenCV: 4.7.0
MMCV: 1.6.2
MMCV Compiler: GCC 9.3
MMCV CUDA Compiler: 11.3
pyskl: 0.1.0+HEAD
------------------------------------------------------------

2023-02-21 17:33:51,853 - pyskl - INFO - Config: model = dict(
    type='Recognizer3D',
    backbone=dict(
        type='ResNet3dSlowOnly',
        in_channels=5,
        base_channels=32,
        num_stages=3,
        out_indices=(2, ),
        stage_blocks=(4, 6, 3),
        conv1_stride=(1, 1),
        pool1_stride=(1, 1),
        inflate=(0, 1, 1),
        spatial_strides=(2, 2, 2),
        temporal_strides=(1, 1, 2),
        frozen_stages=3),
    cls_head=dict(
        type='I3DHead', in_channels=512, num_classes=10, dropout=0.5),
    test_cfg=dict(average_clips='prob'))
dataset_type = 'PoseDataset'
ann_file = 'data/ds_taichi/test9nsnr.pkl'
left_kp = [
    5, 6, 7, 8, 44, 45, 46, 47, 48, 49, 50, 51, 52, 53, 54, 55, 56, 57, 58, 59,
    60, 61, 62, 63, 64, 65, 66, 67, 68, 69, 70, 71
]
right_kp = [
    1, 2, 3, 4, 16, 17, 18, 19, 20, 21, 22, 23, 24, 25, 26, 27, 28, 29, 30, 31,
    32, 33, 34, 35, 36, 37, 38, 39, 40, 41, 42, 43
]
train_pipeline = [
    dict(type='UniformSampleFrames', clip_len=48),
    dict(type='PoseDecode'),
    dict(type='PoseCompact', hw_ratio=1.0, allow_imgpad=True),
    dict(type='Resize', scale=(-1, 64)),
    dict(type='RandomResizedCrop', area_range=(0.56, 1.0)),
    dict(type='Resize', scale=(56, 56), keep_ratio=False),
    dict(
        type='Flip',
        flip_ratio=0.5,
        left_kp=[
            5, 6, 7, 8, 44, 45, 46, 47, 48, 49, 50, 51, 52, 53, 54, 55, 56, 57,
            58, 59, 60, 61, 62, 63, 64, 65, 66, 67, 68, 69, 70, 71
        ],
        right_kp=[
            1, 2, 3, 4, 16, 17, 18, 19, 20, 21, 22, 23, 24, 25, 26, 27, 28, 29,
            30, 31, 32, 33, 34, 35, 36, 37, 38, 39, 40, 41, 42, 43
        ]),
    dict(type='GenerateTaiChiPoseTarget', with_kp=True, with_limb=False),
    dict(type='FormatShape', input_format='NCTHW_Heatmap'),
    dict(type='Collect', keys=['imgs', 'label'], meta_keys=[]),
    dict(type='ToTensor', keys=['imgs', 'label'])
]
val_pipeline = [
    dict(type='UniformSampleFrames', clip_len=48, num_clips=1),
    dict(type='PoseDecode'),
    dict(type='PoseCompact', hw_ratio=1.0, allow_imgpad=True),
    dict(type='Resize', scale=(64, 64), keep_ratio=False),
    dict(type='GenerateTaiChiPoseTarget', with_kp=True, with_limb=False),
    dict(type='FormatShape', input_format='NCTHW_Heatmap'),
    dict(type='Collect', keys=['imgs', 'label'], meta_keys=[]),
    dict(type='ToTensor', keys=['imgs'])
]
test_pipeline = [
    dict(type='UniformSampleFrames', clip_len=48, num_clips=10),
    dict(type='PoseDecode'),
    dict(type='PoseCompact', hw_ratio=1.0, allow_imgpad=True),
    dict(type='Resize', scale=(64, 64), keep_ratio=False),
    dict(
        type='GenerateTaiChiPoseTarget',
        with_kp=True,
        with_limb=False,
        double=True),
    dict(type='FormatShape', input_format='NCTHW_Heatmap'),
    dict(type='Collect', keys=['imgs', 'label'], meta_keys=[]),
    dict(type='ToTensor', keys=['imgs'])
]
data = dict(
    videos_per_gpu=8,
    workers_per_gpu=4,
    test_dataloader=dict(videos_per_gpu=6),
    train=dict(
        type='RepeatDataset',
        times=30,
        dataset=dict(
            type='PoseDataset',
            ann_file='data/ds_taichi/test9nsnr.pkl',
            split='train',
            pipeline=[
                dict(type='UniformSampleFrames', clip_len=48),
                dict(type='PoseDecode'),
                dict(type='PoseCompact', hw_ratio=1.0, allow_imgpad=True),
                dict(type='Resize', scale=(-1, 64)),
                dict(type='RandomResizedCrop', area_range=(0.56, 1.0)),
                dict(type='Resize', scale=(56, 56), keep_ratio=False),
                dict(
                    type='Flip',
                    flip_ratio=0.5,
                    left_kp=[
                        5, 6, 7, 8, 44, 45, 46, 47, 48, 49, 50, 51, 52, 53, 54,
                        55, 56, 57, 58, 59, 60, 61, 62, 63, 64, 65, 66, 67, 68,
                        69, 70, 71
                    ],
                    right_kp=[
                        1, 2, 3, 4, 16, 17, 18, 19, 20, 21, 22, 23, 24, 25, 26,
                        27, 28, 29, 30, 31, 32, 33, 34, 35, 36, 37, 38, 39, 40,
                        41, 42, 43
                    ]),
                dict(
                    type='GenerateTaiChiPoseTarget',
                    with_kp=True,
                    with_limb=False),
                dict(type='FormatShape', input_format='NCTHW_Heatmap'),
                dict(type='Collect', keys=['imgs', 'label'], meta_keys=[]),
                dict(type='ToTensor', keys=['imgs', 'label'])
            ])),
    val=dict(
        type='PoseDataset',
        ann_file='data/ds_taichi/test9nsnr.pkl',
        split='test',
        pipeline=[
            dict(type='UniformSampleFrames', clip_len=48, num_clips=1),
            dict(type='PoseDecode'),
            dict(type='PoseCompact', hw_ratio=1.0, allow_imgpad=True),
            dict(type='Resize', scale=(64, 64), keep_ratio=False),
            dict(
                type='GenerateTaiChiPoseTarget', with_kp=True,
                with_limb=False),
            dict(type='FormatShape', input_format='NCTHW_Heatmap'),
            dict(type='Collect', keys=['imgs', 'label'], meta_keys=[]),
            dict(type='ToTensor', keys=['imgs'])
        ]),
    test=dict(
        type='PoseDataset',
        ann_file='data/ds_taichi/test9nsnr.pkl',
        split='test',
        pipeline=[
            dict(type='UniformSampleFrames', clip_len=48, num_clips=10),
            dict(type='PoseDecode'),
            dict(type='PoseCompact', hw_ratio=1.0, allow_imgpad=True),
            dict(type='Resize', scale=(64, 64), keep_ratio=False),
            dict(
                type='GenerateTaiChiPoseTarget',
                with_kp=True,
                with_limb=False,
                double=True),
            dict(type='FormatShape', input_format='NCTHW_Heatmap'),
            dict(type='Collect', keys=['imgs', 'label'], meta_keys=[]),
            dict(type='ToTensor', keys=['imgs'])
        ]))
optimizer = dict(type='SGD', lr=30, momentum=0.9, weight_decay=0.0003)
optimizer_config = dict(grad_clip=dict(max_norm=40, norm_type=2))
lr_config = dict(policy='CosineAnnealing', by_epoch=False, min_lr=0)
total_epochs = 24
checkpoint_config = dict(interval=24)
evaluation = dict(
    interval=1, metrics=['top_k_accuracy', 'mean_class_accuracy'], topk=(1, 5))
log_config = dict(interval=20, hooks=[dict(type='TextLoggerHook')])
log_level = 'INFO'
output_config = dict(
    out='./model_pth/exp0_t9/t9nsnr_5p_lr30/test_result/results.pkl')
eval_config = dict(
    metric_out='./model_pth/exp0_t9/t9nsnr_5p_lr30/test_result',
    eval=[
        'top_k_accuracy', 'mean_class_accuracy', 'confusion_matrix',
        't_sne_vis'
    ])
work_dir = './model_pth/exp0_t9/t9nsnr_5p_lr30'
load_from = './model_pth/ntu120xsub_5parts_kp/best_top1_acc_epoch_23.pth'
find_unused_parameters = True
dist_params = dict(backend='nccl')
gpu_ids = range(0, 4)

2023-02-21 17:33:51,854 - pyskl - INFO - Set random seed to 42, deterministic: True
2023-02-21 17:33:52,486 - pyskl - INFO - 20 videos remain after valid thresholding
2023-02-21 17:33:57,793 - pyskl - INFO - 180 videos remain after valid thresholding
2023-02-21 17:33:57,794 - pyskl - INFO - load checkpoint from local path: ./model_pth/ntu120xsub_5parts_kp/best_top1_acc_epoch_23.pth
2023-02-21 17:33:57,818 - pyskl - WARNING - The model and loaded state dict do not match exactly

size mismatch for cls_head.fc_cls.weight: copying a param with shape torch.Size([120, 512]) from checkpoint, the shape in current model is torch.Size([10, 512]).
size mismatch for cls_head.fc_cls.bias: copying a param with shape torch.Size([120]) from checkpoint, the shape in current model is torch.Size([10]).
2023-02-21 17:33:57,818 - pyskl - INFO - Start running, host: yl@83090-jin, work_dir: /home/yl/sscls/model_pth/exp0_t9/t9nsnr_5p_lr30
2023-02-21 17:33:57,818 - pyskl - INFO - Hooks will be executed in the following order:
before_run:
(VERY_HIGH   ) CosineAnnealingLrUpdaterHook       
(NORMAL      ) CheckpointHook                     
(NORMAL      ) DistEvalHook                       
(VERY_LOW    ) TextLoggerHook                     
 -------------------- 
before_train_epoch:
(VERY_HIGH   ) CosineAnnealingLrUpdaterHook       
(NORMAL      ) DistSamplerSeedHook                
(NORMAL      ) DistEvalHook                       
(LOW         ) IterTimerHook                      
(VERY_LOW    ) TextLoggerHook                     
 -------------------- 
before_train_iter:
(VERY_HIGH   ) CosineAnnealingLrUpdaterHook       
(NORMAL      ) DistEvalHook                       
(LOW         ) IterTimerHook                      
 -------------------- 
after_train_iter:
(ABOVE_NORMAL) OptimizerHook                      
(NORMAL      ) CheckpointHook                     
(NORMAL      ) DistEvalHook                       
(LOW         ) IterTimerHook                      
(VERY_LOW    ) TextLoggerHook                     
 -------------------- 
after_train_epoch:
(NORMAL      ) CheckpointHook                     
(NORMAL      ) DistEvalHook                       
(VERY_LOW    ) TextLoggerHook                     
 -------------------- 
before_val_epoch:
(NORMAL      ) DistSamplerSeedHook                
(LOW         ) IterTimerHook                      
(VERY_LOW    ) TextLoggerHook                     
 -------------------- 
before_val_iter:
(LOW         ) IterTimerHook                      
 -------------------- 
after_val_iter:
(LOW         ) IterTimerHook                      
 -------------------- 
after_val_epoch:
(VERY_LOW    ) TextLoggerHook                     
 -------------------- 
after_run:
(VERY_LOW    ) TextLoggerHook                     
 -------------------- 
2023-02-21 17:33:57,819 - pyskl - INFO - workflow: [('train', 1)], max: 24 epochs
2023-02-21 17:33:57,819 - pyskl - INFO - Checkpoints will be saved to /home/yl/sscls/model_pth/exp0_t9/t9nsnr_5p_lr30 by HardDiskBackend.
2023-02-21 17:34:32,660 - pyskl - INFO - Evaluating top_k_accuracy ...
2023-02-21 17:34:32,660 - pyskl - INFO - 
top1_acc	0.2389
top5_acc	0.5611
2023-02-21 17:34:32,660 - pyskl - INFO - Evaluating mean_class_accuracy ...
2023-02-21 17:34:32,661 - pyskl - INFO - 
mean_acc	0.2389
2023-02-21 17:34:32,692 - pyskl - INFO - Now best checkpoint is saved as best_top1_acc_epoch_1.pth.
2023-02-21 17:34:32,693 - pyskl - INFO - Best top1_acc is 0.2389 at 1 epoch.
2023-02-21 17:34:32,693 - pyskl - INFO - Epoch(val) [1][6]	top1_acc: 0.2389, top5_acc: 0.5611, mean_class_accuracy: 0.2389
2023-02-21 17:35:07,558 - pyskl - INFO - Evaluating top_k_accuracy ...
2023-02-21 17:35:07,559 - pyskl - INFO - 
top1_acc	0.2056
top5_acc	0.5778
2023-02-21 17:35:07,559 - pyskl - INFO - Evaluating mean_class_accuracy ...
2023-02-21 17:35:07,560 - pyskl - INFO - 
mean_acc	0.2056
2023-02-21 17:35:07,560 - pyskl - INFO - Epoch(val) [2][6]	top1_acc: 0.2056, top5_acc: 0.5778, mean_class_accuracy: 0.2056
2023-02-21 17:35:42,112 - pyskl - INFO - Evaluating top_k_accuracy ...
2023-02-21 17:35:42,112 - pyskl - INFO - 
top1_acc	0.2333
top5_acc	0.5611
2023-02-21 17:35:42,113 - pyskl - INFO - Evaluating mean_class_accuracy ...
2023-02-21 17:35:42,113 - pyskl - INFO - 
mean_acc	0.2333
2023-02-21 17:35:42,113 - pyskl - INFO - Epoch(val) [3][6]	top1_acc: 0.2333, top5_acc: 0.5611, mean_class_accuracy: 0.2333
2023-02-21 17:36:16,977 - pyskl - INFO - Evaluating top_k_accuracy ...
2023-02-21 17:36:16,977 - pyskl - INFO - 
top1_acc	0.1611
top5_acc	0.5889
2023-02-21 17:36:16,977 - pyskl - INFO - Evaluating mean_class_accuracy ...
2023-02-21 17:36:16,978 - pyskl - INFO - 
mean_acc	0.1611
2023-02-21 17:36:16,978 - pyskl - INFO - Epoch(val) [4][6]	top1_acc: 0.1611, top5_acc: 0.5889, mean_class_accuracy: 0.1611
2023-02-21 17:36:51,297 - pyskl - INFO - Evaluating top_k_accuracy ...
2023-02-21 17:36:51,298 - pyskl - INFO - 
top1_acc	0.3056
top5_acc	0.6333
2023-02-21 17:36:51,298 - pyskl - INFO - Evaluating mean_class_accuracy ...
2023-02-21 17:36:51,298 - pyskl - INFO - 
mean_acc	0.3056
2023-02-21 17:36:51,300 - pyskl - INFO - The previous best checkpoint /home/yl/sscls/model_pth/exp0_t9/t9nsnr_5p_lr30/best_top1_acc_epoch_1.pth was removed
2023-02-21 17:36:51,324 - pyskl - INFO - Now best checkpoint is saved as best_top1_acc_epoch_5.pth.
2023-02-21 17:36:51,325 - pyskl - INFO - Best top1_acc is 0.3056 at 5 epoch.
2023-02-21 17:36:51,325 - pyskl - INFO - Epoch(val) [5][6]	top1_acc: 0.3056, top5_acc: 0.6333, mean_class_accuracy: 0.3056
2023-02-21 17:37:25,505 - pyskl - INFO - Evaluating top_k_accuracy ...
2023-02-21 17:37:25,505 - pyskl - INFO - 
top1_acc	0.2556
top5_acc	0.6778
2023-02-21 17:37:25,506 - pyskl - INFO - Evaluating mean_class_accuracy ...
2023-02-21 17:37:25,506 - pyskl - INFO - 
mean_acc	0.2556
2023-02-21 17:37:25,506 - pyskl - INFO - Epoch(val) [6][6]	top1_acc: 0.2556, top5_acc: 0.6778, mean_class_accuracy: 0.2556
2023-02-21 17:37:59,697 - pyskl - INFO - Evaluating top_k_accuracy ...
2023-02-21 17:37:59,698 - pyskl - INFO - 
top1_acc	0.3556
top5_acc	0.7000
2023-02-21 17:37:59,698 - pyskl - INFO - Evaluating mean_class_accuracy ...
2023-02-21 17:37:59,699 - pyskl - INFO - 
mean_acc	0.3556
2023-02-21 17:37:59,700 - pyskl - INFO - The previous best checkpoint /home/yl/sscls/model_pth/exp0_t9/t9nsnr_5p_lr30/best_top1_acc_epoch_5.pth was removed
2023-02-21 17:37:59,727 - pyskl - INFO - Now best checkpoint is saved as best_top1_acc_epoch_7.pth.
2023-02-21 17:37:59,727 - pyskl - INFO - Best top1_acc is 0.3556 at 7 epoch.
2023-02-21 17:37:59,727 - pyskl - INFO - Epoch(val) [7][6]	top1_acc: 0.3556, top5_acc: 0.7000, mean_class_accuracy: 0.3556
2023-02-21 17:38:34,543 - pyskl - INFO - Evaluating top_k_accuracy ...
2023-02-21 17:38:34,544 - pyskl - INFO - 
top1_acc	0.3056
top5_acc	0.6556
2023-02-21 17:38:34,544 - pyskl - INFO - Evaluating mean_class_accuracy ...
2023-02-21 17:38:34,545 - pyskl - INFO - 
mean_acc	0.3056
2023-02-21 17:38:34,545 - pyskl - INFO - Epoch(val) [8][6]	top1_acc: 0.3056, top5_acc: 0.6556, mean_class_accuracy: 0.3056
2023-02-21 17:39:09,179 - pyskl - INFO - Evaluating top_k_accuracy ...
2023-02-21 17:39:09,180 - pyskl - INFO - 
top1_acc	0.2056
top5_acc	0.6056
2023-02-21 17:39:09,180 - pyskl - INFO - Evaluating mean_class_accuracy ...
2023-02-21 17:39:09,180 - pyskl - INFO - 
mean_acc	0.2056
2023-02-21 17:39:09,180 - pyskl - INFO - Epoch(val) [9][6]	top1_acc: 0.2056, top5_acc: 0.6056, mean_class_accuracy: 0.2056
2023-02-21 17:39:43,975 - pyskl - INFO - Evaluating top_k_accuracy ...
2023-02-21 17:39:43,975 - pyskl - INFO - 
top1_acc	0.1278
top5_acc	0.5722
2023-02-21 17:39:43,975 - pyskl - INFO - Evaluating mean_class_accuracy ...
2023-02-21 17:39:43,975 - pyskl - INFO - 
mean_acc	0.1278
2023-02-21 17:39:43,976 - pyskl - INFO - Epoch(val) [10][6]	top1_acc: 0.1278, top5_acc: 0.5722, mean_class_accuracy: 0.1278
2023-02-21 17:40:18,771 - pyskl - INFO - Evaluating top_k_accuracy ...
2023-02-21 17:40:18,772 - pyskl - INFO - 
top1_acc	0.4500
top5_acc	0.7556
2023-02-21 17:40:18,772 - pyskl - INFO - Evaluating mean_class_accuracy ...
2023-02-21 17:40:18,773 - pyskl - INFO - 
mean_acc	0.4500
2023-02-21 17:40:18,775 - pyskl - INFO - The previous best checkpoint /home/yl/sscls/model_pth/exp0_t9/t9nsnr_5p_lr30/best_top1_acc_epoch_7.pth was removed
2023-02-21 17:40:18,803 - pyskl - INFO - Now best checkpoint is saved as best_top1_acc_epoch_11.pth.
2023-02-21 17:40:18,804 - pyskl - INFO - Best top1_acc is 0.4500 at 11 epoch.
2023-02-21 17:40:18,804 - pyskl - INFO - Epoch(val) [11][6]	top1_acc: 0.4500, top5_acc: 0.7556, mean_class_accuracy: 0.4500
2023-02-21 17:40:53,024 - pyskl - INFO - Evaluating top_k_accuracy ...
2023-02-21 17:40:53,025 - pyskl - INFO - 
top1_acc	0.4056
top5_acc	0.6667
2023-02-21 17:40:53,025 - pyskl - INFO - Evaluating mean_class_accuracy ...
2023-02-21 17:40:53,026 - pyskl - INFO - 
mean_acc	0.4056
2023-02-21 17:40:53,026 - pyskl - INFO - Epoch(val) [12][6]	top1_acc: 0.4056, top5_acc: 0.6667, mean_class_accuracy: 0.4056
2023-02-21 17:41:27,480 - pyskl - INFO - Evaluating top_k_accuracy ...
2023-02-21 17:41:27,481 - pyskl - INFO - 
top1_acc	0.4778
top5_acc	0.7056
2023-02-21 17:41:27,481 - pyskl - INFO - Evaluating mean_class_accuracy ...
2023-02-21 17:41:27,482 - pyskl - INFO - 
mean_acc	0.4778
2023-02-21 17:41:27,484 - pyskl - INFO - The previous best checkpoint /home/yl/sscls/model_pth/exp0_t9/t9nsnr_5p_lr30/best_top1_acc_epoch_11.pth was removed
2023-02-21 17:41:27,511 - pyskl - INFO - Now best checkpoint is saved as best_top1_acc_epoch_13.pth.
2023-02-21 17:41:27,511 - pyskl - INFO - Best top1_acc is 0.4778 at 13 epoch.
2023-02-21 17:41:27,511 - pyskl - INFO - Epoch(val) [13][6]	top1_acc: 0.4778, top5_acc: 0.7056, mean_class_accuracy: 0.4778
2023-02-21 17:42:01,744 - pyskl - INFO - Evaluating top_k_accuracy ...
2023-02-21 17:42:01,745 - pyskl - INFO - 
top1_acc	0.4444
top5_acc	0.7833
2023-02-21 17:42:01,745 - pyskl - INFO - Evaluating mean_class_accuracy ...
2023-02-21 17:42:01,745 - pyskl - INFO - 
mean_acc	0.4444
2023-02-21 17:42:01,745 - pyskl - INFO - Epoch(val) [14][6]	top1_acc: 0.4444, top5_acc: 0.7833, mean_class_accuracy: 0.4444
2023-02-21 17:42:36,542 - pyskl - INFO - Evaluating top_k_accuracy ...
2023-02-21 17:42:36,543 - pyskl - INFO - 
top1_acc	0.3111
top5_acc	0.7833
2023-02-21 17:42:36,543 - pyskl - INFO - Evaluating mean_class_accuracy ...
2023-02-21 17:42:36,544 - pyskl - INFO - 
mean_acc	0.3111
2023-02-21 17:42:36,544 - pyskl - INFO - Epoch(val) [15][6]	top1_acc: 0.3111, top5_acc: 0.7833, mean_class_accuracy: 0.3111
2023-02-21 17:43:11,211 - pyskl - INFO - Evaluating top_k_accuracy ...
2023-02-21 17:43:11,211 - pyskl - INFO - 
top1_acc	0.4556
top5_acc	0.7944
2023-02-21 17:43:11,211 - pyskl - INFO - Evaluating mean_class_accuracy ...
2023-02-21 17:43:11,212 - pyskl - INFO - 
mean_acc	0.4556
2023-02-21 17:43:11,212 - pyskl - INFO - Epoch(val) [16][6]	top1_acc: 0.4556, top5_acc: 0.7944, mean_class_accuracy: 0.4556
2023-02-21 17:43:46,292 - pyskl - INFO - Evaluating top_k_accuracy ...
2023-02-21 17:43:46,292 - pyskl - INFO - 
top1_acc	0.6167
top5_acc	0.8778
2023-02-21 17:43:46,293 - pyskl - INFO - Evaluating mean_class_accuracy ...
2023-02-21 17:43:46,293 - pyskl - INFO - 
mean_acc	0.6167
2023-02-21 17:43:46,294 - pyskl - INFO - The previous best checkpoint /home/yl/sscls/model_pth/exp0_t9/t9nsnr_5p_lr30/best_top1_acc_epoch_13.pth was removed
2023-02-21 17:43:46,320 - pyskl - INFO - Now best checkpoint is saved as best_top1_acc_epoch_17.pth.
2023-02-21 17:43:46,321 - pyskl - INFO - Best top1_acc is 0.6167 at 17 epoch.
2023-02-21 17:43:46,321 - pyskl - INFO - Epoch(val) [17][6]	top1_acc: 0.6167, top5_acc: 0.8778, mean_class_accuracy: 0.6167
2023-02-21 17:44:20,935 - pyskl - INFO - Evaluating top_k_accuracy ...
2023-02-21 17:44:20,936 - pyskl - INFO - 
top1_acc	0.3833
top5_acc	0.8000
2023-02-21 17:44:20,936 - pyskl - INFO - Evaluating mean_class_accuracy ...
2023-02-21 17:44:20,937 - pyskl - INFO - 
mean_acc	0.3833
2023-02-21 17:44:20,937 - pyskl - INFO - Epoch(val) [18][6]	top1_acc: 0.3833, top5_acc: 0.8000, mean_class_accuracy: 0.3833
2023-02-21 17:44:55,650 - pyskl - INFO - Evaluating top_k_accuracy ...
2023-02-21 17:44:55,650 - pyskl - INFO - 
top1_acc	0.5667
top5_acc	0.8500
2023-02-21 17:44:55,650 - pyskl - INFO - Evaluating mean_class_accuracy ...
2023-02-21 17:44:55,651 - pyskl - INFO - 
mean_acc	0.5667
2023-02-21 17:44:55,651 - pyskl - INFO - Epoch(val) [19][6]	top1_acc: 0.5667, top5_acc: 0.8500, mean_class_accuracy: 0.5667
2023-02-21 17:45:30,478 - pyskl - INFO - Evaluating top_k_accuracy ...
2023-02-21 17:45:30,479 - pyskl - INFO - 
top1_acc	0.5000
top5_acc	0.8833
2023-02-21 17:45:30,479 - pyskl - INFO - Evaluating mean_class_accuracy ...
2023-02-21 17:45:30,480 - pyskl - INFO - 
mean_acc	0.5000
2023-02-21 17:45:30,480 - pyskl - INFO - Epoch(val) [20][6]	top1_acc: 0.5000, top5_acc: 0.8833, mean_class_accuracy: 0.5000
2023-02-21 17:46:05,471 - pyskl - INFO - Evaluating top_k_accuracy ...
2023-02-21 17:46:05,471 - pyskl - INFO - 
top1_acc	0.6500
top5_acc	0.9333
2023-02-21 17:46:05,471 - pyskl - INFO - Evaluating mean_class_accuracy ...
2023-02-21 17:46:05,472 - pyskl - INFO - 
mean_acc	0.6500
2023-02-21 17:46:05,473 - pyskl - INFO - The previous best checkpoint /home/yl/sscls/model_pth/exp0_t9/t9nsnr_5p_lr30/best_top1_acc_epoch_17.pth was removed
2023-02-21 17:46:05,499 - pyskl - INFO - Now best checkpoint is saved as best_top1_acc_epoch_21.pth.
2023-02-21 17:46:05,499 - pyskl - INFO - Best top1_acc is 0.6500 at 21 epoch.
2023-02-21 17:46:05,499 - pyskl - INFO - Epoch(val) [21][6]	top1_acc: 0.6500, top5_acc: 0.9333, mean_class_accuracy: 0.6500
2023-02-21 17:46:40,628 - pyskl - INFO - Evaluating top_k_accuracy ...
2023-02-21 17:46:40,629 - pyskl - INFO - 
top1_acc	0.7444
top5_acc	0.9833
2023-02-21 17:46:40,629 - pyskl - INFO - Evaluating mean_class_accuracy ...
2023-02-21 17:46:40,630 - pyskl - INFO - 
mean_acc	0.7444
2023-02-21 17:46:40,632 - pyskl - INFO - The previous best checkpoint /home/yl/sscls/model_pth/exp0_t9/t9nsnr_5p_lr30/best_top1_acc_epoch_21.pth was removed
2023-02-21 17:46:40,660 - pyskl - INFO - Now best checkpoint is saved as best_top1_acc_epoch_22.pth.
2023-02-21 17:46:40,660 - pyskl - INFO - Best top1_acc is 0.7444 at 22 epoch.
2023-02-21 17:46:40,660 - pyskl - INFO - Epoch(val) [22][6]	top1_acc: 0.7444, top5_acc: 0.9833, mean_class_accuracy: 0.7444
2023-02-21 17:47:15,716 - pyskl - INFO - Evaluating top_k_accuracy ...
2023-02-21 17:47:15,717 - pyskl - INFO - 
top1_acc	0.7778
top5_acc	0.9389
2023-02-21 17:47:15,717 - pyskl - INFO - Evaluating mean_class_accuracy ...
2023-02-21 17:47:15,717 - pyskl - INFO - 
mean_acc	0.7778
2023-02-21 17:47:15,719 - pyskl - INFO - The previous best checkpoint /home/yl/sscls/model_pth/exp0_t9/t9nsnr_5p_lr30/best_top1_acc_epoch_22.pth was removed
2023-02-21 17:47:15,746 - pyskl - INFO - Now best checkpoint is saved as best_top1_acc_epoch_23.pth.
2023-02-21 17:47:15,746 - pyskl - INFO - Best top1_acc is 0.7778 at 23 epoch.
2023-02-21 17:47:15,746 - pyskl - INFO - Epoch(val) [23][6]	top1_acc: 0.7778, top5_acc: 0.9389, mean_class_accuracy: 0.7778
2023-02-21 17:47:33,603 - pyskl - INFO - Saving checkpoint at 24 epochs
2023-02-21 17:47:50,545 - pyskl - INFO - Evaluating top_k_accuracy ...
2023-02-21 17:47:50,545 - pyskl - INFO - 
top1_acc	0.7556
top5_acc	0.9500
2023-02-21 17:47:50,545 - pyskl - INFO - Evaluating mean_class_accuracy ...
2023-02-21 17:47:50,546 - pyskl - INFO - 
mean_acc	0.7556
2023-02-21 17:47:50,546 - pyskl - INFO - Epoch(val) [24][6]	top1_acc: 0.7556, top5_acc: 0.9500, mean_class_accuracy: 0.7556
