2023-02-23 11:59:45,717 - pyskl - INFO - Environment info:
------------------------------------------------------------
sys.platform: linux
Python: 3.8.16 (default, Jan 17 2023, 23:13:24) [GCC 11.2.0]
CUDA available: True
GPU 0,1,2,3: NVIDIA GeForce RTX 3090
CUDA_HOME: /usr/local/cuda
NVCC: Cuda compilation tools, release 11.6, V11.6.55
GCC: gcc (Ubuntu 7.5.0-6ubuntu2) 7.5.0
PyTorch: 1.10.1
PyTorch compiling details: PyTorch built with:
  - GCC 7.3
  - C++ Version: 201402
  - Intel(R) oneAPI Math Kernel Library Version 2021.4-Product Build 20210904 for Intel(R) 64 architecture applications
  - Intel(R) MKL-DNN v2.2.3 (Git Hash 7336ca9f055cf1bfa13efb658fe15dc9b41f0740)
  - OpenMP 201511 (a.k.a. OpenMP 4.5)
  - LAPACK is enabled (usually provided by MKL)
  - NNPACK is enabled
  - CPU capability usage: AVX2
  - CUDA Runtime 11.3
  - NVCC architecture flags: -gencode;arch=compute_37,code=sm_37;-gencode;arch=compute_50,code=sm_50;-gencode;arch=compute_60,code=sm_60;-gencode;arch=compute_61,code=sm_61;-gencode;arch=compute_70,code=sm_70;-gencode;arch=compute_75,code=sm_75;-gencode;arch=compute_80,code=sm_80;-gencode;arch=compute_86,code=sm_86;-gencode;arch=compute_37,code=compute_37
  - CuDNN 8.2
  - Magma 2.5.2
  - Build settings: BLAS_INFO=mkl, BUILD_TYPE=Release, CUDA_VERSION=11.3, CUDNN_VERSION=8.2.0, CXX_COMPILER=/opt/rh/devtoolset-7/root/usr/bin/c++, CXX_FLAGS= -Wno-deprecated -fvisibility-inlines-hidden -DUSE_PTHREADPOOL -fopenmp -DNDEBUG -DUSE_KINETO -DUSE_FBGEMM -DUSE_QNNPACK -DUSE_PYTORCH_QNNPACK -DUSE_XNNPACK -DSYMBOLICATE_MOBILE_DEBUG_HANDLE -DEDGE_PROFILER_USE_KINETO -O2 -fPIC -Wno-narrowing -Wall -Wextra -Werror=return-type -Wno-missing-field-initializers -Wno-type-limits -Wno-array-bounds -Wno-unknown-pragmas -Wno-sign-compare -Wno-unused-parameter -Wno-unused-variable -Wno-unused-function -Wno-unused-result -Wno-unused-local-typedefs -Wno-strict-overflow -Wno-strict-aliasing -Wno-error=deprecated-declarations -Wno-stringop-overflow -Wno-psabi -Wno-error=pedantic -Wno-error=redundant-decls -Wno-error=old-style-cast -fdiagnostics-color=always -faligned-new -Wno-unused-but-set-variable -Wno-maybe-uninitialized -fno-math-errno -fno-trapping-math -Werror=format -Wno-stringop-overflow, LAPACK_INFO=mkl, PERF_WITH_AVX=1, PERF_WITH_AVX2=1, PERF_WITH_AVX512=1, TORCH_VERSION=1.10.1, USE_CUDA=ON, USE_CUDNN=ON, USE_EXCEPTION_PTR=1, USE_GFLAGS=OFF, USE_GLOG=OFF, USE_MKL=ON, USE_MKLDNN=ON, USE_MPI=OFF, USE_NCCL=ON, USE_NNPACK=ON, USE_OPENMP=ON, 

TorchVision: 0.11.2
OpenCV: 4.7.0
MMCV: 1.6.2
MMCV Compiler: GCC 9.3
MMCV CUDA Compiler: 11.3
pyskl: 0.1.0+HEAD
------------------------------------------------------------

2023-02-23 11:59:46,970 - pyskl - INFO - Config: model = dict(
    type='Recognizer3D',
    backbone=dict(
        type='ResNet3dSlowOnly',
        in_channels=5,
        base_channels=32,
        num_stages=3,
        out_indices=(2, ),
        stage_blocks=(4, 6, 3),
        conv1_stride=(1, 1),
        pool1_stride=(1, 1),
        inflate=(0, 1, 1),
        spatial_strides=(2, 2, 2),
        temporal_strides=(1, 1, 2),
        frozen_stages=3),
    cls_head=dict(
        type='I3DHead', in_channels=512, num_classes=10, dropout=0.5),
    test_cfg=dict(average_clips='prob'))
dataset_type = 'PoseDataset'
ann_file = 'data/ds_taichi/test7nsnr.pkl'
left_kp = [
    5, 6, 7, 8, 44, 45, 46, 47, 48, 49, 50, 51, 52, 53, 54, 55, 56, 57, 58, 59,
    60, 61, 62, 63, 64, 65, 66, 67, 68, 69, 70, 71
]
right_kp = [
    1, 2, 3, 4, 16, 17, 18, 19, 20, 21, 22, 23, 24, 25, 26, 27, 28, 29, 30, 31,
    32, 33, 34, 35, 36, 37, 38, 39, 40, 41, 42, 43
]
train_pipeline = [
    dict(type='UniformSampleFrames', clip_len=48),
    dict(type='PoseDecode'),
    dict(type='PoseCompact', hw_ratio=1.0, allow_imgpad=True),
    dict(type='Resize', scale=(-1, 64)),
    dict(type='RandomResizedCrop', area_range=(0.56, 1.0)),
    dict(type='Resize', scale=(56, 56), keep_ratio=False),
    dict(
        type='Flip',
        flip_ratio=0.5,
        left_kp=[
            5, 6, 7, 8, 44, 45, 46, 47, 48, 49, 50, 51, 52, 53, 54, 55, 56, 57,
            58, 59, 60, 61, 62, 63, 64, 65, 66, 67, 68, 69, 70, 71
        ],
        right_kp=[
            1, 2, 3, 4, 16, 17, 18, 19, 20, 21, 22, 23, 24, 25, 26, 27, 28, 29,
            30, 31, 32, 33, 34, 35, 36, 37, 38, 39, 40, 41, 42, 43
        ]),
    dict(type='GenerateTaiChiPoseTarget', with_kp=True, with_limb=False),
    dict(type='FormatShape', input_format='NCTHW_Heatmap'),
    dict(type='Collect', keys=['imgs', 'label'], meta_keys=[]),
    dict(type='ToTensor', keys=['imgs', 'label'])
]
val_pipeline = [
    dict(type='UniformSampleFrames', clip_len=48, num_clips=1),
    dict(type='PoseDecode'),
    dict(type='PoseCompact', hw_ratio=1.0, allow_imgpad=True),
    dict(type='Resize', scale=(64, 64), keep_ratio=False),
    dict(type='GenerateTaiChiPoseTarget', with_kp=True, with_limb=False),
    dict(type='FormatShape', input_format='NCTHW_Heatmap'),
    dict(type='Collect', keys=['imgs', 'label'], meta_keys=[]),
    dict(type='ToTensor', keys=['imgs'])
]
test_pipeline = [
    dict(type='UniformSampleFrames', clip_len=48, num_clips=10),
    dict(type='PoseDecode'),
    dict(type='PoseCompact', hw_ratio=1.0, allow_imgpad=True),
    dict(type='Resize', scale=(64, 64), keep_ratio=False),
    dict(
        type='GenerateTaiChiPoseTarget',
        with_kp=True,
        with_limb=False,
        double=True),
    dict(type='FormatShape', input_format='NCTHW_Heatmap'),
    dict(type='Collect', keys=['imgs', 'label'], meta_keys=[]),
    dict(type='ToTensor', keys=['imgs'])
]
data = dict(
    videos_per_gpu=8,
    workers_per_gpu=4,
    test_dataloader=dict(videos_per_gpu=6),
    train=dict(
        type='RepeatDataset',
        times=30,
        dataset=dict(
            type='PoseDataset',
            ann_file='data/ds_taichi/test7nsnr.pkl',
            split='train',
            pipeline=[
                dict(type='UniformSampleFrames', clip_len=48),
                dict(type='PoseDecode'),
                dict(type='PoseCompact', hw_ratio=1.0, allow_imgpad=True),
                dict(type='Resize', scale=(-1, 64)),
                dict(type='RandomResizedCrop', area_range=(0.56, 1.0)),
                dict(type='Resize', scale=(56, 56), keep_ratio=False),
                dict(
                    type='Flip',
                    flip_ratio=0.5,
                    left_kp=[
                        5, 6, 7, 8, 44, 45, 46, 47, 48, 49, 50, 51, 52, 53, 54,
                        55, 56, 57, 58, 59, 60, 61, 62, 63, 64, 65, 66, 67, 68,
                        69, 70, 71
                    ],
                    right_kp=[
                        1, 2, 3, 4, 16, 17, 18, 19, 20, 21, 22, 23, 24, 25, 26,
                        27, 28, 29, 30, 31, 32, 33, 34, 35, 36, 37, 38, 39, 40,
                        41, 42, 43
                    ]),
                dict(
                    type='GenerateTaiChiPoseTarget',
                    with_kp=True,
                    with_limb=False),
                dict(type='FormatShape', input_format='NCTHW_Heatmap'),
                dict(type='Collect', keys=['imgs', 'label'], meta_keys=[]),
                dict(type='ToTensor', keys=['imgs', 'label'])
            ])),
    val=dict(
        type='PoseDataset',
        ann_file='data/ds_taichi/test7nsnr.pkl',
        split='test',
        pipeline=[
            dict(type='UniformSampleFrames', clip_len=48, num_clips=1),
            dict(type='PoseDecode'),
            dict(type='PoseCompact', hw_ratio=1.0, allow_imgpad=True),
            dict(type='Resize', scale=(64, 64), keep_ratio=False),
            dict(
                type='GenerateTaiChiPoseTarget', with_kp=True,
                with_limb=False),
            dict(type='FormatShape', input_format='NCTHW_Heatmap'),
            dict(type='Collect', keys=['imgs', 'label'], meta_keys=[]),
            dict(type='ToTensor', keys=['imgs'])
        ]),
    test=dict(
        type='PoseDataset',
        ann_file='data/ds_taichi/test7nsnr.pkl',
        split='test',
        pipeline=[
            dict(type='UniformSampleFrames', clip_len=48, num_clips=10),
            dict(type='PoseDecode'),
            dict(type='PoseCompact', hw_ratio=1.0, allow_imgpad=True),
            dict(type='Resize', scale=(64, 64), keep_ratio=False),
            dict(
                type='GenerateTaiChiPoseTarget',
                with_kp=True,
                with_limb=False,
                double=True),
            dict(type='FormatShape', input_format='NCTHW_Heatmap'),
            dict(type='Collect', keys=['imgs', 'label'], meta_keys=[]),
            dict(type='ToTensor', keys=['imgs'])
        ]))
optimizer = dict(type='SGD', lr=0.4, momentum=0.9, weight_decay=0.0003)
optimizer_config = dict(grad_clip=dict(max_norm=40, norm_type=2))
lr_config = dict(policy='CosineAnnealing', by_epoch=False, min_lr=0)
total_epochs = 24
checkpoint_config = dict(interval=24)
evaluation = dict(
    interval=1, metrics=['top_k_accuracy', 'mean_class_accuracy'], topk=(1, 5))
log_config = dict(interval=20, hooks=[dict(type='TextLoggerHook')])
log_level = 'INFO'
output_config = dict(
    out='./model_pth/exp4/t7nsnr_wfwc/test_result/results.pkl')
eval_config = dict(
    metric_out='./model_pth/exp4/t7nsnr_wfwc/test_result',
    eval=[
        'top_k_accuracy', 'mean_class_accuracy', 'confusion_matrix',
        't_sne_vis'
    ])
work_dir = './model_pth/exp4/t7nsnr_wfwc'
load_from = './model_pth/ntu120xsub_5parts_kp/best_top1_acc_epoch_23.pth'
find_unused_parameters = True
dist_params = dict(backend='nccl')
gpu_ids = range(0, 4)

2023-02-23 11:59:46,970 - pyskl - INFO - Set random seed to 42, deterministic: True
2023-02-23 11:59:47,621 - pyskl - INFO - 60 videos remain after valid thresholding
2023-02-23 11:59:52,979 - pyskl - INFO - 140 videos remain after valid thresholding
2023-02-23 11:59:52,981 - pyskl - INFO - load checkpoint from local path: ./model_pth/ntu120xsub_5parts_kp/best_top1_acc_epoch_23.pth
2023-02-23 11:59:53,003 - pyskl - WARNING - The model and loaded state dict do not match exactly

size mismatch for cls_head.fc_cls.weight: copying a param with shape torch.Size([120, 512]) from checkpoint, the shape in current model is torch.Size([10, 512]).
size mismatch for cls_head.fc_cls.bias: copying a param with shape torch.Size([120]) from checkpoint, the shape in current model is torch.Size([10]).
2023-02-23 11:59:53,004 - pyskl - INFO - Start running, host: yl@83090-jin, work_dir: /home/yl/sscls/model_pth/exp4/t7nsnr_wfwc
2023-02-23 11:59:53,004 - pyskl - INFO - Hooks will be executed in the following order:
before_run:
(VERY_HIGH   ) CosineAnnealingLrUpdaterHook       
(NORMAL      ) CheckpointHook                     
(NORMAL      ) DistEvalHook                       
(VERY_LOW    ) TextLoggerHook                     
 -------------------- 
before_train_epoch:
(VERY_HIGH   ) CosineAnnealingLrUpdaterHook       
(NORMAL      ) DistSamplerSeedHook                
(NORMAL      ) DistEvalHook                       
(LOW         ) IterTimerHook                      
(VERY_LOW    ) TextLoggerHook                     
 -------------------- 
before_train_iter:
(VERY_HIGH   ) CosineAnnealingLrUpdaterHook       
(NORMAL      ) DistEvalHook                       
(LOW         ) IterTimerHook                      
 -------------------- 
after_train_iter:
(ABOVE_NORMAL) OptimizerHook                      
(NORMAL      ) CheckpointHook                     
(NORMAL      ) DistEvalHook                       
(LOW         ) IterTimerHook                      
(VERY_LOW    ) TextLoggerHook                     
 -------------------- 
after_train_epoch:
(NORMAL      ) CheckpointHook                     
(NORMAL      ) DistEvalHook                       
(VERY_LOW    ) TextLoggerHook                     
 -------------------- 
before_val_epoch:
(NORMAL      ) DistSamplerSeedHook                
(LOW         ) IterTimerHook                      
(VERY_LOW    ) TextLoggerHook                     
 -------------------- 
before_val_iter:
(LOW         ) IterTimerHook                      
 -------------------- 
after_val_iter:
(LOW         ) IterTimerHook                      
 -------------------- 
after_val_epoch:
(VERY_LOW    ) TextLoggerHook                     
 -------------------- 
after_run:
(VERY_LOW    ) TextLoggerHook                     
 -------------------- 
2023-02-23 11:59:53,004 - pyskl - INFO - workflow: [('train', 1)], max: 24 epochs
2023-02-23 11:59:53,004 - pyskl - INFO - Checkpoints will be saved to /home/yl/sscls/model_pth/exp4/t7nsnr_wfwc by HardDiskBackend.
2023-02-23 12:00:11,011 - pyskl - INFO - Epoch [1][20/57]	lr: 3.998e-01, eta: 0:20:13, time: 0.900, data_time: 0.744, memory: 664, top1_acc: 0.2484, top5_acc: 0.6656, loss_cls: 10.4882, loss: 10.4882, grad_norm: 5.5336
2023-02-23 12:00:14,637 - pyskl - INFO - Epoch [1][40/57]	lr: 3.992e-01, eta: 0:11:58, time: 0.181, data_time: 0.030, memory: 664, top1_acc: 0.3438, top5_acc: 0.7859, loss_cls: 12.6849, loss: 12.6849, grad_norm: 4.4707
2023-02-23 12:00:33,942 - pyskl - INFO - Evaluating top_k_accuracy ...
2023-02-23 12:00:33,942 - pyskl - INFO - 
top1_acc	0.6071
top5_acc	0.8571
2023-02-23 12:00:33,942 - pyskl - INFO - Evaluating mean_class_accuracy ...
2023-02-23 12:00:33,943 - pyskl - INFO - 
mean_acc	0.6071
2023-02-23 12:00:33,977 - pyskl - INFO - Now best checkpoint is saved as best_top1_acc_epoch_1.pth.
2023-02-23 12:00:33,978 - pyskl - INFO - Best top1_acc is 0.6071 at 1 epoch.
2023-02-23 12:00:33,978 - pyskl - INFO - Epoch(val) [1][5]	top1_acc: 0.6071, top5_acc: 0.8571, mean_class_accuracy: 0.6071
2023-02-23 12:00:52,187 - pyskl - INFO - Epoch [2][20/57]	lr: 3.970e-01, eta: 0:11:07, time: 0.910, data_time: 0.861, memory: 861, top1_acc: 0.5578, top5_acc: 0.9062, loss_cls: 8.1792, loss: 8.1792, grad_norm: 3.1370
2023-02-23 12:00:55,808 - pyskl - INFO - Epoch [2][40/57]	lr: 3.952e-01, eta: 0:09:29, time: 0.181, data_time: 0.130, memory: 861, top1_acc: 0.6031, top5_acc: 0.9406, loss_cls: 7.0862, loss: 7.0862, grad_norm: 2.6150
2023-02-23 12:01:15,321 - pyskl - INFO - Evaluating top_k_accuracy ...
2023-02-23 12:01:15,322 - pyskl - INFO - 
top1_acc	0.6571
top5_acc	0.9929
2023-02-23 12:01:15,322 - pyskl - INFO - Evaluating mean_class_accuracy ...
2023-02-23 12:01:15,323 - pyskl - INFO - 
mean_acc	0.6571
2023-02-23 12:01:15,325 - pyskl - INFO - The previous best checkpoint /home/yl/sscls/model_pth/exp4/t7nsnr_wfwc/best_top1_acc_epoch_1.pth was removed
2023-02-23 12:01:15,357 - pyskl - INFO - Now best checkpoint is saved as best_top1_acc_epoch_2.pth.
2023-02-23 12:01:15,357 - pyskl - INFO - Best top1_acc is 0.6571 at 2 epoch.
2023-02-23 12:01:15,358 - pyskl - INFO - Epoch(val) [2][5]	top1_acc: 0.6571, top5_acc: 0.9929, mean_class_accuracy: 0.6571
2023-02-23 12:01:32,539 - pyskl - INFO - Epoch [3][20/57]	lr: 3.907e-01, eta: 0:09:18, time: 0.859, data_time: 0.809, memory: 861, top1_acc: 0.6188, top5_acc: 0.9406, loss_cls: 6.7397, loss: 6.7397, grad_norm: 2.9421
2023-02-23 12:01:36,186 - pyskl - INFO - Epoch [3][40/57]	lr: 3.878e-01, eta: 0:08:26, time: 0.182, data_time: 0.100, memory: 861, top1_acc: 0.5734, top5_acc: 0.9375, loss_cls: 8.0519, loss: 8.0519, grad_norm: 3.1228
2023-02-23 12:01:55,665 - pyskl - INFO - Evaluating top_k_accuracy ...
2023-02-23 12:01:55,665 - pyskl - INFO - 
top1_acc	0.8571
top5_acc	1.0000
2023-02-23 12:01:55,665 - pyskl - INFO - Evaluating mean_class_accuracy ...
2023-02-23 12:01:55,666 - pyskl - INFO - 
mean_acc	0.8571
2023-02-23 12:01:55,668 - pyskl - INFO - The previous best checkpoint /home/yl/sscls/model_pth/exp4/t7nsnr_wfwc/best_top1_acc_epoch_2.pth was removed
2023-02-23 12:01:55,694 - pyskl - INFO - Now best checkpoint is saved as best_top1_acc_epoch_3.pth.
2023-02-23 12:01:55,695 - pyskl - INFO - Best top1_acc is 0.8571 at 3 epoch.
2023-02-23 12:01:55,695 - pyskl - INFO - Epoch(val) [3][5]	top1_acc: 0.8571, top5_acc: 1.0000, mean_class_accuracy: 0.8571
2023-02-23 12:02:13,053 - pyskl - INFO - Epoch [4][20/57]	lr: 3.813e-01, eta: 0:08:23, time: 0.868, data_time: 0.817, memory: 861, top1_acc: 0.6656, top5_acc: 0.9750, loss_cls: 4.8718, loss: 4.8718, grad_norm: 2.4414
2023-02-23 12:02:16,657 - pyskl - INFO - Epoch [4][40/57]	lr: 3.772e-01, eta: 0:07:47, time: 0.180, data_time: 0.115, memory: 861, top1_acc: 0.6734, top5_acc: 0.9672, loss_cls: 5.4927, loss: 5.4927, grad_norm: 2.5487
2023-02-23 12:02:36,430 - pyskl - INFO - Evaluating top_k_accuracy ...
2023-02-23 12:02:36,431 - pyskl - INFO - 
top1_acc	0.7357
top5_acc	1.0000
2023-02-23 12:02:36,431 - pyskl - INFO - Evaluating mean_class_accuracy ...
2023-02-23 12:02:36,432 - pyskl - INFO - 
mean_acc	0.7357
2023-02-23 12:02:36,432 - pyskl - INFO - Epoch(val) [4][5]	top1_acc: 0.7357, top5_acc: 1.0000, mean_class_accuracy: 0.7357
2023-02-23 12:02:54,640 - pyskl - INFO - Epoch [5][20/57]	lr: 3.687e-01, eta: 0:07:47, time: 0.910, data_time: 0.859, memory: 861, top1_acc: 0.6781, top5_acc: 0.9750, loss_cls: 5.1543, loss: 5.1543, grad_norm: 2.5007
2023-02-23 12:02:58,216 - pyskl - INFO - Epoch [5][40/57]	lr: 3.636e-01, eta: 0:07:19, time: 0.179, data_time: 0.127, memory: 861, top1_acc: 0.6750, top5_acc: 0.9547, loss_cls: 5.3190, loss: 5.3190, grad_norm: 2.5685
2023-02-23 12:03:17,897 - pyskl - INFO - Evaluating top_k_accuracy ...
2023-02-23 12:03:17,897 - pyskl - INFO - 
top1_acc	0.8571
top5_acc	1.0000
2023-02-23 12:03:17,897 - pyskl - INFO - Evaluating mean_class_accuracy ...
2023-02-23 12:03:17,898 - pyskl - INFO - 
mean_acc	0.8571
2023-02-23 12:03:17,898 - pyskl - INFO - Epoch(val) [5][5]	top1_acc: 0.8571, top5_acc: 1.0000, mean_class_accuracy: 0.8571
2023-02-23 12:03:35,667 - pyskl - INFO - Epoch [6][20/57]	lr: 3.532e-01, eta: 0:07:14, time: 0.888, data_time: 0.825, memory: 861, top1_acc: 0.7203, top5_acc: 0.9766, loss_cls: 3.8957, loss: 3.8957, grad_norm: 2.1024
2023-02-23 12:03:39,173 - pyskl - INFO - Epoch [6][40/57]	lr: 3.471e-01, eta: 0:06:51, time: 0.175, data_time: 0.119, memory: 861, top1_acc: 0.7578, top5_acc: 0.9812, loss_cls: 3.5357, loss: 3.5357, grad_norm: 1.9806
2023-02-23 12:03:58,609 - pyskl - INFO - Evaluating top_k_accuracy ...
2023-02-23 12:03:58,609 - pyskl - INFO - 
top1_acc	0.9071
top5_acc	1.0000
2023-02-23 12:03:58,609 - pyskl - INFO - Evaluating mean_class_accuracy ...
2023-02-23 12:03:58,610 - pyskl - INFO - 
mean_acc	0.9071
2023-02-23 12:03:58,611 - pyskl - INFO - The previous best checkpoint /home/yl/sscls/model_pth/exp4/t7nsnr_wfwc/best_top1_acc_epoch_3.pth was removed
2023-02-23 12:03:58,637 - pyskl - INFO - Now best checkpoint is saved as best_top1_acc_epoch_6.pth.
2023-02-23 12:03:58,637 - pyskl - INFO - Best top1_acc is 0.9071 at 6 epoch.
2023-02-23 12:03:58,637 - pyskl - INFO - Epoch(val) [6][5]	top1_acc: 0.9071, top5_acc: 1.0000, mean_class_accuracy: 0.9071
2023-02-23 12:04:16,405 - pyskl - INFO - Epoch [7][20/57]	lr: 3.351e-01, eta: 0:06:45, time: 0.888, data_time: 0.838, memory: 861, top1_acc: 0.7172, top5_acc: 0.9797, loss_cls: 3.7834, loss: 3.7834, grad_norm: 2.2210
2023-02-23 12:04:19,974 - pyskl - INFO - Epoch [7][40/57]	lr: 3.282e-01, eta: 0:06:26, time: 0.178, data_time: 0.130, memory: 861, top1_acc: 0.7219, top5_acc: 0.9859, loss_cls: 3.5738, loss: 3.5738, grad_norm: 2.1851
2023-02-23 12:04:39,967 - pyskl - INFO - Evaluating top_k_accuracy ...
2023-02-23 12:04:39,967 - pyskl - INFO - 
top1_acc	0.8071
top5_acc	0.9429
2023-02-23 12:04:39,967 - pyskl - INFO - Evaluating mean_class_accuracy ...
2023-02-23 12:04:39,968 - pyskl - INFO - 
mean_acc	0.8071
2023-02-23 12:04:39,968 - pyskl - INFO - Epoch(val) [7][5]	top1_acc: 0.8071, top5_acc: 0.9429, mean_class_accuracy: 0.8071
2023-02-23 12:04:57,642 - pyskl - INFO - Epoch [8][20/57]	lr: 3.147e-01, eta: 0:06:18, time: 0.884, data_time: 0.790, memory: 861, top1_acc: 0.7438, top5_acc: 0.9906, loss_cls: 3.3445, loss: 3.3445, grad_norm: 2.1033
2023-02-23 12:05:01,292 - pyskl - INFO - Epoch [8][40/57]	lr: 3.071e-01, eta: 0:06:01, time: 0.182, data_time: 0.067, memory: 861, top1_acc: 0.7375, top5_acc: 0.9906, loss_cls: 3.0011, loss: 3.0011, grad_norm: 2.0487
2023-02-23 12:05:21,190 - pyskl - INFO - Evaluating top_k_accuracy ...
2023-02-23 12:05:21,191 - pyskl - INFO - 
top1_acc	0.7857
top5_acc	1.0000
2023-02-23 12:05:21,191 - pyskl - INFO - Evaluating mean_class_accuracy ...
2023-02-23 12:05:21,191 - pyskl - INFO - 
mean_acc	0.7857
2023-02-23 12:05:21,191 - pyskl - INFO - Epoch(val) [8][5]	top1_acc: 0.7857, top5_acc: 1.0000, mean_class_accuracy: 0.7857
2023-02-23 12:05:38,753 - pyskl - INFO - Epoch [9][20/57]	lr: 2.923e-01, eta: 0:05:53, time: 0.878, data_time: 0.794, memory: 861, top1_acc: 0.7859, top5_acc: 0.9891, loss_cls: 2.3407, loss: 2.3407, grad_norm: 1.7783
2023-02-23 12:05:42,302 - pyskl - INFO - Epoch [9][40/57]	lr: 2.841e-01, eta: 0:05:37, time: 0.178, data_time: 0.092, memory: 861, top1_acc: 0.7531, top5_acc: 0.9891, loss_cls: 3.3271, loss: 3.3271, grad_norm: 2.2153
2023-02-23 12:06:02,303 - pyskl - INFO - Evaluating top_k_accuracy ...
2023-02-23 12:06:02,303 - pyskl - INFO - 
top1_acc	0.8786
top5_acc	1.0000
2023-02-23 12:06:02,303 - pyskl - INFO - Evaluating mean_class_accuracy ...
2023-02-23 12:06:02,304 - pyskl - INFO - 
mean_acc	0.8786
2023-02-23 12:06:02,304 - pyskl - INFO - Epoch(val) [9][5]	top1_acc: 0.8786, top5_acc: 1.0000, mean_class_accuracy: 0.8786
2023-02-23 12:06:19,911 - pyskl - INFO - Epoch [10][20/57]	lr: 2.684e-01, eta: 0:05:28, time: 0.880, data_time: 0.809, memory: 861, top1_acc: 0.7828, top5_acc: 0.9906, loss_cls: 2.2881, loss: 2.2881, grad_norm: 1.8277
2023-02-23 12:06:23,507 - pyskl - INFO - Epoch [10][40/57]	lr: 2.597e-01, eta: 0:05:14, time: 0.180, data_time: 0.096, memory: 861, top1_acc: 0.7531, top5_acc: 0.9797, loss_cls: 3.3357, loss: 3.3357, grad_norm: 1.9804
2023-02-23 12:06:43,480 - pyskl - INFO - Evaluating top_k_accuracy ...
2023-02-23 12:06:43,481 - pyskl - INFO - 
top1_acc	0.7714
top5_acc	1.0000
2023-02-23 12:06:43,481 - pyskl - INFO - Evaluating mean_class_accuracy ...
2023-02-23 12:06:43,482 - pyskl - INFO - 
mean_acc	0.7714
2023-02-23 12:06:43,482 - pyskl - INFO - Epoch(val) [10][5]	top1_acc: 0.7714, top5_acc: 1.0000, mean_class_accuracy: 0.7714
2023-02-23 12:07:01,112 - pyskl - INFO - Epoch [11][20/57]	lr: 2.433e-01, eta: 0:05:04, time: 0.881, data_time: 0.807, memory: 861, top1_acc: 0.7797, top5_acc: 0.9828, loss_cls: 2.8779, loss: 2.8779, grad_norm: 1.9164
2023-02-23 12:07:04,635 - pyskl - INFO - Epoch [11][40/57]	lr: 2.343e-01, eta: 0:04:51, time: 0.176, data_time: 0.096, memory: 861, top1_acc: 0.7750, top5_acc: 0.9875, loss_cls: 2.5242, loss: 2.5242, grad_norm: 1.9232
2023-02-23 12:07:24,462 - pyskl - INFO - Evaluating top_k_accuracy ...
2023-02-23 12:07:24,463 - pyskl - INFO - 
top1_acc	0.9143
top5_acc	1.0000
2023-02-23 12:07:24,463 - pyskl - INFO - Evaluating mean_class_accuracy ...
2023-02-23 12:07:24,463 - pyskl - INFO - 
mean_acc	0.9143
2023-02-23 12:07:24,464 - pyskl - INFO - The previous best checkpoint /home/yl/sscls/model_pth/exp4/t7nsnr_wfwc/best_top1_acc_epoch_6.pth was removed
2023-02-23 12:07:24,491 - pyskl - INFO - Now best checkpoint is saved as best_top1_acc_epoch_11.pth.
2023-02-23 12:07:24,491 - pyskl - INFO - Best top1_acc is 0.9143 at 11 epoch.
2023-02-23 12:07:24,491 - pyskl - INFO - Epoch(val) [11][5]	top1_acc: 0.9143, top5_acc: 1.0000, mean_class_accuracy: 0.9143
2023-02-23 12:07:41,961 - pyskl - INFO - Epoch [12][20/57]	lr: 2.174e-01, eta: 0:04:40, time: 0.873, data_time: 0.771, memory: 861, top1_acc: 0.7703, top5_acc: 0.9969, loss_cls: 2.4743, loss: 2.4743, grad_norm: 2.0072
2023-02-23 12:07:45,543 - pyskl - INFO - Epoch [12][40/57]	lr: 2.083e-01, eta: 0:04:28, time: 0.179, data_time: 0.098, memory: 861, top1_acc: 0.7828, top5_acc: 0.9922, loss_cls: 2.5159, loss: 2.5159, grad_norm: 1.9464
2023-02-23 12:08:05,461 - pyskl - INFO - Evaluating top_k_accuracy ...
2023-02-23 12:08:05,461 - pyskl - INFO - 
top1_acc	0.9357
top5_acc	1.0000
2023-02-23 12:08:05,462 - pyskl - INFO - Evaluating mean_class_accuracy ...
2023-02-23 12:08:05,462 - pyskl - INFO - 
mean_acc	0.9357
2023-02-23 12:08:05,465 - pyskl - INFO - The previous best checkpoint /home/yl/sscls/model_pth/exp4/t7nsnr_wfwc/best_top1_acc_epoch_11.pth was removed
2023-02-23 12:08:05,498 - pyskl - INFO - Now best checkpoint is saved as best_top1_acc_epoch_12.pth.
2023-02-23 12:08:05,498 - pyskl - INFO - Best top1_acc is 0.9357 at 12 epoch.
2023-02-23 12:08:05,499 - pyskl - INFO - Epoch(val) [12][5]	top1_acc: 0.9357, top5_acc: 1.0000, mean_class_accuracy: 0.9357
2023-02-23 12:08:23,380 - pyskl - INFO - Epoch [13][20/57]	lr: 1.913e-01, eta: 0:04:17, time: 0.894, data_time: 0.769, memory: 861, top1_acc: 0.7672, top5_acc: 0.9891, loss_cls: 2.2171, loss: 2.2171, grad_norm: 1.8350
2023-02-23 12:08:26,971 - pyskl - INFO - Epoch [13][40/57]	lr: 1.821e-01, eta: 0:04:06, time: 0.180, data_time: 0.045, memory: 861, top1_acc: 0.8016, top5_acc: 0.9906, loss_cls: 2.0392, loss: 2.0392, grad_norm: 1.7241
2023-02-23 12:08:46,664 - pyskl - INFO - Evaluating top_k_accuracy ...
2023-02-23 12:08:46,665 - pyskl - INFO - 
top1_acc	0.8357
top5_acc	1.0000
2023-02-23 12:08:46,665 - pyskl - INFO - Evaluating mean_class_accuracy ...
2023-02-23 12:08:46,666 - pyskl - INFO - 
mean_acc	0.8357
2023-02-23 12:08:46,666 - pyskl - INFO - Epoch(val) [13][5]	top1_acc: 0.8357, top5_acc: 1.0000, mean_class_accuracy: 0.8357
2023-02-23 12:09:04,323 - pyskl - INFO - Epoch [14][20/57]	lr: 1.653e-01, eta: 0:03:54, time: 0.882, data_time: 0.788, memory: 861, top1_acc: 0.8219, top5_acc: 0.9953, loss_cls: 1.7110, loss: 1.7110, grad_norm: 1.7017
2023-02-23 12:09:07,996 - pyskl - INFO - Epoch [14][40/57]	lr: 1.563e-01, eta: 0:03:44, time: 0.184, data_time: 0.027, memory: 861, top1_acc: 0.8281, top5_acc: 0.9891, loss_cls: 1.7581, loss: 1.7581, grad_norm: 1.5579
2023-02-23 12:09:27,816 - pyskl - INFO - Evaluating top_k_accuracy ...
2023-02-23 12:09:27,816 - pyskl - INFO - 
top1_acc	0.9571
top5_acc	1.0000
2023-02-23 12:09:27,816 - pyskl - INFO - Evaluating mean_class_accuracy ...
2023-02-23 12:09:27,817 - pyskl - INFO - 
mean_acc	0.9571
2023-02-23 12:09:27,818 - pyskl - INFO - The previous best checkpoint /home/yl/sscls/model_pth/exp4/t7nsnr_wfwc/best_top1_acc_epoch_12.pth was removed
2023-02-23 12:09:27,848 - pyskl - INFO - Now best checkpoint is saved as best_top1_acc_epoch_14.pth.
2023-02-23 12:09:27,848 - pyskl - INFO - Best top1_acc is 0.9571 at 14 epoch.
2023-02-23 12:09:27,848 - pyskl - INFO - Epoch(val) [14][5]	top1_acc: 0.9571, top5_acc: 1.0000, mean_class_accuracy: 0.9571
2023-02-23 12:09:45,663 - pyskl - INFO - Epoch [15][20/57]	lr: 1.399e-01, eta: 0:03:32, time: 0.890, data_time: 0.842, memory: 861, top1_acc: 0.8219, top5_acc: 0.9953, loss_cls: 1.2664, loss: 1.2664, grad_norm: 1.4195
2023-02-23 12:09:49,281 - pyskl - INFO - Epoch [15][40/57]	lr: 1.312e-01, eta: 0:03:22, time: 0.181, data_time: 0.134, memory: 861, top1_acc: 0.8500, top5_acc: 0.9922, loss_cls: 1.2600, loss: 1.2600, grad_norm: 1.3617
2023-02-23 12:10:08,481 - pyskl - INFO - Evaluating top_k_accuracy ...
2023-02-23 12:10:08,482 - pyskl - INFO - 
top1_acc	0.9500
top5_acc	1.0000
2023-02-23 12:10:08,482 - pyskl - INFO - Evaluating mean_class_accuracy ...
2023-02-23 12:10:08,483 - pyskl - INFO - 
mean_acc	0.9500
2023-02-23 12:10:08,483 - pyskl - INFO - Epoch(val) [15][5]	top1_acc: 0.9500, top5_acc: 1.0000, mean_class_accuracy: 0.9500
2023-02-23 12:10:25,915 - pyskl - INFO - Epoch [16][20/57]	lr: 1.155e-01, eta: 0:03:09, time: 0.871, data_time: 0.823, memory: 861, top1_acc: 0.8234, top5_acc: 0.9906, loss_cls: 1.4902, loss: 1.4902, grad_norm: 1.4930
2023-02-23 12:10:29,404 - pyskl - INFO - Epoch [16][40/57]	lr: 1.072e-01, eta: 0:02:59, time: 0.174, data_time: 0.125, memory: 861, top1_acc: 0.8562, top5_acc: 0.9922, loss_cls: 1.3240, loss: 1.3240, grad_norm: 1.3237
2023-02-23 12:10:48,841 - pyskl - INFO - Evaluating top_k_accuracy ...
2023-02-23 12:10:48,841 - pyskl - INFO - 
top1_acc	0.9357
top5_acc	1.0000
2023-02-23 12:10:48,841 - pyskl - INFO - Evaluating mean_class_accuracy ...
2023-02-23 12:10:48,842 - pyskl - INFO - 
mean_acc	0.9357
2023-02-23 12:10:48,842 - pyskl - INFO - Epoch(val) [16][5]	top1_acc: 0.9357, top5_acc: 1.0000, mean_class_accuracy: 0.9357
2023-02-23 12:11:06,465 - pyskl - INFO - Epoch [17][20/57]	lr: 9.254e-02, eta: 0:02:47, time: 0.881, data_time: 0.824, memory: 861, top1_acc: 0.8094, top5_acc: 0.9922, loss_cls: 1.5767, loss: 1.5767, grad_norm: 1.5801
2023-02-23 12:11:10,110 - pyskl - INFO - Epoch [17][40/57]	lr: 8.491e-02, eta: 0:02:38, time: 0.182, data_time: 0.120, memory: 861, top1_acc: 0.8594, top5_acc: 0.9922, loss_cls: 1.0836, loss: 1.0836, grad_norm: 1.2796
2023-02-23 12:11:29,925 - pyskl - INFO - Evaluating top_k_accuracy ...
2023-02-23 12:11:29,926 - pyskl - INFO - 
top1_acc	0.9214
top5_acc	1.0000
2023-02-23 12:11:29,926 - pyskl - INFO - Evaluating mean_class_accuracy ...
2023-02-23 12:11:29,926 - pyskl - INFO - 
mean_acc	0.9214
2023-02-23 12:11:29,926 - pyskl - INFO - Epoch(val) [17][5]	top1_acc: 0.9214, top5_acc: 1.0000, mean_class_accuracy: 0.9214
2023-02-23 12:11:47,645 - pyskl - INFO - Epoch [18][20/57]	lr: 7.144e-02, eta: 0:02:25, time: 0.886, data_time: 0.836, memory: 861, top1_acc: 0.8578, top5_acc: 0.9938, loss_cls: 1.2502, loss: 1.2502, grad_norm: 1.3009
2023-02-23 12:11:51,225 - pyskl - INFO - Epoch [18][40/57]	lr: 6.454e-02, eta: 0:02:16, time: 0.179, data_time: 0.131, memory: 861, top1_acc: 0.8562, top5_acc: 0.9953, loss_cls: 1.2085, loss: 1.2085, grad_norm: 1.4549
2023-02-23 12:12:10,979 - pyskl - INFO - Evaluating top_k_accuracy ...
2023-02-23 12:12:10,980 - pyskl - INFO - 
top1_acc	0.9786
top5_acc	1.0000
2023-02-23 12:12:10,980 - pyskl - INFO - Evaluating mean_class_accuracy ...
2023-02-23 12:12:10,980 - pyskl - INFO - 
mean_acc	0.9786
2023-02-23 12:12:10,982 - pyskl - INFO - The previous best checkpoint /home/yl/sscls/model_pth/exp4/t7nsnr_wfwc/best_top1_acc_epoch_14.pth was removed
2023-02-23 12:12:11,007 - pyskl - INFO - Now best checkpoint is saved as best_top1_acc_epoch_18.pth.
2023-02-23 12:12:11,007 - pyskl - INFO - Best top1_acc is 0.9786 at 18 epoch.
2023-02-23 12:12:11,007 - pyskl - INFO - Epoch(val) [18][5]	top1_acc: 0.9786, top5_acc: 1.0000, mean_class_accuracy: 0.9786
2023-02-23 12:12:28,879 - pyskl - INFO - Epoch [19][20/57]	lr: 5.254e-02, eta: 0:02:03, time: 0.893, data_time: 0.846, memory: 861, top1_acc: 0.8438, top5_acc: 0.9953, loss_cls: 1.0633, loss: 1.0633, grad_norm: 1.3798
2023-02-23 12:12:32,430 - pyskl - INFO - Epoch [19][40/57]	lr: 4.650e-02, eta: 0:01:54, time: 0.178, data_time: 0.127, memory: 861, top1_acc: 0.8656, top5_acc: 1.0000, loss_cls: 1.0170, loss: 1.0170, grad_norm: 1.2641
2023-02-23 12:12:52,660 - pyskl - INFO - Evaluating top_k_accuracy ...
2023-02-23 12:12:52,661 - pyskl - INFO - 
top1_acc	0.9643
top5_acc	1.0000
2023-02-23 12:12:52,661 - pyskl - INFO - Evaluating mean_class_accuracy ...
2023-02-23 12:12:52,661 - pyskl - INFO - 
mean_acc	0.9643
2023-02-23 12:12:52,662 - pyskl - INFO - Epoch(val) [19][5]	top1_acc: 0.9643, top5_acc: 1.0000, mean_class_accuracy: 0.9643
2023-02-23 12:13:10,551 - pyskl - INFO - Epoch [20][20/57]	lr: 3.617e-02, eta: 0:01:41, time: 0.894, data_time: 0.839, memory: 861, top1_acc: 0.8781, top5_acc: 0.9969, loss_cls: 0.9023, loss: 0.9023, grad_norm: 1.2042
2023-02-23 12:13:14,159 - pyskl - INFO - Epoch [20][40/57]	lr: 3.108e-02, eta: 0:01:32, time: 0.180, data_time: 0.125, memory: 861, top1_acc: 0.8781, top5_acc: 0.9953, loss_cls: 0.7561, loss: 0.7561, grad_norm: 1.1822
2023-02-23 12:13:33,994 - pyskl - INFO - Evaluating top_k_accuracy ...
2023-02-23 12:13:33,995 - pyskl - INFO - 
top1_acc	0.9786
top5_acc	1.0000
2023-02-23 12:13:33,995 - pyskl - INFO - Evaluating mean_class_accuracy ...
2023-02-23 12:13:33,996 - pyskl - INFO - 
mean_acc	0.9786
2023-02-23 12:13:33,996 - pyskl - INFO - Epoch(val) [20][5]	top1_acc: 0.9786, top5_acc: 1.0000, mean_class_accuracy: 0.9786
2023-02-23 12:13:51,628 - pyskl - INFO - Epoch [21][20/57]	lr: 2.260e-02, eta: 0:01:19, time: 0.881, data_time: 0.816, memory: 861, top1_acc: 0.8547, top5_acc: 0.9969, loss_cls: 0.8819, loss: 0.8819, grad_norm: 1.2296
2023-02-23 12:13:55,266 - pyskl - INFO - Epoch [21][40/57]	lr: 1.854e-02, eta: 0:01:11, time: 0.182, data_time: 0.095, memory: 861, top1_acc: 0.8719, top5_acc: 0.9938, loss_cls: 0.8521, loss: 0.8521, grad_norm: 1.2518
2023-02-23 12:14:15,320 - pyskl - INFO - Evaluating top_k_accuracy ...
2023-02-23 12:14:15,321 - pyskl - INFO - 
top1_acc	0.9786
top5_acc	1.0000
2023-02-23 12:14:15,321 - pyskl - INFO - Evaluating mean_class_accuracy ...
2023-02-23 12:14:15,321 - pyskl - INFO - 
mean_acc	0.9786
2023-02-23 12:14:15,322 - pyskl - INFO - Epoch(val) [21][5]	top1_acc: 0.9786, top5_acc: 1.0000, mean_class_accuracy: 0.9786
2023-02-23 12:14:33,645 - pyskl - INFO - Epoch [22][20/57]	lr: 1.206e-02, eta: 0:00:57, time: 0.916, data_time: 0.867, memory: 861, top1_acc: 0.8891, top5_acc: 0.9953, loss_cls: 0.8006, loss: 0.8006, grad_norm: 1.0778
2023-02-23 12:14:37,526 - pyskl - INFO - Epoch [22][40/57]	lr: 9.119e-03, eta: 0:00:49, time: 0.194, data_time: 0.143, memory: 861, top1_acc: 0.8750, top5_acc: 0.9969, loss_cls: 0.6943, loss: 0.6943, grad_norm: 1.2411
2023-02-23 12:14:57,467 - pyskl - INFO - Evaluating top_k_accuracy ...
2023-02-23 12:14:57,467 - pyskl - INFO - 
top1_acc	0.9786
top5_acc	1.0000
2023-02-23 12:14:57,467 - pyskl - INFO - Evaluating mean_class_accuracy ...
2023-02-23 12:14:57,468 - pyskl - INFO - 
mean_acc	0.9786
2023-02-23 12:14:57,469 - pyskl - INFO - Epoch(val) [22][5]	top1_acc: 0.9786, top5_acc: 1.0000, mean_class_accuracy: 0.9786
2023-02-23 12:15:15,244 - pyskl - INFO - Epoch [23][20/57]	lr: 4.741e-03, eta: 0:00:35, time: 0.889, data_time: 0.834, memory: 861, top1_acc: 0.8516, top5_acc: 0.9969, loss_cls: 1.0159, loss: 1.0159, grad_norm: 1.2597
2023-02-23 12:15:18,844 - pyskl - INFO - Epoch [23][40/57]	lr: 2.959e-03, eta: 0:00:28, time: 0.180, data_time: 0.131, memory: 861, top1_acc: 0.8469, top5_acc: 0.9969, loss_cls: 0.9024, loss: 0.9024, grad_norm: 1.2722
2023-02-23 12:15:39,005 - pyskl - INFO - Evaluating top_k_accuracy ...
2023-02-23 12:15:39,007 - pyskl - INFO - 
top1_acc	0.9786
top5_acc	1.0000
2023-02-23 12:15:39,007 - pyskl - INFO - Evaluating mean_class_accuracy ...
2023-02-23 12:15:39,008 - pyskl - INFO - 
mean_acc	0.9786
2023-02-23 12:15:39,008 - pyskl - INFO - Epoch(val) [23][5]	top1_acc: 0.9786, top5_acc: 1.0000, mean_class_accuracy: 0.9786
2023-02-23 12:15:57,020 - pyskl - INFO - Epoch [24][20/57]	lr: 7.611e-04, eta: 0:00:14, time: 0.900, data_time: 0.850, memory: 861, top1_acc: 0.8750, top5_acc: 0.9984, loss_cls: 0.8021, loss: 0.8021, grad_norm: 1.2620
2023-02-23 12:16:00,587 - pyskl - INFO - Epoch [24][40/57]	lr: 1.708e-04, eta: 0:00:06, time: 0.178, data_time: 0.128, memory: 861, top1_acc: 0.8953, top5_acc: 0.9969, loss_cls: 0.7371, loss: 0.7371, grad_norm: 1.0615
2023-02-23 12:16:04,170 - pyskl - INFO - Saving checkpoint at 24 epochs
2023-02-23 12:16:20,389 - pyskl - INFO - Evaluating top_k_accuracy ...
2023-02-23 12:16:20,389 - pyskl - INFO - 
top1_acc	0.9786
top5_acc	1.0000
2023-02-23 12:16:20,389 - pyskl - INFO - Evaluating mean_class_accuracy ...
2023-02-23 12:16:20,390 - pyskl - INFO - 
mean_acc	0.9786
2023-02-23 12:16:20,390 - pyskl - INFO - Epoch(val) [24][5]	top1_acc: 0.9786, top5_acc: 1.0000, mean_class_accuracy: 0.9786
