2023-02-21 18:31:08,936 - pyskl - INFO - Environment info:
------------------------------------------------------------
sys.platform: linux
Python: 3.8.16 (default, Jan 17 2023, 23:13:24) [GCC 11.2.0]
CUDA available: True
GPU 0,1,2,3: NVIDIA GeForce RTX 3090
CUDA_HOME: /usr/local/cuda
NVCC: Cuda compilation tools, release 11.6, V11.6.55
GCC: gcc (Ubuntu 7.5.0-6ubuntu2) 7.5.0
PyTorch: 1.10.1
PyTorch compiling details: PyTorch built with:
  - GCC 7.3
  - C++ Version: 201402
  - Intel(R) oneAPI Math Kernel Library Version 2021.4-Product Build 20210904 for Intel(R) 64 architecture applications
  - Intel(R) MKL-DNN v2.2.3 (Git Hash 7336ca9f055cf1bfa13efb658fe15dc9b41f0740)
  - OpenMP 201511 (a.k.a. OpenMP 4.5)
  - LAPACK is enabled (usually provided by MKL)
  - NNPACK is enabled
  - CPU capability usage: AVX2
  - CUDA Runtime 11.3
  - NVCC architecture flags: -gencode;arch=compute_37,code=sm_37;-gencode;arch=compute_50,code=sm_50;-gencode;arch=compute_60,code=sm_60;-gencode;arch=compute_61,code=sm_61;-gencode;arch=compute_70,code=sm_70;-gencode;arch=compute_75,code=sm_75;-gencode;arch=compute_80,code=sm_80;-gencode;arch=compute_86,code=sm_86;-gencode;arch=compute_37,code=compute_37
  - CuDNN 8.2
  - Magma 2.5.2
  - Build settings: BLAS_INFO=mkl, BUILD_TYPE=Release, CUDA_VERSION=11.3, CUDNN_VERSION=8.2.0, CXX_COMPILER=/opt/rh/devtoolset-7/root/usr/bin/c++, CXX_FLAGS= -Wno-deprecated -fvisibility-inlines-hidden -DUSE_PTHREADPOOL -fopenmp -DNDEBUG -DUSE_KINETO -DUSE_FBGEMM -DUSE_QNNPACK -DUSE_PYTORCH_QNNPACK -DUSE_XNNPACK -DSYMBOLICATE_MOBILE_DEBUG_HANDLE -DEDGE_PROFILER_USE_KINETO -O2 -fPIC -Wno-narrowing -Wall -Wextra -Werror=return-type -Wno-missing-field-initializers -Wno-type-limits -Wno-array-bounds -Wno-unknown-pragmas -Wno-sign-compare -Wno-unused-parameter -Wno-unused-variable -Wno-unused-function -Wno-unused-result -Wno-unused-local-typedefs -Wno-strict-overflow -Wno-strict-aliasing -Wno-error=deprecated-declarations -Wno-stringop-overflow -Wno-psabi -Wno-error=pedantic -Wno-error=redundant-decls -Wno-error=old-style-cast -fdiagnostics-color=always -faligned-new -Wno-unused-but-set-variable -Wno-maybe-uninitialized -fno-math-errno -fno-trapping-math -Werror=format -Wno-stringop-overflow, LAPACK_INFO=mkl, PERF_WITH_AVX=1, PERF_WITH_AVX2=1, PERF_WITH_AVX512=1, TORCH_VERSION=1.10.1, USE_CUDA=ON, USE_CUDNN=ON, USE_EXCEPTION_PTR=1, USE_GFLAGS=OFF, USE_GLOG=OFF, USE_MKL=ON, USE_MKLDNN=ON, USE_MPI=OFF, USE_NCCL=ON, USE_NNPACK=ON, USE_OPENMP=ON, 

TorchVision: 0.11.2
OpenCV: 4.7.0
MMCV: 1.6.2
MMCV Compiler: GCC 9.3
MMCV CUDA Compiler: 11.3
pyskl: 0.1.0+HEAD
------------------------------------------------------------

2023-02-21 18:31:10,440 - pyskl - INFO - Config: model = dict(
    type='Recognizer3D',
    backbone=dict(
        type='ResNet3dSlowOnly',
        in_channels=5,
        base_channels=32,
        num_stages=3,
        out_indices=(2, ),
        stage_blocks=(4, 6, 3),
        conv1_stride=(1, 1),
        pool1_stride=(1, 1),
        inflate=(0, 1, 1),
        spatial_strides=(2, 2, 2),
        temporal_strides=(1, 1, 2),
        frozen_stages=3),
    cls_head=dict(
        type='I3DHead', in_channels=512, num_classes=10, dropout=0.5),
    test_cfg=dict(average_clips='prob'))
dataset_type = 'PoseDataset'
ann_file = 'data/ds_taichi/test9nsnr.pkl'
left_kp = [
    5, 6, 7, 8, 44, 45, 46, 47, 48, 49, 50, 51, 52, 53, 54, 55, 56, 57, 58, 59,
    60, 61, 62, 63, 64, 65, 66, 67, 68, 69, 70, 71
]
right_kp = [
    1, 2, 3, 4, 16, 17, 18, 19, 20, 21, 22, 23, 24, 25, 26, 27, 28, 29, 30, 31,
    32, 33, 34, 35, 36, 37, 38, 39, 40, 41, 42, 43
]
train_pipeline = [
    dict(type='UniformSampleFrames', clip_len=48),
    dict(type='PoseDecode'),
    dict(type='PoseCompact', hw_ratio=1.0, allow_imgpad=True),
    dict(type='Resize', scale=(-1, 64)),
    dict(type='RandomResizedCrop', area_range=(0.56, 1.0)),
    dict(type='Resize', scale=(56, 56), keep_ratio=False),
    dict(
        type='Flip',
        flip_ratio=0.5,
        left_kp=[
            5, 6, 7, 8, 44, 45, 46, 47, 48, 49, 50, 51, 52, 53, 54, 55, 56, 57,
            58, 59, 60, 61, 62, 63, 64, 65, 66, 67, 68, 69, 70, 71
        ],
        right_kp=[
            1, 2, 3, 4, 16, 17, 18, 19, 20, 21, 22, 23, 24, 25, 26, 27, 28, 29,
            30, 31, 32, 33, 34, 35, 36, 37, 38, 39, 40, 41, 42, 43
        ]),
    dict(type='GenerateTaiChiPoseTarget', with_kp=True, with_limb=False),
    dict(type='FormatShape', input_format='NCTHW_Heatmap'),
    dict(type='Collect', keys=['imgs', 'label'], meta_keys=[]),
    dict(type='ToTensor', keys=['imgs', 'label'])
]
val_pipeline = [
    dict(type='UniformSampleFrames', clip_len=48, num_clips=1),
    dict(type='PoseDecode'),
    dict(type='PoseCompact', hw_ratio=1.0, allow_imgpad=True),
    dict(type='Resize', scale=(64, 64), keep_ratio=False),
    dict(type='GenerateTaiChiPoseTarget', with_kp=True, with_limb=False),
    dict(type='FormatShape', input_format='NCTHW_Heatmap'),
    dict(type='Collect', keys=['imgs', 'label'], meta_keys=[]),
    dict(type='ToTensor', keys=['imgs'])
]
test_pipeline = [
    dict(type='UniformSampleFrames', clip_len=48, num_clips=10),
    dict(type='PoseDecode'),
    dict(type='PoseCompact', hw_ratio=1.0, allow_imgpad=True),
    dict(type='Resize', scale=(64, 64), keep_ratio=False),
    dict(
        type='GenerateTaiChiPoseTarget',
        with_kp=True,
        with_limb=False,
        double=True),
    dict(type='FormatShape', input_format='NCTHW_Heatmap'),
    dict(type='Collect', keys=['imgs', 'label'], meta_keys=[]),
    dict(type='ToTensor', keys=['imgs'])
]
data = dict(
    videos_per_gpu=8,
    workers_per_gpu=4,
    test_dataloader=dict(videos_per_gpu=6),
    train=dict(
        type='RepeatDataset',
        times=30,
        dataset=dict(
            type='PoseDataset',
            ann_file='data/ds_taichi/test9nsnr.pkl',
            split='train',
            pipeline=[
                dict(type='UniformSampleFrames', clip_len=48),
                dict(type='PoseDecode'),
                dict(type='PoseCompact', hw_ratio=1.0, allow_imgpad=True),
                dict(type='Resize', scale=(-1, 64)),
                dict(type='RandomResizedCrop', area_range=(0.56, 1.0)),
                dict(type='Resize', scale=(56, 56), keep_ratio=False),
                dict(
                    type='Flip',
                    flip_ratio=0.5,
                    left_kp=[
                        5, 6, 7, 8, 44, 45, 46, 47, 48, 49, 50, 51, 52, 53, 54,
                        55, 56, 57, 58, 59, 60, 61, 62, 63, 64, 65, 66, 67, 68,
                        69, 70, 71
                    ],
                    right_kp=[
                        1, 2, 3, 4, 16, 17, 18, 19, 20, 21, 22, 23, 24, 25, 26,
                        27, 28, 29, 30, 31, 32, 33, 34, 35, 36, 37, 38, 39, 40,
                        41, 42, 43
                    ]),
                dict(
                    type='GenerateTaiChiPoseTarget',
                    with_kp=True,
                    with_limb=False),
                dict(type='FormatShape', input_format='NCTHW_Heatmap'),
                dict(type='Collect', keys=['imgs', 'label'], meta_keys=[]),
                dict(type='ToTensor', keys=['imgs', 'label'])
            ])),
    val=dict(
        type='PoseDataset',
        ann_file='data/ds_taichi/test9nsnr.pkl',
        split='test',
        pipeline=[
            dict(type='UniformSampleFrames', clip_len=48, num_clips=1),
            dict(type='PoseDecode'),
            dict(type='PoseCompact', hw_ratio=1.0, allow_imgpad=True),
            dict(type='Resize', scale=(64, 64), keep_ratio=False),
            dict(
                type='GenerateTaiChiPoseTarget', with_kp=True,
                with_limb=False),
            dict(type='FormatShape', input_format='NCTHW_Heatmap'),
            dict(type='Collect', keys=['imgs', 'label'], meta_keys=[]),
            dict(type='ToTensor', keys=['imgs'])
        ]),
    test=dict(
        type='PoseDataset',
        ann_file='data/ds_taichi/test9nsnr.pkl',
        split='test',
        pipeline=[
            dict(type='UniformSampleFrames', clip_len=48, num_clips=10),
            dict(type='PoseDecode'),
            dict(type='PoseCompact', hw_ratio=1.0, allow_imgpad=True),
            dict(type='Resize', scale=(64, 64), keep_ratio=False),
            dict(
                type='GenerateTaiChiPoseTarget',
                with_kp=True,
                with_limb=False,
                double=True),
            dict(type='FormatShape', input_format='NCTHW_Heatmap'),
            dict(type='Collect', keys=['imgs', 'label'], meta_keys=[]),
            dict(type='ToTensor', keys=['imgs'])
        ]))
optimizer = dict(type='SGD', lr=0.1, momentum=0.9, weight_decay=0.0003)
optimizer_config = dict(grad_clip=dict(max_norm=40, norm_type=2))
lr_config = dict(policy='CosineAnnealing', by_epoch=False, min_lr=0)
total_epochs = 24
checkpoint_config = dict(interval=24)
evaluation = dict(
    interval=1, metrics=['top_k_accuracy', 'mean_class_accuracy'], topk=(1, 5))
log_config = dict(interval=20, hooks=[dict(type='TextLoggerHook')])
log_level = 'INFO'
output_config = dict(
    out='./model_pth/exp0_t9/t9nsnr_5p_lrd1/test_result/results.pkl')
eval_config = dict(
    metric_out='./model_pth/exp0_t9/t9nsnr_5p_lrd1/test_result',
    eval=[
        'top_k_accuracy', 'mean_class_accuracy', 'confusion_matrix',
        't_sne_vis'
    ])
work_dir = './model_pth/exp0_t9/t9nsnr_5p_lrd1'
load_from = './model_pth/ntu120xsub_5parts_kp/best_top1_acc_epoch_23.pth'
find_unused_parameters = True
dist_params = dict(backend='nccl')
gpu_ids = range(0, 4)

2023-02-21 18:31:10,440 - pyskl - INFO - Set random seed to 42, deterministic: True
2023-02-21 18:31:11,097 - pyskl - INFO - 20 videos remain after valid thresholding
2023-02-21 18:31:16,206 - pyskl - INFO - 180 videos remain after valid thresholding
2023-02-21 18:31:16,208 - pyskl - INFO - load checkpoint from local path: ./model_pth/ntu120xsub_5parts_kp/best_top1_acc_epoch_23.pth
2023-02-21 18:31:16,230 - pyskl - WARNING - The model and loaded state dict do not match exactly

size mismatch for cls_head.fc_cls.weight: copying a param with shape torch.Size([120, 512]) from checkpoint, the shape in current model is torch.Size([10, 512]).
size mismatch for cls_head.fc_cls.bias: copying a param with shape torch.Size([120]) from checkpoint, the shape in current model is torch.Size([10]).
2023-02-21 18:31:16,231 - pyskl - INFO - Start running, host: yl@83090-jin, work_dir: /home/yl/sscls/model_pth/exp0_t9/t9nsnr_5p_lrd1
2023-02-21 18:31:16,231 - pyskl - INFO - Hooks will be executed in the following order:
before_run:
(VERY_HIGH   ) CosineAnnealingLrUpdaterHook       
(NORMAL      ) CheckpointHook                     
(NORMAL      ) DistEvalHook                       
(VERY_LOW    ) TextLoggerHook                     
 -------------------- 
before_train_epoch:
(VERY_HIGH   ) CosineAnnealingLrUpdaterHook       
(NORMAL      ) DistSamplerSeedHook                
(NORMAL      ) DistEvalHook                       
(LOW         ) IterTimerHook                      
(VERY_LOW    ) TextLoggerHook                     
 -------------------- 
before_train_iter:
(VERY_HIGH   ) CosineAnnealingLrUpdaterHook       
(NORMAL      ) DistEvalHook                       
(LOW         ) IterTimerHook                      
 -------------------- 
after_train_iter:
(ABOVE_NORMAL) OptimizerHook                      
(NORMAL      ) CheckpointHook                     
(NORMAL      ) DistEvalHook                       
(LOW         ) IterTimerHook                      
(VERY_LOW    ) TextLoggerHook                     
 -------------------- 
after_train_epoch:
(NORMAL      ) CheckpointHook                     
(NORMAL      ) DistEvalHook                       
(VERY_LOW    ) TextLoggerHook                     
 -------------------- 
before_val_epoch:
(NORMAL      ) DistSamplerSeedHook                
(LOW         ) IterTimerHook                      
(VERY_LOW    ) TextLoggerHook                     
 -------------------- 
before_val_iter:
(LOW         ) IterTimerHook                      
 -------------------- 
after_val_iter:
(LOW         ) IterTimerHook                      
 -------------------- 
after_val_epoch:
(VERY_LOW    ) TextLoggerHook                     
 -------------------- 
after_run:
(VERY_LOW    ) TextLoggerHook                     
 -------------------- 
2023-02-21 18:31:16,231 - pyskl - INFO - workflow: [('train', 1)], max: 24 epochs
2023-02-21 18:31:16,231 - pyskl - INFO - Checkpoints will be saved to /home/yl/sscls/model_pth/exp0_t9/t9nsnr_5p_lrd1 by HardDiskBackend.
2023-02-21 18:31:51,719 - pyskl - INFO - Evaluating top_k_accuracy ...
2023-02-21 18:31:51,719 - pyskl - INFO - 
top1_acc	0.4111
top5_acc	0.7611
2023-02-21 18:31:51,719 - pyskl - INFO - Evaluating mean_class_accuracy ...
2023-02-21 18:31:51,720 - pyskl - INFO - 
mean_acc	0.4111
2023-02-21 18:31:51,748 - pyskl - INFO - Now best checkpoint is saved as best_top1_acc_epoch_1.pth.
2023-02-21 18:31:51,748 - pyskl - INFO - Best top1_acc is 0.4111 at 1 epoch.
2023-02-21 18:31:51,749 - pyskl - INFO - Epoch(val) [1][6]	top1_acc: 0.4111, top5_acc: 0.7611, mean_class_accuracy: 0.4111
2023-02-21 18:32:26,511 - pyskl - INFO - Evaluating top_k_accuracy ...
2023-02-21 18:32:26,512 - pyskl - INFO - 
top1_acc	0.6278
top5_acc	0.9111
2023-02-21 18:32:26,512 - pyskl - INFO - Evaluating mean_class_accuracy ...
2023-02-21 18:32:26,512 - pyskl - INFO - 
mean_acc	0.6278
2023-02-21 18:32:26,514 - pyskl - INFO - The previous best checkpoint /home/yl/sscls/model_pth/exp0_t9/t9nsnr_5p_lrd1/best_top1_acc_epoch_1.pth was removed
2023-02-21 18:32:26,539 - pyskl - INFO - Now best checkpoint is saved as best_top1_acc_epoch_2.pth.
2023-02-21 18:32:26,539 - pyskl - INFO - Best top1_acc is 0.6278 at 2 epoch.
2023-02-21 18:32:26,539 - pyskl - INFO - Epoch(val) [2][6]	top1_acc: 0.6278, top5_acc: 0.9111, mean_class_accuracy: 0.6278
2023-02-21 18:33:01,671 - pyskl - INFO - Evaluating top_k_accuracy ...
2023-02-21 18:33:01,672 - pyskl - INFO - 
top1_acc	0.6444
top5_acc	0.9000
2023-02-21 18:33:01,672 - pyskl - INFO - Evaluating mean_class_accuracy ...
2023-02-21 18:33:01,672 - pyskl - INFO - 
mean_acc	0.6444
2023-02-21 18:33:01,674 - pyskl - INFO - The previous best checkpoint /home/yl/sscls/model_pth/exp0_t9/t9nsnr_5p_lrd1/best_top1_acc_epoch_2.pth was removed
2023-02-21 18:33:01,702 - pyskl - INFO - Now best checkpoint is saved as best_top1_acc_epoch_3.pth.
2023-02-21 18:33:01,702 - pyskl - INFO - Best top1_acc is 0.6444 at 3 epoch.
2023-02-21 18:33:01,702 - pyskl - INFO - Epoch(val) [3][6]	top1_acc: 0.6444, top5_acc: 0.9000, mean_class_accuracy: 0.6444
2023-02-21 18:33:36,923 - pyskl - INFO - Evaluating top_k_accuracy ...
2023-02-21 18:33:36,924 - pyskl - INFO - 
top1_acc	0.6111
top5_acc	0.9389
2023-02-21 18:33:36,924 - pyskl - INFO - Evaluating mean_class_accuracy ...
2023-02-21 18:33:36,924 - pyskl - INFO - 
mean_acc	0.6111
2023-02-21 18:33:36,925 - pyskl - INFO - Epoch(val) [4][6]	top1_acc: 0.6111, top5_acc: 0.9389, mean_class_accuracy: 0.6111
2023-02-21 18:34:11,937 - pyskl - INFO - Evaluating top_k_accuracy ...
2023-02-21 18:34:11,937 - pyskl - INFO - 
top1_acc	0.6222
top5_acc	0.9333
2023-02-21 18:34:11,938 - pyskl - INFO - Evaluating mean_class_accuracy ...
2023-02-21 18:34:11,938 - pyskl - INFO - 
mean_acc	0.6222
2023-02-21 18:34:11,939 - pyskl - INFO - Epoch(val) [5][6]	top1_acc: 0.6222, top5_acc: 0.9333, mean_class_accuracy: 0.6222
2023-02-21 18:34:46,695 - pyskl - INFO - Evaluating top_k_accuracy ...
2023-02-21 18:34:46,696 - pyskl - INFO - 
top1_acc	0.6500
top5_acc	0.9500
2023-02-21 18:34:46,696 - pyskl - INFO - Evaluating mean_class_accuracy ...
2023-02-21 18:34:46,697 - pyskl - INFO - 
mean_acc	0.6500
2023-02-21 18:34:46,699 - pyskl - INFO - The previous best checkpoint /home/yl/sscls/model_pth/exp0_t9/t9nsnr_5p_lrd1/best_top1_acc_epoch_3.pth was removed
2023-02-21 18:34:46,731 - pyskl - INFO - Now best checkpoint is saved as best_top1_acc_epoch_6.pth.
2023-02-21 18:34:46,731 - pyskl - INFO - Best top1_acc is 0.6500 at 6 epoch.
2023-02-21 18:34:46,732 - pyskl - INFO - Epoch(val) [6][6]	top1_acc: 0.6500, top5_acc: 0.9500, mean_class_accuracy: 0.6500
2023-02-21 18:35:21,997 - pyskl - INFO - Evaluating top_k_accuracy ...
2023-02-21 18:35:21,998 - pyskl - INFO - 
top1_acc	0.7167
top5_acc	0.9222
2023-02-21 18:35:21,998 - pyskl - INFO - Evaluating mean_class_accuracy ...
2023-02-21 18:35:21,999 - pyskl - INFO - 
mean_acc	0.7167
2023-02-21 18:35:22,001 - pyskl - INFO - The previous best checkpoint /home/yl/sscls/model_pth/exp0_t9/t9nsnr_5p_lrd1/best_top1_acc_epoch_6.pth was removed
2023-02-21 18:35:22,030 - pyskl - INFO - Now best checkpoint is saved as best_top1_acc_epoch_7.pth.
2023-02-21 18:35:22,031 - pyskl - INFO - Best top1_acc is 0.7167 at 7 epoch.
2023-02-21 18:35:22,031 - pyskl - INFO - Epoch(val) [7][6]	top1_acc: 0.7167, top5_acc: 0.9222, mean_class_accuracy: 0.7167
2023-02-21 18:35:57,180 - pyskl - INFO - Evaluating top_k_accuracy ...
2023-02-21 18:35:57,180 - pyskl - INFO - 
top1_acc	0.7833
top5_acc	0.9444
2023-02-21 18:35:57,180 - pyskl - INFO - Evaluating mean_class_accuracy ...
2023-02-21 18:35:57,181 - pyskl - INFO - 
mean_acc	0.7833
2023-02-21 18:35:57,183 - pyskl - INFO - The previous best checkpoint /home/yl/sscls/model_pth/exp0_t9/t9nsnr_5p_lrd1/best_top1_acc_epoch_7.pth was removed
2023-02-21 18:35:57,209 - pyskl - INFO - Now best checkpoint is saved as best_top1_acc_epoch_8.pth.
2023-02-21 18:35:57,209 - pyskl - INFO - Best top1_acc is 0.7833 at 8 epoch.
2023-02-21 18:35:57,210 - pyskl - INFO - Epoch(val) [8][6]	top1_acc: 0.7833, top5_acc: 0.9444, mean_class_accuracy: 0.7833
2023-02-21 18:36:32,275 - pyskl - INFO - Evaluating top_k_accuracy ...
2023-02-21 18:36:32,275 - pyskl - INFO - 
top1_acc	0.7111
top5_acc	0.9444
2023-02-21 18:36:32,275 - pyskl - INFO - Evaluating mean_class_accuracy ...
2023-02-21 18:36:32,276 - pyskl - INFO - 
mean_acc	0.7111
2023-02-21 18:36:32,276 - pyskl - INFO - Epoch(val) [9][6]	top1_acc: 0.7111, top5_acc: 0.9444, mean_class_accuracy: 0.7111
2023-02-21 18:37:07,750 - pyskl - INFO - Evaluating top_k_accuracy ...
2023-02-21 18:37:07,751 - pyskl - INFO - 
top1_acc	0.7389
top5_acc	0.9444
2023-02-21 18:37:07,751 - pyskl - INFO - Evaluating mean_class_accuracy ...
2023-02-21 18:37:07,752 - pyskl - INFO - 
mean_acc	0.7389
2023-02-21 18:37:07,752 - pyskl - INFO - Epoch(val) [10][6]	top1_acc: 0.7389, top5_acc: 0.9444, mean_class_accuracy: 0.7389
2023-02-21 18:37:42,803 - pyskl - INFO - Evaluating top_k_accuracy ...
2023-02-21 18:37:42,804 - pyskl - INFO - 
top1_acc	0.8278
top5_acc	0.9444
2023-02-21 18:37:42,804 - pyskl - INFO - Evaluating mean_class_accuracy ...
2023-02-21 18:37:42,804 - pyskl - INFO - 
mean_acc	0.8278
2023-02-21 18:37:42,806 - pyskl - INFO - The previous best checkpoint /home/yl/sscls/model_pth/exp0_t9/t9nsnr_5p_lrd1/best_top1_acc_epoch_8.pth was removed
2023-02-21 18:37:42,832 - pyskl - INFO - Now best checkpoint is saved as best_top1_acc_epoch_11.pth.
2023-02-21 18:37:42,832 - pyskl - INFO - Best top1_acc is 0.8278 at 11 epoch.
2023-02-21 18:37:42,832 - pyskl - INFO - Epoch(val) [11][6]	top1_acc: 0.8278, top5_acc: 0.9444, mean_class_accuracy: 0.8278
2023-02-21 18:38:17,758 - pyskl - INFO - Evaluating top_k_accuracy ...
2023-02-21 18:38:17,759 - pyskl - INFO - 
top1_acc	0.8278
top5_acc	0.9444
2023-02-21 18:38:17,759 - pyskl - INFO - Evaluating mean_class_accuracy ...
2023-02-21 18:38:17,759 - pyskl - INFO - 
mean_acc	0.8278
2023-02-21 18:38:17,759 - pyskl - INFO - Epoch(val) [12][6]	top1_acc: 0.8278, top5_acc: 0.9444, mean_class_accuracy: 0.8278
2023-02-21 18:38:53,173 - pyskl - INFO - Evaluating top_k_accuracy ...
2023-02-21 18:38:53,174 - pyskl - INFO - 
top1_acc	0.7944
top5_acc	0.9444
2023-02-21 18:38:53,174 - pyskl - INFO - Evaluating mean_class_accuracy ...
2023-02-21 18:38:53,174 - pyskl - INFO - 
mean_acc	0.7944
2023-02-21 18:38:53,175 - pyskl - INFO - Epoch(val) [13][6]	top1_acc: 0.7944, top5_acc: 0.9444, mean_class_accuracy: 0.7944
2023-02-21 18:39:28,209 - pyskl - INFO - Evaluating top_k_accuracy ...
2023-02-21 18:39:28,210 - pyskl - INFO - 
top1_acc	0.7444
top5_acc	0.9444
2023-02-21 18:39:28,210 - pyskl - INFO - Evaluating mean_class_accuracy ...
2023-02-21 18:39:28,210 - pyskl - INFO - 
mean_acc	0.7444
2023-02-21 18:39:28,211 - pyskl - INFO - Epoch(val) [14][6]	top1_acc: 0.7444, top5_acc: 0.9444, mean_class_accuracy: 0.7444
2023-02-21 18:40:02,723 - pyskl - INFO - Evaluating top_k_accuracy ...
2023-02-21 18:40:02,723 - pyskl - INFO - 
top1_acc	0.7778
top5_acc	0.9556
2023-02-21 18:40:02,723 - pyskl - INFO - Evaluating mean_class_accuracy ...
2023-02-21 18:40:02,724 - pyskl - INFO - 
mean_acc	0.7778
2023-02-21 18:40:02,724 - pyskl - INFO - Epoch(val) [15][6]	top1_acc: 0.7778, top5_acc: 0.9556, mean_class_accuracy: 0.7778
2023-02-21 18:40:37,819 - pyskl - INFO - Evaluating top_k_accuracy ...
2023-02-21 18:40:37,820 - pyskl - INFO - 
top1_acc	0.8222
top5_acc	0.9444
2023-02-21 18:40:37,820 - pyskl - INFO - Evaluating mean_class_accuracy ...
2023-02-21 18:40:37,820 - pyskl - INFO - 
mean_acc	0.8222
2023-02-21 18:40:37,820 - pyskl - INFO - Epoch(val) [16][6]	top1_acc: 0.8222, top5_acc: 0.9444, mean_class_accuracy: 0.8222
2023-02-21 18:41:12,635 - pyskl - INFO - Evaluating top_k_accuracy ...
2023-02-21 18:41:12,635 - pyskl - INFO - 
top1_acc	0.7722
top5_acc	0.9444
2023-02-21 18:41:12,635 - pyskl - INFO - Evaluating mean_class_accuracy ...
2023-02-21 18:41:12,636 - pyskl - INFO - 
mean_acc	0.7722
2023-02-21 18:41:12,636 - pyskl - INFO - Epoch(val) [17][6]	top1_acc: 0.7722, top5_acc: 0.9444, mean_class_accuracy: 0.7722
2023-02-21 18:41:47,819 - pyskl - INFO - Evaluating top_k_accuracy ...
2023-02-21 18:41:47,819 - pyskl - INFO - 
top1_acc	0.8000
top5_acc	0.9444
2023-02-21 18:41:47,819 - pyskl - INFO - Evaluating mean_class_accuracy ...
2023-02-21 18:41:47,820 - pyskl - INFO - 
mean_acc	0.8000
2023-02-21 18:41:47,820 - pyskl - INFO - Epoch(val) [18][6]	top1_acc: 0.8000, top5_acc: 0.9444, mean_class_accuracy: 0.8000
2023-02-21 18:42:23,118 - pyskl - INFO - Evaluating top_k_accuracy ...
2023-02-21 18:42:23,118 - pyskl - INFO - 
top1_acc	0.7889
top5_acc	0.9444
2023-02-21 18:42:23,118 - pyskl - INFO - Evaluating mean_class_accuracy ...
2023-02-21 18:42:23,119 - pyskl - INFO - 
mean_acc	0.7889
2023-02-21 18:42:23,119 - pyskl - INFO - Epoch(val) [19][6]	top1_acc: 0.7889, top5_acc: 0.9444, mean_class_accuracy: 0.7889
2023-02-21 18:42:58,680 - pyskl - INFO - Evaluating top_k_accuracy ...
2023-02-21 18:42:58,680 - pyskl - INFO - 
top1_acc	0.7944
top5_acc	0.9444
2023-02-21 18:42:58,680 - pyskl - INFO - Evaluating mean_class_accuracy ...
2023-02-21 18:42:58,681 - pyskl - INFO - 
mean_acc	0.7944
2023-02-21 18:42:58,681 - pyskl - INFO - Epoch(val) [20][6]	top1_acc: 0.7944, top5_acc: 0.9444, mean_class_accuracy: 0.7944
2023-02-21 18:43:33,855 - pyskl - INFO - Evaluating top_k_accuracy ...
2023-02-21 18:43:33,856 - pyskl - INFO - 
top1_acc	0.7778
top5_acc	0.9444
2023-02-21 18:43:33,856 - pyskl - INFO - Evaluating mean_class_accuracy ...
2023-02-21 18:43:33,856 - pyskl - INFO - 
mean_acc	0.7778
2023-02-21 18:43:33,856 - pyskl - INFO - Epoch(val) [21][6]	top1_acc: 0.7778, top5_acc: 0.9444, mean_class_accuracy: 0.7778
2023-02-21 18:44:08,978 - pyskl - INFO - Evaluating top_k_accuracy ...
2023-02-21 18:44:08,978 - pyskl - INFO - 
top1_acc	0.7889
top5_acc	0.9444
2023-02-21 18:44:08,979 - pyskl - INFO - Evaluating mean_class_accuracy ...
2023-02-21 18:44:08,979 - pyskl - INFO - 
mean_acc	0.7889
2023-02-21 18:44:08,980 - pyskl - INFO - Epoch(val) [22][6]	top1_acc: 0.7889, top5_acc: 0.9444, mean_class_accuracy: 0.7889
2023-02-21 18:44:43,809 - pyskl - INFO - Evaluating top_k_accuracy ...
2023-02-21 18:44:43,809 - pyskl - INFO - 
top1_acc	0.7833
top5_acc	0.9444
2023-02-21 18:44:43,809 - pyskl - INFO - Evaluating mean_class_accuracy ...
2023-02-21 18:44:43,810 - pyskl - INFO - 
mean_acc	0.7833
2023-02-21 18:44:43,810 - pyskl - INFO - Epoch(val) [23][6]	top1_acc: 0.7833, top5_acc: 0.9444, mean_class_accuracy: 0.7833
2023-02-21 18:45:01,823 - pyskl - INFO - Saving checkpoint at 24 epochs
2023-02-21 18:45:18,919 - pyskl - INFO - Evaluating top_k_accuracy ...
2023-02-21 18:45:18,919 - pyskl - INFO - 
top1_acc	0.7833
top5_acc	0.9444
2023-02-21 18:45:18,919 - pyskl - INFO - Evaluating mean_class_accuracy ...
2023-02-21 18:45:18,920 - pyskl - INFO - 
mean_acc	0.7833
2023-02-21 18:45:18,920 - pyskl - INFO - Epoch(val) [24][6]	top1_acc: 0.7833, top5_acc: 0.9444, mean_class_accuracy: 0.7833
