2023-02-23 14:52:36,092 - pyskl - INFO - Environment info:
------------------------------------------------------------
sys.platform: linux
Python: 3.8.16 (default, Jan 17 2023, 23:13:24) [GCC 11.2.0]
CUDA available: True
GPU 0,1,2,3: NVIDIA GeForce RTX 3090
CUDA_HOME: /usr/local/cuda
NVCC: Cuda compilation tools, release 11.6, V11.6.55
GCC: gcc (Ubuntu 7.5.0-6ubuntu2) 7.5.0
PyTorch: 1.10.1
PyTorch compiling details: PyTorch built with:
  - GCC 7.3
  - C++ Version: 201402
  - Intel(R) oneAPI Math Kernel Library Version 2021.4-Product Build 20210904 for Intel(R) 64 architecture applications
  - Intel(R) MKL-DNN v2.2.3 (Git Hash 7336ca9f055cf1bfa13efb658fe15dc9b41f0740)
  - OpenMP 201511 (a.k.a. OpenMP 4.5)
  - LAPACK is enabled (usually provided by MKL)
  - NNPACK is enabled
  - CPU capability usage: AVX2
  - CUDA Runtime 11.3
  - NVCC architecture flags: -gencode;arch=compute_37,code=sm_37;-gencode;arch=compute_50,code=sm_50;-gencode;arch=compute_60,code=sm_60;-gencode;arch=compute_61,code=sm_61;-gencode;arch=compute_70,code=sm_70;-gencode;arch=compute_75,code=sm_75;-gencode;arch=compute_80,code=sm_80;-gencode;arch=compute_86,code=sm_86;-gencode;arch=compute_37,code=compute_37
  - CuDNN 8.2
  - Magma 2.5.2
  - Build settings: BLAS_INFO=mkl, BUILD_TYPE=Release, CUDA_VERSION=11.3, CUDNN_VERSION=8.2.0, CXX_COMPILER=/opt/rh/devtoolset-7/root/usr/bin/c++, CXX_FLAGS= -Wno-deprecated -fvisibility-inlines-hidden -DUSE_PTHREADPOOL -fopenmp -DNDEBUG -DUSE_KINETO -DUSE_FBGEMM -DUSE_QNNPACK -DUSE_PYTORCH_QNNPACK -DUSE_XNNPACK -DSYMBOLICATE_MOBILE_DEBUG_HANDLE -DEDGE_PROFILER_USE_KINETO -O2 -fPIC -Wno-narrowing -Wall -Wextra -Werror=return-type -Wno-missing-field-initializers -Wno-type-limits -Wno-array-bounds -Wno-unknown-pragmas -Wno-sign-compare -Wno-unused-parameter -Wno-unused-variable -Wno-unused-function -Wno-unused-result -Wno-unused-local-typedefs -Wno-strict-overflow -Wno-strict-aliasing -Wno-error=deprecated-declarations -Wno-stringop-overflow -Wno-psabi -Wno-error=pedantic -Wno-error=redundant-decls -Wno-error=old-style-cast -fdiagnostics-color=always -faligned-new -Wno-unused-but-set-variable -Wno-maybe-uninitialized -fno-math-errno -fno-trapping-math -Werror=format -Wno-stringop-overflow, LAPACK_INFO=mkl, PERF_WITH_AVX=1, PERF_WITH_AVX2=1, PERF_WITH_AVX512=1, TORCH_VERSION=1.10.1, USE_CUDA=ON, USE_CUDNN=ON, USE_EXCEPTION_PTR=1, USE_GFLAGS=OFF, USE_GLOG=OFF, USE_MKL=ON, USE_MKLDNN=ON, USE_MPI=OFF, USE_NCCL=ON, USE_NNPACK=ON, USE_OPENMP=ON, 

TorchVision: 0.11.2
OpenCV: 4.7.0
MMCV: 1.6.2
MMCV Compiler: GCC 9.3
MMCV CUDA Compiler: 11.3
pyskl: 0.1.0+HEAD
------------------------------------------------------------

2023-02-23 14:52:36,488 - pyskl - INFO - Config: model = dict(
    type='Recognizer3D',
    backbone=dict(
        type='ResNet3dSlowOnly',
        in_channels=5,
        base_channels=32,
        num_stages=3,
        out_indices=(2, ),
        stage_blocks=(4, 6, 3),
        conv1_stride=(1, 1),
        pool1_stride=(1, 1),
        inflate=(0, 1, 1),
        spatial_strides=(2, 2, 2),
        temporal_strides=(1, 1, 2)),
    cls_head=dict(
        type='I3DHead', in_channels=512, num_classes=10, dropout=0.5),
    test_cfg=dict(average_clips='prob'))
dataset_type = 'PoseDataset'
ann_file = 'data/ds_taichi/test9wswr.pkl'
left_kp = [
    5, 6, 7, 8, 44, 45, 46, 47, 48, 49, 50, 51, 52, 53, 54, 55, 56, 57, 58, 59,
    60, 61, 62, 63, 64, 65, 66, 67, 68, 69, 70, 71
]
right_kp = [
    1, 2, 3, 4, 16, 17, 18, 19, 20, 21, 22, 23, 24, 25, 26, 27, 28, 29, 30, 31,
    32, 33, 34, 35, 36, 37, 38, 39, 40, 41, 42, 43
]
train_pipeline = [
    dict(type='UniformSampleFrames', clip_len=48),
    dict(type='PoseDecode'),
    dict(type='PoseCompact', hw_ratio=1.0, allow_imgpad=True),
    dict(type='Resize', scale=(-1, 64)),
    dict(type='RandomResizedCrop', area_range=(0.56, 1.0)),
    dict(type='Resize', scale=(56, 56), keep_ratio=False),
    dict(type='GenerateTaiChiPoseTarget', with_kp=True, with_limb=False),
    dict(type='FormatShape', input_format='NCTHW_Heatmap'),
    dict(type='Collect', keys=['imgs', 'label'], meta_keys=[]),
    dict(type='ToTensor', keys=['imgs', 'label'])
]
val_pipeline = [
    dict(type='UniformSampleFrames', clip_len=48, num_clips=1),
    dict(type='PoseDecode'),
    dict(type='PoseCompact', hw_ratio=1.0, allow_imgpad=True),
    dict(type='Resize', scale=(64, 64), keep_ratio=False),
    dict(type='GenerateTaiChiPoseTarget', with_kp=True, with_limb=False),
    dict(type='FormatShape', input_format='NCTHW_Heatmap'),
    dict(type='Collect', keys=['imgs', 'label'], meta_keys=[]),
    dict(type='ToTensor', keys=['imgs'])
]
test_pipeline = [
    dict(type='UniformSampleFrames', clip_len=48, num_clips=10),
    dict(type='PoseDecode'),
    dict(type='PoseCompact', hw_ratio=1.0, allow_imgpad=True),
    dict(type='Resize', scale=(64, 64), keep_ratio=False),
    dict(
        type='GenerateTaiChiPoseTarget',
        with_kp=True,
        with_limb=False,
        double=True),
    dict(type='FormatShape', input_format='NCTHW_Heatmap'),
    dict(type='Collect', keys=['imgs', 'label'], meta_keys=[]),
    dict(type='ToTensor', keys=['imgs'])
]
data = dict(
    videos_per_gpu=8,
    workers_per_gpu=4,
    test_dataloader=dict(videos_per_gpu=6),
    train=dict(
        type='RepeatDataset',
        times=30,
        dataset=dict(
            type='PoseDataset',
            ann_file='data/ds_taichi/test9wswr.pkl',
            split='train',
            pipeline=[
                dict(type='UniformSampleFrames', clip_len=48),
                dict(type='PoseDecode'),
                dict(type='PoseCompact', hw_ratio=1.0, allow_imgpad=True),
                dict(type='Resize', scale=(-1, 64)),
                dict(type='RandomResizedCrop', area_range=(0.56, 1.0)),
                dict(type='Resize', scale=(56, 56), keep_ratio=False),
                dict(
                    type='GenerateTaiChiPoseTarget',
                    with_kp=True,
                    with_limb=False),
                dict(type='FormatShape', input_format='NCTHW_Heatmap'),
                dict(type='Collect', keys=['imgs', 'label'], meta_keys=[]),
                dict(type='ToTensor', keys=['imgs', 'label'])
            ])),
    val=dict(
        type='PoseDataset',
        ann_file='data/ds_taichi/test9wswr.pkl',
        split='test',
        pipeline=[
            dict(type='UniformSampleFrames', clip_len=48, num_clips=1),
            dict(type='PoseDecode'),
            dict(type='PoseCompact', hw_ratio=1.0, allow_imgpad=True),
            dict(type='Resize', scale=(64, 64), keep_ratio=False),
            dict(
                type='GenerateTaiChiPoseTarget', with_kp=True,
                with_limb=False),
            dict(type='FormatShape', input_format='NCTHW_Heatmap'),
            dict(type='Collect', keys=['imgs', 'label'], meta_keys=[]),
            dict(type='ToTensor', keys=['imgs'])
        ]),
    test=dict(
        type='PoseDataset',
        ann_file='data/ds_taichi/test9wswr.pkl',
        split='test',
        pipeline=[
            dict(type='UniformSampleFrames', clip_len=48, num_clips=10),
            dict(type='PoseDecode'),
            dict(type='PoseCompact', hw_ratio=1.0, allow_imgpad=True),
            dict(type='Resize', scale=(64, 64), keep_ratio=False),
            dict(
                type='GenerateTaiChiPoseTarget',
                with_kp=True,
                with_limb=False,
                double=True),
            dict(type='FormatShape', input_format='NCTHW_Heatmap'),
            dict(type='Collect', keys=['imgs', 'label'], meta_keys=[]),
            dict(type='ToTensor', keys=['imgs'])
        ]))
optimizer = dict(type='SGD', lr=0.01, momentum=0.9, weight_decay=0.0003)
optimizer_config = dict(grad_clip=dict(max_norm=40, norm_type=2))
lr_config = dict(policy='CosineAnnealing', by_epoch=False, min_lr=0)
total_epochs = 24
checkpoint_config = dict(interval=24)
evaluation = dict(
    interval=1, metrics=['top_k_accuracy', 'mean_class_accuracy'], topk=(1, 5))
log_config = dict(interval=20, hooks=[dict(type='TextLoggerHook')])
log_level = 'INFO'
output_config = dict(
    out='./model_pth/exp6/t9wswr_nfwc_ft/test_result/results.pkl')
eval_config = dict(
    metric_out='./model_pth/exp6/t9wswr_nfwc_ft/test_result',
    eval=[
        'top_k_accuracy', 'mean_class_accuracy', 'confusion_matrix',
        't_sne_vis'
    ])
work_dir = './model_pth/exp6/t9wswr_nfwc_ft'
load_from = './model_pth/ntu120xsub_5parts_kp/best_top1_acc_epoch_23.pth'
find_unused_parameters = True
dist_params = dict(backend='nccl')
gpu_ids = range(0, 4)

2023-02-23 14:52:36,488 - pyskl - INFO - Set random seed to 42, deterministic: True
2023-02-23 14:52:37,130 - pyskl - INFO - 20 videos remain after valid thresholding
2023-02-23 14:52:41,779 - pyskl - INFO - 180 videos remain after valid thresholding
2023-02-23 14:52:41,780 - pyskl - INFO - load checkpoint from local path: ./model_pth/ntu120xsub_5parts_kp/best_top1_acc_epoch_23.pth
2023-02-23 14:52:41,802 - pyskl - WARNING - The model and loaded state dict do not match exactly

size mismatch for cls_head.fc_cls.weight: copying a param with shape torch.Size([120, 512]) from checkpoint, the shape in current model is torch.Size([10, 512]).
size mismatch for cls_head.fc_cls.bias: copying a param with shape torch.Size([120]) from checkpoint, the shape in current model is torch.Size([10]).
2023-02-23 14:52:41,803 - pyskl - INFO - Start running, host: yl@83090-jin, work_dir: /home/yl/sscls/model_pth/exp6/t9wswr_nfwc_ft
2023-02-23 14:52:41,803 - pyskl - INFO - Hooks will be executed in the following order:
before_run:
(VERY_HIGH   ) CosineAnnealingLrUpdaterHook       
(NORMAL      ) CheckpointHook                     
(NORMAL      ) DistEvalHook                       
(VERY_LOW    ) TextLoggerHook                     
 -------------------- 
before_train_epoch:
(VERY_HIGH   ) CosineAnnealingLrUpdaterHook       
(NORMAL      ) DistSamplerSeedHook                
(NORMAL      ) DistEvalHook                       
(LOW         ) IterTimerHook                      
(VERY_LOW    ) TextLoggerHook                     
 -------------------- 
before_train_iter:
(VERY_HIGH   ) CosineAnnealingLrUpdaterHook       
(NORMAL      ) DistEvalHook                       
(LOW         ) IterTimerHook                      
 -------------------- 
after_train_iter:
(ABOVE_NORMAL) OptimizerHook                      
(NORMAL      ) CheckpointHook                     
(NORMAL      ) DistEvalHook                       
(LOW         ) IterTimerHook                      
(VERY_LOW    ) TextLoggerHook                     
 -------------------- 
after_train_epoch:
(NORMAL      ) CheckpointHook                     
(NORMAL      ) DistEvalHook                       
(VERY_LOW    ) TextLoggerHook                     
 -------------------- 
before_val_epoch:
(NORMAL      ) DistSamplerSeedHook                
(LOW         ) IterTimerHook                      
(VERY_LOW    ) TextLoggerHook                     
 -------------------- 
before_val_iter:
(LOW         ) IterTimerHook                      
 -------------------- 
after_val_iter:
(LOW         ) IterTimerHook                      
 -------------------- 
after_val_epoch:
(VERY_LOW    ) TextLoggerHook                     
 -------------------- 
after_run:
(VERY_LOW    ) TextLoggerHook                     
 -------------------- 
2023-02-23 14:52:41,803 - pyskl - INFO - workflow: [('train', 1)], max: 24 epochs
2023-02-23 14:52:41,803 - pyskl - INFO - Checkpoints will be saved to /home/yl/sscls/model_pth/exp6/t9wswr_nfwc_ft by HardDiskBackend.
2023-02-23 14:53:17,550 - pyskl - INFO - Evaluating top_k_accuracy ...
2023-02-23 14:53:17,551 - pyskl - INFO - 
top1_acc	0.6167
top5_acc	0.9944
2023-02-23 14:53:17,551 - pyskl - INFO - Evaluating mean_class_accuracy ...
2023-02-23 14:53:17,551 - pyskl - INFO - 
mean_acc	0.6167
2023-02-23 14:53:17,594 - pyskl - INFO - Now best checkpoint is saved as best_top1_acc_epoch_1.pth.
2023-02-23 14:53:17,594 - pyskl - INFO - Best top1_acc is 0.6167 at 1 epoch.
2023-02-23 14:53:17,595 - pyskl - INFO - Epoch(val) [1][6]	top1_acc: 0.6167, top5_acc: 0.9944, mean_class_accuracy: 0.6167
2023-02-23 14:53:52,799 - pyskl - INFO - Evaluating top_k_accuracy ...
2023-02-23 14:53:52,799 - pyskl - INFO - 
top1_acc	0.8167
top5_acc	0.9500
2023-02-23 14:53:52,799 - pyskl - INFO - Evaluating mean_class_accuracy ...
2023-02-23 14:53:52,800 - pyskl - INFO - 
mean_acc	0.8167
2023-02-23 14:53:52,802 - pyskl - INFO - The previous best checkpoint /home/yl/sscls/model_pth/exp6/t9wswr_nfwc_ft/best_top1_acc_epoch_1.pth was removed
2023-02-23 14:53:52,843 - pyskl - INFO - Now best checkpoint is saved as best_top1_acc_epoch_2.pth.
2023-02-23 14:53:52,843 - pyskl - INFO - Best top1_acc is 0.8167 at 2 epoch.
2023-02-23 14:53:52,843 - pyskl - INFO - Epoch(val) [2][6]	top1_acc: 0.8167, top5_acc: 0.9500, mean_class_accuracy: 0.8167
2023-02-23 14:54:28,172 - pyskl - INFO - Evaluating top_k_accuracy ...
2023-02-23 14:54:28,172 - pyskl - INFO - 
top1_acc	0.8889
top5_acc	0.9611
2023-02-23 14:54:28,172 - pyskl - INFO - Evaluating mean_class_accuracy ...
2023-02-23 14:54:28,173 - pyskl - INFO - 
mean_acc	0.8889
2023-02-23 14:54:28,175 - pyskl - INFO - The previous best checkpoint /home/yl/sscls/model_pth/exp6/t9wswr_nfwc_ft/best_top1_acc_epoch_2.pth was removed
2023-02-23 14:54:28,215 - pyskl - INFO - Now best checkpoint is saved as best_top1_acc_epoch_3.pth.
2023-02-23 14:54:28,216 - pyskl - INFO - Best top1_acc is 0.8889 at 3 epoch.
2023-02-23 14:54:28,216 - pyskl - INFO - Epoch(val) [3][6]	top1_acc: 0.8889, top5_acc: 0.9611, mean_class_accuracy: 0.8889
2023-02-23 14:55:03,658 - pyskl - INFO - Evaluating top_k_accuracy ...
2023-02-23 14:55:03,658 - pyskl - INFO - 
top1_acc	0.9389
top5_acc	1.0000
2023-02-23 14:55:03,658 - pyskl - INFO - Evaluating mean_class_accuracy ...
2023-02-23 14:55:03,659 - pyskl - INFO - 
mean_acc	0.9389
2023-02-23 14:55:03,661 - pyskl - INFO - The previous best checkpoint /home/yl/sscls/model_pth/exp6/t9wswr_nfwc_ft/best_top1_acc_epoch_3.pth was removed
2023-02-23 14:55:03,701 - pyskl - INFO - Now best checkpoint is saved as best_top1_acc_epoch_4.pth.
2023-02-23 14:55:03,702 - pyskl - INFO - Best top1_acc is 0.9389 at 4 epoch.
2023-02-23 14:55:03,702 - pyskl - INFO - Epoch(val) [4][6]	top1_acc: 0.9389, top5_acc: 1.0000, mean_class_accuracy: 0.9389
2023-02-23 14:55:39,417 - pyskl - INFO - Evaluating top_k_accuracy ...
2023-02-23 14:55:39,417 - pyskl - INFO - 
top1_acc	0.9333
top5_acc	1.0000
2023-02-23 14:55:39,417 - pyskl - INFO - Evaluating mean_class_accuracy ...
2023-02-23 14:55:39,418 - pyskl - INFO - 
mean_acc	0.9333
2023-02-23 14:55:39,418 - pyskl - INFO - Epoch(val) [5][6]	top1_acc: 0.9333, top5_acc: 1.0000, mean_class_accuracy: 0.9333
2023-02-23 14:56:14,872 - pyskl - INFO - Evaluating top_k_accuracy ...
2023-02-23 14:56:14,873 - pyskl - INFO - 
top1_acc	0.9500
top5_acc	0.9889
2023-02-23 14:56:14,873 - pyskl - INFO - Evaluating mean_class_accuracy ...
2023-02-23 14:56:14,873 - pyskl - INFO - 
mean_acc	0.9500
2023-02-23 14:56:14,876 - pyskl - INFO - The previous best checkpoint /home/yl/sscls/model_pth/exp6/t9wswr_nfwc_ft/best_top1_acc_epoch_4.pth was removed
2023-02-23 14:56:14,918 - pyskl - INFO - Now best checkpoint is saved as best_top1_acc_epoch_6.pth.
2023-02-23 14:56:14,918 - pyskl - INFO - Best top1_acc is 0.9500 at 6 epoch.
2023-02-23 14:56:14,918 - pyskl - INFO - Epoch(val) [6][6]	top1_acc: 0.9500, top5_acc: 0.9889, mean_class_accuracy: 0.9500
2023-02-23 14:56:50,133 - pyskl - INFO - Evaluating top_k_accuracy ...
2023-02-23 14:56:50,134 - pyskl - INFO - 
top1_acc	0.9222
top5_acc	1.0000
2023-02-23 14:56:50,134 - pyskl - INFO - Evaluating mean_class_accuracy ...
2023-02-23 14:56:50,135 - pyskl - INFO - 
mean_acc	0.9222
2023-02-23 14:56:50,135 - pyskl - INFO - Epoch(val) [7][6]	top1_acc: 0.9222, top5_acc: 1.0000, mean_class_accuracy: 0.9222
2023-02-23 14:57:25,499 - pyskl - INFO - Evaluating top_k_accuracy ...
2023-02-23 14:57:25,500 - pyskl - INFO - 
top1_acc	0.9444
top5_acc	1.0000
2023-02-23 14:57:25,500 - pyskl - INFO - Evaluating mean_class_accuracy ...
2023-02-23 14:57:25,500 - pyskl - INFO - 
mean_acc	0.9444
2023-02-23 14:57:25,501 - pyskl - INFO - Epoch(val) [8][6]	top1_acc: 0.9444, top5_acc: 1.0000, mean_class_accuracy: 0.9444
2023-02-23 14:58:00,855 - pyskl - INFO - Evaluating top_k_accuracy ...
2023-02-23 14:58:00,855 - pyskl - INFO - 
top1_acc	0.9444
top5_acc	1.0000
2023-02-23 14:58:00,855 - pyskl - INFO - Evaluating mean_class_accuracy ...
2023-02-23 14:58:00,855 - pyskl - INFO - 
mean_acc	0.9444
2023-02-23 14:58:00,856 - pyskl - INFO - Epoch(val) [9][6]	top1_acc: 0.9444, top5_acc: 1.0000, mean_class_accuracy: 0.9444
2023-02-23 14:58:36,326 - pyskl - INFO - Evaluating top_k_accuracy ...
2023-02-23 14:58:36,327 - pyskl - INFO - 
top1_acc	0.9389
top5_acc	0.9833
2023-02-23 14:58:36,327 - pyskl - INFO - Evaluating mean_class_accuracy ...
2023-02-23 14:58:36,327 - pyskl - INFO - 
mean_acc	0.9389
2023-02-23 14:58:36,327 - pyskl - INFO - Epoch(val) [10][6]	top1_acc: 0.9389, top5_acc: 0.9833, mean_class_accuracy: 0.9389
2023-02-23 14:59:11,668 - pyskl - INFO - Evaluating top_k_accuracy ...
2023-02-23 14:59:11,669 - pyskl - INFO - 
top1_acc	0.9222
top5_acc	1.0000
2023-02-23 14:59:11,669 - pyskl - INFO - Evaluating mean_class_accuracy ...
2023-02-23 14:59:11,669 - pyskl - INFO - 
mean_acc	0.9222
2023-02-23 14:59:11,669 - pyskl - INFO - Epoch(val) [11][6]	top1_acc: 0.9222, top5_acc: 1.0000, mean_class_accuracy: 0.9222
2023-02-23 14:59:46,862 - pyskl - INFO - Evaluating top_k_accuracy ...
2023-02-23 14:59:46,863 - pyskl - INFO - 
top1_acc	0.9500
top5_acc	0.9944
2023-02-23 14:59:46,863 - pyskl - INFO - Evaluating mean_class_accuracy ...
2023-02-23 14:59:46,864 - pyskl - INFO - 
mean_acc	0.9500
2023-02-23 14:59:46,864 - pyskl - INFO - Epoch(val) [12][6]	top1_acc: 0.9500, top5_acc: 0.9944, mean_class_accuracy: 0.9500
2023-02-23 15:00:22,241 - pyskl - INFO - Evaluating top_k_accuracy ...
2023-02-23 15:00:22,241 - pyskl - INFO - 
top1_acc	0.9389
top5_acc	0.9889
2023-02-23 15:00:22,242 - pyskl - INFO - Evaluating mean_class_accuracy ...
2023-02-23 15:00:22,242 - pyskl - INFO - 
mean_acc	0.9389
2023-02-23 15:00:22,242 - pyskl - INFO - Epoch(val) [13][6]	top1_acc: 0.9389, top5_acc: 0.9889, mean_class_accuracy: 0.9389
2023-02-23 15:00:57,223 - pyskl - INFO - Evaluating top_k_accuracy ...
2023-02-23 15:00:57,224 - pyskl - INFO - 
top1_acc	0.9278
top5_acc	1.0000
2023-02-23 15:00:57,224 - pyskl - INFO - Evaluating mean_class_accuracy ...
2023-02-23 15:00:57,224 - pyskl - INFO - 
mean_acc	0.9278
2023-02-23 15:00:57,224 - pyskl - INFO - Epoch(val) [14][6]	top1_acc: 0.9278, top5_acc: 1.0000, mean_class_accuracy: 0.9278
2023-02-23 15:01:32,526 - pyskl - INFO - Evaluating top_k_accuracy ...
2023-02-23 15:01:32,527 - pyskl - INFO - 
top1_acc	0.9444
top5_acc	0.9833
2023-02-23 15:01:32,527 - pyskl - INFO - Evaluating mean_class_accuracy ...
2023-02-23 15:01:32,527 - pyskl - INFO - 
mean_acc	0.9444
2023-02-23 15:01:32,528 - pyskl - INFO - Epoch(val) [15][6]	top1_acc: 0.9444, top5_acc: 0.9833, mean_class_accuracy: 0.9444
2023-02-23 15:02:07,602 - pyskl - INFO - Evaluating top_k_accuracy ...
2023-02-23 15:02:07,603 - pyskl - INFO - 
top1_acc	0.9500
top5_acc	1.0000
2023-02-23 15:02:07,603 - pyskl - INFO - Evaluating mean_class_accuracy ...
2023-02-23 15:02:07,603 - pyskl - INFO - 
mean_acc	0.9500
2023-02-23 15:02:07,603 - pyskl - INFO - Epoch(val) [16][6]	top1_acc: 0.9500, top5_acc: 1.0000, mean_class_accuracy: 0.9500
2023-02-23 15:02:42,991 - pyskl - INFO - Evaluating top_k_accuracy ...
2023-02-23 15:02:42,992 - pyskl - INFO - 
top1_acc	0.9444
top5_acc	1.0000
2023-02-23 15:02:42,992 - pyskl - INFO - Evaluating mean_class_accuracy ...
2023-02-23 15:02:42,992 - pyskl - INFO - 
mean_acc	0.9444
2023-02-23 15:02:42,993 - pyskl - INFO - Epoch(val) [17][6]	top1_acc: 0.9444, top5_acc: 1.0000, mean_class_accuracy: 0.9444
2023-02-23 15:03:18,439 - pyskl - INFO - Evaluating top_k_accuracy ...
2023-02-23 15:03:18,439 - pyskl - INFO - 
top1_acc	0.9389
top5_acc	1.0000
2023-02-23 15:03:18,439 - pyskl - INFO - Evaluating mean_class_accuracy ...
2023-02-23 15:03:18,440 - pyskl - INFO - 
mean_acc	0.9389
2023-02-23 15:03:18,440 - pyskl - INFO - Epoch(val) [18][6]	top1_acc: 0.9389, top5_acc: 1.0000, mean_class_accuracy: 0.9389
2023-02-23 15:03:53,704 - pyskl - INFO - Evaluating top_k_accuracy ...
2023-02-23 15:03:53,705 - pyskl - INFO - 
top1_acc	0.9500
top5_acc	1.0000
2023-02-23 15:03:53,705 - pyskl - INFO - Evaluating mean_class_accuracy ...
2023-02-23 15:03:53,706 - pyskl - INFO - 
mean_acc	0.9500
2023-02-23 15:03:53,706 - pyskl - INFO - Epoch(val) [19][6]	top1_acc: 0.9500, top5_acc: 1.0000, mean_class_accuracy: 0.9500
2023-02-23 15:04:29,195 - pyskl - INFO - Evaluating top_k_accuracy ...
2023-02-23 15:04:29,196 - pyskl - INFO - 
top1_acc	0.9444
top5_acc	0.9833
2023-02-23 15:04:29,196 - pyskl - INFO - Evaluating mean_class_accuracy ...
2023-02-23 15:04:29,196 - pyskl - INFO - 
mean_acc	0.9444
2023-02-23 15:04:29,196 - pyskl - INFO - Epoch(val) [20][6]	top1_acc: 0.9444, top5_acc: 0.9833, mean_class_accuracy: 0.9444
2023-02-23 15:05:04,904 - pyskl - INFO - Evaluating top_k_accuracy ...
2023-02-23 15:05:04,905 - pyskl - INFO - 
top1_acc	0.9722
top5_acc	1.0000
2023-02-23 15:05:04,905 - pyskl - INFO - Evaluating mean_class_accuracy ...
2023-02-23 15:05:04,906 - pyskl - INFO - 
mean_acc	0.9722
2023-02-23 15:05:04,909 - pyskl - INFO - The previous best checkpoint /home/yl/sscls/model_pth/exp6/t9wswr_nfwc_ft/best_top1_acc_epoch_6.pth was removed
2023-02-23 15:05:04,954 - pyskl - INFO - Now best checkpoint is saved as best_top1_acc_epoch_21.pth.
2023-02-23 15:05:04,954 - pyskl - INFO - Best top1_acc is 0.9722 at 21 epoch.
2023-02-23 15:05:04,954 - pyskl - INFO - Epoch(val) [21][6]	top1_acc: 0.9722, top5_acc: 1.0000, mean_class_accuracy: 0.9722
2023-02-23 15:05:39,794 - pyskl - INFO - Evaluating top_k_accuracy ...
2023-02-23 15:05:39,795 - pyskl - INFO - 
top1_acc	0.9556
top5_acc	1.0000
2023-02-23 15:05:39,795 - pyskl - INFO - Evaluating mean_class_accuracy ...
2023-02-23 15:05:39,796 - pyskl - INFO - 
mean_acc	0.9556
2023-02-23 15:05:39,796 - pyskl - INFO - Epoch(val) [22][6]	top1_acc: 0.9556, top5_acc: 1.0000, mean_class_accuracy: 0.9556
2023-02-23 15:06:15,360 - pyskl - INFO - Evaluating top_k_accuracy ...
2023-02-23 15:06:15,360 - pyskl - INFO - 
top1_acc	0.9611
top5_acc	1.0000
2023-02-23 15:06:15,360 - pyskl - INFO - Evaluating mean_class_accuracy ...
2023-02-23 15:06:15,361 - pyskl - INFO - 
mean_acc	0.9611
2023-02-23 15:06:15,361 - pyskl - INFO - Epoch(val) [23][6]	top1_acc: 0.9611, top5_acc: 1.0000, mean_class_accuracy: 0.9611
2023-02-23 15:06:33,634 - pyskl - INFO - Saving checkpoint at 24 epochs
2023-02-23 15:06:50,820 - pyskl - INFO - Evaluating top_k_accuracy ...
2023-02-23 15:06:50,821 - pyskl - INFO - 
top1_acc	0.9500
top5_acc	1.0000
2023-02-23 15:06:50,821 - pyskl - INFO - Evaluating mean_class_accuracy ...
2023-02-23 15:06:50,821 - pyskl - INFO - 
mean_acc	0.9500
2023-02-23 15:06:50,821 - pyskl - INFO - Epoch(val) [24][6]	top1_acc: 0.9500, top5_acc: 1.0000, mean_class_accuracy: 0.9500
