2023-02-21 18:45:30,925 - pyskl - INFO - Environment info:
------------------------------------------------------------
sys.platform: linux
Python: 3.8.16 (default, Jan 17 2023, 23:13:24) [GCC 11.2.0]
CUDA available: True
GPU 0,1,2,3: NVIDIA GeForce RTX 3090
CUDA_HOME: /usr/local/cuda
NVCC: Cuda compilation tools, release 11.6, V11.6.55
GCC: gcc (Ubuntu 7.5.0-6ubuntu2) 7.5.0
PyTorch: 1.10.1
PyTorch compiling details: PyTorch built with:
  - GCC 7.3
  - C++ Version: 201402
  - Intel(R) oneAPI Math Kernel Library Version 2021.4-Product Build 20210904 for Intel(R) 64 architecture applications
  - Intel(R) MKL-DNN v2.2.3 (Git Hash 7336ca9f055cf1bfa13efb658fe15dc9b41f0740)
  - OpenMP 201511 (a.k.a. OpenMP 4.5)
  - LAPACK is enabled (usually provided by MKL)
  - NNPACK is enabled
  - CPU capability usage: AVX2
  - CUDA Runtime 11.3
  - NVCC architecture flags: -gencode;arch=compute_37,code=sm_37;-gencode;arch=compute_50,code=sm_50;-gencode;arch=compute_60,code=sm_60;-gencode;arch=compute_61,code=sm_61;-gencode;arch=compute_70,code=sm_70;-gencode;arch=compute_75,code=sm_75;-gencode;arch=compute_80,code=sm_80;-gencode;arch=compute_86,code=sm_86;-gencode;arch=compute_37,code=compute_37
  - CuDNN 8.2
  - Magma 2.5.2
  - Build settings: BLAS_INFO=mkl, BUILD_TYPE=Release, CUDA_VERSION=11.3, CUDNN_VERSION=8.2.0, CXX_COMPILER=/opt/rh/devtoolset-7/root/usr/bin/c++, CXX_FLAGS= -Wno-deprecated -fvisibility-inlines-hidden -DUSE_PTHREADPOOL -fopenmp -DNDEBUG -DUSE_KINETO -DUSE_FBGEMM -DUSE_QNNPACK -DUSE_PYTORCH_QNNPACK -DUSE_XNNPACK -DSYMBOLICATE_MOBILE_DEBUG_HANDLE -DEDGE_PROFILER_USE_KINETO -O2 -fPIC -Wno-narrowing -Wall -Wextra -Werror=return-type -Wno-missing-field-initializers -Wno-type-limits -Wno-array-bounds -Wno-unknown-pragmas -Wno-sign-compare -Wno-unused-parameter -Wno-unused-variable -Wno-unused-function -Wno-unused-result -Wno-unused-local-typedefs -Wno-strict-overflow -Wno-strict-aliasing -Wno-error=deprecated-declarations -Wno-stringop-overflow -Wno-psabi -Wno-error=pedantic -Wno-error=redundant-decls -Wno-error=old-style-cast -fdiagnostics-color=always -faligned-new -Wno-unused-but-set-variable -Wno-maybe-uninitialized -fno-math-errno -fno-trapping-math -Werror=format -Wno-stringop-overflow, LAPACK_INFO=mkl, PERF_WITH_AVX=1, PERF_WITH_AVX2=1, PERF_WITH_AVX512=1, TORCH_VERSION=1.10.1, USE_CUDA=ON, USE_CUDNN=ON, USE_EXCEPTION_PTR=1, USE_GFLAGS=OFF, USE_GLOG=OFF, USE_MKL=ON, USE_MKLDNN=ON, USE_MPI=OFF, USE_NCCL=ON, USE_NNPACK=ON, USE_OPENMP=ON, 

TorchVision: 0.11.2
OpenCV: 4.7.0
MMCV: 1.6.2
MMCV Compiler: GCC 9.3
MMCV CUDA Compiler: 11.3
pyskl: 0.1.0+HEAD
------------------------------------------------------------

2023-02-21 18:45:32,161 - pyskl - INFO - Config: model = dict(
    type='Recognizer3D',
    backbone=dict(
        type='ResNet3dSlowOnly',
        in_channels=5,
        base_channels=32,
        num_stages=3,
        out_indices=(2, ),
        stage_blocks=(4, 6, 3),
        conv1_stride=(1, 1),
        pool1_stride=(1, 1),
        inflate=(0, 1, 1),
        spatial_strides=(2, 2, 2),
        temporal_strides=(1, 1, 2),
        frozen_stages=3),
    cls_head=dict(
        type='I3DHead', in_channels=512, num_classes=10, dropout=0.5),
    test_cfg=dict(average_clips='prob'))
dataset_type = 'PoseDataset'
ann_file = 'data/ds_taichi/test9nsnr.pkl'
left_kp = [
    5, 6, 7, 8, 44, 45, 46, 47, 48, 49, 50, 51, 52, 53, 54, 55, 56, 57, 58, 59,
    60, 61, 62, 63, 64, 65, 66, 67, 68, 69, 70, 71
]
right_kp = [
    1, 2, 3, 4, 16, 17, 18, 19, 20, 21, 22, 23, 24, 25, 26, 27, 28, 29, 30, 31,
    32, 33, 34, 35, 36, 37, 38, 39, 40, 41, 42, 43
]
train_pipeline = [
    dict(type='UniformSampleFrames', clip_len=48),
    dict(type='PoseDecode'),
    dict(type='PoseCompact', hw_ratio=1.0, allow_imgpad=True),
    dict(type='Resize', scale=(-1, 64)),
    dict(type='RandomResizedCrop', area_range=(0.56, 1.0)),
    dict(type='Resize', scale=(56, 56), keep_ratio=False),
    dict(
        type='Flip',
        flip_ratio=0.5,
        left_kp=[
            5, 6, 7, 8, 44, 45, 46, 47, 48, 49, 50, 51, 52, 53, 54, 55, 56, 57,
            58, 59, 60, 61, 62, 63, 64, 65, 66, 67, 68, 69, 70, 71
        ],
        right_kp=[
            1, 2, 3, 4, 16, 17, 18, 19, 20, 21, 22, 23, 24, 25, 26, 27, 28, 29,
            30, 31, 32, 33, 34, 35, 36, 37, 38, 39, 40, 41, 42, 43
        ]),
    dict(type='GenerateTaiChiPoseTarget', with_kp=True, with_limb=False),
    dict(type='FormatShape', input_format='NCTHW_Heatmap'),
    dict(type='Collect', keys=['imgs', 'label'], meta_keys=[]),
    dict(type='ToTensor', keys=['imgs', 'label'])
]
val_pipeline = [
    dict(type='UniformSampleFrames', clip_len=48, num_clips=1),
    dict(type='PoseDecode'),
    dict(type='PoseCompact', hw_ratio=1.0, allow_imgpad=True),
    dict(type='Resize', scale=(64, 64), keep_ratio=False),
    dict(type='GenerateTaiChiPoseTarget', with_kp=True, with_limb=False),
    dict(type='FormatShape', input_format='NCTHW_Heatmap'),
    dict(type='Collect', keys=['imgs', 'label'], meta_keys=[]),
    dict(type='ToTensor', keys=['imgs'])
]
test_pipeline = [
    dict(type='UniformSampleFrames', clip_len=48, num_clips=10),
    dict(type='PoseDecode'),
    dict(type='PoseCompact', hw_ratio=1.0, allow_imgpad=True),
    dict(type='Resize', scale=(64, 64), keep_ratio=False),
    dict(
        type='GenerateTaiChiPoseTarget',
        with_kp=True,
        with_limb=False,
        double=True),
    dict(type='FormatShape', input_format='NCTHW_Heatmap'),
    dict(type='Collect', keys=['imgs', 'label'], meta_keys=[]),
    dict(type='ToTensor', keys=['imgs'])
]
data = dict(
    videos_per_gpu=8,
    workers_per_gpu=4,
    test_dataloader=dict(videos_per_gpu=6),
    train=dict(
        type='RepeatDataset',
        times=30,
        dataset=dict(
            type='PoseDataset',
            ann_file='data/ds_taichi/test9nsnr.pkl',
            split='train',
            pipeline=[
                dict(type='UniformSampleFrames', clip_len=48),
                dict(type='PoseDecode'),
                dict(type='PoseCompact', hw_ratio=1.0, allow_imgpad=True),
                dict(type='Resize', scale=(-1, 64)),
                dict(type='RandomResizedCrop', area_range=(0.56, 1.0)),
                dict(type='Resize', scale=(56, 56), keep_ratio=False),
                dict(
                    type='Flip',
                    flip_ratio=0.5,
                    left_kp=[
                        5, 6, 7, 8, 44, 45, 46, 47, 48, 49, 50, 51, 52, 53, 54,
                        55, 56, 57, 58, 59, 60, 61, 62, 63, 64, 65, 66, 67, 68,
                        69, 70, 71
                    ],
                    right_kp=[
                        1, 2, 3, 4, 16, 17, 18, 19, 20, 21, 22, 23, 24, 25, 26,
                        27, 28, 29, 30, 31, 32, 33, 34, 35, 36, 37, 38, 39, 40,
                        41, 42, 43
                    ]),
                dict(
                    type='GenerateTaiChiPoseTarget',
                    with_kp=True,
                    with_limb=False),
                dict(type='FormatShape', input_format='NCTHW_Heatmap'),
                dict(type='Collect', keys=['imgs', 'label'], meta_keys=[]),
                dict(type='ToTensor', keys=['imgs', 'label'])
            ])),
    val=dict(
        type='PoseDataset',
        ann_file='data/ds_taichi/test9nsnr.pkl',
        split='test',
        pipeline=[
            dict(type='UniformSampleFrames', clip_len=48, num_clips=1),
            dict(type='PoseDecode'),
            dict(type='PoseCompact', hw_ratio=1.0, allow_imgpad=True),
            dict(type='Resize', scale=(64, 64), keep_ratio=False),
            dict(
                type='GenerateTaiChiPoseTarget', with_kp=True,
                with_limb=False),
            dict(type='FormatShape', input_format='NCTHW_Heatmap'),
            dict(type='Collect', keys=['imgs', 'label'], meta_keys=[]),
            dict(type='ToTensor', keys=['imgs'])
        ]),
    test=dict(
        type='PoseDataset',
        ann_file='data/ds_taichi/test9nsnr.pkl',
        split='test',
        pipeline=[
            dict(type='UniformSampleFrames', clip_len=48, num_clips=10),
            dict(type='PoseDecode'),
            dict(type='PoseCompact', hw_ratio=1.0, allow_imgpad=True),
            dict(type='Resize', scale=(64, 64), keep_ratio=False),
            dict(
                type='GenerateTaiChiPoseTarget',
                with_kp=True,
                with_limb=False,
                double=True),
            dict(type='FormatShape', input_format='NCTHW_Heatmap'),
            dict(type='Collect', keys=['imgs', 'label'], meta_keys=[]),
            dict(type='ToTensor', keys=['imgs'])
        ]))
optimizer = dict(type='SGD', lr=0.01, momentum=0.9, weight_decay=0.0003)
optimizer_config = dict(grad_clip=dict(max_norm=40, norm_type=2))
lr_config = dict(policy='CosineAnnealing', by_epoch=False, min_lr=0)
total_epochs = 24
checkpoint_config = dict(interval=24)
evaluation = dict(
    interval=1, metrics=['top_k_accuracy', 'mean_class_accuracy'], topk=(1, 5))
log_config = dict(interval=20, hooks=[dict(type='TextLoggerHook')])
log_level = 'INFO'
output_config = dict(
    out='./model_pth/exp0_t9/t9nsnr_5p_lrd01/test_result/results.pkl')
eval_config = dict(
    metric_out='./model_pth/exp0_t9/t9nsnr_5p_lrd01/test_result',
    eval=[
        'top_k_accuracy', 'mean_class_accuracy', 'confusion_matrix',
        't_sne_vis'
    ])
work_dir = './model_pth/exp0_t9/t9nsnr_5p_lrd01'
load_from = './model_pth/ntu120xsub_5parts_kp/best_top1_acc_epoch_23.pth'
find_unused_parameters = True
dist_params = dict(backend='nccl')
gpu_ids = range(0, 4)

2023-02-21 18:45:32,161 - pyskl - INFO - Set random seed to 42, deterministic: True
2023-02-21 18:45:32,796 - pyskl - INFO - 20 videos remain after valid thresholding
2023-02-21 18:45:38,029 - pyskl - INFO - 180 videos remain after valid thresholding
2023-02-21 18:45:38,030 - pyskl - INFO - load checkpoint from local path: ./model_pth/ntu120xsub_5parts_kp/best_top1_acc_epoch_23.pth
2023-02-21 18:45:38,052 - pyskl - WARNING - The model and loaded state dict do not match exactly

size mismatch for cls_head.fc_cls.weight: copying a param with shape torch.Size([120, 512]) from checkpoint, the shape in current model is torch.Size([10, 512]).
size mismatch for cls_head.fc_cls.bias: copying a param with shape torch.Size([120]) from checkpoint, the shape in current model is torch.Size([10]).
2023-02-21 18:45:38,052 - pyskl - INFO - Start running, host: yl@83090-jin, work_dir: /home/yl/sscls/model_pth/exp0_t9/t9nsnr_5p_lrd01
2023-02-21 18:45:38,052 - pyskl - INFO - Hooks will be executed in the following order:
before_run:
(VERY_HIGH   ) CosineAnnealingLrUpdaterHook       
(NORMAL      ) CheckpointHook                     
(NORMAL      ) DistEvalHook                       
(VERY_LOW    ) TextLoggerHook                     
 -------------------- 
before_train_epoch:
(VERY_HIGH   ) CosineAnnealingLrUpdaterHook       
(NORMAL      ) DistSamplerSeedHook                
(NORMAL      ) DistEvalHook                       
(LOW         ) IterTimerHook                      
(VERY_LOW    ) TextLoggerHook                     
 -------------------- 
before_train_iter:
(VERY_HIGH   ) CosineAnnealingLrUpdaterHook       
(NORMAL      ) DistEvalHook                       
(LOW         ) IterTimerHook                      
 -------------------- 
after_train_iter:
(ABOVE_NORMAL) OptimizerHook                      
(NORMAL      ) CheckpointHook                     
(NORMAL      ) DistEvalHook                       
(LOW         ) IterTimerHook                      
(VERY_LOW    ) TextLoggerHook                     
 -------------------- 
after_train_epoch:
(NORMAL      ) CheckpointHook                     
(NORMAL      ) DistEvalHook                       
(VERY_LOW    ) TextLoggerHook                     
 -------------------- 
before_val_epoch:
(NORMAL      ) DistSamplerSeedHook                
(LOW         ) IterTimerHook                      
(VERY_LOW    ) TextLoggerHook                     
 -------------------- 
before_val_iter:
(LOW         ) IterTimerHook                      
 -------------------- 
after_val_iter:
(LOW         ) IterTimerHook                      
 -------------------- 
after_val_epoch:
(VERY_LOW    ) TextLoggerHook                     
 -------------------- 
after_run:
(VERY_LOW    ) TextLoggerHook                     
 -------------------- 
2023-02-21 18:45:38,052 - pyskl - INFO - workflow: [('train', 1)], max: 24 epochs
2023-02-21 18:45:38,053 - pyskl - INFO - Checkpoints will be saved to /home/yl/sscls/model_pth/exp0_t9/t9nsnr_5p_lrd01 by HardDiskBackend.
2023-02-21 18:46:13,296 - pyskl - INFO - Evaluating top_k_accuracy ...
2023-02-21 18:46:13,296 - pyskl - INFO - 
top1_acc	0.2889
top5_acc	0.7833
2023-02-21 18:46:13,296 - pyskl - INFO - Evaluating mean_class_accuracy ...
2023-02-21 18:46:13,297 - pyskl - INFO - 
mean_acc	0.2889
2023-02-21 18:46:13,324 - pyskl - INFO - Now best checkpoint is saved as best_top1_acc_epoch_1.pth.
2023-02-21 18:46:13,325 - pyskl - INFO - Best top1_acc is 0.2889 at 1 epoch.
2023-02-21 18:46:13,325 - pyskl - INFO - Epoch(val) [1][6]	top1_acc: 0.2889, top5_acc: 0.7833, mean_class_accuracy: 0.2889
2023-02-21 18:46:48,065 - pyskl - INFO - Evaluating top_k_accuracy ...
2023-02-21 18:46:48,066 - pyskl - INFO - 
top1_acc	0.5111
top5_acc	0.9444
2023-02-21 18:46:48,066 - pyskl - INFO - Evaluating mean_class_accuracy ...
2023-02-21 18:46:48,067 - pyskl - INFO - 
mean_acc	0.5111
2023-02-21 18:46:48,069 - pyskl - INFO - The previous best checkpoint /home/yl/sscls/model_pth/exp0_t9/t9nsnr_5p_lrd01/best_top1_acc_epoch_1.pth was removed
2023-02-21 18:46:48,099 - pyskl - INFO - Now best checkpoint is saved as best_top1_acc_epoch_2.pth.
2023-02-21 18:46:48,099 - pyskl - INFO - Best top1_acc is 0.5111 at 2 epoch.
2023-02-21 18:46:48,099 - pyskl - INFO - Epoch(val) [2][6]	top1_acc: 0.5111, top5_acc: 0.9444, mean_class_accuracy: 0.5111
2023-02-21 18:47:23,004 - pyskl - INFO - Evaluating top_k_accuracy ...
2023-02-21 18:47:23,005 - pyskl - INFO - 
top1_acc	0.6222
top5_acc	0.9722
2023-02-21 18:47:23,005 - pyskl - INFO - Evaluating mean_class_accuracy ...
2023-02-21 18:47:23,005 - pyskl - INFO - 
mean_acc	0.6222
2023-02-21 18:47:23,007 - pyskl - INFO - The previous best checkpoint /home/yl/sscls/model_pth/exp0_t9/t9nsnr_5p_lrd01/best_top1_acc_epoch_2.pth was removed
2023-02-21 18:47:23,034 - pyskl - INFO - Now best checkpoint is saved as best_top1_acc_epoch_3.pth.
2023-02-21 18:47:23,034 - pyskl - INFO - Best top1_acc is 0.6222 at 3 epoch.
2023-02-21 18:47:23,034 - pyskl - INFO - Epoch(val) [3][6]	top1_acc: 0.6222, top5_acc: 0.9722, mean_class_accuracy: 0.6222
2023-02-21 18:47:58,145 - pyskl - INFO - Evaluating top_k_accuracy ...
2023-02-21 18:47:58,146 - pyskl - INFO - 
top1_acc	0.7278
top5_acc	0.9833
2023-02-21 18:47:58,146 - pyskl - INFO - Evaluating mean_class_accuracy ...
2023-02-21 18:47:58,146 - pyskl - INFO - 
mean_acc	0.7278
2023-02-21 18:47:58,148 - pyskl - INFO - The previous best checkpoint /home/yl/sscls/model_pth/exp0_t9/t9nsnr_5p_lrd01/best_top1_acc_epoch_3.pth was removed
2023-02-21 18:47:58,173 - pyskl - INFO - Now best checkpoint is saved as best_top1_acc_epoch_4.pth.
2023-02-21 18:47:58,174 - pyskl - INFO - Best top1_acc is 0.7278 at 4 epoch.
2023-02-21 18:47:58,174 - pyskl - INFO - Epoch(val) [4][6]	top1_acc: 0.7278, top5_acc: 0.9833, mean_class_accuracy: 0.7278
2023-02-21 18:48:33,327 - pyskl - INFO - Evaluating top_k_accuracy ...
2023-02-21 18:48:33,328 - pyskl - INFO - 
top1_acc	0.6722
top5_acc	0.9556
2023-02-21 18:48:33,328 - pyskl - INFO - Evaluating mean_class_accuracy ...
2023-02-21 18:48:33,328 - pyskl - INFO - 
mean_acc	0.6722
2023-02-21 18:48:33,328 - pyskl - INFO - Epoch(val) [5][6]	top1_acc: 0.6722, top5_acc: 0.9556, mean_class_accuracy: 0.6722
2023-02-21 18:49:08,181 - pyskl - INFO - Evaluating top_k_accuracy ...
2023-02-21 18:49:08,182 - pyskl - INFO - 
top1_acc	0.7333
top5_acc	0.9611
2023-02-21 18:49:08,182 - pyskl - INFO - Evaluating mean_class_accuracy ...
2023-02-21 18:49:08,182 - pyskl - INFO - 
mean_acc	0.7333
2023-02-21 18:49:08,183 - pyskl - INFO - The previous best checkpoint /home/yl/sscls/model_pth/exp0_t9/t9nsnr_5p_lrd01/best_top1_acc_epoch_4.pth was removed
2023-02-21 18:49:08,209 - pyskl - INFO - Now best checkpoint is saved as best_top1_acc_epoch_6.pth.
2023-02-21 18:49:08,209 - pyskl - INFO - Best top1_acc is 0.7333 at 6 epoch.
2023-02-21 18:49:08,209 - pyskl - INFO - Epoch(val) [6][6]	top1_acc: 0.7333, top5_acc: 0.9611, mean_class_accuracy: 0.7333
2023-02-21 18:49:43,180 - pyskl - INFO - Evaluating top_k_accuracy ...
2023-02-21 18:49:43,181 - pyskl - INFO - 
top1_acc	0.7778
top5_acc	0.9444
2023-02-21 18:49:43,181 - pyskl - INFO - Evaluating mean_class_accuracy ...
2023-02-21 18:49:43,181 - pyskl - INFO - 
mean_acc	0.7778
2023-02-21 18:49:43,182 - pyskl - INFO - The previous best checkpoint /home/yl/sscls/model_pth/exp0_t9/t9nsnr_5p_lrd01/best_top1_acc_epoch_6.pth was removed
2023-02-21 18:49:43,207 - pyskl - INFO - Now best checkpoint is saved as best_top1_acc_epoch_7.pth.
2023-02-21 18:49:43,207 - pyskl - INFO - Best top1_acc is 0.7778 at 7 epoch.
2023-02-21 18:49:43,207 - pyskl - INFO - Epoch(val) [7][6]	top1_acc: 0.7778, top5_acc: 0.9444, mean_class_accuracy: 0.7778
2023-02-21 18:50:18,879 - pyskl - INFO - Evaluating top_k_accuracy ...
2023-02-21 18:50:18,880 - pyskl - INFO - 
top1_acc	0.7722
top5_acc	0.9444
2023-02-21 18:50:18,880 - pyskl - INFO - Evaluating mean_class_accuracy ...
2023-02-21 18:50:18,881 - pyskl - INFO - 
mean_acc	0.7722
2023-02-21 18:50:18,881 - pyskl - INFO - Epoch(val) [8][6]	top1_acc: 0.7722, top5_acc: 0.9444, mean_class_accuracy: 0.7722
2023-02-21 18:50:53,874 - pyskl - INFO - Evaluating top_k_accuracy ...
2023-02-21 18:50:53,875 - pyskl - INFO - 
top1_acc	0.7444
top5_acc	0.9500
2023-02-21 18:50:53,875 - pyskl - INFO - Evaluating mean_class_accuracy ...
2023-02-21 18:50:53,875 - pyskl - INFO - 
mean_acc	0.7444
2023-02-21 18:50:53,875 - pyskl - INFO - Epoch(val) [9][6]	top1_acc: 0.7444, top5_acc: 0.9500, mean_class_accuracy: 0.7444
2023-02-21 18:51:29,068 - pyskl - INFO - Evaluating top_k_accuracy ...
2023-02-21 18:51:29,068 - pyskl - INFO - 
top1_acc	0.7667
top5_acc	0.9444
2023-02-21 18:51:29,068 - pyskl - INFO - Evaluating mean_class_accuracy ...
2023-02-21 18:51:29,069 - pyskl - INFO - 
mean_acc	0.7667
2023-02-21 18:51:29,069 - pyskl - INFO - Epoch(val) [10][6]	top1_acc: 0.7667, top5_acc: 0.9444, mean_class_accuracy: 0.7667
2023-02-21 18:52:04,038 - pyskl - INFO - Evaluating top_k_accuracy ...
2023-02-21 18:52:04,039 - pyskl - INFO - 
top1_acc	0.7556
top5_acc	0.9444
2023-02-21 18:52:04,039 - pyskl - INFO - Evaluating mean_class_accuracy ...
2023-02-21 18:52:04,040 - pyskl - INFO - 
mean_acc	0.7556
2023-02-21 18:52:04,040 - pyskl - INFO - Epoch(val) [11][6]	top1_acc: 0.7556, top5_acc: 0.9444, mean_class_accuracy: 0.7556
2023-02-21 18:52:39,351 - pyskl - INFO - Evaluating top_k_accuracy ...
2023-02-21 18:52:39,352 - pyskl - INFO - 
top1_acc	0.7778
top5_acc	0.9444
2023-02-21 18:52:39,352 - pyskl - INFO - Evaluating mean_class_accuracy ...
2023-02-21 18:52:39,352 - pyskl - INFO - 
mean_acc	0.7778
2023-02-21 18:52:39,353 - pyskl - INFO - Epoch(val) [12][6]	top1_acc: 0.7778, top5_acc: 0.9444, mean_class_accuracy: 0.7778
2023-02-21 18:53:14,038 - pyskl - INFO - Evaluating top_k_accuracy ...
2023-02-21 18:53:14,038 - pyskl - INFO - 
top1_acc	0.7611
top5_acc	0.9444
2023-02-21 18:53:14,038 - pyskl - INFO - Evaluating mean_class_accuracy ...
2023-02-21 18:53:14,039 - pyskl - INFO - 
mean_acc	0.7611
2023-02-21 18:53:14,039 - pyskl - INFO - Epoch(val) [13][6]	top1_acc: 0.7611, top5_acc: 0.9444, mean_class_accuracy: 0.7611
2023-02-21 18:53:48,782 - pyskl - INFO - Evaluating top_k_accuracy ...
2023-02-21 18:53:48,783 - pyskl - INFO - 
top1_acc	0.7667
top5_acc	0.9444
2023-02-21 18:53:48,783 - pyskl - INFO - Evaluating mean_class_accuracy ...
2023-02-21 18:53:48,783 - pyskl - INFO - 
mean_acc	0.7667
2023-02-21 18:53:48,783 - pyskl - INFO - Epoch(val) [14][6]	top1_acc: 0.7667, top5_acc: 0.9444, mean_class_accuracy: 0.7667
2023-02-21 18:54:23,300 - pyskl - INFO - Evaluating top_k_accuracy ...
2023-02-21 18:54:23,301 - pyskl - INFO - 
top1_acc	0.7556
top5_acc	0.9444
2023-02-21 18:54:23,301 - pyskl - INFO - Evaluating mean_class_accuracy ...
2023-02-21 18:54:23,301 - pyskl - INFO - 
mean_acc	0.7556
2023-02-21 18:54:23,301 - pyskl - INFO - Epoch(val) [15][6]	top1_acc: 0.7556, top5_acc: 0.9444, mean_class_accuracy: 0.7556
2023-02-21 18:54:58,121 - pyskl - INFO - Evaluating top_k_accuracy ...
2023-02-21 18:54:58,122 - pyskl - INFO - 
top1_acc	0.7722
top5_acc	0.9444
2023-02-21 18:54:58,122 - pyskl - INFO - Evaluating mean_class_accuracy ...
2023-02-21 18:54:58,122 - pyskl - INFO - 
mean_acc	0.7722
2023-02-21 18:54:58,122 - pyskl - INFO - Epoch(val) [16][6]	top1_acc: 0.7722, top5_acc: 0.9444, mean_class_accuracy: 0.7722
2023-02-21 18:55:33,062 - pyskl - INFO - Evaluating top_k_accuracy ...
2023-02-21 18:55:33,062 - pyskl - INFO - 
top1_acc	0.7611
top5_acc	0.9444
2023-02-21 18:55:33,062 - pyskl - INFO - Evaluating mean_class_accuracy ...
2023-02-21 18:55:33,063 - pyskl - INFO - 
mean_acc	0.7611
2023-02-21 18:55:33,063 - pyskl - INFO - Epoch(val) [17][6]	top1_acc: 0.7611, top5_acc: 0.9444, mean_class_accuracy: 0.7611
2023-02-21 18:56:07,646 - pyskl - INFO - Evaluating top_k_accuracy ...
2023-02-21 18:56:07,647 - pyskl - INFO - 
top1_acc	0.7556
top5_acc	0.9444
2023-02-21 18:56:07,647 - pyskl - INFO - Evaluating mean_class_accuracy ...
2023-02-21 18:56:07,647 - pyskl - INFO - 
mean_acc	0.7556
2023-02-21 18:56:07,647 - pyskl - INFO - Epoch(val) [18][6]	top1_acc: 0.7556, top5_acc: 0.9444, mean_class_accuracy: 0.7556
2023-02-21 18:56:42,567 - pyskl - INFO - Evaluating top_k_accuracy ...
2023-02-21 18:56:42,568 - pyskl - INFO - 
top1_acc	0.7667
top5_acc	0.9444
2023-02-21 18:56:42,568 - pyskl - INFO - Evaluating mean_class_accuracy ...
2023-02-21 18:56:42,568 - pyskl - INFO - 
mean_acc	0.7667
2023-02-21 18:56:42,568 - pyskl - INFO - Epoch(val) [19][6]	top1_acc: 0.7667, top5_acc: 0.9444, mean_class_accuracy: 0.7667
2023-02-21 18:57:17,496 - pyskl - INFO - Evaluating top_k_accuracy ...
2023-02-21 18:57:17,496 - pyskl - INFO - 
top1_acc	0.7611
top5_acc	0.9444
2023-02-21 18:57:17,496 - pyskl - INFO - Evaluating mean_class_accuracy ...
2023-02-21 18:57:17,497 - pyskl - INFO - 
mean_acc	0.7611
2023-02-21 18:57:17,497 - pyskl - INFO - Epoch(val) [20][6]	top1_acc: 0.7611, top5_acc: 0.9444, mean_class_accuracy: 0.7611
2023-02-21 18:57:52,531 - pyskl - INFO - Evaluating top_k_accuracy ...
2023-02-21 18:57:52,531 - pyskl - INFO - 
top1_acc	0.7667
top5_acc	0.9444
2023-02-21 18:57:52,531 - pyskl - INFO - Evaluating mean_class_accuracy ...
2023-02-21 18:57:52,532 - pyskl - INFO - 
mean_acc	0.7667
2023-02-21 18:57:52,532 - pyskl - INFO - Epoch(val) [21][6]	top1_acc: 0.7667, top5_acc: 0.9444, mean_class_accuracy: 0.7667
2023-02-21 18:58:27,840 - pyskl - INFO - Evaluating top_k_accuracy ...
2023-02-21 18:58:27,841 - pyskl - INFO - 
top1_acc	0.7667
top5_acc	0.9444
2023-02-21 18:58:27,841 - pyskl - INFO - Evaluating mean_class_accuracy ...
2023-02-21 18:58:27,841 - pyskl - INFO - 
mean_acc	0.7667
2023-02-21 18:58:27,841 - pyskl - INFO - Epoch(val) [22][6]	top1_acc: 0.7667, top5_acc: 0.9444, mean_class_accuracy: 0.7667
2023-02-21 18:59:02,707 - pyskl - INFO - Evaluating top_k_accuracy ...
2023-02-21 18:59:02,708 - pyskl - INFO - 
top1_acc	0.7667
top5_acc	0.9444
2023-02-21 18:59:02,708 - pyskl - INFO - Evaluating mean_class_accuracy ...
2023-02-21 18:59:02,708 - pyskl - INFO - 
mean_acc	0.7667
2023-02-21 18:59:02,709 - pyskl - INFO - Epoch(val) [23][6]	top1_acc: 0.7667, top5_acc: 0.9444, mean_class_accuracy: 0.7667
2023-02-21 18:59:20,582 - pyskl - INFO - Saving checkpoint at 24 epochs
2023-02-21 18:59:37,613 - pyskl - INFO - Evaluating top_k_accuracy ...
2023-02-21 18:59:37,613 - pyskl - INFO - 
top1_acc	0.7667
top5_acc	0.9444
2023-02-21 18:59:37,613 - pyskl - INFO - Evaluating mean_class_accuracy ...
2023-02-21 18:59:37,614 - pyskl - INFO - 
mean_acc	0.7667
2023-02-21 18:59:37,614 - pyskl - INFO - Epoch(val) [24][6]	top1_acc: 0.7667, top5_acc: 0.9444, mean_class_accuracy: 0.7667
