2023-02-21 15:12:32,702 - pyskl - INFO - Environment info:
------------------------------------------------------------
sys.platform: linux
Python: 3.8.16 (default, Jan 17 2023, 23:13:24) [GCC 11.2.0]
CUDA available: True
GPU 0,1,2,3: NVIDIA GeForce RTX 3090
CUDA_HOME: /usr/local/cuda
NVCC: Cuda compilation tools, release 11.6, V11.6.55
GCC: gcc (Ubuntu 7.5.0-6ubuntu2) 7.5.0
PyTorch: 1.10.1
PyTorch compiling details: PyTorch built with:
  - GCC 7.3
  - C++ Version: 201402
  - Intel(R) oneAPI Math Kernel Library Version 2021.4-Product Build 20210904 for Intel(R) 64 architecture applications
  - Intel(R) MKL-DNN v2.2.3 (Git Hash 7336ca9f055cf1bfa13efb658fe15dc9b41f0740)
  - OpenMP 201511 (a.k.a. OpenMP 4.5)
  - LAPACK is enabled (usually provided by MKL)
  - NNPACK is enabled
  - CPU capability usage: AVX2
  - CUDA Runtime 11.3
  - NVCC architecture flags: -gencode;arch=compute_37,code=sm_37;-gencode;arch=compute_50,code=sm_50;-gencode;arch=compute_60,code=sm_60;-gencode;arch=compute_61,code=sm_61;-gencode;arch=compute_70,code=sm_70;-gencode;arch=compute_75,code=sm_75;-gencode;arch=compute_80,code=sm_80;-gencode;arch=compute_86,code=sm_86;-gencode;arch=compute_37,code=compute_37
  - CuDNN 8.2
  - Magma 2.5.2
  - Build settings: BLAS_INFO=mkl, BUILD_TYPE=Release, CUDA_VERSION=11.3, CUDNN_VERSION=8.2.0, CXX_COMPILER=/opt/rh/devtoolset-7/root/usr/bin/c++, CXX_FLAGS= -Wno-deprecated -fvisibility-inlines-hidden -DUSE_PTHREADPOOL -fopenmp -DNDEBUG -DUSE_KINETO -DUSE_FBGEMM -DUSE_QNNPACK -DUSE_PYTORCH_QNNPACK -DUSE_XNNPACK -DSYMBOLICATE_MOBILE_DEBUG_HANDLE -DEDGE_PROFILER_USE_KINETO -O2 -fPIC -Wno-narrowing -Wall -Wextra -Werror=return-type -Wno-missing-field-initializers -Wno-type-limits -Wno-array-bounds -Wno-unknown-pragmas -Wno-sign-compare -Wno-unused-parameter -Wno-unused-variable -Wno-unused-function -Wno-unused-result -Wno-unused-local-typedefs -Wno-strict-overflow -Wno-strict-aliasing -Wno-error=deprecated-declarations -Wno-stringop-overflow -Wno-psabi -Wno-error=pedantic -Wno-error=redundant-decls -Wno-error=old-style-cast -fdiagnostics-color=always -faligned-new -Wno-unused-but-set-variable -Wno-maybe-uninitialized -fno-math-errno -fno-trapping-math -Werror=format -Wno-stringop-overflow, LAPACK_INFO=mkl, PERF_WITH_AVX=1, PERF_WITH_AVX2=1, PERF_WITH_AVX512=1, TORCH_VERSION=1.10.1, USE_CUDA=ON, USE_CUDNN=ON, USE_EXCEPTION_PTR=1, USE_GFLAGS=OFF, USE_GLOG=OFF, USE_MKL=ON, USE_MKLDNN=ON, USE_MPI=OFF, USE_NCCL=ON, USE_NNPACK=ON, USE_OPENMP=ON, 

TorchVision: 0.11.2
OpenCV: 4.7.0
MMCV: 1.6.2
MMCV Compiler: GCC 9.3
MMCV CUDA Compiler: 11.3
pyskl: 0.1.0+HEAD
------------------------------------------------------------

2023-02-21 15:12:33,917 - pyskl - INFO - Config: model = dict(
    type='Recognizer3D',
    backbone=dict(
        type='ResNet3dSlowOnly',
        in_channels=5,
        base_channels=32,
        num_stages=3,
        out_indices=(2, ),
        stage_blocks=(4, 6, 3),
        conv1_stride=(1, 1),
        pool1_stride=(1, 1),
        inflate=(0, 1, 1),
        spatial_strides=(2, 2, 2),
        temporal_strides=(1, 1, 2),
        frozen_stages=3),
    cls_head=dict(
        type='I3DHead', in_channels=512, num_classes=10, dropout=0.5),
    test_cfg=dict(average_clips='prob'))
dataset_type = 'PoseDataset'
ann_file = 'data/ds_taichi/test7nsnr.pkl'
left_kp = [
    5, 6, 7, 8, 44, 45, 46, 47, 48, 49, 50, 51, 52, 53, 54, 55, 56, 57, 58, 59,
    60, 61, 62, 63, 64, 65, 66, 67, 68, 69, 70, 71
]
right_kp = [
    1, 2, 3, 4, 16, 17, 18, 19, 20, 21, 22, 23, 24, 25, 26, 27, 28, 29, 30, 31,
    32, 33, 34, 35, 36, 37, 38, 39, 40, 41, 42, 43
]
train_pipeline = [
    dict(type='UniformSampleFrames', clip_len=48),
    dict(type='PoseDecode'),
    dict(type='PoseCompact', hw_ratio=1.0, allow_imgpad=True),
    dict(type='Resize', scale=(-1, 64)),
    dict(type='RandomResizedCrop', area_range=(0.56, 1.0)),
    dict(type='Resize', scale=(56, 56), keep_ratio=False),
    dict(
        type='Flip',
        flip_ratio=0.5,
        left_kp=[
            5, 6, 7, 8, 44, 45, 46, 47, 48, 49, 50, 51, 52, 53, 54, 55, 56, 57,
            58, 59, 60, 61, 62, 63, 64, 65, 66, 67, 68, 69, 70, 71
        ],
        right_kp=[
            1, 2, 3, 4, 16, 17, 18, 19, 20, 21, 22, 23, 24, 25, 26, 27, 28, 29,
            30, 31, 32, 33, 34, 35, 36, 37, 38, 39, 40, 41, 42, 43
        ]),
    dict(type='GenerateTaiChiPoseTarget', with_kp=True, with_limb=False),
    dict(type='FormatShape', input_format='NCTHW_Heatmap'),
    dict(type='Collect', keys=['imgs', 'label'], meta_keys=[]),
    dict(type='ToTensor', keys=['imgs', 'label'])
]
val_pipeline = [
    dict(type='UniformSampleFrames', clip_len=48, num_clips=1),
    dict(type='PoseDecode'),
    dict(type='PoseCompact', hw_ratio=1.0, allow_imgpad=True),
    dict(type='Resize', scale=(64, 64), keep_ratio=False),
    dict(type='GenerateTaiChiPoseTarget', with_kp=True, with_limb=False),
    dict(type='FormatShape', input_format='NCTHW_Heatmap'),
    dict(type='Collect', keys=['imgs', 'label'], meta_keys=[]),
    dict(type='ToTensor', keys=['imgs'])
]
test_pipeline = [
    dict(type='UniformSampleFrames', clip_len=48, num_clips=10),
    dict(type='PoseDecode'),
    dict(type='PoseCompact', hw_ratio=1.0, allow_imgpad=True),
    dict(type='Resize', scale=(64, 64), keep_ratio=False),
    dict(
        type='GenerateTaiChiPoseTarget',
        with_kp=True,
        with_limb=False,
        double=True),
    dict(type='FormatShape', input_format='NCTHW_Heatmap'),
    dict(type='Collect', keys=['imgs', 'label'], meta_keys=[]),
    dict(type='ToTensor', keys=['imgs'])
]
data = dict(
    videos_per_gpu=8,
    workers_per_gpu=4,
    test_dataloader=dict(videos_per_gpu=6),
    train=dict(
        type='RepeatDataset',
        times=30,
        dataset=dict(
            type='PoseDataset',
            ann_file='data/ds_taichi/test7nsnr.pkl',
            split='train',
            pipeline=[
                dict(type='UniformSampleFrames', clip_len=48),
                dict(type='PoseDecode'),
                dict(type='PoseCompact', hw_ratio=1.0, allow_imgpad=True),
                dict(type='Resize', scale=(-1, 64)),
                dict(type='RandomResizedCrop', area_range=(0.56, 1.0)),
                dict(type='Resize', scale=(56, 56), keep_ratio=False),
                dict(
                    type='Flip',
                    flip_ratio=0.5,
                    left_kp=[
                        5, 6, 7, 8, 44, 45, 46, 47, 48, 49, 50, 51, 52, 53, 54,
                        55, 56, 57, 58, 59, 60, 61, 62, 63, 64, 65, 66, 67, 68,
                        69, 70, 71
                    ],
                    right_kp=[
                        1, 2, 3, 4, 16, 17, 18, 19, 20, 21, 22, 23, 24, 25, 26,
                        27, 28, 29, 30, 31, 32, 33, 34, 35, 36, 37, 38, 39, 40,
                        41, 42, 43
                    ]),
                dict(
                    type='GenerateTaiChiPoseTarget',
                    with_kp=True,
                    with_limb=False),
                dict(type='FormatShape', input_format='NCTHW_Heatmap'),
                dict(type='Collect', keys=['imgs', 'label'], meta_keys=[]),
                dict(type='ToTensor', keys=['imgs', 'label'])
            ])),
    val=dict(
        type='PoseDataset',
        ann_file='data/ds_taichi/test7nsnr.pkl',
        split='test',
        pipeline=[
            dict(type='UniformSampleFrames', clip_len=48, num_clips=1),
            dict(type='PoseDecode'),
            dict(type='PoseCompact', hw_ratio=1.0, allow_imgpad=True),
            dict(type='Resize', scale=(64, 64), keep_ratio=False),
            dict(
                type='GenerateTaiChiPoseTarget', with_kp=True,
                with_limb=False),
            dict(type='FormatShape', input_format='NCTHW_Heatmap'),
            dict(type='Collect', keys=['imgs', 'label'], meta_keys=[]),
            dict(type='ToTensor', keys=['imgs'])
        ]),
    test=dict(
        type='PoseDataset',
        ann_file='data/ds_taichi/test7nsnr.pkl',
        split='test',
        pipeline=[
            dict(type='UniformSampleFrames', clip_len=48, num_clips=10),
            dict(type='PoseDecode'),
            dict(type='PoseCompact', hw_ratio=1.0, allow_imgpad=True),
            dict(type='Resize', scale=(64, 64), keep_ratio=False),
            dict(
                type='GenerateTaiChiPoseTarget',
                with_kp=True,
                with_limb=False,
                double=True),
            dict(type='FormatShape', input_format='NCTHW_Heatmap'),
            dict(type='Collect', keys=['imgs', 'label'], meta_keys=[]),
            dict(type='ToTensor', keys=['imgs'])
        ]))
optimizer = dict(type='SGD', lr=0.4, momentum=0.9, weight_decay=0.0003)
optimizer_config = dict(grad_clip=dict(max_norm=40, norm_type=2))
lr_config = dict(policy='CosineAnnealing', by_epoch=False, min_lr=0)
total_epochs = 24
checkpoint_config = dict(interval=24)
evaluation = dict(
    interval=1, metrics=['top_k_accuracy', 'mean_class_accuracy'], topk=(1, 5))
log_config = dict(interval=20, hooks=[dict(type='TextLoggerHook')])
log_level = 'INFO'
output_config = dict(
    out='./model_pth/exp0/t7nsnr_5p_lrd4/test_result/results.pkl')
eval_config = dict(
    metric_out='./model_pth/exp0/t7nsnr_5p_lrd4/test_result',
    eval=[
        'top_k_accuracy', 'mean_class_accuracy', 'confusion_matrix',
        't_sne_vis'
    ])
work_dir = './model_pth/exp0/t7nsnr_5p_lrd4'
load_from = './model_pth/ntu120xsub_5parts_kp/best_top1_acc_epoch_23.pth'
find_unused_parameters = True
dist_params = dict(backend='nccl')
gpu_ids = range(0, 4)

2023-02-21 15:12:33,918 - pyskl - INFO - Set random seed to 42, deterministic: True
2023-02-21 15:12:34,556 - pyskl - INFO - 60 videos remain after valid thresholding
2023-02-21 15:12:39,958 - pyskl - INFO - 140 videos remain after valid thresholding
2023-02-21 15:12:39,960 - pyskl - INFO - load checkpoint from local path: ./model_pth/ntu120xsub_5parts_kp/best_top1_acc_epoch_23.pth
2023-02-21 15:12:39,982 - pyskl - WARNING - The model and loaded state dict do not match exactly

size mismatch for cls_head.fc_cls.weight: copying a param with shape torch.Size([120, 512]) from checkpoint, the shape in current model is torch.Size([10, 512]).
size mismatch for cls_head.fc_cls.bias: copying a param with shape torch.Size([120]) from checkpoint, the shape in current model is torch.Size([10]).
2023-02-21 15:12:39,983 - pyskl - INFO - Start running, host: yl@83090-jin, work_dir: /home/yl/sscls/model_pth/exp0/t7nsnr_5p_lrd4
2023-02-21 15:12:39,983 - pyskl - INFO - Hooks will be executed in the following order:
before_run:
(VERY_HIGH   ) CosineAnnealingLrUpdaterHook       
(NORMAL      ) CheckpointHook                     
(NORMAL      ) DistEvalHook                       
(VERY_LOW    ) TextLoggerHook                     
 -------------------- 
before_train_epoch:
(VERY_HIGH   ) CosineAnnealingLrUpdaterHook       
(NORMAL      ) DistSamplerSeedHook                
(NORMAL      ) DistEvalHook                       
(LOW         ) IterTimerHook                      
(VERY_LOW    ) TextLoggerHook                     
 -------------------- 
before_train_iter:
(VERY_HIGH   ) CosineAnnealingLrUpdaterHook       
(NORMAL      ) DistEvalHook                       
(LOW         ) IterTimerHook                      
 -------------------- 
after_train_iter:
(ABOVE_NORMAL) OptimizerHook                      
(NORMAL      ) CheckpointHook                     
(NORMAL      ) DistEvalHook                       
(LOW         ) IterTimerHook                      
(VERY_LOW    ) TextLoggerHook                     
 -------------------- 
after_train_epoch:
(NORMAL      ) CheckpointHook                     
(NORMAL      ) DistEvalHook                       
(VERY_LOW    ) TextLoggerHook                     
 -------------------- 
before_val_epoch:
(NORMAL      ) DistSamplerSeedHook                
(LOW         ) IterTimerHook                      
(VERY_LOW    ) TextLoggerHook                     
 -------------------- 
before_val_iter:
(LOW         ) IterTimerHook                      
 -------------------- 
after_val_iter:
(LOW         ) IterTimerHook                      
 -------------------- 
after_val_epoch:
(VERY_LOW    ) TextLoggerHook                     
 -------------------- 
after_run:
(VERY_LOW    ) TextLoggerHook                     
 -------------------- 
2023-02-21 15:12:39,983 - pyskl - INFO - workflow: [('train', 1)], max: 24 epochs
2023-02-21 15:12:39,984 - pyskl - INFO - Checkpoints will be saved to /home/yl/sscls/model_pth/exp0/t7nsnr_5p_lrd4 by HardDiskBackend.
2023-02-21 15:12:57,719 - pyskl - INFO - Epoch [1][20/57]	lr: 3.998e-01, eta: 0:19:55, time: 0.887, data_time: 0.782, memory: 664, top1_acc: 0.2484, top5_acc: 0.6656, loss_cls: 10.4882, loss: 10.4882, grad_norm: 5.5336
2023-02-21 15:13:01,359 - pyskl - INFO - Epoch [1][40/57]	lr: 3.992e-01, eta: 0:11:49, time: 0.182, data_time: 0.126, memory: 664, top1_acc: 0.3438, top5_acc: 0.7859, loss_cls: 12.6849, loss: 12.6849, grad_norm: 4.4707
2023-02-21 15:13:20,567 - pyskl - INFO - Evaluating top_k_accuracy ...
2023-02-21 15:13:20,568 - pyskl - INFO - 
top1_acc	0.6071
top5_acc	0.8571
2023-02-21 15:13:20,568 - pyskl - INFO - Evaluating mean_class_accuracy ...
2023-02-21 15:13:20,568 - pyskl - INFO - 
mean_acc	0.6071
2023-02-21 15:13:20,595 - pyskl - INFO - Now best checkpoint is saved as best_top1_acc_epoch_1.pth.
2023-02-21 15:13:20,596 - pyskl - INFO - Best top1_acc is 0.6071 at 1 epoch.
2023-02-21 15:13:20,596 - pyskl - INFO - Epoch(val) [1][5]	top1_acc: 0.6071, top5_acc: 0.8571, mean_class_accuracy: 0.6071
2023-02-21 15:13:38,263 - pyskl - INFO - Epoch [2][20/57]	lr: 3.970e-01, eta: 0:10:54, time: 0.883, data_time: 0.723, memory: 861, top1_acc: 0.5578, top5_acc: 0.9062, loss_cls: 8.1792, loss: 8.1792, grad_norm: 3.1370
2023-02-21 15:13:41,849 - pyskl - INFO - Epoch [2][40/57]	lr: 3.952e-01, eta: 0:09:18, time: 0.179, data_time: 0.024, memory: 861, top1_acc: 0.6031, top5_acc: 0.9406, loss_cls: 7.0862, loss: 7.0862, grad_norm: 2.6150
2023-02-21 15:14:01,205 - pyskl - INFO - Evaluating top_k_accuracy ...
2023-02-21 15:14:01,206 - pyskl - INFO - 
top1_acc	0.6571
top5_acc	0.9929
2023-02-21 15:14:01,206 - pyskl - INFO - Evaluating mean_class_accuracy ...
2023-02-21 15:14:01,207 - pyskl - INFO - 
mean_acc	0.6571
2023-02-21 15:14:01,209 - pyskl - INFO - The previous best checkpoint /home/yl/sscls/model_pth/exp0/t7nsnr_5p_lrd4/best_top1_acc_epoch_1.pth was removed
2023-02-21 15:14:01,241 - pyskl - INFO - Now best checkpoint is saved as best_top1_acc_epoch_2.pth.
2023-02-21 15:14:01,241 - pyskl - INFO - Best top1_acc is 0.6571 at 2 epoch.
2023-02-21 15:14:01,242 - pyskl - INFO - Epoch(val) [2][5]	top1_acc: 0.6571, top5_acc: 0.9929, mean_class_accuracy: 0.6571
2023-02-21 15:14:18,815 - pyskl - INFO - Epoch [3][20/57]	lr: 3.907e-01, eta: 0:09:14, time: 0.878, data_time: 0.829, memory: 861, top1_acc: 0.6188, top5_acc: 0.9406, loss_cls: 6.7397, loss: 6.7397, grad_norm: 2.9421
2023-02-21 15:14:22,337 - pyskl - INFO - Epoch [3][40/57]	lr: 3.878e-01, eta: 0:08:22, time: 0.176, data_time: 0.128, memory: 861, top1_acc: 0.5734, top5_acc: 0.9375, loss_cls: 8.0519, loss: 8.0519, grad_norm: 3.1228
2023-02-21 15:14:41,766 - pyskl - INFO - Evaluating top_k_accuracy ...
2023-02-21 15:14:41,768 - pyskl - INFO - 
top1_acc	0.8571
top5_acc	1.0000
2023-02-21 15:14:41,768 - pyskl - INFO - Evaluating mean_class_accuracy ...
2023-02-21 15:14:41,769 - pyskl - INFO - 
mean_acc	0.8571
2023-02-21 15:14:41,771 - pyskl - INFO - The previous best checkpoint /home/yl/sscls/model_pth/exp0/t7nsnr_5p_lrd4/best_top1_acc_epoch_2.pth was removed
2023-02-21 15:14:41,799 - pyskl - INFO - Now best checkpoint is saved as best_top1_acc_epoch_3.pth.
2023-02-21 15:14:41,799 - pyskl - INFO - Best top1_acc is 0.8571 at 3 epoch.
2023-02-21 15:14:41,799 - pyskl - INFO - Epoch(val) [3][5]	top1_acc: 0.8571, top5_acc: 1.0000, mean_class_accuracy: 0.8571
2023-02-21 15:14:58,808 - pyskl - INFO - Epoch [4][20/57]	lr: 3.813e-01, eta: 0:08:17, time: 0.850, data_time: 0.737, memory: 861, top1_acc: 0.6656, top5_acc: 0.9750, loss_cls: 4.8718, loss: 4.8718, grad_norm: 2.4414
2023-02-21 15:15:02,536 - pyskl - INFO - Epoch [4][40/57]	lr: 3.772e-01, eta: 0:07:43, time: 0.186, data_time: 0.077, memory: 861, top1_acc: 0.6734, top5_acc: 0.9672, loss_cls: 5.4927, loss: 5.4927, grad_norm: 2.5487
2023-02-21 15:15:22,161 - pyskl - INFO - Evaluating top_k_accuracy ...
2023-02-21 15:15:22,162 - pyskl - INFO - 
top1_acc	0.7357
top5_acc	1.0000
2023-02-21 15:15:22,162 - pyskl - INFO - Evaluating mean_class_accuracy ...
2023-02-21 15:15:22,163 - pyskl - INFO - 
mean_acc	0.7357
2023-02-21 15:15:22,163 - pyskl - INFO - Epoch(val) [4][5]	top1_acc: 0.7357, top5_acc: 1.0000, mean_class_accuracy: 0.7357
2023-02-21 15:15:39,440 - pyskl - INFO - Epoch [5][20/57]	lr: 3.687e-01, eta: 0:07:39, time: 0.864, data_time: 0.812, memory: 861, top1_acc: 0.6781, top5_acc: 0.9750, loss_cls: 5.1543, loss: 5.1543, grad_norm: 2.5007
2023-02-21 15:15:43,028 - pyskl - INFO - Epoch [5][40/57]	lr: 3.636e-01, eta: 0:07:12, time: 0.179, data_time: 0.129, memory: 861, top1_acc: 0.6750, top5_acc: 0.9547, loss_cls: 5.3190, loss: 5.3190, grad_norm: 2.5685
2023-02-21 15:16:02,413 - pyskl - INFO - Evaluating top_k_accuracy ...
2023-02-21 15:16:02,413 - pyskl - INFO - 
top1_acc	0.8571
top5_acc	1.0000
2023-02-21 15:16:02,414 - pyskl - INFO - Evaluating mean_class_accuracy ...
2023-02-21 15:16:02,414 - pyskl - INFO - 
mean_acc	0.8571
2023-02-21 15:16:02,414 - pyskl - INFO - Epoch(val) [5][5]	top1_acc: 0.8571, top5_acc: 1.0000, mean_class_accuracy: 0.8571
2023-02-21 15:16:19,832 - pyskl - INFO - Epoch [6][20/57]	lr: 3.532e-01, eta: 0:07:07, time: 0.871, data_time: 0.803, memory: 861, top1_acc: 0.7203, top5_acc: 0.9766, loss_cls: 3.8957, loss: 3.8957, grad_norm: 2.1024
2023-02-21 15:16:23,466 - pyskl - INFO - Epoch [6][40/57]	lr: 3.471e-01, eta: 0:06:45, time: 0.182, data_time: 0.099, memory: 861, top1_acc: 0.7578, top5_acc: 0.9812, loss_cls: 3.5357, loss: 3.5357, grad_norm: 1.9806
2023-02-21 15:16:42,782 - pyskl - INFO - Evaluating top_k_accuracy ...
2023-02-21 15:16:42,783 - pyskl - INFO - 
top1_acc	0.9071
top5_acc	1.0000
2023-02-21 15:16:42,783 - pyskl - INFO - Evaluating mean_class_accuracy ...
2023-02-21 15:16:42,783 - pyskl - INFO - 
mean_acc	0.9071
2023-02-21 15:16:42,785 - pyskl - INFO - The previous best checkpoint /home/yl/sscls/model_pth/exp0/t7nsnr_5p_lrd4/best_top1_acc_epoch_3.pth was removed
2023-02-21 15:16:42,811 - pyskl - INFO - Now best checkpoint is saved as best_top1_acc_epoch_6.pth.
2023-02-21 15:16:42,811 - pyskl - INFO - Best top1_acc is 0.9071 at 6 epoch.
2023-02-21 15:16:42,811 - pyskl - INFO - Epoch(val) [6][5]	top1_acc: 0.9071, top5_acc: 1.0000, mean_class_accuracy: 0.9071
2023-02-21 15:16:59,950 - pyskl - INFO - Epoch [7][20/57]	lr: 3.351e-01, eta: 0:06:38, time: 0.857, data_time: 0.719, memory: 861, top1_acc: 0.7172, top5_acc: 0.9797, loss_cls: 3.7834, loss: 3.7834, grad_norm: 2.2210
2023-02-21 15:17:03,597 - pyskl - INFO - Epoch [7][40/57]	lr: 3.282e-01, eta: 0:06:19, time: 0.182, data_time: 0.028, memory: 861, top1_acc: 0.7219, top5_acc: 0.9859, loss_cls: 3.5738, loss: 3.5738, grad_norm: 2.1851
2023-02-21 15:17:22,871 - pyskl - INFO - Evaluating top_k_accuracy ...
2023-02-21 15:17:22,871 - pyskl - INFO - 
top1_acc	0.8071
top5_acc	0.9429
2023-02-21 15:17:22,871 - pyskl - INFO - Evaluating mean_class_accuracy ...
2023-02-21 15:17:22,872 - pyskl - INFO - 
mean_acc	0.8071
2023-02-21 15:17:22,872 - pyskl - INFO - Epoch(val) [7][5]	top1_acc: 0.8071, top5_acc: 0.9429, mean_class_accuracy: 0.8071
2023-02-21 15:17:40,043 - pyskl - INFO - Epoch [8][20/57]	lr: 3.147e-01, eta: 0:06:12, time: 0.858, data_time: 0.800, memory: 861, top1_acc: 0.7438, top5_acc: 0.9906, loss_cls: 3.3445, loss: 3.3445, grad_norm: 2.1033
2023-02-21 15:17:43,916 - pyskl - INFO - Epoch [8][40/57]	lr: 3.071e-01, eta: 0:05:55, time: 0.194, data_time: 0.038, memory: 861, top1_acc: 0.7375, top5_acc: 0.9906, loss_cls: 3.0011, loss: 3.0011, grad_norm: 2.0487
2023-02-21 15:18:03,472 - pyskl - INFO - Evaluating top_k_accuracy ...
2023-02-21 15:18:03,473 - pyskl - INFO - 
top1_acc	0.7857
top5_acc	1.0000
2023-02-21 15:18:03,473 - pyskl - INFO - Evaluating mean_class_accuracy ...
2023-02-21 15:18:03,474 - pyskl - INFO - 
mean_acc	0.7857
2023-02-21 15:18:03,474 - pyskl - INFO - Epoch(val) [8][5]	top1_acc: 0.7857, top5_acc: 1.0000, mean_class_accuracy: 0.7857
2023-02-21 15:18:20,945 - pyskl - INFO - Epoch [9][20/57]	lr: 2.923e-01, eta: 0:05:47, time: 0.873, data_time: 0.804, memory: 861, top1_acc: 0.7859, top5_acc: 0.9891, loss_cls: 2.3407, loss: 2.3407, grad_norm: 1.7783
2023-02-21 15:18:24,545 - pyskl - INFO - Epoch [9][40/57]	lr: 2.841e-01, eta: 0:05:32, time: 0.180, data_time: 0.091, memory: 861, top1_acc: 0.7531, top5_acc: 0.9891, loss_cls: 3.3271, loss: 3.3271, grad_norm: 2.2153
2023-02-21 15:18:43,794 - pyskl - INFO - Evaluating top_k_accuracy ...
2023-02-21 15:18:43,794 - pyskl - INFO - 
top1_acc	0.8786
top5_acc	1.0000
2023-02-21 15:18:43,794 - pyskl - INFO - Evaluating mean_class_accuracy ...
2023-02-21 15:18:43,795 - pyskl - INFO - 
mean_acc	0.8786
2023-02-21 15:18:43,795 - pyskl - INFO - Epoch(val) [9][5]	top1_acc: 0.8786, top5_acc: 1.0000, mean_class_accuracy: 0.8786
2023-02-21 15:19:01,030 - pyskl - INFO - Epoch [10][20/57]	lr: 2.684e-01, eta: 0:05:23, time: 0.862, data_time: 0.812, memory: 861, top1_acc: 0.7828, top5_acc: 0.9906, loss_cls: 2.2881, loss: 2.2881, grad_norm: 1.8277
2023-02-21 15:19:04,748 - pyskl - INFO - Epoch [10][40/57]	lr: 2.597e-01, eta: 0:05:09, time: 0.186, data_time: 0.139, memory: 861, top1_acc: 0.7531, top5_acc: 0.9797, loss_cls: 3.3357, loss: 3.3357, grad_norm: 1.9804
2023-02-21 15:19:24,239 - pyskl - INFO - Evaluating top_k_accuracy ...
2023-02-21 15:19:24,239 - pyskl - INFO - 
top1_acc	0.7714
top5_acc	1.0000
2023-02-21 15:19:24,239 - pyskl - INFO - Evaluating mean_class_accuracy ...
2023-02-21 15:19:24,239 - pyskl - INFO - 
mean_acc	0.7714
2023-02-21 15:19:24,240 - pyskl - INFO - Epoch(val) [10][5]	top1_acc: 0.7714, top5_acc: 1.0000, mean_class_accuracy: 0.7714
2023-02-21 15:19:42,053 - pyskl - INFO - Epoch [11][20/57]	lr: 2.433e-01, eta: 0:05:00, time: 0.890, data_time: 0.716, memory: 861, top1_acc: 0.7797, top5_acc: 0.9828, loss_cls: 2.8779, loss: 2.8779, grad_norm: 1.9164
2023-02-21 15:19:45,629 - pyskl - INFO - Epoch [11][40/57]	lr: 2.343e-01, eta: 0:04:47, time: 0.179, data_time: 0.003, memory: 861, top1_acc: 0.7750, top5_acc: 0.9875, loss_cls: 2.5242, loss: 2.5242, grad_norm: 1.9232
2023-02-21 15:20:05,191 - pyskl - INFO - Evaluating top_k_accuracy ...
2023-02-21 15:20:05,192 - pyskl - INFO - 
top1_acc	0.9143
top5_acc	1.0000
2023-02-21 15:20:05,192 - pyskl - INFO - Evaluating mean_class_accuracy ...
2023-02-21 15:20:05,192 - pyskl - INFO - 
mean_acc	0.9143
2023-02-21 15:20:05,194 - pyskl - INFO - The previous best checkpoint /home/yl/sscls/model_pth/exp0/t7nsnr_5p_lrd4/best_top1_acc_epoch_6.pth was removed
2023-02-21 15:20:05,218 - pyskl - INFO - Now best checkpoint is saved as best_top1_acc_epoch_11.pth.
2023-02-21 15:20:05,219 - pyskl - INFO - Best top1_acc is 0.9143 at 11 epoch.
2023-02-21 15:20:05,219 - pyskl - INFO - Epoch(val) [11][5]	top1_acc: 0.9143, top5_acc: 1.0000, mean_class_accuracy: 0.9143
2023-02-21 15:20:22,826 - pyskl - INFO - Epoch [12][20/57]	lr: 2.174e-01, eta: 0:04:37, time: 0.880, data_time: 0.730, memory: 861, top1_acc: 0.7703, top5_acc: 0.9969, loss_cls: 2.4743, loss: 2.4743, grad_norm: 2.0072
2023-02-21 15:20:26,651 - pyskl - INFO - Epoch [12][40/57]	lr: 2.083e-01, eta: 0:04:25, time: 0.191, data_time: 0.010, memory: 861, top1_acc: 0.7828, top5_acc: 0.9922, loss_cls: 2.5159, loss: 2.5159, grad_norm: 1.9464
2023-02-21 15:20:46,664 - pyskl - INFO - Evaluating top_k_accuracy ...
2023-02-21 15:20:46,664 - pyskl - INFO - 
top1_acc	0.9357
top5_acc	1.0000
2023-02-21 15:20:46,665 - pyskl - INFO - Evaluating mean_class_accuracy ...
2023-02-21 15:20:46,665 - pyskl - INFO - 
mean_acc	0.9357
2023-02-21 15:20:46,666 - pyskl - INFO - The previous best checkpoint /home/yl/sscls/model_pth/exp0/t7nsnr_5p_lrd4/best_top1_acc_epoch_11.pth was removed
2023-02-21 15:20:46,694 - pyskl - INFO - Now best checkpoint is saved as best_top1_acc_epoch_12.pth.
2023-02-21 15:20:46,694 - pyskl - INFO - Best top1_acc is 0.9357 at 12 epoch.
2023-02-21 15:20:46,694 - pyskl - INFO - Epoch(val) [12][5]	top1_acc: 0.9357, top5_acc: 1.0000, mean_class_accuracy: 0.9357
2023-02-21 15:21:04,270 - pyskl - INFO - Epoch [13][20/57]	lr: 1.913e-01, eta: 0:04:15, time: 0.878, data_time: 0.829, memory: 861, top1_acc: 0.7672, top5_acc: 0.9891, loss_cls: 2.2171, loss: 2.2171, grad_norm: 1.8350
2023-02-21 15:21:07,995 - pyskl - INFO - Epoch [13][40/57]	lr: 1.821e-01, eta: 0:04:03, time: 0.186, data_time: 0.136, memory: 861, top1_acc: 0.8016, top5_acc: 0.9906, loss_cls: 2.0392, loss: 2.0392, grad_norm: 1.7241
2023-02-21 15:21:27,591 - pyskl - INFO - Evaluating top_k_accuracy ...
2023-02-21 15:21:27,592 - pyskl - INFO - 
top1_acc	0.8357
top5_acc	1.0000
2023-02-21 15:21:27,592 - pyskl - INFO - Evaluating mean_class_accuracy ...
2023-02-21 15:21:27,593 - pyskl - INFO - 
mean_acc	0.8357
2023-02-21 15:21:27,593 - pyskl - INFO - Epoch(val) [13][5]	top1_acc: 0.8357, top5_acc: 1.0000, mean_class_accuracy: 0.8357
2023-02-21 15:21:45,738 - pyskl - INFO - Epoch [14][20/57]	lr: 1.653e-01, eta: 0:03:53, time: 0.907, data_time: 0.704, memory: 861, top1_acc: 0.8219, top5_acc: 0.9953, loss_cls: 1.7110, loss: 1.7110, grad_norm: 1.7017
2023-02-21 15:21:49,453 - pyskl - INFO - Epoch [14][40/57]	lr: 1.563e-01, eta: 0:03:42, time: 0.186, data_time: 0.000, memory: 861, top1_acc: 0.8281, top5_acc: 0.9891, loss_cls: 1.7581, loss: 1.7581, grad_norm: 1.5579
2023-02-21 15:22:09,100 - pyskl - INFO - Evaluating top_k_accuracy ...
2023-02-21 15:22:09,101 - pyskl - INFO - 
top1_acc	0.9571
top5_acc	1.0000
2023-02-21 15:22:09,101 - pyskl - INFO - Evaluating mean_class_accuracy ...
2023-02-21 15:22:09,101 - pyskl - INFO - 
mean_acc	0.9571
2023-02-21 15:22:09,102 - pyskl - INFO - The previous best checkpoint /home/yl/sscls/model_pth/exp0/t7nsnr_5p_lrd4/best_top1_acc_epoch_12.pth was removed
2023-02-21 15:22:09,128 - pyskl - INFO - Now best checkpoint is saved as best_top1_acc_epoch_14.pth.
2023-02-21 15:22:09,128 - pyskl - INFO - Best top1_acc is 0.9571 at 14 epoch.
2023-02-21 15:22:09,128 - pyskl - INFO - Epoch(val) [14][5]	top1_acc: 0.9571, top5_acc: 1.0000, mean_class_accuracy: 0.9571
2023-02-21 15:22:26,718 - pyskl - INFO - Epoch [15][20/57]	lr: 1.399e-01, eta: 0:03:30, time: 0.879, data_time: 0.829, memory: 861, top1_acc: 0.8219, top5_acc: 0.9953, loss_cls: 1.2664, loss: 1.2664, grad_norm: 1.4195
2023-02-21 15:22:30,269 - pyskl - INFO - Epoch [15][40/57]	lr: 1.312e-01, eta: 0:03:20, time: 0.178, data_time: 0.122, memory: 861, top1_acc: 0.8500, top5_acc: 0.9922, loss_cls: 1.2600, loss: 1.2600, grad_norm: 1.3617
2023-02-21 15:22:49,490 - pyskl - INFO - Evaluating top_k_accuracy ...
2023-02-21 15:22:49,490 - pyskl - INFO - 
top1_acc	0.9500
top5_acc	1.0000
2023-02-21 15:22:49,490 - pyskl - INFO - Evaluating mean_class_accuracy ...
2023-02-21 15:22:49,491 - pyskl - INFO - 
mean_acc	0.9500
2023-02-21 15:22:49,491 - pyskl - INFO - Epoch(val) [15][5]	top1_acc: 0.9500, top5_acc: 1.0000, mean_class_accuracy: 0.9500
2023-02-21 15:23:06,895 - pyskl - INFO - Epoch [16][20/57]	lr: 1.155e-01, eta: 0:03:08, time: 0.870, data_time: 0.802, memory: 861, top1_acc: 0.8234, top5_acc: 0.9906, loss_cls: 1.4902, loss: 1.4902, grad_norm: 1.4930
2023-02-21 15:23:10,500 - pyskl - INFO - Epoch [16][40/57]	lr: 1.072e-01, eta: 0:02:58, time: 0.181, data_time: 0.079, memory: 861, top1_acc: 0.8562, top5_acc: 0.9922, loss_cls: 1.3240, loss: 1.3240, grad_norm: 1.3237
2023-02-21 15:23:30,128 - pyskl - INFO - Evaluating top_k_accuracy ...
2023-02-21 15:23:30,129 - pyskl - INFO - 
top1_acc	0.9357
top5_acc	1.0000
2023-02-21 15:23:30,129 - pyskl - INFO - Evaluating mean_class_accuracy ...
2023-02-21 15:23:30,130 - pyskl - INFO - 
mean_acc	0.9357
2023-02-21 15:23:30,130 - pyskl - INFO - Epoch(val) [16][5]	top1_acc: 0.9357, top5_acc: 1.0000, mean_class_accuracy: 0.9357
2023-02-21 15:23:47,772 - pyskl - INFO - Epoch [17][20/57]	lr: 9.254e-02, eta: 0:02:46, time: 0.882, data_time: 0.770, memory: 861, top1_acc: 0.8094, top5_acc: 0.9922, loss_cls: 1.5767, loss: 1.5767, grad_norm: 1.5801
2023-02-21 15:23:51,346 - pyskl - INFO - Epoch [17][40/57]	lr: 8.491e-02, eta: 0:02:37, time: 0.179, data_time: 0.074, memory: 861, top1_acc: 0.8594, top5_acc: 0.9922, loss_cls: 1.0836, loss: 1.0836, grad_norm: 1.2796
2023-02-21 15:24:11,000 - pyskl - INFO - Evaluating top_k_accuracy ...
2023-02-21 15:24:11,000 - pyskl - INFO - 
top1_acc	0.9214
top5_acc	1.0000
2023-02-21 15:24:11,000 - pyskl - INFO - Evaluating mean_class_accuracy ...
2023-02-21 15:24:11,001 - pyskl - INFO - 
mean_acc	0.9214
2023-02-21 15:24:11,001 - pyskl - INFO - Epoch(val) [17][5]	top1_acc: 0.9214, top5_acc: 1.0000, mean_class_accuracy: 0.9214
2023-02-21 15:24:28,402 - pyskl - INFO - Epoch [18][20/57]	lr: 7.144e-02, eta: 0:02:24, time: 0.870, data_time: 0.821, memory: 861, top1_acc: 0.8578, top5_acc: 0.9938, loss_cls: 1.2502, loss: 1.2502, grad_norm: 1.3009
2023-02-21 15:24:32,022 - pyskl - INFO - Epoch [18][40/57]	lr: 6.454e-02, eta: 0:02:15, time: 0.181, data_time: 0.132, memory: 861, top1_acc: 0.8562, top5_acc: 0.9953, loss_cls: 1.2085, loss: 1.2085, grad_norm: 1.4549
2023-02-21 15:24:51,427 - pyskl - INFO - Evaluating top_k_accuracy ...
2023-02-21 15:24:51,427 - pyskl - INFO - 
top1_acc	0.9786
top5_acc	1.0000
2023-02-21 15:24:51,428 - pyskl - INFO - Evaluating mean_class_accuracy ...
2023-02-21 15:24:51,428 - pyskl - INFO - 
mean_acc	0.9786
2023-02-21 15:24:51,430 - pyskl - INFO - The previous best checkpoint /home/yl/sscls/model_pth/exp0/t7nsnr_5p_lrd4/best_top1_acc_epoch_14.pth was removed
2023-02-21 15:24:51,456 - pyskl - INFO - Now best checkpoint is saved as best_top1_acc_epoch_18.pth.
2023-02-21 15:24:51,457 - pyskl - INFO - Best top1_acc is 0.9786 at 18 epoch.
2023-02-21 15:24:51,457 - pyskl - INFO - Epoch(val) [18][5]	top1_acc: 0.9786, top5_acc: 1.0000, mean_class_accuracy: 0.9786
2023-02-21 15:25:09,094 - pyskl - INFO - Epoch [19][20/57]	lr: 5.254e-02, eta: 0:02:02, time: 0.882, data_time: 0.786, memory: 861, top1_acc: 0.8438, top5_acc: 0.9953, loss_cls: 1.0633, loss: 1.0633, grad_norm: 1.3798
2023-02-21 15:25:12,725 - pyskl - INFO - Epoch [19][40/57]	lr: 4.650e-02, eta: 0:01:53, time: 0.182, data_time: 0.070, memory: 861, top1_acc: 0.8656, top5_acc: 1.0000, loss_cls: 1.0170, loss: 1.0170, grad_norm: 1.2641
2023-02-21 15:25:32,084 - pyskl - INFO - Evaluating top_k_accuracy ...
2023-02-21 15:25:32,084 - pyskl - INFO - 
top1_acc	0.9643
top5_acc	1.0000
2023-02-21 15:25:32,085 - pyskl - INFO - Evaluating mean_class_accuracy ...
2023-02-21 15:25:32,085 - pyskl - INFO - 
mean_acc	0.9643
2023-02-21 15:25:32,085 - pyskl - INFO - Epoch(val) [19][5]	top1_acc: 0.9643, top5_acc: 1.0000, mean_class_accuracy: 0.9643
2023-02-21 15:25:49,432 - pyskl - INFO - Epoch [20][20/57]	lr: 3.617e-02, eta: 0:01:40, time: 0.867, data_time: 0.815, memory: 861, top1_acc: 0.8781, top5_acc: 0.9969, loss_cls: 0.9023, loss: 0.9023, grad_norm: 1.2042
2023-02-21 15:25:52,954 - pyskl - INFO - Epoch [20][40/57]	lr: 3.108e-02, eta: 0:01:32, time: 0.176, data_time: 0.124, memory: 861, top1_acc: 0.8781, top5_acc: 0.9953, loss_cls: 0.7561, loss: 0.7561, grad_norm: 1.1822
2023-02-21 15:26:12,618 - pyskl - INFO - Evaluating top_k_accuracy ...
2023-02-21 15:26:12,619 - pyskl - INFO - 
top1_acc	0.9786
top5_acc	1.0000
2023-02-21 15:26:12,619 - pyskl - INFO - Evaluating mean_class_accuracy ...
2023-02-21 15:26:12,619 - pyskl - INFO - 
mean_acc	0.9786
2023-02-21 15:26:12,620 - pyskl - INFO - Epoch(val) [20][5]	top1_acc: 0.9786, top5_acc: 1.0000, mean_class_accuracy: 0.9786
2023-02-21 15:26:30,272 - pyskl - INFO - Epoch [21][20/57]	lr: 2.260e-02, eta: 0:01:18, time: 0.882, data_time: 0.803, memory: 861, top1_acc: 0.8547, top5_acc: 0.9969, loss_cls: 0.8819, loss: 0.8819, grad_norm: 1.2296
2023-02-21 15:26:33,880 - pyskl - INFO - Epoch [21][40/57]	lr: 1.854e-02, eta: 0:01:10, time: 0.180, data_time: 0.064, memory: 861, top1_acc: 0.8719, top5_acc: 0.9938, loss_cls: 0.8521, loss: 0.8521, grad_norm: 1.2518
2023-02-21 15:26:53,504 - pyskl - INFO - Evaluating top_k_accuracy ...
2023-02-21 15:26:53,505 - pyskl - INFO - 
top1_acc	0.9786
top5_acc	1.0000
2023-02-21 15:26:53,505 - pyskl - INFO - Evaluating mean_class_accuracy ...
2023-02-21 15:26:53,506 - pyskl - INFO - 
mean_acc	0.9786
2023-02-21 15:26:53,506 - pyskl - INFO - Epoch(val) [21][5]	top1_acc: 0.9786, top5_acc: 1.0000, mean_class_accuracy: 0.9786
2023-02-21 15:27:11,296 - pyskl - INFO - Epoch [22][20/57]	lr: 1.206e-02, eta: 0:00:57, time: 0.889, data_time: 0.737, memory: 861, top1_acc: 0.8891, top5_acc: 0.9953, loss_cls: 0.8006, loss: 0.8006, grad_norm: 1.0778
2023-02-21 15:27:14,894 - pyskl - INFO - Epoch [22][40/57]	lr: 9.119e-03, eta: 0:00:49, time: 0.180, data_time: 0.015, memory: 861, top1_acc: 0.8750, top5_acc: 0.9969, loss_cls: 0.6943, loss: 0.6943, grad_norm: 1.2411
2023-02-21 15:27:34,803 - pyskl - INFO - Evaluating top_k_accuracy ...
2023-02-21 15:27:34,804 - pyskl - INFO - 
top1_acc	0.9786
top5_acc	1.0000
2023-02-21 15:27:34,804 - pyskl - INFO - Evaluating mean_class_accuracy ...
2023-02-21 15:27:34,805 - pyskl - INFO - 
mean_acc	0.9786
2023-02-21 15:27:34,805 - pyskl - INFO - Epoch(val) [22][5]	top1_acc: 0.9786, top5_acc: 1.0000, mean_class_accuracy: 0.9786
2023-02-21 15:27:52,607 - pyskl - INFO - Epoch [23][20/57]	lr: 4.741e-03, eta: 0:00:35, time: 0.890, data_time: 0.838, memory: 861, top1_acc: 0.8516, top5_acc: 0.9969, loss_cls: 1.0159, loss: 1.0159, grad_norm: 1.2597
2023-02-21 15:27:56,252 - pyskl - INFO - Epoch [23][40/57]	lr: 2.959e-03, eta: 0:00:27, time: 0.182, data_time: 0.117, memory: 861, top1_acc: 0.8469, top5_acc: 0.9969, loss_cls: 0.9024, loss: 0.9024, grad_norm: 1.2722
2023-02-21 15:28:15,808 - pyskl - INFO - Evaluating top_k_accuracy ...
2023-02-21 15:28:15,808 - pyskl - INFO - 
top1_acc	0.9786
top5_acc	1.0000
2023-02-21 15:28:15,808 - pyskl - INFO - Evaluating mean_class_accuracy ...
2023-02-21 15:28:15,808 - pyskl - INFO - 
mean_acc	0.9786
2023-02-21 15:28:15,809 - pyskl - INFO - Epoch(val) [23][5]	top1_acc: 0.9786, top5_acc: 1.0000, mean_class_accuracy: 0.9786
2023-02-21 15:28:33,282 - pyskl - INFO - Epoch [24][20/57]	lr: 7.611e-04, eta: 0:00:14, time: 0.874, data_time: 0.794, memory: 861, top1_acc: 0.8750, top5_acc: 0.9984, loss_cls: 0.8021, loss: 0.8021, grad_norm: 1.2620
2023-02-21 15:28:36,939 - pyskl - INFO - Epoch [24][40/57]	lr: 1.708e-04, eta: 0:00:06, time: 0.183, data_time: 0.054, memory: 861, top1_acc: 0.8953, top5_acc: 0.9969, loss_cls: 0.7371, loss: 0.7371, grad_norm: 1.0615
2023-02-21 15:28:40,443 - pyskl - INFO - Saving checkpoint at 24 epochs
2023-02-21 15:28:56,394 - pyskl - INFO - Evaluating top_k_accuracy ...
2023-02-21 15:28:56,394 - pyskl - INFO - 
top1_acc	0.9786
top5_acc	1.0000
2023-02-21 15:28:56,395 - pyskl - INFO - Evaluating mean_class_accuracy ...
2023-02-21 15:28:56,395 - pyskl - INFO - 
mean_acc	0.9786
2023-02-21 15:28:56,395 - pyskl - INFO - Epoch(val) [24][5]	top1_acc: 0.9786, top5_acc: 1.0000, mean_class_accuracy: 0.9786
