2023-02-24 09:51:36,775 - pyskl - INFO - Environment info:
------------------------------------------------------------
sys.platform: linux
Python: 3.8.16 (default, Jan 17 2023, 23:13:24) [GCC 11.2.0]
CUDA available: True
GPU 0,1,2,3: NVIDIA GeForce RTX 3090
CUDA_HOME: /usr/local/cuda
NVCC: Cuda compilation tools, release 11.6, V11.6.55
GCC: gcc (Ubuntu 7.5.0-6ubuntu2) 7.5.0
PyTorch: 1.10.1
PyTorch compiling details: PyTorch built with:
  - GCC 7.3
  - C++ Version: 201402
  - Intel(R) oneAPI Math Kernel Library Version 2021.4-Product Build 20210904 for Intel(R) 64 architecture applications
  - Intel(R) MKL-DNN v2.2.3 (Git Hash 7336ca9f055cf1bfa13efb658fe15dc9b41f0740)
  - OpenMP 201511 (a.k.a. OpenMP 4.5)
  - LAPACK is enabled (usually provided by MKL)
  - NNPACK is enabled
  - CPU capability usage: AVX2
  - CUDA Runtime 11.3
  - NVCC architecture flags: -gencode;arch=compute_37,code=sm_37;-gencode;arch=compute_50,code=sm_50;-gencode;arch=compute_60,code=sm_60;-gencode;arch=compute_61,code=sm_61;-gencode;arch=compute_70,code=sm_70;-gencode;arch=compute_75,code=sm_75;-gencode;arch=compute_80,code=sm_80;-gencode;arch=compute_86,code=sm_86;-gencode;arch=compute_37,code=compute_37
  - CuDNN 8.2
  - Magma 2.5.2
  - Build settings: BLAS_INFO=mkl, BUILD_TYPE=Release, CUDA_VERSION=11.3, CUDNN_VERSION=8.2.0, CXX_COMPILER=/opt/rh/devtoolset-7/root/usr/bin/c++, CXX_FLAGS= -Wno-deprecated -fvisibility-inlines-hidden -DUSE_PTHREADPOOL -fopenmp -DNDEBUG -DUSE_KINETO -DUSE_FBGEMM -DUSE_QNNPACK -DUSE_PYTORCH_QNNPACK -DUSE_XNNPACK -DSYMBOLICATE_MOBILE_DEBUG_HANDLE -DEDGE_PROFILER_USE_KINETO -O2 -fPIC -Wno-narrowing -Wall -Wextra -Werror=return-type -Wno-missing-field-initializers -Wno-type-limits -Wno-array-bounds -Wno-unknown-pragmas -Wno-sign-compare -Wno-unused-parameter -Wno-unused-variable -Wno-unused-function -Wno-unused-result -Wno-unused-local-typedefs -Wno-strict-overflow -Wno-strict-aliasing -Wno-error=deprecated-declarations -Wno-stringop-overflow -Wno-psabi -Wno-error=pedantic -Wno-error=redundant-decls -Wno-error=old-style-cast -fdiagnostics-color=always -faligned-new -Wno-unused-but-set-variable -Wno-maybe-uninitialized -fno-math-errno -fno-trapping-math -Werror=format -Wno-stringop-overflow, LAPACK_INFO=mkl, PERF_WITH_AVX=1, PERF_WITH_AVX2=1, PERF_WITH_AVX512=1, TORCH_VERSION=1.10.1, USE_CUDA=ON, USE_CUDNN=ON, USE_EXCEPTION_PTR=1, USE_GFLAGS=OFF, USE_GLOG=OFF, USE_MKL=ON, USE_MKLDNN=ON, USE_MPI=OFF, USE_NCCL=ON, USE_NNPACK=ON, USE_OPENMP=ON, 

TorchVision: 0.11.2
OpenCV: 4.7.0
MMCV: 1.6.2
MMCV Compiler: GCC 9.3
MMCV CUDA Compiler: 11.3
pyskl: 0.1.0+HEAD
------------------------------------------------------------

2023-02-24 09:51:38,017 - pyskl - INFO - Config: model = dict(
    type='Recognizer3D',
    backbone=dict(
        type='ResNet3dSlowOnly',
        in_channels=5,
        base_channels=32,
        num_stages=3,
        out_indices=(2, ),
        stage_blocks=(4, 6, 3),
        conv1_stride=(1, 1),
        pool1_stride=(1, 1),
        inflate=(0, 1, 1),
        spatial_strides=(2, 2, 2),
        temporal_strides=(1, 1, 2)),
    cls_head=dict(
        type='I3DHead', in_channels=512, num_classes=10, dropout=0.5),
    test_cfg=dict(average_clips='prob'))
dataset_type = 'PoseDataset'
ann_file = 'data/ds_taichi/test7nsnr.pkl'
left_kp = [
    5, 6, 7, 8, 44, 45, 46, 47, 48, 49, 50, 51, 52, 53, 54, 55, 56, 57, 58, 59,
    60, 61, 62, 63, 64, 65, 66, 67, 68, 69, 70, 71
]
right_kp = [
    1, 2, 3, 4, 16, 17, 18, 19, 20, 21, 22, 23, 24, 25, 26, 27, 28, 29, 30, 31,
    32, 33, 34, 35, 36, 37, 38, 39, 40, 41, 42, 43
]
train_pipeline = [
    dict(type='UniformSampleFrames', clip_len=48),
    dict(type='PoseDecode'),
    dict(type='PoseCompact', hw_ratio=1.0, allow_imgpad=True),
    dict(type='Resize', scale=(-1, 64)),
    dict(type='RandomResizedCrop', area_range=(0.56, 1.0)),
    dict(type='Resize', scale=(56, 56), keep_ratio=False),
    dict(
        type='Flip',
        flip_ratio=0.5,
        left_kp=[
            5, 6, 7, 8, 44, 45, 46, 47, 48, 49, 50, 51, 52, 53, 54, 55, 56, 57,
            58, 59, 60, 61, 62, 63, 64, 65, 66, 67, 68, 69, 70, 71
        ],
        right_kp=[
            1, 2, 3, 4, 16, 17, 18, 19, 20, 21, 22, 23, 24, 25, 26, 27, 28, 29,
            30, 31, 32, 33, 34, 35, 36, 37, 38, 39, 40, 41, 42, 43
        ]),
    dict(type='GenerateTaiChiPoseTarget', with_kp=True, with_limb=False),
    dict(type='FormatShape', input_format='NCTHW_Heatmap'),
    dict(type='Collect', keys=['imgs', 'label'], meta_keys=[]),
    dict(type='ToTensor', keys=['imgs', 'label'])
]
val_pipeline = [
    dict(type='UniformSampleFrames', clip_len=48, num_clips=1),
    dict(type='PoseDecode'),
    dict(type='PoseCompact', hw_ratio=1.0, allow_imgpad=True),
    dict(type='Resize', scale=(64, 64), keep_ratio=False),
    dict(type='GenerateTaiChiPoseTarget', with_kp=True, with_limb=False),
    dict(type='FormatShape', input_format='NCTHW_Heatmap'),
    dict(type='Collect', keys=['imgs', 'label'], meta_keys=[]),
    dict(type='ToTensor', keys=['imgs'])
]
test_pipeline = [
    dict(type='UniformSampleFrames', clip_len=48, num_clips=10),
    dict(type='PoseDecode'),
    dict(type='PoseCompact', hw_ratio=1.0, allow_imgpad=True),
    dict(type='Resize', scale=(64, 64), keep_ratio=False),
    dict(
        type='GenerateTaiChiPoseTarget',
        with_kp=True,
        with_limb=False,
        double=True),
    dict(type='FormatShape', input_format='NCTHW_Heatmap'),
    dict(type='Collect', keys=['imgs', 'label'], meta_keys=[]),
    dict(type='ToTensor', keys=['imgs'])
]
data = dict(
    videos_per_gpu=8,
    workers_per_gpu=4,
    test_dataloader=dict(videos_per_gpu=3),
    train=dict(
        type='RepeatDataset',
        times=30,
        dataset=dict(
            type='PoseDataset',
            ann_file='data/ds_taichi/test7nsnr.pkl',
            split='train',
            pipeline=[
                dict(type='UniformSampleFrames', clip_len=48),
                dict(type='PoseDecode'),
                dict(type='PoseCompact', hw_ratio=1.0, allow_imgpad=True),
                dict(type='Resize', scale=(-1, 64)),
                dict(type='RandomResizedCrop', area_range=(0.56, 1.0)),
                dict(type='Resize', scale=(56, 56), keep_ratio=False),
                dict(
                    type='Flip',
                    flip_ratio=0.5,
                    left_kp=[
                        5, 6, 7, 8, 44, 45, 46, 47, 48, 49, 50, 51, 52, 53, 54,
                        55, 56, 57, 58, 59, 60, 61, 62, 63, 64, 65, 66, 67, 68,
                        69, 70, 71
                    ],
                    right_kp=[
                        1, 2, 3, 4, 16, 17, 18, 19, 20, 21, 22, 23, 24, 25, 26,
                        27, 28, 29, 30, 31, 32, 33, 34, 35, 36, 37, 38, 39, 40,
                        41, 42, 43
                    ]),
                dict(
                    type='GenerateTaiChiPoseTarget',
                    with_kp=True,
                    with_limb=False),
                dict(type='FormatShape', input_format='NCTHW_Heatmap'),
                dict(type='Collect', keys=['imgs', 'label'], meta_keys=[]),
                dict(type='ToTensor', keys=['imgs', 'label'])
            ])),
    val=dict(
        type='PoseDataset',
        ann_file='data/ds_taichi/test7nsnr.pkl',
        split='test',
        pipeline=[
            dict(type='UniformSampleFrames', clip_len=48, num_clips=1),
            dict(type='PoseDecode'),
            dict(type='PoseCompact', hw_ratio=1.0, allow_imgpad=True),
            dict(type='Resize', scale=(64, 64), keep_ratio=False),
            dict(
                type='GenerateTaiChiPoseTarget', with_kp=True,
                with_limb=False),
            dict(type='FormatShape', input_format='NCTHW_Heatmap'),
            dict(type='Collect', keys=['imgs', 'label'], meta_keys=[]),
            dict(type='ToTensor', keys=['imgs'])
        ]),
    test=dict(
        type='PoseDataset',
        ann_file='data/ds_taichi/test7nsnr.pkl',
        split='test',
        pipeline=[
            dict(type='UniformSampleFrames', clip_len=48, num_clips=10),
            dict(type='PoseDecode'),
            dict(type='PoseCompact', hw_ratio=1.0, allow_imgpad=True),
            dict(type='Resize', scale=(64, 64), keep_ratio=False),
            dict(
                type='GenerateTaiChiPoseTarget',
                with_kp=True,
                with_limb=False,
                double=True),
            dict(type='FormatShape', input_format='NCTHW_Heatmap'),
            dict(type='Collect', keys=['imgs', 'label'], meta_keys=[]),
            dict(type='ToTensor', keys=['imgs'])
        ]))
optimizer = dict(type='SGD', lr=0.01, momentum=0.9, weight_decay=0.0003)
optimizer_config = dict(grad_clip=dict(max_norm=40, norm_type=2))
lr_config = dict(policy='CosineAnnealing', by_epoch=False, min_lr=0)
total_epochs = 24
checkpoint_config = dict(interval=24)
evaluation = dict(
    interval=1, metrics=['top_k_accuracy', 'mean_class_accuracy'], topk=(1, 5))
log_config = dict(interval=20, hooks=[dict(type='TextLoggerHook')])
log_level = 'INFO'
output_config = dict(
    out='./model_pth/exp8/t7_nsnr_wfwc_ft/test_result/results.pkl')
eval_config = dict(
    metric_out='./model_pth/exp8/t7_nsnr_wfwc_ft/test_result',
    eval=[
        'top_k_accuracy', 'mean_class_accuracy', 'confusion_matrix',
        't_sne_vis'
    ])
work_dir = './model_pth/exp8/t7_nsnr_wfwc_ft'
load_from = './model_pth/ntu120xsub_5parts_kp/best_top1_acc_epoch_23.pth'
find_unused_parameters = True
dist_params = dict(backend='nccl')
gpu_ids = range(0, 4)

2023-02-24 09:51:38,017 - pyskl - INFO - Set random seed to 42, deterministic: True
2023-02-24 09:51:38,661 - pyskl - INFO - 60 videos remain after valid thresholding
2023-02-24 09:51:45,560 - pyskl - INFO - 140 videos remain after valid thresholding
2023-02-24 09:51:45,562 - pyskl - INFO - load checkpoint from local path: ./model_pth/ntu120xsub_5parts_kp/best_top1_acc_epoch_23.pth
2023-02-24 09:51:45,586 - pyskl - WARNING - The model and loaded state dict do not match exactly

size mismatch for cls_head.fc_cls.weight: copying a param with shape torch.Size([120, 512]) from checkpoint, the shape in current model is torch.Size([10, 512]).
size mismatch for cls_head.fc_cls.bias: copying a param with shape torch.Size([120]) from checkpoint, the shape in current model is torch.Size([10]).
2023-02-24 09:51:45,586 - pyskl - INFO - Start running, host: yl@83090-jin, work_dir: /home/yl/sscls/model_pth/exp8/t7_nsnr_wfwc_ft
2023-02-24 09:51:45,587 - pyskl - INFO - Hooks will be executed in the following order:
before_run:
(VERY_HIGH   ) CosineAnnealingLrUpdaterHook       
(NORMAL      ) CheckpointHook                     
(NORMAL      ) DistEvalHook                       
(VERY_LOW    ) TextLoggerHook                     
 -------------------- 
before_train_epoch:
(VERY_HIGH   ) CosineAnnealingLrUpdaterHook       
(NORMAL      ) DistSamplerSeedHook                
(NORMAL      ) DistEvalHook                       
(LOW         ) IterTimerHook                      
(VERY_LOW    ) TextLoggerHook                     
 -------------------- 
before_train_iter:
(VERY_HIGH   ) CosineAnnealingLrUpdaterHook       
(NORMAL      ) DistEvalHook                       
(LOW         ) IterTimerHook                      
 -------------------- 
after_train_iter:
(ABOVE_NORMAL) OptimizerHook                      
(NORMAL      ) CheckpointHook                     
(NORMAL      ) DistEvalHook                       
(LOW         ) IterTimerHook                      
(VERY_LOW    ) TextLoggerHook                     
 -------------------- 
after_train_epoch:
(NORMAL      ) CheckpointHook                     
(NORMAL      ) DistEvalHook                       
(VERY_LOW    ) TextLoggerHook                     
 -------------------- 
before_val_epoch:
(NORMAL      ) DistSamplerSeedHook                
(LOW         ) IterTimerHook                      
(VERY_LOW    ) TextLoggerHook                     
 -------------------- 
before_val_iter:
(LOW         ) IterTimerHook                      
 -------------------- 
after_val_iter:
(LOW         ) IterTimerHook                      
 -------------------- 
after_val_epoch:
(VERY_LOW    ) TextLoggerHook                     
 -------------------- 
after_run:
(VERY_LOW    ) TextLoggerHook                     
 -------------------- 
2023-02-24 09:51:45,587 - pyskl - INFO - workflow: [('train', 1)], max: 24 epochs
2023-02-24 09:51:45,587 - pyskl - INFO - Checkpoints will be saved to /home/yl/sscls/model_pth/exp8/t7_nsnr_wfwc_ft by HardDiskBackend.
2023-02-24 09:52:09,576 - pyskl - INFO - Epoch [1][20/57]	lr: 9.995e-03, eta: 0:26:56, time: 1.199, data_time: 0.721, memory: 4756, top1_acc: 0.4141, top5_acc: 0.8313, loss_cls: 1.8798, loss: 1.8798, grad_norm: 2.8778
2023-02-24 09:52:16,718 - pyskl - INFO - Epoch [1][40/57]	lr: 9.980e-03, eta: 0:17:13, time: 0.357, data_time: 0.001, memory: 4756, top1_acc: 0.9469, top5_acc: 0.9969, loss_cls: 0.4770, loss: 0.4770, grad_norm: 2.2094
2023-02-24 09:52:39,420 - pyskl - INFO - Evaluating top_k_accuracy ...
2023-02-24 09:52:39,421 - pyskl - INFO - 
top1_acc	1.0000
top5_acc	1.0000
2023-02-24 09:52:39,421 - pyskl - INFO - Evaluating mean_class_accuracy ...
2023-02-24 09:52:39,421 - pyskl - INFO - 
mean_acc	1.0000
2023-02-24 09:52:39,467 - pyskl - INFO - Now best checkpoint is saved as best_top1_acc_epoch_1.pth.
2023-02-24 09:52:39,468 - pyskl - INFO - Best top1_acc is 1.0000 at 1 epoch.
2023-02-24 09:52:39,468 - pyskl - INFO - Epoch(val) [1][5]	top1_acc: 1.0000, top5_acc: 1.0000, mean_class_accuracy: 1.0000
2023-02-24 09:53:00,813 - pyskl - INFO - Epoch [2][20/57]	lr: 9.924e-03, eta: 0:14:39, time: 1.067, data_time: 0.715, memory: 4756, top1_acc: 0.9953, top5_acc: 1.0000, loss_cls: 0.0766, loss: 0.0766, grad_norm: 1.1184
2023-02-24 09:53:07,862 - pyskl - INFO - Epoch [2][40/57]	lr: 9.879e-03, eta: 0:12:59, time: 0.353, data_time: 0.001, memory: 4756, top1_acc: 0.9953, top5_acc: 1.0000, loss_cls: 0.0512, loss: 0.0512, grad_norm: 0.8596
2023-02-24 09:53:30,527 - pyskl - INFO - Evaluating top_k_accuracy ...
2023-02-24 09:53:30,527 - pyskl - INFO - 
top1_acc	1.0000
top5_acc	1.0000
2023-02-24 09:53:30,527 - pyskl - INFO - Evaluating mean_class_accuracy ...
2023-02-24 09:53:30,528 - pyskl - INFO - 
mean_acc	1.0000
2023-02-24 09:53:30,528 - pyskl - INFO - Epoch(val) [2][5]	top1_acc: 1.0000, top5_acc: 1.0000, mean_class_accuracy: 1.0000
2023-02-24 09:53:51,936 - pyskl - INFO - Epoch [3][20/57]	lr: 9.769e-03, eta: 0:12:25, time: 1.070, data_time: 0.715, memory: 4756, top1_acc: 1.0000, top5_acc: 1.0000, loss_cls: 0.0291, loss: 0.0291, grad_norm: 0.5775
2023-02-24 09:53:59,046 - pyskl - INFO - Epoch [3][40/57]	lr: 9.695e-03, eta: 0:11:33, time: 0.356, data_time: 0.001, memory: 4756, top1_acc: 0.9969, top5_acc: 1.0000, loss_cls: 0.0288, loss: 0.0288, grad_norm: 0.5852
2023-02-24 09:54:21,692 - pyskl - INFO - Evaluating top_k_accuracy ...
2023-02-24 09:54:21,692 - pyskl - INFO - 
top1_acc	1.0000
top5_acc	1.0000
2023-02-24 09:54:21,692 - pyskl - INFO - Evaluating mean_class_accuracy ...
2023-02-24 09:54:21,692 - pyskl - INFO - 
mean_acc	1.0000
2023-02-24 09:54:21,693 - pyskl - INFO - Epoch(val) [3][5]	top1_acc: 1.0000, top5_acc: 1.0000, mean_class_accuracy: 1.0000
2023-02-24 09:54:43,272 - pyskl - INFO - Epoch [4][20/57]	lr: 9.532e-03, eta: 0:11:15, time: 1.078, data_time: 0.723, memory: 4756, top1_acc: 0.9984, top5_acc: 1.0000, loss_cls: 0.0197, loss: 0.0197, grad_norm: 0.5309
2023-02-24 09:54:50,427 - pyskl - INFO - Epoch [4][40/57]	lr: 9.430e-03, eta: 0:10:40, time: 0.358, data_time: 0.001, memory: 4756, top1_acc: 0.9953, top5_acc: 1.0000, loss_cls: 0.0262, loss: 0.0262, grad_norm: 0.5971
2023-02-24 09:55:12,922 - pyskl - INFO - Evaluating top_k_accuracy ...
2023-02-24 09:55:12,923 - pyskl - INFO - 
top1_acc	1.0000
top5_acc	1.0000
2023-02-24 09:55:12,923 - pyskl - INFO - Evaluating mean_class_accuracy ...
2023-02-24 09:55:12,923 - pyskl - INFO - 
mean_acc	1.0000
2023-02-24 09:55:12,923 - pyskl - INFO - Epoch(val) [4][5]	top1_acc: 1.0000, top5_acc: 1.0000, mean_class_accuracy: 1.0000
2023-02-24 09:55:34,539 - pyskl - INFO - Epoch [5][20/57]	lr: 9.217e-03, eta: 0:10:24, time: 1.080, data_time: 0.723, memory: 4756, top1_acc: 1.0000, top5_acc: 1.0000, loss_cls: 0.0157, loss: 0.0157, grad_norm: 0.3338
2023-02-24 09:55:41,669 - pyskl - INFO - Epoch [5][40/57]	lr: 9.089e-03, eta: 0:09:57, time: 0.356, data_time: 0.001, memory: 4756, top1_acc: 1.0000, top5_acc: 1.0000, loss_cls: 0.0135, loss: 0.0135, grad_norm: 0.3249
2023-02-24 09:56:04,339 - pyskl - INFO - Evaluating top_k_accuracy ...
2023-02-24 09:56:04,340 - pyskl - INFO - 
top1_acc	1.0000
top5_acc	1.0000
2023-02-24 09:56:04,340 - pyskl - INFO - Evaluating mean_class_accuracy ...
2023-02-24 09:56:04,340 - pyskl - INFO - 
mean_acc	1.0000
2023-02-24 09:56:04,340 - pyskl - INFO - Epoch(val) [5][5]	top1_acc: 1.0000, top5_acc: 1.0000, mean_class_accuracy: 1.0000
2023-02-24 09:56:25,674 - pyskl - INFO - Epoch [6][20/57]	lr: 8.830e-03, eta: 0:09:41, time: 1.066, data_time: 0.713, memory: 4756, top1_acc: 0.9984, top5_acc: 1.0000, loss_cls: 0.0097, loss: 0.0097, grad_norm: 0.2317
2023-02-24 09:56:32,787 - pyskl - INFO - Epoch [6][40/57]	lr: 8.679e-03, eta: 0:09:18, time: 0.356, data_time: 0.001, memory: 4756, top1_acc: 1.0000, top5_acc: 1.0000, loss_cls: 0.0081, loss: 0.0081, grad_norm: 0.2268
2023-02-24 09:56:55,264 - pyskl - INFO - Evaluating top_k_accuracy ...
2023-02-24 09:56:55,264 - pyskl - INFO - 
top1_acc	1.0000
top5_acc	1.0000
2023-02-24 09:56:55,264 - pyskl - INFO - Evaluating mean_class_accuracy ...
2023-02-24 09:56:55,265 - pyskl - INFO - 
mean_acc	1.0000
2023-02-24 09:56:55,265 - pyskl - INFO - Epoch(val) [6][5]	top1_acc: 1.0000, top5_acc: 1.0000, mean_class_accuracy: 1.0000
2023-02-24 09:57:16,831 - pyskl - INFO - Epoch [7][20/57]	lr: 8.378e-03, eta: 0:09:03, time: 1.078, data_time: 0.724, memory: 4756, top1_acc: 0.9984, top5_acc: 1.0000, loss_cls: 0.0094, loss: 0.0094, grad_norm: 0.2606
2023-02-24 09:57:23,909 - pyskl - INFO - Epoch [7][40/57]	lr: 8.205e-03, eta: 0:08:42, time: 0.354, data_time: 0.001, memory: 4756, top1_acc: 0.9984, top5_acc: 1.0000, loss_cls: 0.0101, loss: 0.0101, grad_norm: 0.3335
2023-02-24 09:57:46,330 - pyskl - INFO - Evaluating top_k_accuracy ...
2023-02-24 09:57:46,331 - pyskl - INFO - 
top1_acc	1.0000
top5_acc	1.0000
2023-02-24 09:57:46,331 - pyskl - INFO - Evaluating mean_class_accuracy ...
2023-02-24 09:57:46,332 - pyskl - INFO - 
mean_acc	1.0000
2023-02-24 09:57:46,332 - pyskl - INFO - Epoch(val) [7][5]	top1_acc: 1.0000, top5_acc: 1.0000, mean_class_accuracy: 1.0000
2023-02-24 09:58:07,869 - pyskl - INFO - Epoch [8][20/57]	lr: 7.868e-03, eta: 0:08:27, time: 1.076, data_time: 0.723, memory: 4756, top1_acc: 1.0000, top5_acc: 1.0000, loss_cls: 0.0128, loss: 0.0128, grad_norm: 0.3307
2023-02-24 09:58:14,979 - pyskl - INFO - Epoch [8][40/57]	lr: 7.677e-03, eta: 0:08:09, time: 0.356, data_time: 0.001, memory: 4756, top1_acc: 1.0000, top5_acc: 1.0000, loss_cls: 0.0091, loss: 0.0091, grad_norm: 0.2193
2023-02-24 09:58:37,450 - pyskl - INFO - Evaluating top_k_accuracy ...
2023-02-24 09:58:37,451 - pyskl - INFO - 
top1_acc	1.0000
top5_acc	1.0000
2023-02-24 09:58:37,451 - pyskl - INFO - Evaluating mean_class_accuracy ...
2023-02-24 09:58:37,451 - pyskl - INFO - 
mean_acc	1.0000
2023-02-24 09:58:37,451 - pyskl - INFO - Epoch(val) [8][5]	top1_acc: 1.0000, top5_acc: 1.0000, mean_class_accuracy: 1.0000
2023-02-24 09:58:58,566 - pyskl - INFO - Epoch [9][20/57]	lr: 7.309e-03, eta: 0:07:52, time: 1.055, data_time: 0.712, memory: 4756, top1_acc: 1.0000, top5_acc: 1.0000, loss_cls: 0.0063, loss: 0.0063, grad_norm: 0.1688
2023-02-24 09:59:05,684 - pyskl - INFO - Epoch [9][40/57]	lr: 7.103e-03, eta: 0:07:36, time: 0.356, data_time: 0.001, memory: 4756, top1_acc: 1.0000, top5_acc: 1.0000, loss_cls: 0.0061, loss: 0.0061, grad_norm: 0.1859
2023-02-24 09:59:28,627 - pyskl - INFO - Evaluating top_k_accuracy ...
2023-02-24 09:59:28,628 - pyskl - INFO - 
top1_acc	1.0000
top5_acc	1.0000
2023-02-24 09:59:28,628 - pyskl - INFO - Evaluating mean_class_accuracy ...
2023-02-24 09:59:28,628 - pyskl - INFO - 
mean_acc	1.0000
2023-02-24 09:59:28,629 - pyskl - INFO - Epoch(val) [9][5]	top1_acc: 1.0000, top5_acc: 1.0000, mean_class_accuracy: 1.0000
2023-02-24 09:59:50,051 - pyskl - INFO - Epoch [10][20/57]	lr: 6.710e-03, eta: 0:07:19, time: 1.071, data_time: 0.720, memory: 4756, top1_acc: 1.0000, top5_acc: 1.0000, loss_cls: 0.0041, loss: 0.0041, grad_norm: 0.1041
2023-02-24 09:59:57,125 - pyskl - INFO - Epoch [10][40/57]	lr: 6.493e-03, eta: 0:07:04, time: 0.353, data_time: 0.000, memory: 4756, top1_acc: 1.0000, top5_acc: 1.0000, loss_cls: 0.0049, loss: 0.0049, grad_norm: 0.1228
2023-02-24 10:00:19,786 - pyskl - INFO - Evaluating top_k_accuracy ...
2023-02-24 10:00:19,786 - pyskl - INFO - 
top1_acc	1.0000
top5_acc	1.0000
2023-02-24 10:00:19,786 - pyskl - INFO - Evaluating mean_class_accuracy ...
2023-02-24 10:00:19,786 - pyskl - INFO - 
mean_acc	1.0000
2023-02-24 10:00:19,787 - pyskl - INFO - Epoch(val) [10][5]	top1_acc: 1.0000, top5_acc: 1.0000, mean_class_accuracy: 1.0000
2023-02-24 10:00:41,391 - pyskl - INFO - Epoch [11][20/57]	lr: 6.082e-03, eta: 0:06:48, time: 1.080, data_time: 0.725, memory: 4756, top1_acc: 1.0000, top5_acc: 1.0000, loss_cls: 0.0075, loss: 0.0075, grad_norm: 0.2227
2023-02-24 10:00:48,564 - pyskl - INFO - Epoch [11][40/57]	lr: 5.857e-03, eta: 0:06:33, time: 0.359, data_time: 0.001, memory: 4756, top1_acc: 1.0000, top5_acc: 1.0000, loss_cls: 0.0063, loss: 0.0063, grad_norm: 0.1517
2023-02-24 10:01:11,266 - pyskl - INFO - Evaluating top_k_accuracy ...
2023-02-24 10:01:11,267 - pyskl - INFO - 
top1_acc	1.0000
top5_acc	1.0000
2023-02-24 10:01:11,267 - pyskl - INFO - Evaluating mean_class_accuracy ...
2023-02-24 10:01:11,268 - pyskl - INFO - 
mean_acc	1.0000
2023-02-24 10:01:11,268 - pyskl - INFO - Epoch(val) [11][5]	top1_acc: 1.0000, top5_acc: 1.0000, mean_class_accuracy: 1.0000
2023-02-24 10:01:30,678 - pyskl - INFO - Epoch [12][20/57]	lr: 5.436e-03, eta: 0:06:14, time: 0.970, data_time: 0.721, memory: 4756, top1_acc: 1.0000, top5_acc: 1.0000, loss_cls: 0.0045, loss: 0.0045, grad_norm: 0.1513
2023-02-24 10:01:33,870 - pyskl - INFO - Epoch [12][40/57]	lr: 5.207e-03, eta: 0:05:56, time: 0.160, data_time: 0.000, memory: 4756, top1_acc: 1.0000, top5_acc: 1.0000, loss_cls: 0.0024, loss: 0.0024, grad_norm: 0.0751
2023-02-24 10:01:52,855 - pyskl - INFO - Evaluating top_k_accuracy ...
2023-02-24 10:01:52,856 - pyskl - INFO - 
top1_acc	1.0000
top5_acc	1.0000
2023-02-24 10:01:52,856 - pyskl - INFO - Evaluating mean_class_accuracy ...
2023-02-24 10:01:52,857 - pyskl - INFO - 
mean_acc	1.0000
2023-02-24 10:01:52,857 - pyskl - INFO - Epoch(val) [12][5]	top1_acc: 1.0000, top5_acc: 1.0000, mean_class_accuracy: 1.0000
2023-02-24 10:02:11,646 - pyskl - INFO - Epoch [13][20/57]	lr: 4.782e-03, eta: 0:05:37, time: 0.939, data_time: 0.733, memory: 4756, top1_acc: 1.0000, top5_acc: 1.0000, loss_cls: 0.0025, loss: 0.0025, grad_norm: 0.0567
2023-02-24 10:02:15,306 - pyskl - INFO - Epoch [13][40/57]	lr: 4.553e-03, eta: 0:05:21, time: 0.183, data_time: 0.000, memory: 4756, top1_acc: 1.0000, top5_acc: 1.0000, loss_cls: 0.0037, loss: 0.0037, grad_norm: 0.1007
2023-02-24 10:02:35,522 - pyskl - INFO - Evaluating top_k_accuracy ...
2023-02-24 10:02:35,522 - pyskl - INFO - 
top1_acc	1.0000
top5_acc	1.0000
2023-02-24 10:02:35,522 - pyskl - INFO - Evaluating mean_class_accuracy ...
2023-02-24 10:02:35,523 - pyskl - INFO - 
mean_acc	1.0000
2023-02-24 10:02:35,523 - pyskl - INFO - Epoch(val) [13][5]	top1_acc: 1.0000, top5_acc: 1.0000, mean_class_accuracy: 1.0000
2023-02-24 10:02:54,312 - pyskl - INFO - Epoch [14][20/57]	lr: 4.132e-03, eta: 0:05:03, time: 0.939, data_time: 0.722, memory: 4756, top1_acc: 1.0000, top5_acc: 1.0000, loss_cls: 0.0029, loss: 0.0029, grad_norm: 0.0850
2023-02-24 10:02:58,154 - pyskl - INFO - Epoch [14][40/57]	lr: 3.907e-03, eta: 0:04:48, time: 0.192, data_time: 0.000, memory: 4756, top1_acc: 1.0000, top5_acc: 1.0000, loss_cls: 0.0032, loss: 0.0032, grad_norm: 0.0931
2023-02-24 10:03:18,572 - pyskl - INFO - Evaluating top_k_accuracy ...
2023-02-24 10:03:18,572 - pyskl - INFO - 
top1_acc	1.0000
top5_acc	1.0000
2023-02-24 10:03:18,572 - pyskl - INFO - Evaluating mean_class_accuracy ...
2023-02-24 10:03:18,572 - pyskl - INFO - 
mean_acc	1.0000
2023-02-24 10:03:18,573 - pyskl - INFO - Epoch(val) [14][5]	top1_acc: 1.0000, top5_acc: 1.0000, mean_class_accuracy: 1.0000
2023-02-24 10:03:37,026 - pyskl - INFO - Epoch [15][20/57]	lr: 3.496e-03, eta: 0:04:30, time: 0.923, data_time: 0.712, memory: 4756, top1_acc: 1.0000, top5_acc: 1.0000, loss_cls: 0.0032, loss: 0.0032, grad_norm: 0.0961
2023-02-24 10:03:41,164 - pyskl - INFO - Epoch [15][40/57]	lr: 3.279e-03, eta: 0:04:17, time: 0.207, data_time: 0.000, memory: 4756, top1_acc: 1.0000, top5_acc: 1.0000, loss_cls: 0.0033, loss: 0.0033, grad_norm: 0.1010
2023-02-24 10:04:00,911 - pyskl - INFO - Evaluating top_k_accuracy ...
2023-02-24 10:04:00,911 - pyskl - INFO - 
top1_acc	1.0000
top5_acc	1.0000
2023-02-24 10:04:00,911 - pyskl - INFO - Evaluating mean_class_accuracy ...
2023-02-24 10:04:00,912 - pyskl - INFO - 
mean_acc	1.0000
2023-02-24 10:04:00,913 - pyskl - INFO - Epoch(val) [15][5]	top1_acc: 1.0000, top5_acc: 1.0000, mean_class_accuracy: 1.0000
2023-02-24 10:04:19,702 - pyskl - INFO - Epoch [16][20/57]	lr: 2.887e-03, eta: 0:03:59, time: 0.939, data_time: 0.745, memory: 4756, top1_acc: 1.0000, top5_acc: 1.0000, loss_cls: 0.0026, loss: 0.0026, grad_norm: 0.0697
2023-02-24 10:04:23,605 - pyskl - INFO - Epoch [16][40/57]	lr: 2.681e-03, eta: 0:03:47, time: 0.195, data_time: 0.001, memory: 4756, top1_acc: 1.0000, top5_acc: 1.0000, loss_cls: 0.0063, loss: 0.0063, grad_norm: 0.1782
2023-02-24 10:04:43,650 - pyskl - INFO - Evaluating top_k_accuracy ...
2023-02-24 10:04:43,650 - pyskl - INFO - 
top1_acc	1.0000
top5_acc	1.0000
2023-02-24 10:04:43,650 - pyskl - INFO - Evaluating mean_class_accuracy ...
2023-02-24 10:04:43,651 - pyskl - INFO - 
mean_acc	1.0000
2023-02-24 10:04:43,651 - pyskl - INFO - Epoch(val) [16][5]	top1_acc: 1.0000, top5_acc: 1.0000, mean_class_accuracy: 1.0000
2023-02-24 10:05:02,365 - pyskl - INFO - Epoch [17][20/57]	lr: 2.314e-03, eta: 0:03:29, time: 0.935, data_time: 0.721, memory: 4756, top1_acc: 1.0000, top5_acc: 1.0000, loss_cls: 0.0017, loss: 0.0017, grad_norm: 0.0434
2023-02-24 10:05:06,047 - pyskl - INFO - Epoch [17][40/57]	lr: 2.123e-03, eta: 0:03:17, time: 0.185, data_time: 0.001, memory: 4756, top1_acc: 1.0000, top5_acc: 1.0000, loss_cls: 0.0026, loss: 0.0026, grad_norm: 0.0699
2023-02-24 10:05:26,452 - pyskl - INFO - Evaluating top_k_accuracy ...
2023-02-24 10:05:26,453 - pyskl - INFO - 
top1_acc	1.0000
top5_acc	1.0000
2023-02-24 10:05:26,453 - pyskl - INFO - Evaluating mean_class_accuracy ...
2023-02-24 10:05:26,454 - pyskl - INFO - 
mean_acc	1.0000
2023-02-24 10:05:26,454 - pyskl - INFO - Epoch(val) [17][5]	top1_acc: 1.0000, top5_acc: 1.0000, mean_class_accuracy: 1.0000
2023-02-24 10:05:44,921 - pyskl - INFO - Epoch [18][20/57]	lr: 1.786e-03, eta: 0:03:00, time: 0.923, data_time: 0.723, memory: 4756, top1_acc: 1.0000, top5_acc: 1.0000, loss_cls: 0.0032, loss: 0.0032, grad_norm: 0.0849
2023-02-24 10:05:49,114 - pyskl - INFO - Epoch [18][40/57]	lr: 1.614e-03, eta: 0:02:48, time: 0.210, data_time: 0.001, memory: 4756, top1_acc: 1.0000, top5_acc: 1.0000, loss_cls: 0.0016, loss: 0.0016, grad_norm: 0.0447
2023-02-24 10:06:09,053 - pyskl - INFO - Evaluating top_k_accuracy ...
2023-02-24 10:06:09,053 - pyskl - INFO - 
top1_acc	1.0000
top5_acc	1.0000
2023-02-24 10:06:09,053 - pyskl - INFO - Evaluating mean_class_accuracy ...
2023-02-24 10:06:09,054 - pyskl - INFO - 
mean_acc	1.0000
2023-02-24 10:06:09,054 - pyskl - INFO - Epoch(val) [18][5]	top1_acc: 1.0000, top5_acc: 1.0000, mean_class_accuracy: 1.0000
2023-02-24 10:06:27,533 - pyskl - INFO - Epoch [19][20/57]	lr: 1.314e-03, eta: 0:02:31, time: 0.924, data_time: 0.728, memory: 4756, top1_acc: 1.0000, top5_acc: 1.0000, loss_cls: 0.0029, loss: 0.0029, grad_norm: 0.0782
2023-02-24 10:06:31,475 - pyskl - INFO - Epoch [19][40/57]	lr: 1.162e-03, eta: 0:02:20, time: 0.197, data_time: 0.001, memory: 4756, top1_acc: 1.0000, top5_acc: 1.0000, loss_cls: 0.0037, loss: 0.0037, grad_norm: 0.1178
2023-02-24 10:06:51,699 - pyskl - INFO - Evaluating top_k_accuracy ...
2023-02-24 10:06:51,700 - pyskl - INFO - 
top1_acc	1.0000
top5_acc	1.0000
2023-02-24 10:06:51,700 - pyskl - INFO - Evaluating mean_class_accuracy ...
2023-02-24 10:06:51,701 - pyskl - INFO - 
mean_acc	1.0000
2023-02-24 10:06:51,701 - pyskl - INFO - Epoch(val) [19][5]	top1_acc: 1.0000, top5_acc: 1.0000, mean_class_accuracy: 1.0000
2023-02-24 10:07:10,262 - pyskl - INFO - Epoch [20][20/57]	lr: 9.042e-04, eta: 0:02:03, time: 0.928, data_time: 0.731, memory: 4756, top1_acc: 1.0000, top5_acc: 1.0000, loss_cls: 0.0028, loss: 0.0028, grad_norm: 0.0777
2023-02-24 10:07:14,181 - pyskl - INFO - Epoch [20][40/57]	lr: 7.769e-04, eta: 0:01:53, time: 0.196, data_time: 0.001, memory: 4756, top1_acc: 1.0000, top5_acc: 1.0000, loss_cls: 0.0024, loss: 0.0024, grad_norm: 0.0680
2023-02-24 10:07:34,438 - pyskl - INFO - Evaluating top_k_accuracy ...
2023-02-24 10:07:34,439 - pyskl - INFO - 
top1_acc	1.0000
top5_acc	1.0000
2023-02-24 10:07:34,439 - pyskl - INFO - Evaluating mean_class_accuracy ...
2023-02-24 10:07:34,440 - pyskl - INFO - 
mean_acc	1.0000
2023-02-24 10:07:34,440 - pyskl - INFO - Epoch(val) [20][5]	top1_acc: 1.0000, top5_acc: 1.0000, mean_class_accuracy: 1.0000
2023-02-24 10:07:52,661 - pyskl - INFO - Epoch [21][20/57]	lr: 5.649e-04, eta: 0:01:36, time: 0.911, data_time: 0.708, memory: 4756, top1_acc: 1.0000, top5_acc: 1.0000, loss_cls: 0.0016, loss: 0.0016, grad_norm: 0.0407
2023-02-24 10:07:56,845 - pyskl - INFO - Epoch [21][40/57]	lr: 4.636e-04, eta: 0:01:26, time: 0.209, data_time: 0.000, memory: 4756, top1_acc: 1.0000, top5_acc: 1.0000, loss_cls: 0.0043, loss: 0.0043, grad_norm: 0.1063
2023-02-24 10:08:16,860 - pyskl - INFO - Evaluating top_k_accuracy ...
2023-02-24 10:08:16,861 - pyskl - INFO - 
top1_acc	1.0000
top5_acc	1.0000
2023-02-24 10:08:16,861 - pyskl - INFO - Evaluating mean_class_accuracy ...
2023-02-24 10:08:16,862 - pyskl - INFO - 
mean_acc	1.0000
2023-02-24 10:08:16,862 - pyskl - INFO - Epoch(val) [21][5]	top1_acc: 1.0000, top5_acc: 1.0000, mean_class_accuracy: 1.0000
2023-02-24 10:08:35,375 - pyskl - INFO - Epoch [22][20/57]	lr: 3.015e-04, eta: 0:01:09, time: 0.925, data_time: 0.710, memory: 4756, top1_acc: 1.0000, top5_acc: 1.0000, loss_cls: 0.0023, loss: 0.0023, grad_norm: 0.0596
2023-02-24 10:08:39,358 - pyskl - INFO - Epoch [22][40/57]	lr: 2.280e-04, eta: 0:00:59, time: 0.199, data_time: 0.001, memory: 4756, top1_acc: 1.0000, top5_acc: 1.0000, loss_cls: 0.0029, loss: 0.0029, grad_norm: 0.0820
2023-02-24 10:08:59,726 - pyskl - INFO - Evaluating top_k_accuracy ...
2023-02-24 10:08:59,726 - pyskl - INFO - 
top1_acc	1.0000
top5_acc	1.0000
2023-02-24 10:08:59,726 - pyskl - INFO - Evaluating mean_class_accuracy ...
2023-02-24 10:08:59,727 - pyskl - INFO - 
mean_acc	1.0000
2023-02-24 10:08:59,727 - pyskl - INFO - Epoch(val) [22][5]	top1_acc: 1.0000, top5_acc: 1.0000, mean_class_accuracy: 1.0000
2023-02-24 10:09:18,319 - pyskl - INFO - Epoch [23][20/57]	lr: 1.185e-04, eta: 0:00:43, time: 0.929, data_time: 0.732, memory: 4756, top1_acc: 1.0000, top5_acc: 1.0000, loss_cls: 0.0024, loss: 0.0024, grad_norm: 0.0618
2023-02-24 10:09:22,279 - pyskl - INFO - Epoch [23][40/57]	lr: 7.398e-05, eta: 0:00:33, time: 0.198, data_time: 0.000, memory: 4756, top1_acc: 1.0000, top5_acc: 1.0000, loss_cls: 0.0023, loss: 0.0023, grad_norm: 0.0584
2023-02-24 10:09:42,424 - pyskl - INFO - Evaluating top_k_accuracy ...
2023-02-24 10:09:42,425 - pyskl - INFO - 
top1_acc	1.0000
top5_acc	1.0000
2023-02-24 10:09:42,425 - pyskl - INFO - Evaluating mean_class_accuracy ...
2023-02-24 10:09:42,426 - pyskl - INFO - 
mean_acc	1.0000
2023-02-24 10:09:42,426 - pyskl - INFO - Epoch(val) [23][5]	top1_acc: 1.0000, top5_acc: 1.0000, mean_class_accuracy: 1.0000
2023-02-24 10:10:00,272 - pyskl - INFO - Epoch [24][20/57]	lr: 1.903e-05, eta: 0:00:16, time: 0.892, data_time: 0.731, memory: 4756, top1_acc: 1.0000, top5_acc: 1.0000, loss_cls: 0.0031, loss: 0.0031, grad_norm: 0.0829
2023-02-24 10:10:03,788 - pyskl - INFO - Epoch [24][40/57]	lr: 4.271e-06, eta: 0:00:07, time: 0.176, data_time: 0.012, memory: 4756, top1_acc: 1.0000, top5_acc: 1.0000, loss_cls: 0.0034, loss: 0.0034, grad_norm: 0.1068
2023-02-24 10:10:07,238 - pyskl - INFO - Saving checkpoint at 24 epochs
2023-02-24 10:10:23,084 - pyskl - INFO - Evaluating top_k_accuracy ...
2023-02-24 10:10:23,085 - pyskl - INFO - 
top1_acc	1.0000
top5_acc	1.0000
2023-02-24 10:10:23,085 - pyskl - INFO - Evaluating mean_class_accuracy ...
2023-02-24 10:10:23,086 - pyskl - INFO - 
mean_acc	1.0000
2023-02-24 10:10:23,086 - pyskl - INFO - Epoch(val) [24][5]	top1_acc: 1.0000, top5_acc: 1.0000, mean_class_accuracy: 1.0000
