2023-02-23 21:13:13,158 - pyskl - INFO - Environment info:
------------------------------------------------------------
sys.platform: linux
Python: 3.8.16 (default, Jan 17 2023, 23:13:24) [GCC 11.2.0]
CUDA available: True
GPU 0,1,2,3: NVIDIA GeForce RTX 3090
CUDA_HOME: /usr/local/cuda
NVCC: Cuda compilation tools, release 11.6, V11.6.55
GCC: gcc (Ubuntu 7.5.0-6ubuntu2) 7.5.0
PyTorch: 1.10.1
PyTorch compiling details: PyTorch built with:
  - GCC 7.3
  - C++ Version: 201402
  - Intel(R) oneAPI Math Kernel Library Version 2021.4-Product Build 20210904 for Intel(R) 64 architecture applications
  - Intel(R) MKL-DNN v2.2.3 (Git Hash 7336ca9f055cf1bfa13efb658fe15dc9b41f0740)
  - OpenMP 201511 (a.k.a. OpenMP 4.5)
  - LAPACK is enabled (usually provided by MKL)
  - NNPACK is enabled
  - CPU capability usage: AVX2
  - CUDA Runtime 11.3
  - NVCC architecture flags: -gencode;arch=compute_37,code=sm_37;-gencode;arch=compute_50,code=sm_50;-gencode;arch=compute_60,code=sm_60;-gencode;arch=compute_61,code=sm_61;-gencode;arch=compute_70,code=sm_70;-gencode;arch=compute_75,code=sm_75;-gencode;arch=compute_80,code=sm_80;-gencode;arch=compute_86,code=sm_86;-gencode;arch=compute_37,code=compute_37
  - CuDNN 8.2
  - Magma 2.5.2
  - Build settings: BLAS_INFO=mkl, BUILD_TYPE=Release, CUDA_VERSION=11.3, CUDNN_VERSION=8.2.0, CXX_COMPILER=/opt/rh/devtoolset-7/root/usr/bin/c++, CXX_FLAGS= -Wno-deprecated -fvisibility-inlines-hidden -DUSE_PTHREADPOOL -fopenmp -DNDEBUG -DUSE_KINETO -DUSE_FBGEMM -DUSE_QNNPACK -DUSE_PYTORCH_QNNPACK -DUSE_XNNPACK -DSYMBOLICATE_MOBILE_DEBUG_HANDLE -DEDGE_PROFILER_USE_KINETO -O2 -fPIC -Wno-narrowing -Wall -Wextra -Werror=return-type -Wno-missing-field-initializers -Wno-type-limits -Wno-array-bounds -Wno-unknown-pragmas -Wno-sign-compare -Wno-unused-parameter -Wno-unused-variable -Wno-unused-function -Wno-unused-result -Wno-unused-local-typedefs -Wno-strict-overflow -Wno-strict-aliasing -Wno-error=deprecated-declarations -Wno-stringop-overflow -Wno-psabi -Wno-error=pedantic -Wno-error=redundant-decls -Wno-error=old-style-cast -fdiagnostics-color=always -faligned-new -Wno-unused-but-set-variable -Wno-maybe-uninitialized -fno-math-errno -fno-trapping-math -Werror=format -Wno-stringop-overflow, LAPACK_INFO=mkl, PERF_WITH_AVX=1, PERF_WITH_AVX2=1, PERF_WITH_AVX512=1, TORCH_VERSION=1.10.1, USE_CUDA=ON, USE_CUDNN=ON, USE_EXCEPTION_PTR=1, USE_GFLAGS=OFF, USE_GLOG=OFF, USE_MKL=ON, USE_MKLDNN=ON, USE_MPI=OFF, USE_NCCL=ON, USE_NNPACK=ON, USE_OPENMP=ON, 

TorchVision: 0.11.2
OpenCV: 4.7.0
MMCV: 1.6.2
MMCV Compiler: GCC 9.3
MMCV CUDA Compiler: 11.3
pyskl: 0.1.0+HEAD
------------------------------------------------------------

2023-02-23 21:13:13,580 - pyskl - INFO - Config: model = dict(
    type='Recognizer3D',
    backbone=dict(
        type='ResNet3dSlowOnly',
        in_channels=5,
        base_channels=32,
        num_stages=3,
        out_indices=(2, ),
        stage_blocks=(4, 6, 3),
        conv1_stride=(1, 1),
        pool1_stride=(1, 1),
        inflate=(0, 1, 1),
        spatial_strides=(2, 2, 2),
        temporal_strides=(1, 1, 2)),
    cls_head=dict(type='I3DHead', in_channels=512, num_classes=6, dropout=0.5),
    test_cfg=dict(average_clips='prob'))
dataset_type = 'PoseDataset'
ann_file = 'data/ds_ncrc/ncrc.pkl'
left = [7, 8, 9, 11, 19, 20, 21, 22, 23, 24]
right = [3, 4, 5, 10, 13, 14, 15, 16, 17, 18]
train_pipeline = [
    dict(type='UniformSampleFrames', clip_len=48),
    dict(type='PoseDecode'),
    dict(type='PoseCompact', hw_ratio=1.0, allow_imgpad=True),
    dict(type='Resize', scale=(-1, 64)),
    dict(type='RandomResizedCrop', area_range=(0.56, 1.0)),
    dict(type='Resize', scale=(56, 56), keep_ratio=False),
    dict(
        type='Flip',
        flip_ratio=0.5,
        left_kp=[7, 8, 9, 11, 19, 20, 21, 22, 23, 24],
        right_kp=[3, 4, 5, 10, 13, 14, 15, 16, 17, 18]),
    dict(type='GenerateNCRCPoseTarget', with_kp=True, with_limb=False),
    dict(type='FormatShape', input_format='NCTHW_Heatmap'),
    dict(type='Collect', keys=['imgs', 'label'], meta_keys=[]),
    dict(type='ToTensor', keys=['imgs', 'label'])
]
val_pipeline = [
    dict(type='UniformSampleFrames', clip_len=48, num_clips=1),
    dict(type='PoseDecode'),
    dict(type='PoseCompact', hw_ratio=1.0, allow_imgpad=True),
    dict(type='Resize', scale=(64, 64), keep_ratio=False),
    dict(type='GenerateNCRCPoseTarget', with_kp=True, with_limb=False),
    dict(type='FormatShape', input_format='NCTHW_Heatmap'),
    dict(type='Collect', keys=['imgs', 'label'], meta_keys=[]),
    dict(type='ToTensor', keys=['imgs'])
]
test_pipeline = [
    dict(type='UniformSampleFrames', clip_len=48, num_clips=10),
    dict(type='PoseDecode'),
    dict(type='PoseCompact', hw_ratio=1.0, allow_imgpad=True),
    dict(type='Resize', scale=(64, 64), keep_ratio=False),
    dict(
        type='GenerateNCRCPoseTarget',
        with_kp=True,
        with_limb=False,
        double=True),
    dict(type='FormatShape', input_format='NCTHW_Heatmap'),
    dict(type='Collect', keys=['imgs', 'label'], meta_keys=[]),
    dict(type='ToTensor', keys=['imgs'])
]
data = dict(
    videos_per_gpu=8,
    workers_per_gpu=4,
    test_dataloader=dict(videos_per_gpu=3),
    train=dict(
        type='RepeatDataset',
        times=30,
        dataset=dict(
            type='PoseDataset',
            ann_file='data/ds_ncrc/ncrc.pkl',
            split='train',
            pipeline=[
                dict(type='UniformSampleFrames', clip_len=48),
                dict(type='PoseDecode'),
                dict(type='PoseCompact', hw_ratio=1.0, allow_imgpad=True),
                dict(type='Resize', scale=(-1, 64)),
                dict(type='RandomResizedCrop', area_range=(0.56, 1.0)),
                dict(type='Resize', scale=(56, 56), keep_ratio=False),
                dict(
                    type='Flip',
                    flip_ratio=0.5,
                    left_kp=[7, 8, 9, 11, 19, 20, 21, 22, 23, 24],
                    right_kp=[3, 4, 5, 10, 13, 14, 15, 16, 17, 18]),
                dict(
                    type='GenerateNCRCPoseTarget',
                    with_kp=True,
                    with_limb=False),
                dict(type='FormatShape', input_format='NCTHW_Heatmap'),
                dict(type='Collect', keys=['imgs', 'label'], meta_keys=[]),
                dict(type='ToTensor', keys=['imgs', 'label'])
            ])),
    val=dict(
        type='PoseDataset',
        ann_file='data/ds_ncrc/ncrc.pkl',
        split='test',
        pipeline=[
            dict(type='UniformSampleFrames', clip_len=48, num_clips=1),
            dict(type='PoseDecode'),
            dict(type='PoseCompact', hw_ratio=1.0, allow_imgpad=True),
            dict(type='Resize', scale=(64, 64), keep_ratio=False),
            dict(type='GenerateNCRCPoseTarget', with_kp=True, with_limb=False),
            dict(type='FormatShape', input_format='NCTHW_Heatmap'),
            dict(type='Collect', keys=['imgs', 'label'], meta_keys=[]),
            dict(type='ToTensor', keys=['imgs'])
        ]),
    test=dict(
        type='PoseDataset',
        ann_file='data/ds_ncrc/ncrc.pkl',
        split='test',
        pipeline=[
            dict(type='UniformSampleFrames', clip_len=48, num_clips=10),
            dict(type='PoseDecode'),
            dict(type='PoseCompact', hw_ratio=1.0, allow_imgpad=True),
            dict(type='Resize', scale=(64, 64), keep_ratio=False),
            dict(
                type='GenerateNCRCPoseTarget',
                with_kp=True,
                with_limb=False,
                double=True),
            dict(type='FormatShape', input_format='NCTHW_Heatmap'),
            dict(type='Collect', keys=['imgs', 'label'], meta_keys=[]),
            dict(type='ToTensor', keys=['imgs'])
        ]))
optimizer = dict(type='AdamW', lr=0.0005, weight_decay=0.0003)
optimizer_config = dict(grad_clip=dict(max_norm=40, norm_type=2))
lr_config = dict(policy='CosineAnnealing', by_epoch=False, min_lr=0)
total_epochs = 24
checkpoint_config = dict(interval=24)
evaluation = dict(
    interval=1, metrics=['top_k_accuracy', 'mean_class_accuracy'], topk=(1, 5))
log_config = dict(interval=20, hooks=[dict(type='TextLoggerHook')])
log_level = 'INFO'
output_config = dict(
    out='./model_pth/exp7/ncrc_adamw5e-4/test_result/results.pkl')
eval_config = dict(
    metric_out='./model_pth/exp7/ncrc_adamw5e-4/test_result',
    eval=[
        'top_k_accuracy', 'mean_class_accuracy', 'confusion_matrix',
        't_sne_vis'
    ])
work_dir = './model_pth/exp7/ncrc_adamw5e-4'
load_from = 'model_pth/ntu120xsub_5parts_kp/best_top1_acc_epoch_23.pth'
find_unused_parameters = True
dist_params = dict(backend='nccl')
gpu_ids = range(0, 4)

2023-02-23 21:13:13,581 - pyskl - INFO - Set random seed to 42, deterministic: True
2023-02-23 21:13:20,598 - pyskl - INFO - 282 videos remain after valid thresholding
2023-02-23 21:13:31,607 - pyskl - INFO - 116 videos remain after valid thresholding
2023-02-23 21:13:31,608 - pyskl - INFO - load checkpoint from local path: model_pth/ntu120xsub_5parts_kp/best_top1_acc_epoch_23.pth
2023-02-23 21:13:31,635 - pyskl - WARNING - The model and loaded state dict do not match exactly

size mismatch for cls_head.fc_cls.weight: copying a param with shape torch.Size([120, 512]) from checkpoint, the shape in current model is torch.Size([6, 512]).
size mismatch for cls_head.fc_cls.bias: copying a param with shape torch.Size([120]) from checkpoint, the shape in current model is torch.Size([6]).
2023-02-23 21:13:31,635 - pyskl - INFO - Start running, host: yl@83090-jin, work_dir: /home/yl/sscls/model_pth/exp7/ncrc_adamw5e-4
2023-02-23 21:13:31,636 - pyskl - INFO - Hooks will be executed in the following order:
before_run:
(VERY_HIGH   ) CosineAnnealingLrUpdaterHook       
(NORMAL      ) CheckpointHook                     
(NORMAL      ) DistEvalHook                       
(VERY_LOW    ) TextLoggerHook                     
 -------------------- 
before_train_epoch:
(VERY_HIGH   ) CosineAnnealingLrUpdaterHook       
(NORMAL      ) DistSamplerSeedHook                
(NORMAL      ) DistEvalHook                       
(LOW         ) IterTimerHook                      
(VERY_LOW    ) TextLoggerHook                     
 -------------------- 
before_train_iter:
(VERY_HIGH   ) CosineAnnealingLrUpdaterHook       
(NORMAL      ) DistEvalHook                       
(LOW         ) IterTimerHook                      
 -------------------- 
after_train_iter:
(ABOVE_NORMAL) OptimizerHook                      
(NORMAL      ) CheckpointHook                     
(NORMAL      ) DistEvalHook                       
(LOW         ) IterTimerHook                      
(VERY_LOW    ) TextLoggerHook                     
 -------------------- 
after_train_epoch:
(NORMAL      ) CheckpointHook                     
(NORMAL      ) DistEvalHook                       
(VERY_LOW    ) TextLoggerHook                     
 -------------------- 
before_val_epoch:
(NORMAL      ) DistSamplerSeedHook                
(LOW         ) IterTimerHook                      
(VERY_LOW    ) TextLoggerHook                     
 -------------------- 
before_val_iter:
(LOW         ) IterTimerHook                      
 -------------------- 
after_val_iter:
(LOW         ) IterTimerHook                      
 -------------------- 
after_val_epoch:
(VERY_LOW    ) TextLoggerHook                     
 -------------------- 
after_run:
(VERY_LOW    ) TextLoggerHook                     
 -------------------- 
2023-02-23 21:13:31,636 - pyskl - INFO - workflow: [('train', 1)], max: 24 epochs
2023-02-23 21:13:31,636 - pyskl - INFO - Checkpoints will be saved to /home/yl/sscls/model_pth/exp7/ncrc_adamw5e-4 by HardDiskBackend.
2023-02-23 21:13:58,124 - pyskl - INFO - Epoch [1][20/265]	lr: 5.000e-04, eta: 2:19:55, time: 1.324, data_time: 1.120, memory: 4764, top1_acc: 0.4453, top5_acc: 0.9203, loss_cls: 1.4970, loss: 1.4970, grad_norm: 2.5843
2023-02-23 21:14:01,465 - pyskl - INFO - Epoch [1][40/265]	lr: 5.000e-04, eta: 1:18:32, time: 0.167, data_time: 0.000, memory: 4764, top1_acc: 0.6469, top5_acc: 0.9734, loss_cls: 1.0689, loss: 1.0689, grad_norm: 2.4283
2023-02-23 21:14:04,793 - pyskl - INFO - Epoch [1][60/265]	lr: 4.999e-04, eta: 0:58:01, time: 0.166, data_time: 0.000, memory: 4764, top1_acc: 0.7422, top5_acc: 0.9984, loss_cls: 0.8093, loss: 0.8093, grad_norm: 2.4978
2023-02-23 21:14:08,143 - pyskl - INFO - Epoch [1][80/265]	lr: 4.998e-04, eta: 0:47:45, time: 0.168, data_time: 0.000, memory: 4764, top1_acc: 0.8234, top5_acc: 1.0000, loss_cls: 0.6228, loss: 0.6228, grad_norm: 2.6724
2023-02-23 21:14:11,511 - pyskl - INFO - Epoch [1][100/265]	lr: 4.997e-04, eta: 0:41:36, time: 0.168, data_time: 0.000, memory: 4764, top1_acc: 0.8750, top5_acc: 0.9969, loss_cls: 0.5054, loss: 0.5054, grad_norm: 2.7070
2023-02-23 21:14:14,853 - pyskl - INFO - Epoch [1][120/265]	lr: 4.996e-04, eta: 0:37:26, time: 0.167, data_time: 0.000, memory: 4764, top1_acc: 0.8922, top5_acc: 1.0000, loss_cls: 0.3966, loss: 0.3966, grad_norm: 2.9281
2023-02-23 21:14:18,196 - pyskl - INFO - Epoch [1][140/265]	lr: 4.994e-04, eta: 0:34:28, time: 0.168, data_time: 0.001, memory: 4764, top1_acc: 0.9187, top5_acc: 0.9969, loss_cls: 0.3307, loss: 0.3307, grad_norm: 2.7972
2023-02-23 21:14:21,558 - pyskl - INFO - Epoch [1][160/265]	lr: 4.992e-04, eta: 0:32:13, time: 0.168, data_time: 0.000, memory: 4764, top1_acc: 0.9187, top5_acc: 0.9984, loss_cls: 0.3058, loss: 0.3058, grad_norm: 2.5954
2023-02-23 21:14:24,900 - pyskl - INFO - Epoch [1][180/265]	lr: 4.990e-04, eta: 0:30:28, time: 0.167, data_time: 0.001, memory: 4764, top1_acc: 0.9563, top5_acc: 1.0000, loss_cls: 0.2175, loss: 0.2175, grad_norm: 2.3505
2023-02-23 21:14:28,264 - pyskl - INFO - Epoch [1][200/265]	lr: 4.988e-04, eta: 0:29:03, time: 0.168, data_time: 0.001, memory: 4764, top1_acc: 0.9594, top5_acc: 1.0000, loss_cls: 0.1920, loss: 0.1920, grad_norm: 2.2021
2023-02-23 21:14:31,607 - pyskl - INFO - Epoch [1][220/265]	lr: 4.985e-04, eta: 0:27:53, time: 0.167, data_time: 0.001, memory: 4764, top1_acc: 0.9422, top5_acc: 1.0000, loss_cls: 0.1914, loss: 0.1914, grad_norm: 2.2994
2023-02-23 21:14:34,970 - pyskl - INFO - Epoch [1][240/265]	lr: 4.983e-04, eta: 0:26:54, time: 0.168, data_time: 0.001, memory: 4764, top1_acc: 0.9594, top5_acc: 1.0000, loss_cls: 0.1576, loss: 0.1576, grad_norm: 2.0019
2023-02-23 21:14:38,306 - pyskl - INFO - Epoch [1][260/265]	lr: 4.980e-04, eta: 0:26:04, time: 0.167, data_time: 0.001, memory: 4764, top1_acc: 0.9750, top5_acc: 1.0000, loss_cls: 0.1280, loss: 0.1280, grad_norm: 1.7674
2023-02-23 21:14:58,787 - pyskl - INFO - Evaluating top_k_accuracy ...
2023-02-23 21:14:58,788 - pyskl - INFO - 
top1_acc	0.5259
top5_acc	0.9397
2023-02-23 21:14:58,788 - pyskl - INFO - Evaluating mean_class_accuracy ...
2023-02-23 21:14:58,789 - pyskl - INFO - 
mean_acc	0.5949
2023-02-23 21:14:58,853 - pyskl - INFO - Now best checkpoint is saved as best_top1_acc_epoch_1.pth.
2023-02-23 21:14:58,853 - pyskl - INFO - Best top1_acc is 0.5259 at 1 epoch.
2023-02-23 21:14:58,854 - pyskl - INFO - Epoch(val) [1][4]	top1_acc: 0.5259, top5_acc: 0.9397, mean_class_accuracy: 0.5949
2023-02-23 21:15:24,965 - pyskl - INFO - Epoch [2][20/265]	lr: 4.975e-04, eta: 0:32:57, time: 1.305, data_time: 1.136, memory: 4764, top1_acc: 0.9484, top5_acc: 1.0000, loss_cls: 0.1854, loss: 0.1854, grad_norm: 2.5082
2023-02-23 21:15:28,287 - pyskl - INFO - Epoch [2][40/265]	lr: 4.972e-04, eta: 0:31:47, time: 0.166, data_time: 0.000, memory: 4764, top1_acc: 0.9609, top5_acc: 1.0000, loss_cls: 0.1540, loss: 0.1540, grad_norm: 2.2278
2023-02-23 21:15:31,611 - pyskl - INFO - Epoch [2][60/265]	lr: 4.968e-04, eta: 0:30:46, time: 0.166, data_time: 0.000, memory: 4764, top1_acc: 0.9625, top5_acc: 1.0000, loss_cls: 0.1386, loss: 0.1386, grad_norm: 2.1232
2023-02-23 21:15:34,966 - pyskl - INFO - Epoch [2][80/265]	lr: 4.964e-04, eta: 0:29:51, time: 0.167, data_time: 0.000, memory: 4764, top1_acc: 0.9781, top5_acc: 1.0000, loss_cls: 0.1007, loss: 0.1007, grad_norm: 1.7405
2023-02-23 21:15:38,329 - pyskl - INFO - Epoch [2][100/265]	lr: 4.960e-04, eta: 0:29:03, time: 0.168, data_time: 0.001, memory: 4764, top1_acc: 0.9828, top5_acc: 0.9984, loss_cls: 0.0847, loss: 0.0847, grad_norm: 1.4729
2023-02-23 21:15:41,696 - pyskl - INFO - Epoch [2][120/265]	lr: 4.955e-04, eta: 0:28:19, time: 0.169, data_time: 0.001, memory: 4764, top1_acc: 0.9859, top5_acc: 1.0000, loss_cls: 0.0656, loss: 0.0656, grad_norm: 1.4519
2023-02-23 21:15:45,075 - pyskl - INFO - Epoch [2][140/265]	lr: 4.950e-04, eta: 0:27:39, time: 0.169, data_time: 0.000, memory: 4764, top1_acc: 0.9781, top5_acc: 1.0000, loss_cls: 0.0905, loss: 0.0905, grad_norm: 1.8316
2023-02-23 21:15:48,436 - pyskl - INFO - Epoch [2][160/265]	lr: 4.945e-04, eta: 0:27:03, time: 0.168, data_time: 0.001, memory: 4764, top1_acc: 0.9812, top5_acc: 1.0000, loss_cls: 0.0752, loss: 0.0752, grad_norm: 1.6557
2023-02-23 21:15:51,809 - pyskl - INFO - Epoch [2][180/265]	lr: 4.940e-04, eta: 0:26:29, time: 0.169, data_time: 0.001, memory: 4764, top1_acc: 0.9812, top5_acc: 1.0000, loss_cls: 0.0861, loss: 0.0861, grad_norm: 1.7454
2023-02-23 21:15:55,194 - pyskl - INFO - Epoch [2][200/265]	lr: 4.935e-04, eta: 0:25:59, time: 0.169, data_time: 0.000, memory: 4764, top1_acc: 0.9812, top5_acc: 1.0000, loss_cls: 0.0812, loss: 0.0812, grad_norm: 1.5427
2023-02-23 21:15:58,556 - pyskl - INFO - Epoch [2][220/265]	lr: 4.929e-04, eta: 0:25:30, time: 0.168, data_time: 0.000, memory: 4764, top1_acc: 0.9750, top5_acc: 1.0000, loss_cls: 0.0873, loss: 0.0873, grad_norm: 1.6961
2023-02-23 21:16:01,906 - pyskl - INFO - Epoch [2][240/265]	lr: 4.923e-04, eta: 0:25:03, time: 0.168, data_time: 0.001, memory: 4764, top1_acc: 0.9672, top5_acc: 1.0000, loss_cls: 0.1128, loss: 0.1128, grad_norm: 2.1150
2023-02-23 21:16:05,253 - pyskl - INFO - Epoch [2][260/265]	lr: 4.917e-04, eta: 0:24:38, time: 0.168, data_time: 0.001, memory: 4764, top1_acc: 0.9766, top5_acc: 1.0000, loss_cls: 0.0966, loss: 0.0966, grad_norm: 1.8751
2023-02-23 21:16:25,531 - pyskl - INFO - Evaluating top_k_accuracy ...
2023-02-23 21:16:25,532 - pyskl - INFO - 
top1_acc	0.5431
top5_acc	0.9483
2023-02-23 21:16:25,532 - pyskl - INFO - Evaluating mean_class_accuracy ...
2023-02-23 21:16:25,532 - pyskl - INFO - 
mean_acc	0.6349
2023-02-23 21:16:25,536 - pyskl - INFO - The previous best checkpoint /home/yl/sscls/model_pth/exp7/ncrc_adamw5e-4/best_top1_acc_epoch_1.pth was removed
2023-02-23 21:16:25,599 - pyskl - INFO - Now best checkpoint is saved as best_top1_acc_epoch_2.pth.
2023-02-23 21:16:25,599 - pyskl - INFO - Best top1_acc is 0.5431 at 2 epoch.
2023-02-23 21:16:25,599 - pyskl - INFO - Epoch(val) [2][4]	top1_acc: 0.5431, top5_acc: 0.9483, mean_class_accuracy: 0.6349
2023-02-23 21:16:51,503 - pyskl - INFO - Epoch [3][20/265]	lr: 4.909e-04, eta: 0:27:59, time: 1.295, data_time: 1.126, memory: 4764, top1_acc: 0.9797, top5_acc: 1.0000, loss_cls: 0.0841, loss: 0.0841, grad_norm: 1.8308
2023-02-23 21:16:54,874 - pyskl - INFO - Epoch [3][40/265]	lr: 4.902e-04, eta: 0:27:28, time: 0.169, data_time: 0.000, memory: 4764, top1_acc: 0.9891, top5_acc: 1.0000, loss_cls: 0.0681, loss: 0.0681, grad_norm: 1.2857
2023-02-23 21:16:58,214 - pyskl - INFO - Epoch [3][60/265]	lr: 4.895e-04, eta: 0:27:00, time: 0.167, data_time: 0.000, memory: 4764, top1_acc: 0.9953, top5_acc: 1.0000, loss_cls: 0.0407, loss: 0.0407, grad_norm: 0.9552
2023-02-23 21:17:01,547 - pyskl - INFO - Epoch [3][80/265]	lr: 4.888e-04, eta: 0:26:33, time: 0.167, data_time: 0.001, memory: 4764, top1_acc: 0.9953, top5_acc: 1.0000, loss_cls: 0.0392, loss: 0.0392, grad_norm: 0.8165
2023-02-23 21:17:04,901 - pyskl - INFO - Epoch [3][100/265]	lr: 4.880e-04, eta: 0:26:07, time: 0.168, data_time: 0.000, memory: 4764, top1_acc: 0.9953, top5_acc: 1.0000, loss_cls: 0.0244, loss: 0.0244, grad_norm: 0.6588
2023-02-23 21:17:08,237 - pyskl - INFO - Epoch [3][120/265]	lr: 4.873e-04, eta: 0:25:43, time: 0.166, data_time: 0.000, memory: 4764, top1_acc: 0.9906, top5_acc: 1.0000, loss_cls: 0.0411, loss: 0.0411, grad_norm: 1.1079
2023-02-23 21:17:11,554 - pyskl - INFO - Epoch [3][140/265]	lr: 4.865e-04, eta: 0:25:20, time: 0.166, data_time: 0.001, memory: 4764, top1_acc: 0.9891, top5_acc: 1.0000, loss_cls: 0.0498, loss: 0.0498, grad_norm: 1.4601
2023-02-23 21:17:14,898 - pyskl - INFO - Epoch [3][160/265]	lr: 4.857e-04, eta: 0:24:58, time: 0.167, data_time: 0.000, memory: 4764, top1_acc: 0.9766, top5_acc: 1.0000, loss_cls: 0.0747, loss: 0.0747, grad_norm: 1.9715
2023-02-23 21:17:18,270 - pyskl - INFO - Epoch [3][180/265]	lr: 4.848e-04, eta: 0:24:37, time: 0.168, data_time: 0.001, memory: 4764, top1_acc: 0.9875, top5_acc: 1.0000, loss_cls: 0.0594, loss: 0.0594, grad_norm: 1.3622
2023-02-23 21:17:21,633 - pyskl - INFO - Epoch [3][200/265]	lr: 4.840e-04, eta: 0:24:18, time: 0.168, data_time: 0.001, memory: 4764, top1_acc: 0.9859, top5_acc: 1.0000, loss_cls: 0.0645, loss: 0.0645, grad_norm: 1.5156
2023-02-23 21:17:25,040 - pyskl - INFO - Epoch [3][220/265]	lr: 4.831e-04, eta: 0:23:59, time: 0.171, data_time: 0.001, memory: 4764, top1_acc: 0.9906, top5_acc: 1.0000, loss_cls: 0.0448, loss: 0.0448, grad_norm: 1.2031
2023-02-23 21:17:28,410 - pyskl - INFO - Epoch [3][240/265]	lr: 4.822e-04, eta: 0:23:41, time: 0.168, data_time: 0.000, memory: 4764, top1_acc: 0.9938, top5_acc: 1.0000, loss_cls: 0.0374, loss: 0.0374, grad_norm: 1.1346
2023-02-23 21:17:31,741 - pyskl - INFO - Epoch [3][260/265]	lr: 4.813e-04, eta: 0:23:24, time: 0.167, data_time: 0.001, memory: 4764, top1_acc: 0.9875, top5_acc: 1.0000, loss_cls: 0.0392, loss: 0.0392, grad_norm: 0.9856
2023-02-23 21:17:51,989 - pyskl - INFO - Evaluating top_k_accuracy ...
2023-02-23 21:17:51,989 - pyskl - INFO - 
top1_acc	0.6638
top5_acc	0.9741
2023-02-23 21:17:51,989 - pyskl - INFO - Evaluating mean_class_accuracy ...
2023-02-23 21:17:51,990 - pyskl - INFO - 
mean_acc	0.6299
2023-02-23 21:17:51,994 - pyskl - INFO - The previous best checkpoint /home/yl/sscls/model_pth/exp7/ncrc_adamw5e-4/best_top1_acc_epoch_2.pth was removed
2023-02-23 21:17:52,054 - pyskl - INFO - Now best checkpoint is saved as best_top1_acc_epoch_3.pth.
2023-02-23 21:17:52,054 - pyskl - INFO - Best top1_acc is 0.6638 at 3 epoch.
2023-02-23 21:17:52,055 - pyskl - INFO - Epoch(val) [3][4]	top1_acc: 0.6638, top5_acc: 0.9741, mean_class_accuracy: 0.6299
2023-02-23 21:18:18,048 - pyskl - INFO - Epoch [4][20/265]	lr: 4.801e-04, eta: 0:25:32, time: 1.300, data_time: 1.130, memory: 4764, top1_acc: 0.9922, top5_acc: 1.0000, loss_cls: 0.0388, loss: 0.0388, grad_norm: 1.0719
2023-02-23 21:18:21,404 - pyskl - INFO - Epoch [4][40/265]	lr: 4.791e-04, eta: 0:25:12, time: 0.168, data_time: 0.000, memory: 4764, top1_acc: 0.9938, top5_acc: 1.0000, loss_cls: 0.0321, loss: 0.0321, grad_norm: 1.0104
2023-02-23 21:18:24,716 - pyskl - INFO - Epoch [4][60/265]	lr: 4.781e-04, eta: 0:24:52, time: 0.166, data_time: 0.000, memory: 4764, top1_acc: 0.9922, top5_acc: 1.0000, loss_cls: 0.0337, loss: 0.0337, grad_norm: 1.0794
2023-02-23 21:18:28,117 - pyskl - INFO - Epoch [4][80/265]	lr: 4.771e-04, eta: 0:24:34, time: 0.170, data_time: 0.000, memory: 4764, top1_acc: 0.9938, top5_acc: 1.0000, loss_cls: 0.0328, loss: 0.0328, grad_norm: 0.9113
2023-02-23 21:18:31,461 - pyskl - INFO - Epoch [4][100/265]	lr: 4.760e-04, eta: 0:24:16, time: 0.167, data_time: 0.000, memory: 4764, top1_acc: 0.9969, top5_acc: 1.0000, loss_cls: 0.0173, loss: 0.0173, grad_norm: 0.5813
2023-02-23 21:18:34,808 - pyskl - INFO - Epoch [4][120/265]	lr: 4.750e-04, eta: 0:23:59, time: 0.168, data_time: 0.001, memory: 4764, top1_acc: 0.9891, top5_acc: 1.0000, loss_cls: 0.0318, loss: 0.0318, grad_norm: 0.9047
2023-02-23 21:18:38,162 - pyskl - INFO - Epoch [4][140/265]	lr: 4.739e-04, eta: 0:23:43, time: 0.168, data_time: 0.000, memory: 4764, top1_acc: 0.9891, top5_acc: 0.9984, loss_cls: 0.0398, loss: 0.0398, grad_norm: 1.4227
2023-02-23 21:18:41,509 - pyskl - INFO - Epoch [4][160/265]	lr: 4.728e-04, eta: 0:23:27, time: 0.167, data_time: 0.000, memory: 4764, top1_acc: 0.9781, top5_acc: 1.0000, loss_cls: 0.0634, loss: 0.0634, grad_norm: 1.6110
2023-02-23 21:18:44,876 - pyskl - INFO - Epoch [4][180/265]	lr: 4.716e-04, eta: 0:23:11, time: 0.169, data_time: 0.000, memory: 4764, top1_acc: 0.9891, top5_acc: 1.0000, loss_cls: 0.0488, loss: 0.0488, grad_norm: 1.1155
2023-02-23 21:18:48,238 - pyskl - INFO - Epoch [4][200/265]	lr: 4.705e-04, eta: 0:22:56, time: 0.168, data_time: 0.000, memory: 4764, top1_acc: 0.9812, top5_acc: 1.0000, loss_cls: 0.0439, loss: 0.0439, grad_norm: 1.1935
2023-02-23 21:18:51,601 - pyskl - INFO - Epoch [4][220/265]	lr: 4.693e-04, eta: 0:22:42, time: 0.168, data_time: 0.001, memory: 4764, top1_acc: 0.9906, top5_acc: 1.0000, loss_cls: 0.0305, loss: 0.0305, grad_norm: 1.0738
2023-02-23 21:18:54,943 - pyskl - INFO - Epoch [4][240/265]	lr: 4.681e-04, eta: 0:22:28, time: 0.167, data_time: 0.001, memory: 4764, top1_acc: 0.9844, top5_acc: 1.0000, loss_cls: 0.0464, loss: 0.0464, grad_norm: 1.4388
2023-02-23 21:18:58,277 - pyskl - INFO - Epoch [4][260/265]	lr: 4.669e-04, eta: 0:22:14, time: 0.167, data_time: 0.001, memory: 4764, top1_acc: 0.9875, top5_acc: 1.0000, loss_cls: 0.0493, loss: 0.0493, grad_norm: 1.3317
2023-02-23 21:19:18,661 - pyskl - INFO - Evaluating top_k_accuracy ...
2023-02-23 21:19:18,661 - pyskl - INFO - 
top1_acc	0.5690
top5_acc	0.9052
2023-02-23 21:19:18,661 - pyskl - INFO - Evaluating mean_class_accuracy ...
2023-02-23 21:19:18,662 - pyskl - INFO - 
mean_acc	0.6378
2023-02-23 21:19:18,662 - pyskl - INFO - Epoch(val) [4][4]	top1_acc: 0.5690, top5_acc: 0.9052, mean_class_accuracy: 0.6378
2023-02-23 21:19:45,588 - pyskl - INFO - Epoch [5][20/265]	lr: 4.653e-04, eta: 0:23:49, time: 1.346, data_time: 1.145, memory: 4764, top1_acc: 0.9953, top5_acc: 1.0000, loss_cls: 0.0205, loss: 0.0205, grad_norm: 0.7359
2023-02-23 21:19:48,950 - pyskl - INFO - Epoch [5][40/265]	lr: 4.641e-04, eta: 0:23:33, time: 0.168, data_time: 0.001, memory: 4764, top1_acc: 0.9906, top5_acc: 1.0000, loss_cls: 0.0351, loss: 0.0351, grad_norm: 1.2035
2023-02-23 21:19:52,305 - pyskl - INFO - Epoch [5][60/265]	lr: 4.628e-04, eta: 0:23:19, time: 0.168, data_time: 0.000, memory: 4764, top1_acc: 0.9906, top5_acc: 1.0000, loss_cls: 0.0408, loss: 0.0408, grad_norm: 1.1832
2023-02-23 21:19:55,640 - pyskl - INFO - Epoch [5][80/265]	lr: 4.615e-04, eta: 0:23:04, time: 0.167, data_time: 0.000, memory: 4764, top1_acc: 0.9875, top5_acc: 1.0000, loss_cls: 0.0448, loss: 0.0448, grad_norm: 1.2804
2023-02-23 21:19:59,020 - pyskl - INFO - Epoch [5][100/265]	lr: 4.601e-04, eta: 0:22:50, time: 0.169, data_time: 0.000, memory: 4764, top1_acc: 0.9891, top5_acc: 1.0000, loss_cls: 0.0412, loss: 0.0412, grad_norm: 1.1247
2023-02-23 21:20:02,343 - pyskl - INFO - Epoch [5][120/265]	lr: 4.588e-04, eta: 0:22:36, time: 0.166, data_time: 0.000, memory: 4764, top1_acc: 0.9922, top5_acc: 1.0000, loss_cls: 0.0325, loss: 0.0325, grad_norm: 0.9326
2023-02-23 21:20:05,711 - pyskl - INFO - Epoch [5][140/265]	lr: 4.574e-04, eta: 0:22:23, time: 0.168, data_time: 0.000, memory: 4764, top1_acc: 0.9906, top5_acc: 1.0000, loss_cls: 0.0364, loss: 0.0364, grad_norm: 1.0130
2023-02-23 21:20:09,076 - pyskl - INFO - Epoch [5][160/265]	lr: 4.560e-04, eta: 0:22:10, time: 0.168, data_time: 0.000, memory: 4764, top1_acc: 1.0000, top5_acc: 1.0000, loss_cls: 0.0186, loss: 0.0186, grad_norm: 0.5801
2023-02-23 21:20:12,468 - pyskl - INFO - Epoch [5][180/265]	lr: 4.546e-04, eta: 0:21:58, time: 0.170, data_time: 0.001, memory: 4764, top1_acc: 0.9969, top5_acc: 1.0000, loss_cls: 0.0145, loss: 0.0145, grad_norm: 0.4597
2023-02-23 21:20:15,835 - pyskl - INFO - Epoch [5][200/265]	lr: 4.532e-04, eta: 0:21:45, time: 0.168, data_time: 0.001, memory: 4764, top1_acc: 0.9953, top5_acc: 1.0000, loss_cls: 0.0147, loss: 0.0147, grad_norm: 0.4650
2023-02-23 21:20:19,230 - pyskl - INFO - Epoch [5][220/265]	lr: 4.517e-04, eta: 0:21:33, time: 0.170, data_time: 0.001, memory: 4764, top1_acc: 0.9984, top5_acc: 1.0000, loss_cls: 0.0071, loss: 0.0071, grad_norm: 0.3080
2023-02-23 21:20:22,557 - pyskl - INFO - Epoch [5][240/265]	lr: 4.503e-04, eta: 0:21:21, time: 0.166, data_time: 0.000, memory: 4764, top1_acc: 1.0000, top5_acc: 1.0000, loss_cls: 0.0087, loss: 0.0087, grad_norm: 0.2914
2023-02-23 21:20:25,881 - pyskl - INFO - Epoch [5][260/265]	lr: 4.488e-04, eta: 0:21:10, time: 0.166, data_time: 0.001, memory: 4764, top1_acc: 0.9984, top5_acc: 1.0000, loss_cls: 0.0080, loss: 0.0080, grad_norm: 0.3162
2023-02-23 21:20:46,485 - pyskl - INFO - Evaluating top_k_accuracy ...
2023-02-23 21:20:46,485 - pyskl - INFO - 
top1_acc	0.7759
top5_acc	1.0000
2023-02-23 21:20:46,486 - pyskl - INFO - Evaluating mean_class_accuracy ...
2023-02-23 21:20:46,486 - pyskl - INFO - 
mean_acc	0.7801
2023-02-23 21:20:46,490 - pyskl - INFO - The previous best checkpoint /home/yl/sscls/model_pth/exp7/ncrc_adamw5e-4/best_top1_acc_epoch_3.pth was removed
2023-02-23 21:20:46,549 - pyskl - INFO - Now best checkpoint is saved as best_top1_acc_epoch_5.pth.
2023-02-23 21:20:46,549 - pyskl - INFO - Best top1_acc is 0.7759 at 5 epoch.
2023-02-23 21:20:46,549 - pyskl - INFO - Epoch(val) [5][4]	top1_acc: 0.7759, top5_acc: 1.0000, mean_class_accuracy: 0.7801
2023-02-23 21:21:13,284 - pyskl - INFO - Epoch [6][20/265]	lr: 4.469e-04, eta: 0:22:19, time: 1.337, data_time: 1.169, memory: 4764, top1_acc: 0.9953, top5_acc: 1.0000, loss_cls: 0.0278, loss: 0.0278, grad_norm: 0.9367
2023-02-23 21:21:16,669 - pyskl - INFO - Epoch [6][40/265]	lr: 4.454e-04, eta: 0:22:07, time: 0.169, data_time: 0.000, memory: 4764, top1_acc: 0.9953, top5_acc: 1.0000, loss_cls: 0.0244, loss: 0.0244, grad_norm: 0.8989
2023-02-23 21:21:20,064 - pyskl - INFO - Epoch [6][60/265]	lr: 4.438e-04, eta: 0:21:55, time: 0.170, data_time: 0.001, memory: 4764, top1_acc: 0.9953, top5_acc: 1.0000, loss_cls: 0.0237, loss: 0.0237, grad_norm: 0.7655
2023-02-23 21:21:23,403 - pyskl - INFO - Epoch [6][80/265]	lr: 4.422e-04, eta: 0:21:43, time: 0.167, data_time: 0.000, memory: 4764, top1_acc: 0.9984, top5_acc: 1.0000, loss_cls: 0.0150, loss: 0.0150, grad_norm: 0.5456
2023-02-23 21:21:26,759 - pyskl - INFO - Epoch [6][100/265]	lr: 4.407e-04, eta: 0:21:31, time: 0.168, data_time: 0.000, memory: 4764, top1_acc: 0.9969, top5_acc: 1.0000, loss_cls: 0.0170, loss: 0.0170, grad_norm: 0.7496
2023-02-23 21:21:30,149 - pyskl - INFO - Epoch [6][120/265]	lr: 4.391e-04, eta: 0:21:19, time: 0.169, data_time: 0.000, memory: 4764, top1_acc: 1.0000, top5_acc: 1.0000, loss_cls: 0.0120, loss: 0.0120, grad_norm: 0.4892
2023-02-23 21:21:33,544 - pyskl - INFO - Epoch [6][140/265]	lr: 4.374e-04, eta: 0:21:08, time: 0.170, data_time: 0.001, memory: 4764, top1_acc: 0.9938, top5_acc: 1.0000, loss_cls: 0.0220, loss: 0.0220, grad_norm: 0.7292
2023-02-23 21:21:36,889 - pyskl - INFO - Epoch [6][160/265]	lr: 4.358e-04, eta: 0:20:57, time: 0.168, data_time: 0.001, memory: 4764, top1_acc: 0.9969, top5_acc: 1.0000, loss_cls: 0.0138, loss: 0.0138, grad_norm: 0.4351
2023-02-23 21:21:40,247 - pyskl - INFO - Epoch [6][180/265]	lr: 4.341e-04, eta: 0:20:46, time: 0.168, data_time: 0.001, memory: 4764, top1_acc: 0.9969, top5_acc: 1.0000, loss_cls: 0.0141, loss: 0.0141, grad_norm: 0.4326
2023-02-23 21:21:43,607 - pyskl - INFO - Epoch [6][200/265]	lr: 4.324e-04, eta: 0:20:35, time: 0.168, data_time: 0.001, memory: 4764, top1_acc: 0.9938, top5_acc: 1.0000, loss_cls: 0.0176, loss: 0.0176, grad_norm: 0.7133
2023-02-23 21:21:46,964 - pyskl - INFO - Epoch [6][220/265]	lr: 4.307e-04, eta: 0:20:24, time: 0.168, data_time: 0.001, memory: 4764, top1_acc: 0.9922, top5_acc: 1.0000, loss_cls: 0.0301, loss: 0.0301, grad_norm: 0.9696
2023-02-23 21:21:50,328 - pyskl - INFO - Epoch [6][240/265]	lr: 4.290e-04, eta: 0:20:14, time: 0.168, data_time: 0.000, memory: 4764, top1_acc: 0.9922, top5_acc: 1.0000, loss_cls: 0.0296, loss: 0.0296, grad_norm: 1.0676
2023-02-23 21:21:53,655 - pyskl - INFO - Epoch [6][260/265]	lr: 4.273e-04, eta: 0:20:04, time: 0.167, data_time: 0.001, memory: 4764, top1_acc: 0.9875, top5_acc: 1.0000, loss_cls: 0.0363, loss: 0.0363, grad_norm: 1.3426
2023-02-23 21:22:14,437 - pyskl - INFO - Evaluating top_k_accuracy ...
2023-02-23 21:22:14,437 - pyskl - INFO - 
top1_acc	0.5776
top5_acc	0.9741
2023-02-23 21:22:14,437 - pyskl - INFO - Evaluating mean_class_accuracy ...
2023-02-23 21:22:14,438 - pyskl - INFO - 
mean_acc	0.6063
2023-02-23 21:22:14,438 - pyskl - INFO - Epoch(val) [6][4]	top1_acc: 0.5776, top5_acc: 0.9741, mean_class_accuracy: 0.6063
2023-02-23 21:22:41,010 - pyskl - INFO - Epoch [7][20/265]	lr: 4.251e-04, eta: 0:20:57, time: 1.328, data_time: 1.157, memory: 4764, top1_acc: 0.9922, top5_acc: 1.0000, loss_cls: 0.0331, loss: 0.0331, grad_norm: 0.9462
2023-02-23 21:22:44,357 - pyskl - INFO - Epoch [7][40/265]	lr: 4.233e-04, eta: 0:20:46, time: 0.167, data_time: 0.000, memory: 4764, top1_acc: 0.9953, top5_acc: 1.0000, loss_cls: 0.0160, loss: 0.0160, grad_norm: 0.5843
2023-02-23 21:22:47,673 - pyskl - INFO - Epoch [7][60/265]	lr: 4.216e-04, eta: 0:20:35, time: 0.166, data_time: 0.001, memory: 4764, top1_acc: 0.9938, top5_acc: 1.0000, loss_cls: 0.0227, loss: 0.0227, grad_norm: 0.7071
2023-02-23 21:22:51,041 - pyskl - INFO - Epoch [7][80/265]	lr: 4.197e-04, eta: 0:20:25, time: 0.168, data_time: 0.001, memory: 4764, top1_acc: 0.9906, top5_acc: 1.0000, loss_cls: 0.0329, loss: 0.0329, grad_norm: 1.0674
2023-02-23 21:22:54,398 - pyskl - INFO - Epoch [7][100/265]	lr: 4.179e-04, eta: 0:20:14, time: 0.169, data_time: 0.001, memory: 4764, top1_acc: 1.0000, top5_acc: 1.0000, loss_cls: 0.0093, loss: 0.0093, grad_norm: 0.3705
2023-02-23 21:22:57,737 - pyskl - INFO - Epoch [7][120/265]	lr: 4.161e-04, eta: 0:20:04, time: 0.167, data_time: 0.000, memory: 4764, top1_acc: 0.9984, top5_acc: 1.0000, loss_cls: 0.0101, loss: 0.0101, grad_norm: 0.4615
2023-02-23 21:23:01,143 - pyskl - INFO - Epoch [7][140/265]	lr: 4.142e-04, eta: 0:19:54, time: 0.170, data_time: 0.000, memory: 4764, top1_acc: 1.0000, top5_acc: 1.0000, loss_cls: 0.0060, loss: 0.0060, grad_norm: 0.2106
2023-02-23 21:23:04,490 - pyskl - INFO - Epoch [7][160/265]	lr: 4.124e-04, eta: 0:19:44, time: 0.167, data_time: 0.000, memory: 4764, top1_acc: 1.0000, top5_acc: 1.0000, loss_cls: 0.0058, loss: 0.0058, grad_norm: 0.2864
2023-02-23 21:23:07,811 - pyskl - INFO - Epoch [7][180/265]	lr: 4.105e-04, eta: 0:19:34, time: 0.166, data_time: 0.001, memory: 4764, top1_acc: 1.0000, top5_acc: 1.0000, loss_cls: 0.0057, loss: 0.0057, grad_norm: 0.2324
2023-02-23 21:23:11,152 - pyskl - INFO - Epoch [7][200/265]	lr: 4.086e-04, eta: 0:19:25, time: 0.167, data_time: 0.001, memory: 4764, top1_acc: 1.0000, top5_acc: 1.0000, loss_cls: 0.0031, loss: 0.0031, grad_norm: 0.1176
2023-02-23 21:23:14,473 - pyskl - INFO - Epoch [7][220/265]	lr: 4.067e-04, eta: 0:19:15, time: 0.166, data_time: 0.001, memory: 4764, top1_acc: 0.9984, top5_acc: 1.0000, loss_cls: 0.0048, loss: 0.0048, grad_norm: 0.1689
2023-02-23 21:23:17,825 - pyskl - INFO - Epoch [7][240/265]	lr: 4.047e-04, eta: 0:19:06, time: 0.168, data_time: 0.000, memory: 4764, top1_acc: 1.0000, top5_acc: 1.0000, loss_cls: 0.0056, loss: 0.0056, grad_norm: 0.2384
2023-02-23 21:23:21,163 - pyskl - INFO - Epoch [7][260/265]	lr: 4.028e-04, eta: 0:18:57, time: 0.167, data_time: 0.000, memory: 4764, top1_acc: 1.0000, top5_acc: 1.0000, loss_cls: 0.0027, loss: 0.0027, grad_norm: 0.1012
2023-02-23 21:23:41,593 - pyskl - INFO - Evaluating top_k_accuracy ...
2023-02-23 21:23:41,594 - pyskl - INFO - 
top1_acc	0.7069
top5_acc	0.9483
2023-02-23 21:23:41,594 - pyskl - INFO - Evaluating mean_class_accuracy ...
2023-02-23 21:23:41,594 - pyskl - INFO - 
mean_acc	0.7385
2023-02-23 21:23:41,595 - pyskl - INFO - Epoch(val) [7][4]	top1_acc: 0.7069, top5_acc: 0.9483, mean_class_accuracy: 0.7385
2023-02-23 21:24:08,070 - pyskl - INFO - Epoch [8][20/265]	lr: 4.003e-04, eta: 0:19:39, time: 1.324, data_time: 1.140, memory: 4764, top1_acc: 0.9969, top5_acc: 1.0000, loss_cls: 0.0172, loss: 0.0172, grad_norm: 0.6711
2023-02-23 21:24:11,441 - pyskl - INFO - Epoch [8][40/265]	lr: 3.983e-04, eta: 0:19:29, time: 0.168, data_time: 0.000, memory: 4764, top1_acc: 0.9875, top5_acc: 1.0000, loss_cls: 0.0335, loss: 0.0335, grad_norm: 1.1299
2023-02-23 21:24:14,774 - pyskl - INFO - Epoch [8][60/265]	lr: 3.963e-04, eta: 0:19:19, time: 0.167, data_time: 0.001, memory: 4764, top1_acc: 0.9984, top5_acc: 1.0000, loss_cls: 0.0232, loss: 0.0232, grad_norm: 0.7434
2023-02-23 21:24:18,131 - pyskl - INFO - Epoch [8][80/265]	lr: 3.943e-04, eta: 0:19:10, time: 0.168, data_time: 0.000, memory: 4764, top1_acc: 0.9922, top5_acc: 1.0000, loss_cls: 0.0218, loss: 0.0218, grad_norm: 0.6847
2023-02-23 21:24:21,484 - pyskl - INFO - Epoch [8][100/265]	lr: 3.923e-04, eta: 0:19:00, time: 0.168, data_time: 0.000, memory: 4764, top1_acc: 0.9891, top5_acc: 1.0000, loss_cls: 0.0364, loss: 0.0364, grad_norm: 1.2946
2023-02-23 21:24:24,846 - pyskl - INFO - Epoch [8][120/265]	lr: 3.903e-04, eta: 0:18:51, time: 0.168, data_time: 0.000, memory: 4764, top1_acc: 0.9844, top5_acc: 1.0000, loss_cls: 0.0542, loss: 0.0542, grad_norm: 1.4470
2023-02-23 21:24:28,193 - pyskl - INFO - Epoch [8][140/265]	lr: 3.882e-04, eta: 0:18:42, time: 0.167, data_time: 0.000, memory: 4764, top1_acc: 0.9594, top5_acc: 1.0000, loss_cls: 0.1303, loss: 0.1303, grad_norm: 3.1848
2023-02-23 21:24:31,571 - pyskl - INFO - Epoch [8][160/265]	lr: 3.862e-04, eta: 0:18:33, time: 0.169, data_time: 0.000, memory: 4764, top1_acc: 0.9766, top5_acc: 1.0000, loss_cls: 0.0716, loss: 0.0716, grad_norm: 1.9440
2023-02-23 21:24:34,950 - pyskl - INFO - Epoch [8][180/265]	lr: 3.841e-04, eta: 0:18:24, time: 0.169, data_time: 0.001, memory: 4764, top1_acc: 0.9812, top5_acc: 1.0000, loss_cls: 0.0662, loss: 0.0662, grad_norm: 1.6972
2023-02-23 21:24:38,325 - pyskl - INFO - Epoch [8][200/265]	lr: 3.820e-04, eta: 0:18:15, time: 0.168, data_time: 0.000, memory: 4764, top1_acc: 0.9859, top5_acc: 1.0000, loss_cls: 0.0490, loss: 0.0490, grad_norm: 1.4895
2023-02-23 21:24:41,700 - pyskl - INFO - Epoch [8][220/265]	lr: 3.799e-04, eta: 0:18:07, time: 0.169, data_time: 0.001, memory: 4764, top1_acc: 0.9719, top5_acc: 1.0000, loss_cls: 0.0909, loss: 0.0909, grad_norm: 2.1047
2023-02-23 21:24:45,066 - pyskl - INFO - Epoch [8][240/265]	lr: 3.778e-04, eta: 0:17:58, time: 0.168, data_time: 0.000, memory: 4764, top1_acc: 0.9750, top5_acc: 1.0000, loss_cls: 0.0878, loss: 0.0878, grad_norm: 2.0093
2023-02-23 21:24:48,413 - pyskl - INFO - Epoch [8][260/265]	lr: 3.756e-04, eta: 0:17:50, time: 0.167, data_time: 0.000, memory: 4764, top1_acc: 0.9906, top5_acc: 1.0000, loss_cls: 0.0364, loss: 0.0364, grad_norm: 1.0940
2023-02-23 21:25:09,183 - pyskl - INFO - Evaluating top_k_accuracy ...
2023-02-23 21:25:09,184 - pyskl - INFO - 
top1_acc	0.7155
top5_acc	1.0000
2023-02-23 21:25:09,184 - pyskl - INFO - Evaluating mean_class_accuracy ...
2023-02-23 21:25:09,184 - pyskl - INFO - 
mean_acc	0.7323
2023-02-23 21:25:09,184 - pyskl - INFO - Epoch(val) [8][4]	top1_acc: 0.7155, top5_acc: 1.0000, mean_class_accuracy: 0.7323
2023-02-23 21:25:35,766 - pyskl - INFO - Epoch [9][20/265]	lr: 3.730e-04, eta: 0:18:23, time: 1.329, data_time: 1.140, memory: 4764, top1_acc: 0.9938, top5_acc: 1.0000, loss_cls: 0.0253, loss: 0.0253, grad_norm: 0.9269
2023-02-23 21:25:39,082 - pyskl - INFO - Epoch [9][40/265]	lr: 3.708e-04, eta: 0:18:15, time: 0.166, data_time: 0.001, memory: 4764, top1_acc: 0.9906, top5_acc: 1.0000, loss_cls: 0.0316, loss: 0.0316, grad_norm: 0.8286
2023-02-23 21:25:42,430 - pyskl - INFO - Epoch [9][60/265]	lr: 3.686e-04, eta: 0:18:06, time: 0.168, data_time: 0.001, memory: 4764, top1_acc: 0.9984, top5_acc: 1.0000, loss_cls: 0.0102, loss: 0.0102, grad_norm: 0.4280
2023-02-23 21:25:45,787 - pyskl - INFO - Epoch [9][80/265]	lr: 3.665e-04, eta: 0:17:57, time: 0.167, data_time: 0.000, memory: 4764, top1_acc: 0.9969, top5_acc: 1.0000, loss_cls: 0.0129, loss: 0.0129, grad_norm: 0.5434
2023-02-23 21:25:49,121 - pyskl - INFO - Epoch [9][100/265]	lr: 3.643e-04, eta: 0:17:48, time: 0.167, data_time: 0.001, memory: 4764, top1_acc: 1.0000, top5_acc: 1.0000, loss_cls: 0.0087, loss: 0.0087, grad_norm: 0.2843
2023-02-23 21:25:52,508 - pyskl - INFO - Epoch [9][120/265]	lr: 3.621e-04, eta: 0:17:40, time: 0.169, data_time: 0.001, memory: 4764, top1_acc: 0.9984, top5_acc: 1.0000, loss_cls: 0.0077, loss: 0.0077, grad_norm: 0.2626
2023-02-23 21:25:55,899 - pyskl - INFO - Epoch [9][140/265]	lr: 3.599e-04, eta: 0:17:32, time: 0.169, data_time: 0.001, memory: 4764, top1_acc: 0.9969, top5_acc: 1.0000, loss_cls: 0.0132, loss: 0.0132, grad_norm: 0.4565
2023-02-23 21:25:59,268 - pyskl - INFO - Epoch [9][160/265]	lr: 3.576e-04, eta: 0:17:23, time: 0.169, data_time: 0.001, memory: 4764, top1_acc: 0.9984, top5_acc: 1.0000, loss_cls: 0.0102, loss: 0.0102, grad_norm: 0.2890
2023-02-23 21:26:02,623 - pyskl - INFO - Epoch [9][180/265]	lr: 3.554e-04, eta: 0:17:15, time: 0.168, data_time: 0.000, memory: 4764, top1_acc: 1.0000, top5_acc: 1.0000, loss_cls: 0.0051, loss: 0.0051, grad_norm: 0.2161
2023-02-23 21:26:05,962 - pyskl - INFO - Epoch [9][200/265]	lr: 3.531e-04, eta: 0:17:07, time: 0.167, data_time: 0.000, memory: 4764, top1_acc: 1.0000, top5_acc: 1.0000, loss_cls: 0.0044, loss: 0.0044, grad_norm: 0.1672
2023-02-23 21:26:09,339 - pyskl - INFO - Epoch [9][220/265]	lr: 3.509e-04, eta: 0:16:59, time: 0.169, data_time: 0.000, memory: 4764, top1_acc: 1.0000, top5_acc: 1.0000, loss_cls: 0.0031, loss: 0.0031, grad_norm: 0.1080
2023-02-23 21:26:12,726 - pyskl - INFO - Epoch [9][240/265]	lr: 3.486e-04, eta: 0:16:51, time: 0.169, data_time: 0.000, memory: 4764, top1_acc: 1.0000, top5_acc: 1.0000, loss_cls: 0.0042, loss: 0.0042, grad_norm: 0.1700
2023-02-23 21:26:16,067 - pyskl - INFO - Epoch [9][260/265]	lr: 3.464e-04, eta: 0:16:43, time: 0.167, data_time: 0.000, memory: 4764, top1_acc: 0.9984, top5_acc: 1.0000, loss_cls: 0.0089, loss: 0.0089, grad_norm: 0.3476
2023-02-23 21:26:36,495 - pyskl - INFO - Evaluating top_k_accuracy ...
2023-02-23 21:26:36,496 - pyskl - INFO - 
top1_acc	0.8276
top5_acc	0.9914
2023-02-23 21:26:36,496 - pyskl - INFO - Evaluating mean_class_accuracy ...
2023-02-23 21:26:36,496 - pyskl - INFO - 
mean_acc	0.8410
2023-02-23 21:26:36,500 - pyskl - INFO - The previous best checkpoint /home/yl/sscls/model_pth/exp7/ncrc_adamw5e-4/best_top1_acc_epoch_5.pth was removed
2023-02-23 21:26:36,553 - pyskl - INFO - Now best checkpoint is saved as best_top1_acc_epoch_9.pth.
2023-02-23 21:26:36,554 - pyskl - INFO - Best top1_acc is 0.8276 at 9 epoch.
2023-02-23 21:26:36,554 - pyskl - INFO - Epoch(val) [9][4]	top1_acc: 0.8276, top5_acc: 0.9914, mean_class_accuracy: 0.8410
2023-02-23 21:27:02,953 - pyskl - INFO - Epoch [10][20/265]	lr: 3.435e-04, eta: 0:17:10, time: 1.320, data_time: 1.128, memory: 4764, top1_acc: 0.9969, top5_acc: 1.0000, loss_cls: 0.0165, loss: 0.0165, grad_norm: 0.5122
2023-02-23 21:27:06,254 - pyskl - INFO - Epoch [10][40/265]	lr: 3.412e-04, eta: 0:17:02, time: 0.165, data_time: 0.000, memory: 4764, top1_acc: 0.9969, top5_acc: 1.0000, loss_cls: 0.0135, loss: 0.0135, grad_norm: 0.5825
2023-02-23 21:27:09,576 - pyskl - INFO - Epoch [10][60/265]	lr: 3.389e-04, eta: 0:16:53, time: 0.166, data_time: 0.001, memory: 4764, top1_acc: 1.0000, top5_acc: 1.0000, loss_cls: 0.0058, loss: 0.0058, grad_norm: 0.3101
2023-02-23 21:27:12,919 - pyskl - INFO - Epoch [10][80/265]	lr: 3.366e-04, eta: 0:16:45, time: 0.168, data_time: 0.001, memory: 4764, top1_acc: 0.9984, top5_acc: 1.0000, loss_cls: 0.0059, loss: 0.0059, grad_norm: 0.2421
2023-02-23 21:27:16,233 - pyskl - INFO - Epoch [10][100/265]	lr: 3.343e-04, eta: 0:16:37, time: 0.166, data_time: 0.000, memory: 4764, top1_acc: 1.0000, top5_acc: 1.0000, loss_cls: 0.0045, loss: 0.0045, grad_norm: 0.1839
2023-02-23 21:27:19,575 - pyskl - INFO - Epoch [10][120/265]	lr: 3.319e-04, eta: 0:16:29, time: 0.167, data_time: 0.000, memory: 4764, top1_acc: 1.0000, top5_acc: 1.0000, loss_cls: 0.0028, loss: 0.0028, grad_norm: 0.1097
2023-02-23 21:27:22,917 - pyskl - INFO - Epoch [10][140/265]	lr: 3.296e-04, eta: 0:16:21, time: 0.167, data_time: 0.000, memory: 4764, top1_acc: 0.9969, top5_acc: 1.0000, loss_cls: 0.0117, loss: 0.0117, grad_norm: 0.4676
2023-02-23 21:27:26,307 - pyskl - INFO - Epoch [10][160/265]	lr: 3.273e-04, eta: 0:16:14, time: 0.169, data_time: 0.000, memory: 4764, top1_acc: 1.0000, top5_acc: 1.0000, loss_cls: 0.0038, loss: 0.0038, grad_norm: 0.1693
2023-02-23 21:27:29,654 - pyskl - INFO - Epoch [10][180/265]	lr: 3.249e-04, eta: 0:16:06, time: 0.168, data_time: 0.001, memory: 4764, top1_acc: 1.0000, top5_acc: 1.0000, loss_cls: 0.0029, loss: 0.0029, grad_norm: 0.1319
2023-02-23 21:27:33,053 - pyskl - INFO - Epoch [10][200/265]	lr: 3.225e-04, eta: 0:15:58, time: 0.170, data_time: 0.000, memory: 4764, top1_acc: 1.0000, top5_acc: 1.0000, loss_cls: 0.0029, loss: 0.0029, grad_norm: 0.1390
2023-02-23 21:27:36,479 - pyskl - INFO - Epoch [10][220/265]	lr: 3.202e-04, eta: 0:15:51, time: 0.171, data_time: 0.001, memory: 4764, top1_acc: 0.9938, top5_acc: 1.0000, loss_cls: 0.0250, loss: 0.0250, grad_norm: 0.7585
2023-02-23 21:27:39,820 - pyskl - INFO - Epoch [10][240/265]	lr: 3.178e-04, eta: 0:15:43, time: 0.167, data_time: 0.001, memory: 4764, top1_acc: 1.0000, top5_acc: 1.0000, loss_cls: 0.0050, loss: 0.0050, grad_norm: 0.2817
2023-02-23 21:27:43,172 - pyskl - INFO - Epoch [10][260/265]	lr: 3.154e-04, eta: 0:15:36, time: 0.168, data_time: 0.000, memory: 4764, top1_acc: 0.9984, top5_acc: 1.0000, loss_cls: 0.0040, loss: 0.0040, grad_norm: 0.1881
2023-02-23 21:28:03,683 - pyskl - INFO - Evaluating top_k_accuracy ...
2023-02-23 21:28:03,683 - pyskl - INFO - 
top1_acc	0.7759
top5_acc	0.9569
2023-02-23 21:28:03,683 - pyskl - INFO - Evaluating mean_class_accuracy ...
2023-02-23 21:28:03,684 - pyskl - INFO - 
mean_acc	0.8024
2023-02-23 21:28:03,684 - pyskl - INFO - Epoch(val) [10][4]	top1_acc: 0.7759, top5_acc: 0.9569, mean_class_accuracy: 0.8024
2023-02-23 21:28:30,404 - pyskl - INFO - Epoch [11][20/265]	lr: 3.124e-04, eta: 0:15:58, time: 1.336, data_time: 1.126, memory: 4764, top1_acc: 1.0000, top5_acc: 1.0000, loss_cls: 0.0062, loss: 0.0062, grad_norm: 0.2733
2023-02-23 21:28:33,766 - pyskl - INFO - Epoch [11][40/265]	lr: 3.100e-04, eta: 0:15:50, time: 0.168, data_time: 0.000, memory: 4764, top1_acc: 0.9984, top5_acc: 1.0000, loss_cls: 0.0057, loss: 0.0057, grad_norm: 0.2355
2023-02-23 21:28:37,105 - pyskl - INFO - Epoch [11][60/265]	lr: 3.076e-04, eta: 0:15:43, time: 0.167, data_time: 0.001, memory: 4764, top1_acc: 0.9969, top5_acc: 1.0000, loss_cls: 0.0091, loss: 0.0091, grad_norm: 0.3738
2023-02-23 21:28:40,479 - pyskl - INFO - Epoch [11][80/265]	lr: 3.052e-04, eta: 0:15:35, time: 0.169, data_time: 0.001, memory: 4764, top1_acc: 0.9984, top5_acc: 1.0000, loss_cls: 0.0049, loss: 0.0049, grad_norm: 0.2487
2023-02-23 21:28:43,857 - pyskl - INFO - Epoch [11][100/265]	lr: 3.028e-04, eta: 0:15:28, time: 0.169, data_time: 0.000, memory: 4764, top1_acc: 0.9953, top5_acc: 1.0000, loss_cls: 0.0203, loss: 0.0203, grad_norm: 0.4739
2023-02-23 21:28:47,204 - pyskl - INFO - Epoch [11][120/265]	lr: 3.004e-04, eta: 0:15:20, time: 0.167, data_time: 0.000, memory: 4764, top1_acc: 0.9953, top5_acc: 1.0000, loss_cls: 0.0165, loss: 0.0165, grad_norm: 0.6316
2023-02-23 21:28:50,550 - pyskl - INFO - Epoch [11][140/265]	lr: 2.980e-04, eta: 0:15:13, time: 0.168, data_time: 0.001, memory: 4764, top1_acc: 1.0000, top5_acc: 1.0000, loss_cls: 0.0088, loss: 0.0088, grad_norm: 0.4336
2023-02-23 21:28:53,937 - pyskl - INFO - Epoch [11][160/265]	lr: 2.956e-04, eta: 0:15:05, time: 0.169, data_time: 0.000, memory: 4764, top1_acc: 1.0000, top5_acc: 1.0000, loss_cls: 0.0037, loss: 0.0037, grad_norm: 0.1545
2023-02-23 21:28:57,286 - pyskl - INFO - Epoch [11][180/265]	lr: 2.931e-04, eta: 0:14:58, time: 0.167, data_time: 0.001, memory: 4764, top1_acc: 1.0000, top5_acc: 1.0000, loss_cls: 0.0047, loss: 0.0047, grad_norm: 0.1884
2023-02-23 21:29:00,660 - pyskl - INFO - Epoch [11][200/265]	lr: 2.907e-04, eta: 0:14:51, time: 0.169, data_time: 0.001, memory: 4764, top1_acc: 1.0000, top5_acc: 1.0000, loss_cls: 0.0023, loss: 0.0023, grad_norm: 0.1007
2023-02-23 21:29:04,036 - pyskl - INFO - Epoch [11][220/265]	lr: 2.883e-04, eta: 0:14:44, time: 0.168, data_time: 0.000, memory: 4764, top1_acc: 0.9984, top5_acc: 1.0000, loss_cls: 0.0032, loss: 0.0032, grad_norm: 0.1715
2023-02-23 21:29:07,390 - pyskl - INFO - Epoch [11][240/265]	lr: 2.858e-04, eta: 0:14:37, time: 0.168, data_time: 0.001, memory: 4764, top1_acc: 0.9984, top5_acc: 1.0000, loss_cls: 0.0032, loss: 0.0032, grad_norm: 0.1652
2023-02-23 21:29:10,706 - pyskl - INFO - Epoch [11][260/265]	lr: 2.834e-04, eta: 0:14:29, time: 0.166, data_time: 0.001, memory: 4764, top1_acc: 1.0000, top5_acc: 1.0000, loss_cls: 0.0013, loss: 0.0013, grad_norm: 0.0493
2023-02-23 21:29:31,278 - pyskl - INFO - Evaluating top_k_accuracy ...
2023-02-23 21:29:31,279 - pyskl - INFO - 
top1_acc	0.7759
top5_acc	0.9914
2023-02-23 21:29:31,279 - pyskl - INFO - Evaluating mean_class_accuracy ...
2023-02-23 21:29:31,279 - pyskl - INFO - 
mean_acc	0.7900
2023-02-23 21:29:31,280 - pyskl - INFO - Epoch(val) [11][4]	top1_acc: 0.7759, top5_acc: 0.9914, mean_class_accuracy: 0.7900
2023-02-23 21:29:58,255 - pyskl - INFO - Epoch [12][20/265]	lr: 2.803e-04, eta: 0:14:47, time: 1.349, data_time: 1.163, memory: 4764, top1_acc: 0.9969, top5_acc: 1.0000, loss_cls: 0.0063, loss: 0.0063, grad_norm: 0.4191
2023-02-23 21:30:01,644 - pyskl - INFO - Epoch [12][40/265]	lr: 2.779e-04, eta: 0:14:40, time: 0.169, data_time: 0.000, memory: 4764, top1_acc: 0.9969, top5_acc: 1.0000, loss_cls: 0.0081, loss: 0.0081, grad_norm: 0.5242
2023-02-23 21:30:05,002 - pyskl - INFO - Epoch [12][60/265]	lr: 2.754e-04, eta: 0:14:33, time: 0.168, data_time: 0.001, memory: 4764, top1_acc: 0.9984, top5_acc: 1.0000, loss_cls: 0.0062, loss: 0.0062, grad_norm: 0.3514
2023-02-23 21:30:08,346 - pyskl - INFO - Epoch [12][80/265]	lr: 2.729e-04, eta: 0:14:26, time: 0.167, data_time: 0.000, memory: 4764, top1_acc: 1.0000, top5_acc: 1.0000, loss_cls: 0.0089, loss: 0.0089, grad_norm: 0.4065
2023-02-23 21:30:11,722 - pyskl - INFO - Epoch [12][100/265]	lr: 2.705e-04, eta: 0:14:18, time: 0.168, data_time: 0.000, memory: 4764, top1_acc: 1.0000, top5_acc: 1.0000, loss_cls: 0.0028, loss: 0.0028, grad_norm: 0.1352
2023-02-23 21:30:15,085 - pyskl - INFO - Epoch [12][120/265]	lr: 2.680e-04, eta: 0:14:11, time: 0.169, data_time: 0.001, memory: 4764, top1_acc: 0.9984, top5_acc: 1.0000, loss_cls: 0.0037, loss: 0.0037, grad_norm: 0.1208
2023-02-23 21:30:18,466 - pyskl - INFO - Epoch [12][140/265]	lr: 2.655e-04, eta: 0:14:04, time: 0.169, data_time: 0.000, memory: 4764, top1_acc: 1.0000, top5_acc: 1.0000, loss_cls: 0.0016, loss: 0.0016, grad_norm: 0.0646
2023-02-23 21:30:21,858 - pyskl - INFO - Epoch [12][160/265]	lr: 2.631e-04, eta: 0:13:57, time: 0.170, data_time: 0.000, memory: 4764, top1_acc: 1.0000, top5_acc: 1.0000, loss_cls: 0.0009, loss: 0.0009, grad_norm: 0.0364
2023-02-23 21:30:25,199 - pyskl - INFO - Epoch [12][180/265]	lr: 2.606e-04, eta: 0:13:50, time: 0.167, data_time: 0.000, memory: 4764, top1_acc: 1.0000, top5_acc: 1.0000, loss_cls: 0.0026, loss: 0.0026, grad_norm: 0.1159
2023-02-23 21:30:28,550 - pyskl - INFO - Epoch [12][200/265]	lr: 2.581e-04, eta: 0:13:44, time: 0.167, data_time: 0.000, memory: 4764, top1_acc: 1.0000, top5_acc: 1.0000, loss_cls: 0.0020, loss: 0.0020, grad_norm: 0.0901
2023-02-23 21:30:31,922 - pyskl - INFO - Epoch [12][220/265]	lr: 2.557e-04, eta: 0:13:37, time: 0.169, data_time: 0.001, memory: 4764, top1_acc: 1.0000, top5_acc: 1.0000, loss_cls: 0.0040, loss: 0.0040, grad_norm: 0.1999
2023-02-23 21:30:35,303 - pyskl - INFO - Epoch [12][240/265]	lr: 2.532e-04, eta: 0:13:30, time: 0.169, data_time: 0.000, memory: 4764, top1_acc: 0.9984, top5_acc: 1.0000, loss_cls: 0.0042, loss: 0.0042, grad_norm: 0.2020
2023-02-23 21:30:38,657 - pyskl - INFO - Epoch [12][260/265]	lr: 2.507e-04, eta: 0:13:23, time: 0.168, data_time: 0.000, memory: 4764, top1_acc: 0.9984, top5_acc: 1.0000, loss_cls: 0.0043, loss: 0.0043, grad_norm: 0.2055
2023-02-23 21:30:59,578 - pyskl - INFO - Evaluating top_k_accuracy ...
2023-02-23 21:30:59,579 - pyskl - INFO - 
top1_acc	0.7672
top5_acc	0.9828
2023-02-23 21:30:59,579 - pyskl - INFO - Evaluating mean_class_accuracy ...
2023-02-23 21:30:59,580 - pyskl - INFO - 
mean_acc	0.7918
2023-02-23 21:30:59,580 - pyskl - INFO - Epoch(val) [12][4]	top1_acc: 0.7672, top5_acc: 0.9828, mean_class_accuracy: 0.7918
2023-02-23 21:31:26,229 - pyskl - INFO - Epoch [13][20/265]	lr: 2.477e-04, eta: 0:13:37, time: 1.332, data_time: 1.141, memory: 4764, top1_acc: 0.9938, top5_acc: 1.0000, loss_cls: 0.0178, loss: 0.0178, grad_norm: 0.6654
2023-02-23 21:31:29,594 - pyskl - INFO - Epoch [13][40/265]	lr: 2.452e-04, eta: 0:13:30, time: 0.168, data_time: 0.000, memory: 4764, top1_acc: 0.9953, top5_acc: 1.0000, loss_cls: 0.0145, loss: 0.0145, grad_norm: 0.6725
2023-02-23 21:31:32,951 - pyskl - INFO - Epoch [13][60/265]	lr: 2.427e-04, eta: 0:13:23, time: 0.168, data_time: 0.000, memory: 4764, top1_acc: 1.0000, top5_acc: 1.0000, loss_cls: 0.0038, loss: 0.0038, grad_norm: 0.1466
2023-02-23 21:31:36,462 - pyskl - INFO - Epoch [13][80/265]	lr: 2.402e-04, eta: 0:13:16, time: 0.176, data_time: 0.001, memory: 4764, top1_acc: 1.0000, top5_acc: 1.0000, loss_cls: 0.0042, loss: 0.0042, grad_norm: 0.1712
2023-02-23 21:31:39,913 - pyskl - INFO - Epoch [13][100/265]	lr: 2.378e-04, eta: 0:13:10, time: 0.173, data_time: 0.001, memory: 4764, top1_acc: 1.0000, top5_acc: 1.0000, loss_cls: 0.0022, loss: 0.0022, grad_norm: 0.0892
2023-02-23 21:31:44,116 - pyskl - INFO - Epoch [13][120/265]	lr: 2.353e-04, eta: 0:13:04, time: 0.210, data_time: 0.000, memory: 4764, top1_acc: 1.0000, top5_acc: 1.0000, loss_cls: 0.0024, loss: 0.0024, grad_norm: 0.0946
2023-02-23 21:31:50,689 - pyskl - INFO - Epoch [13][140/265]	lr: 2.328e-04, eta: 0:13:00, time: 0.328, data_time: 0.000, memory: 4764, top1_acc: 1.0000, top5_acc: 1.0000, loss_cls: 0.0015, loss: 0.0015, grad_norm: 0.0575
2023-02-23 21:31:57,381 - pyskl - INFO - Epoch [13][160/265]	lr: 2.304e-04, eta: 0:12:56, time: 0.334, data_time: 0.001, memory: 4764, top1_acc: 1.0000, top5_acc: 1.0000, loss_cls: 0.0009, loss: 0.0009, grad_norm: 0.0383
2023-02-23 21:32:04,022 - pyskl - INFO - Epoch [13][180/265]	lr: 2.279e-04, eta: 0:12:52, time: 0.332, data_time: 0.001, memory: 4764, top1_acc: 1.0000, top5_acc: 1.0000, loss_cls: 0.0016, loss: 0.0016, grad_norm: 0.0627
2023-02-23 21:32:10,795 - pyskl - INFO - Epoch [13][200/265]	lr: 2.255e-04, eta: 0:12:49, time: 0.339, data_time: 0.001, memory: 4764, top1_acc: 1.0000, top5_acc: 1.0000, loss_cls: 0.0020, loss: 0.0020, grad_norm: 0.0806
2023-02-23 21:32:15,297 - pyskl - INFO - Epoch [13][220/265]	lr: 2.230e-04, eta: 0:12:43, time: 0.225, data_time: 0.001, memory: 4764, top1_acc: 1.0000, top5_acc: 1.0000, loss_cls: 0.0017, loss: 0.0017, grad_norm: 0.0848
2023-02-23 21:32:18,837 - pyskl - INFO - Epoch [13][240/265]	lr: 2.206e-04, eta: 0:12:36, time: 0.176, data_time: 0.000, memory: 4764, top1_acc: 1.0000, top5_acc: 1.0000, loss_cls: 0.0008, loss: 0.0008, grad_norm: 0.0312
2023-02-23 21:32:23,198 - pyskl - INFO - Epoch [13][260/265]	lr: 2.181e-04, eta: 0:12:31, time: 0.218, data_time: 0.001, memory: 4764, top1_acc: 1.0000, top5_acc: 1.0000, loss_cls: 0.0010, loss: 0.0010, grad_norm: 0.0389
2023-02-23 21:32:45,580 - pyskl - INFO - Evaluating top_k_accuracy ...
2023-02-23 21:32:45,581 - pyskl - INFO - 
top1_acc	0.7672
top5_acc	0.9828
2023-02-23 21:32:45,581 - pyskl - INFO - Evaluating mean_class_accuracy ...
2023-02-23 21:32:45,581 - pyskl - INFO - 
mean_acc	0.7867
2023-02-23 21:32:45,581 - pyskl - INFO - Epoch(val) [13][4]	top1_acc: 0.7672, top5_acc: 0.9828, mean_class_accuracy: 0.7867
2023-02-23 21:33:12,574 - pyskl - INFO - Epoch [14][20/265]	lr: 2.150e-04, eta: 0:12:41, time: 1.349, data_time: 1.156, memory: 4764, top1_acc: 0.9938, top5_acc: 1.0000, loss_cls: 0.0186, loss: 0.0186, grad_norm: 0.6763
2023-02-23 21:33:15,945 - pyskl - INFO - Epoch [14][40/265]	lr: 2.126e-04, eta: 0:12:34, time: 0.169, data_time: 0.001, memory: 4764, top1_acc: 0.9984, top5_acc: 1.0000, loss_cls: 0.0113, loss: 0.0113, grad_norm: 0.5347
2023-02-23 21:33:19,263 - pyskl - INFO - Epoch [14][60/265]	lr: 2.102e-04, eta: 0:12:28, time: 0.166, data_time: 0.001, memory: 4764, top1_acc: 0.9984, top5_acc: 1.0000, loss_cls: 0.0057, loss: 0.0057, grad_norm: 0.2298
2023-02-23 21:33:22,640 - pyskl - INFO - Epoch [14][80/265]	lr: 2.077e-04, eta: 0:12:21, time: 0.169, data_time: 0.000, memory: 4764, top1_acc: 1.0000, top5_acc: 1.0000, loss_cls: 0.0032, loss: 0.0032, grad_norm: 0.1411
2023-02-23 21:33:25,955 - pyskl - INFO - Epoch [14][100/265]	lr: 2.053e-04, eta: 0:12:14, time: 0.166, data_time: 0.000, memory: 4764, top1_acc: 0.9984, top5_acc: 1.0000, loss_cls: 0.0032, loss: 0.0032, grad_norm: 0.1749
2023-02-23 21:33:29,262 - pyskl - INFO - Epoch [14][120/265]	lr: 2.029e-04, eta: 0:12:07, time: 0.165, data_time: 0.000, memory: 4764, top1_acc: 0.9984, top5_acc: 1.0000, loss_cls: 0.0047, loss: 0.0047, grad_norm: 0.2329
2023-02-23 21:33:32,596 - pyskl - INFO - Epoch [14][140/265]	lr: 2.004e-04, eta: 0:12:01, time: 0.166, data_time: 0.000, memory: 4764, top1_acc: 1.0000, top5_acc: 1.0000, loss_cls: 0.0025, loss: 0.0025, grad_norm: 0.1192
2023-02-23 21:33:35,942 - pyskl - INFO - Epoch [14][160/265]	lr: 1.980e-04, eta: 0:11:54, time: 0.167, data_time: 0.001, memory: 4764, top1_acc: 0.9984, top5_acc: 1.0000, loss_cls: 0.0038, loss: 0.0038, grad_norm: 0.1951
2023-02-23 21:33:39,290 - pyskl - INFO - Epoch [14][180/265]	lr: 1.956e-04, eta: 0:11:48, time: 0.168, data_time: 0.000, memory: 4764, top1_acc: 1.0000, top5_acc: 1.0000, loss_cls: 0.0016, loss: 0.0016, grad_norm: 0.0696
2023-02-23 21:33:42,616 - pyskl - INFO - Epoch [14][200/265]	lr: 1.932e-04, eta: 0:11:41, time: 0.166, data_time: 0.000, memory: 4764, top1_acc: 1.0000, top5_acc: 1.0000, loss_cls: 0.0006, loss: 0.0006, grad_norm: 0.0240
2023-02-23 21:33:46,002 - pyskl - INFO - Epoch [14][220/265]	lr: 1.908e-04, eta: 0:11:35, time: 0.169, data_time: 0.001, memory: 4764, top1_acc: 1.0000, top5_acc: 1.0000, loss_cls: 0.0015, loss: 0.0015, grad_norm: 0.0598
2023-02-23 21:33:49,371 - pyskl - INFO - Epoch [14][240/265]	lr: 1.884e-04, eta: 0:11:28, time: 0.169, data_time: 0.001, memory: 4764, top1_acc: 1.0000, top5_acc: 1.0000, loss_cls: 0.0016, loss: 0.0016, grad_norm: 0.0685
2023-02-23 21:33:52,701 - pyskl - INFO - Epoch [14][260/265]	lr: 1.860e-04, eta: 0:11:22, time: 0.167, data_time: 0.000, memory: 4764, top1_acc: 1.0000, top5_acc: 1.0000, loss_cls: 0.0033, loss: 0.0033, grad_norm: 0.1751
2023-02-23 21:34:13,516 - pyskl - INFO - Evaluating top_k_accuracy ...
2023-02-23 21:34:13,517 - pyskl - INFO - 
top1_acc	0.7241
top5_acc	1.0000
2023-02-23 21:34:13,517 - pyskl - INFO - Evaluating mean_class_accuracy ...
2023-02-23 21:34:13,517 - pyskl - INFO - 
mean_acc	0.7516
2023-02-23 21:34:13,517 - pyskl - INFO - Epoch(val) [14][4]	top1_acc: 0.7241, top5_acc: 1.0000, mean_class_accuracy: 0.7516
2023-02-23 21:34:40,119 - pyskl - INFO - Epoch [15][20/265]	lr: 1.830e-04, eta: 0:11:29, time: 1.329, data_time: 1.121, memory: 4764, top1_acc: 1.0000, top5_acc: 1.0000, loss_cls: 0.0009, loss: 0.0009, grad_norm: 0.0401
2023-02-23 21:34:43,466 - pyskl - INFO - Epoch [15][40/265]	lr: 1.807e-04, eta: 0:11:23, time: 0.168, data_time: 0.001, memory: 4764, top1_acc: 1.0000, top5_acc: 1.0000, loss_cls: 0.0011, loss: 0.0011, grad_norm: 0.0416
2023-02-23 21:34:46,853 - pyskl - INFO - Epoch [15][60/265]	lr: 1.783e-04, eta: 0:11:16, time: 0.169, data_time: 0.001, memory: 4764, top1_acc: 1.0000, top5_acc: 1.0000, loss_cls: 0.0006, loss: 0.0006, grad_norm: 0.0241
2023-02-23 21:34:50,211 - pyskl - INFO - Epoch [15][80/265]	lr: 1.759e-04, eta: 0:11:10, time: 0.168, data_time: 0.001, memory: 4764, top1_acc: 0.9984, top5_acc: 1.0000, loss_cls: 0.0018, loss: 0.0018, grad_norm: 0.1248
2023-02-23 21:34:53,547 - pyskl - INFO - Epoch [15][100/265]	lr: 1.736e-04, eta: 0:11:03, time: 0.167, data_time: 0.001, memory: 4764, top1_acc: 1.0000, top5_acc: 1.0000, loss_cls: 0.0022, loss: 0.0022, grad_norm: 0.1396
2023-02-23 21:34:56,907 - pyskl - INFO - Epoch [15][120/265]	lr: 1.712e-04, eta: 0:10:57, time: 0.168, data_time: 0.000, memory: 4764, top1_acc: 1.0000, top5_acc: 1.0000, loss_cls: 0.0021, loss: 0.0021, grad_norm: 0.1047
2023-02-23 21:35:00,244 - pyskl - INFO - Epoch [15][140/265]	lr: 1.689e-04, eta: 0:10:51, time: 0.167, data_time: 0.000, memory: 4764, top1_acc: 1.0000, top5_acc: 1.0000, loss_cls: 0.0022, loss: 0.0022, grad_norm: 0.0962
2023-02-23 21:35:03,593 - pyskl - INFO - Epoch [15][160/265]	lr: 1.665e-04, eta: 0:10:44, time: 0.167, data_time: 0.000, memory: 4764, top1_acc: 1.0000, top5_acc: 1.0000, loss_cls: 0.0012, loss: 0.0012, grad_norm: 0.0800
2023-02-23 21:35:06,963 - pyskl - INFO - Epoch [15][180/265]	lr: 1.642e-04, eta: 0:10:38, time: 0.169, data_time: 0.000, memory: 4764, top1_acc: 1.0000, top5_acc: 1.0000, loss_cls: 0.0006, loss: 0.0006, grad_norm: 0.0297
2023-02-23 21:35:10,351 - pyskl - INFO - Epoch [15][200/265]	lr: 1.619e-04, eta: 0:10:32, time: 0.169, data_time: 0.000, memory: 4764, top1_acc: 1.0000, top5_acc: 1.0000, loss_cls: 0.0018, loss: 0.0018, grad_norm: 0.0952
2023-02-23 21:35:13,732 - pyskl - INFO - Epoch [15][220/265]	lr: 1.596e-04, eta: 0:10:25, time: 0.169, data_time: 0.000, memory: 4764, top1_acc: 1.0000, top5_acc: 1.0000, loss_cls: 0.0010, loss: 0.0010, grad_norm: 0.0412
2023-02-23 21:35:17,080 - pyskl - INFO - Epoch [15][240/265]	lr: 1.573e-04, eta: 0:10:19, time: 0.167, data_time: 0.001, memory: 4764, top1_acc: 1.0000, top5_acc: 1.0000, loss_cls: 0.0007, loss: 0.0007, grad_norm: 0.0333
2023-02-23 21:35:20,428 - pyskl - INFO - Epoch [15][260/265]	lr: 1.550e-04, eta: 0:10:13, time: 0.167, data_time: 0.000, memory: 4764, top1_acc: 0.9969, top5_acc: 1.0000, loss_cls: 0.0071, loss: 0.0071, grad_norm: 0.1473
2023-02-23 21:35:41,443 - pyskl - INFO - Evaluating top_k_accuracy ...
2023-02-23 21:35:41,444 - pyskl - INFO - 
top1_acc	0.7414
top5_acc	0.9741
2023-02-23 21:35:41,444 - pyskl - INFO - Evaluating mean_class_accuracy ...
2023-02-23 21:35:41,444 - pyskl - INFO - 
mean_acc	0.7727
2023-02-23 21:35:41,444 - pyskl - INFO - Epoch(val) [15][4]	top1_acc: 0.7414, top5_acc: 0.9741, mean_class_accuracy: 0.7727
2023-02-23 21:36:08,446 - pyskl - INFO - Epoch [16][20/265]	lr: 1.522e-04, eta: 0:10:19, time: 1.350, data_time: 1.142, memory: 4764, top1_acc: 0.9969, top5_acc: 1.0000, loss_cls: 0.0077, loss: 0.0077, grad_norm: 0.4218
2023-02-23 21:36:11,808 - pyskl - INFO - Epoch [16][40/265]	lr: 1.499e-04, eta: 0:10:12, time: 0.168, data_time: 0.001, memory: 4764, top1_acc: 0.9984, top5_acc: 1.0000, loss_cls: 0.0093, loss: 0.0093, grad_norm: 0.4020
2023-02-23 21:36:15,144 - pyskl - INFO - Epoch [16][60/265]	lr: 1.476e-04, eta: 0:10:06, time: 0.167, data_time: 0.000, memory: 4764, top1_acc: 1.0000, top5_acc: 1.0000, loss_cls: 0.0055, loss: 0.0055, grad_norm: 0.2126
2023-02-23 21:36:18,476 - pyskl - INFO - Epoch [16][80/265]	lr: 1.454e-04, eta: 0:10:00, time: 0.167, data_time: 0.000, memory: 4764, top1_acc: 1.0000, top5_acc: 1.0000, loss_cls: 0.0026, loss: 0.0026, grad_norm: 0.1070
2023-02-23 21:36:21,840 - pyskl - INFO - Epoch [16][100/265]	lr: 1.432e-04, eta: 0:09:53, time: 0.168, data_time: 0.000, memory: 4764, top1_acc: 1.0000, top5_acc: 1.0000, loss_cls: 0.0011, loss: 0.0011, grad_norm: 0.0460
2023-02-23 21:36:25,187 - pyskl - INFO - Epoch [16][120/265]	lr: 1.409e-04, eta: 0:09:47, time: 0.167, data_time: 0.000, memory: 4764, top1_acc: 1.0000, top5_acc: 1.0000, loss_cls: 0.0019, loss: 0.0019, grad_norm: 0.0995
2023-02-23 21:36:28,525 - pyskl - INFO - Epoch [16][140/265]	lr: 1.387e-04, eta: 0:09:41, time: 0.167, data_time: 0.000, memory: 4764, top1_acc: 1.0000, top5_acc: 1.0000, loss_cls: 0.0025, loss: 0.0025, grad_norm: 0.1179
2023-02-23 21:36:31,871 - pyskl - INFO - Epoch [16][160/265]	lr: 1.365e-04, eta: 0:09:35, time: 0.167, data_time: 0.000, memory: 4764, top1_acc: 1.0000, top5_acc: 1.0000, loss_cls: 0.0011, loss: 0.0011, grad_norm: 0.0499
2023-02-23 21:36:35,232 - pyskl - INFO - Epoch [16][180/265]	lr: 1.343e-04, eta: 0:09:29, time: 0.168, data_time: 0.000, memory: 4764, top1_acc: 1.0000, top5_acc: 1.0000, loss_cls: 0.0031, loss: 0.0031, grad_norm: 0.1221
2023-02-23 21:36:38,596 - pyskl - INFO - Epoch [16][200/265]	lr: 1.321e-04, eta: 0:09:23, time: 0.168, data_time: 0.000, memory: 4764, top1_acc: 1.0000, top5_acc: 1.0000, loss_cls: 0.0011, loss: 0.0011, grad_norm: 0.0400
2023-02-23 21:36:41,967 - pyskl - INFO - Epoch [16][220/265]	lr: 1.300e-04, eta: 0:09:17, time: 0.169, data_time: 0.001, memory: 4764, top1_acc: 1.0000, top5_acc: 1.0000, loss_cls: 0.0014, loss: 0.0014, grad_norm: 0.0650
2023-02-23 21:36:45,339 - pyskl - INFO - Epoch [16][240/265]	lr: 1.278e-04, eta: 0:09:10, time: 0.168, data_time: 0.000, memory: 4764, top1_acc: 1.0000, top5_acc: 1.0000, loss_cls: 0.0008, loss: 0.0008, grad_norm: 0.0350
2023-02-23 21:36:48,646 - pyskl - INFO - Epoch [16][260/265]	lr: 1.256e-04, eta: 0:09:04, time: 0.166, data_time: 0.001, memory: 4764, top1_acc: 1.0000, top5_acc: 1.0000, loss_cls: 0.0006, loss: 0.0006, grad_norm: 0.0193
2023-02-23 21:37:09,591 - pyskl - INFO - Evaluating top_k_accuracy ...
2023-02-23 21:37:09,591 - pyskl - INFO - 
top1_acc	0.7845
top5_acc	1.0000
2023-02-23 21:37:09,591 - pyskl - INFO - Evaluating mean_class_accuracy ...
2023-02-23 21:37:09,592 - pyskl - INFO - 
mean_acc	0.7981
2023-02-23 21:37:09,592 - pyskl - INFO - Epoch(val) [16][4]	top1_acc: 0.7845, top5_acc: 1.0000, mean_class_accuracy: 0.7981
2023-02-23 21:37:36,802 - pyskl - INFO - Epoch [17][20/265]	lr: 1.230e-04, eta: 0:09:08, time: 1.360, data_time: 1.183, memory: 4764, top1_acc: 0.9984, top5_acc: 1.0000, loss_cls: 0.0044, loss: 0.0044, grad_norm: 0.1395
2023-02-23 21:37:40,134 - pyskl - INFO - Epoch [17][40/265]	lr: 1.209e-04, eta: 0:09:02, time: 0.167, data_time: 0.001, memory: 4764, top1_acc: 1.0000, top5_acc: 1.0000, loss_cls: 0.0008, loss: 0.0008, grad_norm: 0.0389
2023-02-23 21:37:43,457 - pyskl - INFO - Epoch [17][60/265]	lr: 1.187e-04, eta: 0:08:56, time: 0.166, data_time: 0.000, memory: 4764, top1_acc: 0.9969, top5_acc: 1.0000, loss_cls: 0.0084, loss: 0.0084, grad_norm: 0.3010
2023-02-23 21:37:46,819 - pyskl - INFO - Epoch [17][80/265]	lr: 1.166e-04, eta: 0:08:50, time: 0.168, data_time: 0.000, memory: 4764, top1_acc: 0.9984, top5_acc: 1.0000, loss_cls: 0.0044, loss: 0.0044, grad_norm: 0.1916
2023-02-23 21:37:50,171 - pyskl - INFO - Epoch [17][100/265]	lr: 1.146e-04, eta: 0:08:44, time: 0.167, data_time: 0.000, memory: 4764, top1_acc: 0.9984, top5_acc: 1.0000, loss_cls: 0.0047, loss: 0.0047, grad_norm: 0.2172
2023-02-23 21:37:53,514 - pyskl - INFO - Epoch [17][120/265]	lr: 1.125e-04, eta: 0:08:38, time: 0.167, data_time: 0.001, memory: 4764, top1_acc: 0.9984, top5_acc: 1.0000, loss_cls: 0.0037, loss: 0.0037, grad_norm: 0.1993
2023-02-23 21:37:56,849 - pyskl - INFO - Epoch [17][140/265]	lr: 1.104e-04, eta: 0:08:32, time: 0.167, data_time: 0.001, memory: 4764, top1_acc: 1.0000, top5_acc: 1.0000, loss_cls: 0.0012, loss: 0.0012, grad_norm: 0.0604
2023-02-23 21:38:00,210 - pyskl - INFO - Epoch [17][160/265]	lr: 1.084e-04, eta: 0:08:26, time: 0.168, data_time: 0.000, memory: 4764, top1_acc: 1.0000, top5_acc: 1.0000, loss_cls: 0.0012, loss: 0.0012, grad_norm: 0.0486
2023-02-23 21:38:03,547 - pyskl - INFO - Epoch [17][180/265]	lr: 1.064e-04, eta: 0:08:20, time: 0.167, data_time: 0.001, memory: 4764, top1_acc: 1.0000, top5_acc: 1.0000, loss_cls: 0.0020, loss: 0.0020, grad_norm: 0.1257
2023-02-23 21:38:06,947 - pyskl - INFO - Epoch [17][200/265]	lr: 1.044e-04, eta: 0:08:14, time: 0.170, data_time: 0.000, memory: 4764, top1_acc: 1.0000, top5_acc: 1.0000, loss_cls: 0.0020, loss: 0.0020, grad_norm: 0.1285
2023-02-23 21:38:10,298 - pyskl - INFO - Epoch [17][220/265]	lr: 1.024e-04, eta: 0:08:08, time: 0.168, data_time: 0.000, memory: 4764, top1_acc: 1.0000, top5_acc: 1.0000, loss_cls: 0.0011, loss: 0.0011, grad_norm: 0.0625
2023-02-23 21:38:13,630 - pyskl - INFO - Epoch [17][240/265]	lr: 1.004e-04, eta: 0:08:02, time: 0.167, data_time: 0.000, memory: 4764, top1_acc: 1.0000, top5_acc: 1.0000, loss_cls: 0.0007, loss: 0.0007, grad_norm: 0.0301
2023-02-23 21:38:16,954 - pyskl - INFO - Epoch [17][260/265]	lr: 9.840e-05, eta: 0:07:56, time: 0.166, data_time: 0.000, memory: 4764, top1_acc: 1.0000, top5_acc: 1.0000, loss_cls: 0.0004, loss: 0.0004, grad_norm: 0.0164
2023-02-23 21:38:38,146 - pyskl - INFO - Evaluating top_k_accuracy ...
2023-02-23 21:38:38,147 - pyskl - INFO - 
top1_acc	0.7845
top5_acc	0.9741
2023-02-23 21:38:38,147 - pyskl - INFO - Evaluating mean_class_accuracy ...
2023-02-23 21:38:38,147 - pyskl - INFO - 
mean_acc	0.7869
2023-02-23 21:38:38,147 - pyskl - INFO - Epoch(val) [17][4]	top1_acc: 0.7845, top5_acc: 0.9741, mean_class_accuracy: 0.7869
2023-02-23 21:39:04,684 - pyskl - INFO - Epoch [18][20/265]	lr: 9.595e-05, eta: 0:07:58, time: 1.327, data_time: 1.121, memory: 4764, top1_acc: 1.0000, top5_acc: 1.0000, loss_cls: 0.0014, loss: 0.0014, grad_norm: 0.0800
2023-02-23 21:39:08,027 - pyskl - INFO - Epoch [18][40/265]	lr: 9.402e-05, eta: 0:07:52, time: 0.167, data_time: 0.000, memory: 4764, top1_acc: 1.0000, top5_acc: 1.0000, loss_cls: 0.0011, loss: 0.0011, grad_norm: 0.0529
2023-02-23 21:39:11,388 - pyskl - INFO - Epoch [18][60/265]	lr: 9.209e-05, eta: 0:07:46, time: 0.168, data_time: 0.001, memory: 4764, top1_acc: 1.0000, top5_acc: 1.0000, loss_cls: 0.0009, loss: 0.0009, grad_norm: 0.0486
2023-02-23 21:39:14,723 - pyskl - INFO - Epoch [18][80/265]	lr: 9.019e-05, eta: 0:07:40, time: 0.166, data_time: 0.000, memory: 4764, top1_acc: 1.0000, top5_acc: 1.0000, loss_cls: 0.0009, loss: 0.0009, grad_norm: 0.0535
2023-02-23 21:39:18,067 - pyskl - INFO - Epoch [18][100/265]	lr: 8.830e-05, eta: 0:07:34, time: 0.168, data_time: 0.001, memory: 4764, top1_acc: 1.0000, top5_acc: 1.0000, loss_cls: 0.0014, loss: 0.0014, grad_norm: 0.0920
2023-02-23 21:39:21,431 - pyskl - INFO - Epoch [18][120/265]	lr: 8.642e-05, eta: 0:07:28, time: 0.168, data_time: 0.000, memory: 4764, top1_acc: 1.0000, top5_acc: 1.0000, loss_cls: 0.0025, loss: 0.0025, grad_norm: 0.1444
2023-02-23 21:39:24,794 - pyskl - INFO - Epoch [18][140/265]	lr: 8.456e-05, eta: 0:07:23, time: 0.168, data_time: 0.001, memory: 4764, top1_acc: 1.0000, top5_acc: 1.0000, loss_cls: 0.0006, loss: 0.0006, grad_norm: 0.0321
2023-02-23 21:39:28,137 - pyskl - INFO - Epoch [18][160/265]	lr: 8.272e-05, eta: 0:07:17, time: 0.168, data_time: 0.001, memory: 4764, top1_acc: 1.0000, top5_acc: 1.0000, loss_cls: 0.0014, loss: 0.0014, grad_norm: 0.0672
2023-02-23 21:39:31,459 - pyskl - INFO - Epoch [18][180/265]	lr: 8.089e-05, eta: 0:07:11, time: 0.166, data_time: 0.000, memory: 4764, top1_acc: 0.9984, top5_acc: 1.0000, loss_cls: 0.0025, loss: 0.0025, grad_norm: 0.1407
2023-02-23 21:39:34,809 - pyskl - INFO - Epoch [18][200/265]	lr: 7.908e-05, eta: 0:07:05, time: 0.168, data_time: 0.001, memory: 4764, top1_acc: 1.0000, top5_acc: 1.0000, loss_cls: 0.0016, loss: 0.0016, grad_norm: 0.1112
2023-02-23 21:39:38,205 - pyskl - INFO - Epoch [18][220/265]	lr: 7.729e-05, eta: 0:06:59, time: 0.170, data_time: 0.001, memory: 4764, top1_acc: 1.0000, top5_acc: 1.0000, loss_cls: 0.0004, loss: 0.0004, grad_norm: 0.0223
2023-02-23 21:39:41,592 - pyskl - INFO - Epoch [18][240/265]	lr: 7.551e-05, eta: 0:06:54, time: 0.170, data_time: 0.001, memory: 4764, top1_acc: 1.0000, top5_acc: 1.0000, loss_cls: 0.0034, loss: 0.0034, grad_norm: 0.1864
2023-02-23 21:39:44,940 - pyskl - INFO - Epoch [18][260/265]	lr: 7.375e-05, eta: 0:06:48, time: 0.167, data_time: 0.000, memory: 4764, top1_acc: 1.0000, top5_acc: 1.0000, loss_cls: 0.0012, loss: 0.0012, grad_norm: 0.0476
2023-02-23 21:40:05,862 - pyskl - INFO - Evaluating top_k_accuracy ...
2023-02-23 21:40:05,862 - pyskl - INFO - 
top1_acc	0.7672
top5_acc	1.0000
2023-02-23 21:40:05,862 - pyskl - INFO - Evaluating mean_class_accuracy ...
2023-02-23 21:40:05,863 - pyskl - INFO - 
mean_acc	0.7743
2023-02-23 21:40:05,863 - pyskl - INFO - Epoch(val) [18][4]	top1_acc: 0.7672, top5_acc: 1.0000, mean_class_accuracy: 0.7743
2023-02-23 21:40:32,510 - pyskl - INFO - Epoch [19][20/265]	lr: 7.157e-05, eta: 0:06:48, time: 1.332, data_time: 1.135, memory: 4764, top1_acc: 1.0000, top5_acc: 1.0000, loss_cls: 0.0006, loss: 0.0006, grad_norm: 0.0189
2023-02-23 21:40:35,855 - pyskl - INFO - Epoch [19][40/265]	lr: 6.985e-05, eta: 0:06:42, time: 0.168, data_time: 0.001, memory: 4764, top1_acc: 1.0000, top5_acc: 1.0000, loss_cls: 0.0010, loss: 0.0010, grad_norm: 0.0574
2023-02-23 21:40:39,224 - pyskl - INFO - Epoch [19][60/265]	lr: 6.815e-05, eta: 0:06:37, time: 0.169, data_time: 0.001, memory: 4764, top1_acc: 1.0000, top5_acc: 1.0000, loss_cls: 0.0010, loss: 0.0010, grad_norm: 0.0450
2023-02-23 21:40:42,572 - pyskl - INFO - Epoch [19][80/265]	lr: 6.646e-05, eta: 0:06:31, time: 0.167, data_time: 0.000, memory: 4764, top1_acc: 1.0000, top5_acc: 1.0000, loss_cls: 0.0007, loss: 0.0007, grad_norm: 0.0310
2023-02-23 21:40:45,903 - pyskl - INFO - Epoch [19][100/265]	lr: 6.479e-05, eta: 0:06:25, time: 0.166, data_time: 0.000, memory: 4764, top1_acc: 1.0000, top5_acc: 1.0000, loss_cls: 0.0009, loss: 0.0009, grad_norm: 0.0436
2023-02-23 21:40:49,231 - pyskl - INFO - Epoch [19][120/265]	lr: 6.314e-05, eta: 0:06:19, time: 0.167, data_time: 0.001, memory: 4764, top1_acc: 1.0000, top5_acc: 1.0000, loss_cls: 0.0006, loss: 0.0006, grad_norm: 0.0246
2023-02-23 21:40:52,589 - pyskl - INFO - Epoch [19][140/265]	lr: 6.151e-05, eta: 0:06:14, time: 0.168, data_time: 0.001, memory: 4764, top1_acc: 1.0000, top5_acc: 1.0000, loss_cls: 0.0008, loss: 0.0008, grad_norm: 0.0326
2023-02-23 21:40:55,955 - pyskl - INFO - Epoch [19][160/265]	lr: 5.990e-05, eta: 0:06:08, time: 0.168, data_time: 0.000, memory: 4764, top1_acc: 1.0000, top5_acc: 1.0000, loss_cls: 0.0005, loss: 0.0005, grad_norm: 0.0228
2023-02-23 21:40:59,313 - pyskl - INFO - Epoch [19][180/265]	lr: 5.830e-05, eta: 0:06:02, time: 0.168, data_time: 0.001, memory: 4764, top1_acc: 1.0000, top5_acc: 1.0000, loss_cls: 0.0010, loss: 0.0010, grad_norm: 0.0478
2023-02-23 21:41:02,662 - pyskl - INFO - Epoch [19][200/265]	lr: 5.673e-05, eta: 0:05:57, time: 0.167, data_time: 0.000, memory: 4764, top1_acc: 1.0000, top5_acc: 1.0000, loss_cls: 0.0005, loss: 0.0005, grad_norm: 0.0203
2023-02-23 21:41:05,987 - pyskl - INFO - Epoch [19][220/265]	lr: 5.517e-05, eta: 0:05:51, time: 0.166, data_time: 0.000, memory: 4764, top1_acc: 1.0000, top5_acc: 1.0000, loss_cls: 0.0008, loss: 0.0008, grad_norm: 0.0536
2023-02-23 21:41:09,323 - pyskl - INFO - Epoch [19][240/265]	lr: 5.363e-05, eta: 0:05:45, time: 0.167, data_time: 0.000, memory: 4764, top1_acc: 1.0000, top5_acc: 1.0000, loss_cls: 0.0002, loss: 0.0002, grad_norm: 0.0077
2023-02-23 21:41:12,643 - pyskl - INFO - Epoch [19][260/265]	lr: 5.211e-05, eta: 0:05:40, time: 0.166, data_time: 0.000, memory: 4764, top1_acc: 1.0000, top5_acc: 1.0000, loss_cls: 0.0004, loss: 0.0004, grad_norm: 0.0179
2023-02-23 21:41:33,430 - pyskl - INFO - Evaluating top_k_accuracy ...
2023-02-23 21:41:33,430 - pyskl - INFO - 
top1_acc	0.7845
top5_acc	0.9828
2023-02-23 21:41:33,430 - pyskl - INFO - Evaluating mean_class_accuracy ...
2023-02-23 21:41:33,431 - pyskl - INFO - 
mean_acc	0.7990
2023-02-23 21:41:33,431 - pyskl - INFO - Epoch(val) [19][4]	top1_acc: 0.7845, top5_acc: 0.9828, mean_class_accuracy: 0.7990
2023-02-23 21:42:00,571 - pyskl - INFO - Epoch [20][20/265]	lr: 5.024e-05, eta: 0:05:39, time: 1.357, data_time: 1.175, memory: 4764, top1_acc: 1.0000, top5_acc: 1.0000, loss_cls: 0.0010, loss: 0.0010, grad_norm: 0.0446
2023-02-23 21:42:03,896 - pyskl - INFO - Epoch [20][40/265]	lr: 4.877e-05, eta: 0:05:33, time: 0.166, data_time: 0.000, memory: 4764, top1_acc: 1.0000, top5_acc: 1.0000, loss_cls: 0.0017, loss: 0.0017, grad_norm: 0.0640
2023-02-23 21:42:07,202 - pyskl - INFO - Epoch [20][60/265]	lr: 4.731e-05, eta: 0:05:27, time: 0.165, data_time: 0.000, memory: 4764, top1_acc: 1.0000, top5_acc: 1.0000, loss_cls: 0.0004, loss: 0.0004, grad_norm: 0.0170
2023-02-23 21:42:10,546 - pyskl - INFO - Epoch [20][80/265]	lr: 4.588e-05, eta: 0:05:22, time: 0.167, data_time: 0.001, memory: 4764, top1_acc: 1.0000, top5_acc: 1.0000, loss_cls: 0.0004, loss: 0.0004, grad_norm: 0.0199
2023-02-23 21:42:13,889 - pyskl - INFO - Epoch [20][100/265]	lr: 4.446e-05, eta: 0:05:16, time: 0.167, data_time: 0.000, memory: 4764, top1_acc: 1.0000, top5_acc: 1.0000, loss_cls: 0.0004, loss: 0.0004, grad_norm: 0.0241
2023-02-23 21:42:17,230 - pyskl - INFO - Epoch [20][120/265]	lr: 4.306e-05, eta: 0:05:11, time: 0.167, data_time: 0.001, memory: 4764, top1_acc: 1.0000, top5_acc: 1.0000, loss_cls: 0.0006, loss: 0.0006, grad_norm: 0.0315
2023-02-23 21:42:20,542 - pyskl - INFO - Epoch [20][140/265]	lr: 4.169e-05, eta: 0:05:05, time: 0.166, data_time: 0.001, memory: 4764, top1_acc: 1.0000, top5_acc: 1.0000, loss_cls: 0.0013, loss: 0.0013, grad_norm: 0.0635
2023-02-23 21:42:23,933 - pyskl - INFO - Epoch [20][160/265]	lr: 4.033e-05, eta: 0:04:59, time: 0.170, data_time: 0.000, memory: 4764, top1_acc: 1.0000, top5_acc: 1.0000, loss_cls: 0.0008, loss: 0.0008, grad_norm: 0.0399
2023-02-23 21:42:27,307 - pyskl - INFO - Epoch [20][180/265]	lr: 3.900e-05, eta: 0:04:54, time: 0.169, data_time: 0.000, memory: 4764, top1_acc: 0.9984, top5_acc: 1.0000, loss_cls: 0.0074, loss: 0.0074, grad_norm: 0.2142
2023-02-23 21:42:30,665 - pyskl - INFO - Epoch [20][200/265]	lr: 3.768e-05, eta: 0:04:48, time: 0.168, data_time: 0.000, memory: 4764, top1_acc: 1.0000, top5_acc: 1.0000, loss_cls: 0.0007, loss: 0.0007, grad_norm: 0.0413
2023-02-23 21:42:34,003 - pyskl - INFO - Epoch [20][220/265]	lr: 3.639e-05, eta: 0:04:43, time: 0.167, data_time: 0.001, memory: 4764, top1_acc: 1.0000, top5_acc: 1.0000, loss_cls: 0.0007, loss: 0.0007, grad_norm: 0.0383
2023-02-23 21:42:37,341 - pyskl - INFO - Epoch [20][240/265]	lr: 3.512e-05, eta: 0:04:37, time: 0.167, data_time: 0.000, memory: 4764, top1_acc: 1.0000, top5_acc: 1.0000, loss_cls: 0.0005, loss: 0.0005, grad_norm: 0.0169
2023-02-23 21:42:40,757 - pyskl - INFO - Epoch [20][260/265]	lr: 3.387e-05, eta: 0:04:32, time: 0.171, data_time: 0.000, memory: 4764, top1_acc: 1.0000, top5_acc: 1.0000, loss_cls: 0.0008, loss: 0.0008, grad_norm: 0.0530
2023-02-23 21:43:02,420 - pyskl - INFO - Evaluating top_k_accuracy ...
2023-02-23 21:43:02,420 - pyskl - INFO - 
top1_acc	0.7241
top5_acc	0.9828
2023-02-23 21:43:02,420 - pyskl - INFO - Evaluating mean_class_accuracy ...
2023-02-23 21:43:02,421 - pyskl - INFO - 
mean_acc	0.7560
2023-02-23 21:43:02,421 - pyskl - INFO - Epoch(val) [20][4]	top1_acc: 0.7241, top5_acc: 0.9828, mean_class_accuracy: 0.7560
2023-02-23 21:43:29,630 - pyskl - INFO - Epoch [21][20/265]	lr: 3.233e-05, eta: 0:04:30, time: 1.360, data_time: 1.146, memory: 4764, top1_acc: 1.0000, top5_acc: 1.0000, loss_cls: 0.0005, loss: 0.0005, grad_norm: 0.0271
2023-02-23 21:43:32,927 - pyskl - INFO - Epoch [21][40/265]	lr: 3.113e-05, eta: 0:04:24, time: 0.165, data_time: 0.000, memory: 4764, top1_acc: 1.0000, top5_acc: 1.0000, loss_cls: 0.0010, loss: 0.0010, grad_norm: 0.0456
2023-02-23 21:43:36,288 - pyskl - INFO - Epoch [21][60/265]	lr: 2.994e-05, eta: 0:04:18, time: 0.168, data_time: 0.000, memory: 4764, top1_acc: 1.0000, top5_acc: 1.0000, loss_cls: 0.0008, loss: 0.0008, grad_norm: 0.0389
2023-02-23 21:43:39,630 - pyskl - INFO - Epoch [21][80/265]	lr: 2.878e-05, eta: 0:04:13, time: 0.167, data_time: 0.000, memory: 4764, top1_acc: 1.0000, top5_acc: 1.0000, loss_cls: 0.0011, loss: 0.0011, grad_norm: 0.0617
2023-02-23 21:43:42,995 - pyskl - INFO - Epoch [21][100/265]	lr: 2.764e-05, eta: 0:04:07, time: 0.168, data_time: 0.000, memory: 4764, top1_acc: 1.0000, top5_acc: 1.0000, loss_cls: 0.0007, loss: 0.0007, grad_norm: 0.0328
2023-02-23 21:43:46,363 - pyskl - INFO - Epoch [21][120/265]	lr: 2.652e-05, eta: 0:04:02, time: 0.168, data_time: 0.000, memory: 4764, top1_acc: 1.0000, top5_acc: 1.0000, loss_cls: 0.0003, loss: 0.0003, grad_norm: 0.0113
2023-02-23 21:43:49,751 - pyskl - INFO - Epoch [21][140/265]	lr: 2.543e-05, eta: 0:03:57, time: 0.169, data_time: 0.000, memory: 4764, top1_acc: 1.0000, top5_acc: 1.0000, loss_cls: 0.0006, loss: 0.0006, grad_norm: 0.0269
2023-02-23 21:43:53,095 - pyskl - INFO - Epoch [21][160/265]	lr: 2.435e-05, eta: 0:03:51, time: 0.167, data_time: 0.000, memory: 4764, top1_acc: 1.0000, top5_acc: 1.0000, loss_cls: 0.0013, loss: 0.0013, grad_norm: 0.0746
2023-02-23 21:43:56,463 - pyskl - INFO - Epoch [21][180/265]	lr: 2.330e-05, eta: 0:03:46, time: 0.169, data_time: 0.001, memory: 4764, top1_acc: 1.0000, top5_acc: 1.0000, loss_cls: 0.0016, loss: 0.0016, grad_norm: 0.0800
2023-02-23 21:43:59,847 - pyskl - INFO - Epoch [21][200/265]	lr: 2.227e-05, eta: 0:03:40, time: 0.169, data_time: 0.000, memory: 4764, top1_acc: 1.0000, top5_acc: 1.0000, loss_cls: 0.0013, loss: 0.0013, grad_norm: 0.0469
2023-02-23 21:44:03,218 - pyskl - INFO - Epoch [21][220/265]	lr: 2.126e-05, eta: 0:03:35, time: 0.169, data_time: 0.000, memory: 4764, top1_acc: 1.0000, top5_acc: 1.0000, loss_cls: 0.0005, loss: 0.0005, grad_norm: 0.0228
2023-02-23 21:44:06,583 - pyskl - INFO - Epoch [21][240/265]	lr: 2.028e-05, eta: 0:03:29, time: 0.168, data_time: 0.000, memory: 4764, top1_acc: 1.0000, top5_acc: 1.0000, loss_cls: 0.0018, loss: 0.0018, grad_norm: 0.0622
2023-02-23 21:44:09,948 - pyskl - INFO - Epoch [21][260/265]	lr: 1.931e-05, eta: 0:03:24, time: 0.168, data_time: 0.001, memory: 4764, top1_acc: 1.0000, top5_acc: 1.0000, loss_cls: 0.0003, loss: 0.0003, grad_norm: 0.0096
2023-02-23 21:44:31,496 - pyskl - INFO - Evaluating top_k_accuracy ...
2023-02-23 21:44:31,497 - pyskl - INFO - 
top1_acc	0.7672
top5_acc	0.9828
2023-02-23 21:44:31,497 - pyskl - INFO - Evaluating mean_class_accuracy ...
2023-02-23 21:44:31,498 - pyskl - INFO - 
mean_acc	0.7859
2023-02-23 21:44:31,498 - pyskl - INFO - Epoch(val) [21][4]	top1_acc: 0.7672, top5_acc: 0.9828, mean_class_accuracy: 0.7859
2023-02-23 21:44:58,875 - pyskl - INFO - Epoch [22][20/265]	lr: 1.814e-05, eta: 0:03:21, time: 1.369, data_time: 1.088, memory: 4764, top1_acc: 0.9984, top5_acc: 1.0000, loss_cls: 0.0036, loss: 0.0036, grad_norm: 0.1820
2023-02-23 21:45:02,244 - pyskl - INFO - Epoch [22][40/265]	lr: 1.723e-05, eta: 0:03:15, time: 0.168, data_time: 0.000, memory: 4764, top1_acc: 1.0000, top5_acc: 1.0000, loss_cls: 0.0006, loss: 0.0006, grad_norm: 0.0362
2023-02-23 21:45:05,632 - pyskl - INFO - Epoch [22][60/265]	lr: 1.634e-05, eta: 0:03:10, time: 0.170, data_time: 0.001, memory: 4764, top1_acc: 1.0000, top5_acc: 1.0000, loss_cls: 0.0003, loss: 0.0003, grad_norm: 0.0099
2023-02-23 21:45:09,009 - pyskl - INFO - Epoch [22][80/265]	lr: 1.547e-05, eta: 0:03:04, time: 0.169, data_time: 0.000, memory: 4764, top1_acc: 0.9984, top5_acc: 1.0000, loss_cls: 0.0035, loss: 0.0035, grad_norm: 0.1837
2023-02-23 21:45:12,410 - pyskl - INFO - Epoch [22][100/265]	lr: 1.463e-05, eta: 0:02:59, time: 0.170, data_time: 0.000, memory: 4764, top1_acc: 1.0000, top5_acc: 1.0000, loss_cls: 0.0016, loss: 0.0016, grad_norm: 0.0930
2023-02-23 21:45:15,762 - pyskl - INFO - Epoch [22][120/265]	lr: 1.381e-05, eta: 0:02:54, time: 0.168, data_time: 0.000, memory: 4764, top1_acc: 1.0000, top5_acc: 1.0000, loss_cls: 0.0005, loss: 0.0005, grad_norm: 0.0196
2023-02-23 21:45:19,131 - pyskl - INFO - Epoch [22][140/265]	lr: 1.301e-05, eta: 0:02:48, time: 0.168, data_time: 0.000, memory: 4764, top1_acc: 1.0000, top5_acc: 1.0000, loss_cls: 0.0019, loss: 0.0019, grad_norm: 0.1027
2023-02-23 21:45:22,517 - pyskl - INFO - Epoch [22][160/265]	lr: 1.224e-05, eta: 0:02:43, time: 0.170, data_time: 0.001, memory: 4764, top1_acc: 1.0000, top5_acc: 1.0000, loss_cls: 0.0003, loss: 0.0003, grad_norm: 0.0120
2023-02-23 21:45:25,856 - pyskl - INFO - Epoch [22][180/265]	lr: 1.148e-05, eta: 0:02:38, time: 0.166, data_time: 0.000, memory: 4764, top1_acc: 1.0000, top5_acc: 1.0000, loss_cls: 0.0007, loss: 0.0007, grad_norm: 0.0287
2023-02-23 21:45:29,246 - pyskl - INFO - Epoch [22][200/265]	lr: 1.076e-05, eta: 0:02:32, time: 0.170, data_time: 0.001, memory: 4764, top1_acc: 1.0000, top5_acc: 1.0000, loss_cls: 0.0004, loss: 0.0004, grad_norm: 0.0147
2023-02-23 21:45:32,615 - pyskl - INFO - Epoch [22][220/265]	lr: 1.005e-05, eta: 0:02:27, time: 0.169, data_time: 0.000, memory: 4764, top1_acc: 1.0000, top5_acc: 1.0000, loss_cls: 0.0003, loss: 0.0003, grad_norm: 0.0122
2023-02-23 21:45:35,984 - pyskl - INFO - Epoch [22][240/265]	lr: 9.369e-06, eta: 0:02:22, time: 0.168, data_time: 0.000, memory: 4764, top1_acc: 1.0000, top5_acc: 1.0000, loss_cls: 0.0005, loss: 0.0005, grad_norm: 0.0223
2023-02-23 21:45:39,319 - pyskl - INFO - Epoch [22][260/265]	lr: 8.711e-06, eta: 0:02:16, time: 0.167, data_time: 0.000, memory: 4764, top1_acc: 1.0000, top5_acc: 1.0000, loss_cls: 0.0004, loss: 0.0004, grad_norm: 0.0126
2023-02-23 21:46:01,014 - pyskl - INFO - Evaluating top_k_accuracy ...
2023-02-23 21:46:01,015 - pyskl - INFO - 
top1_acc	0.7845
top5_acc	1.0000
2023-02-23 21:46:01,015 - pyskl - INFO - Evaluating mean_class_accuracy ...
2023-02-23 21:46:01,015 - pyskl - INFO - 
mean_acc	0.8011
2023-02-23 21:46:01,015 - pyskl - INFO - Epoch(val) [22][4]	top1_acc: 0.7845, top5_acc: 1.0000, mean_class_accuracy: 0.8011
2023-02-23 21:46:28,107 - pyskl - INFO - Epoch [23][20/265]	lr: 7.922e-06, eta: 0:02:12, time: 1.354, data_time: 1.182, memory: 4764, top1_acc: 1.0000, top5_acc: 1.0000, loss_cls: 0.0007, loss: 0.0007, grad_norm: 0.0305
2023-02-23 21:46:31,488 - pyskl - INFO - Epoch [23][40/265]	lr: 7.317e-06, eta: 0:02:06, time: 0.169, data_time: 0.000, memory: 4764, top1_acc: 1.0000, top5_acc: 1.0000, loss_cls: 0.0006, loss: 0.0006, grad_norm: 0.0252
2023-02-23 21:46:34,840 - pyskl - INFO - Epoch [23][60/265]	lr: 6.736e-06, eta: 0:02:01, time: 0.168, data_time: 0.000, memory: 4764, top1_acc: 1.0000, top5_acc: 1.0000, loss_cls: 0.0006, loss: 0.0006, grad_norm: 0.0225
2023-02-23 21:46:38,187 - pyskl - INFO - Epoch [23][80/265]	lr: 6.178e-06, eta: 0:01:56, time: 0.167, data_time: 0.000, memory: 4764, top1_acc: 1.0000, top5_acc: 1.0000, loss_cls: 0.0005, loss: 0.0005, grad_norm: 0.0230
2023-02-23 21:46:41,576 - pyskl - INFO - Epoch [23][100/265]	lr: 5.644e-06, eta: 0:01:50, time: 0.169, data_time: 0.000, memory: 4764, top1_acc: 1.0000, top5_acc: 1.0000, loss_cls: 0.0004, loss: 0.0004, grad_norm: 0.0165
2023-02-23 21:46:44,969 - pyskl - INFO - Epoch [23][120/265]	lr: 5.134e-06, eta: 0:01:45, time: 0.170, data_time: 0.001, memory: 4764, top1_acc: 1.0000, top5_acc: 1.0000, loss_cls: 0.0004, loss: 0.0004, grad_norm: 0.0143
2023-02-23 21:46:48,287 - pyskl - INFO - Epoch [23][140/265]	lr: 4.648e-06, eta: 0:01:40, time: 0.166, data_time: 0.001, memory: 4764, top1_acc: 1.0000, top5_acc: 1.0000, loss_cls: 0.0004, loss: 0.0004, grad_norm: 0.0210
2023-02-23 21:46:51,681 - pyskl - INFO - Epoch [23][160/265]	lr: 4.186e-06, eta: 0:01:35, time: 0.169, data_time: 0.000, memory: 4764, top1_acc: 1.0000, top5_acc: 1.0000, loss_cls: 0.0006, loss: 0.0006, grad_norm: 0.0230
2023-02-23 21:46:55,024 - pyskl - INFO - Epoch [23][180/265]	lr: 3.748e-06, eta: 0:01:29, time: 0.167, data_time: 0.001, memory: 4764, top1_acc: 1.0000, top5_acc: 1.0000, loss_cls: 0.0010, loss: 0.0010, grad_norm: 0.0563
2023-02-23 21:46:58,369 - pyskl - INFO - Epoch [23][200/265]	lr: 3.334e-06, eta: 0:01:24, time: 0.168, data_time: 0.001, memory: 4764, top1_acc: 1.0000, top5_acc: 1.0000, loss_cls: 0.0009, loss: 0.0009, grad_norm: 0.0496
2023-02-23 21:47:01,775 - pyskl - INFO - Epoch [23][220/265]	lr: 2.944e-06, eta: 0:01:19, time: 0.170, data_time: 0.000, memory: 4764, top1_acc: 1.0000, top5_acc: 1.0000, loss_cls: 0.0003, loss: 0.0003, grad_norm: 0.0124
2023-02-23 21:47:05,155 - pyskl - INFO - Epoch [23][240/265]	lr: 2.578e-06, eta: 0:01:14, time: 0.169, data_time: 0.000, memory: 4764, top1_acc: 1.0000, top5_acc: 1.0000, loss_cls: 0.0005, loss: 0.0005, grad_norm: 0.0270
2023-02-23 21:47:08,497 - pyskl - INFO - Epoch [23][260/265]	lr: 2.237e-06, eta: 0:01:09, time: 0.168, data_time: 0.001, memory: 4764, top1_acc: 1.0000, top5_acc: 1.0000, loss_cls: 0.0002, loss: 0.0002, grad_norm: 0.0043
2023-02-23 21:47:29,606 - pyskl - INFO - Evaluating top_k_accuracy ...
2023-02-23 21:47:29,606 - pyskl - INFO - 
top1_acc	0.7672
top5_acc	0.9828
2023-02-23 21:47:29,606 - pyskl - INFO - Evaluating mean_class_accuracy ...
2023-02-23 21:47:29,607 - pyskl - INFO - 
mean_acc	0.7859
2023-02-23 21:47:29,607 - pyskl - INFO - Epoch(val) [23][4]	top1_acc: 0.7672, top5_acc: 0.9828, mean_class_accuracy: 0.7859
2023-02-23 21:47:56,750 - pyskl - INFO - Epoch [24][20/265]	lr: 1.843e-06, eta: 0:01:03, time: 1.357, data_time: 1.187, memory: 4764, top1_acc: 1.0000, top5_acc: 1.0000, loss_cls: 0.0005, loss: 0.0005, grad_norm: 0.0243
2023-02-23 21:48:00,139 - pyskl - INFO - Epoch [24][40/265]	lr: 1.556e-06, eta: 0:00:58, time: 0.169, data_time: 0.001, memory: 4764, top1_acc: 1.0000, top5_acc: 1.0000, loss_cls: 0.0010, loss: 0.0010, grad_norm: 0.0420
2023-02-23 21:48:03,521 - pyskl - INFO - Epoch [24][60/265]	lr: 1.293e-06, eta: 0:00:52, time: 0.169, data_time: 0.001, memory: 4764, top1_acc: 1.0000, top5_acc: 1.0000, loss_cls: 0.0012, loss: 0.0012, grad_norm: 0.0542
2023-02-23 21:48:06,879 - pyskl - INFO - Epoch [24][80/265]	lr: 1.054e-06, eta: 0:00:47, time: 0.168, data_time: 0.000, memory: 4764, top1_acc: 1.0000, top5_acc: 1.0000, loss_cls: 0.0004, loss: 0.0004, grad_norm: 0.0183
2023-02-23 21:48:10,262 - pyskl - INFO - Epoch [24][100/265]	lr: 8.400e-07, eta: 0:00:42, time: 0.169, data_time: 0.000, memory: 4764, top1_acc: 1.0000, top5_acc: 1.0000, loss_cls: 0.0017, loss: 0.0017, grad_norm: 0.0688
2023-02-23 21:48:13,684 - pyskl - INFO - Epoch [24][120/265]	lr: 6.498e-07, eta: 0:00:37, time: 0.171, data_time: 0.000, memory: 4764, top1_acc: 1.0000, top5_acc: 1.0000, loss_cls: 0.0006, loss: 0.0006, grad_norm: 0.0270
2023-02-23 21:48:17,116 - pyskl - INFO - Epoch [24][140/265]	lr: 4.841e-07, eta: 0:00:32, time: 0.171, data_time: 0.000, memory: 4764, top1_acc: 1.0000, top5_acc: 1.0000, loss_cls: 0.0003, loss: 0.0003, grad_norm: 0.0190
2023-02-23 21:48:20,490 - pyskl - INFO - Epoch [24][160/265]	lr: 3.426e-07, eta: 0:00:26, time: 0.169, data_time: 0.001, memory: 4764, top1_acc: 0.9984, top5_acc: 1.0000, loss_cls: 0.0027, loss: 0.0027, grad_norm: 0.1103
2023-02-23 21:48:23,880 - pyskl - INFO - Epoch [24][180/265]	lr: 2.255e-07, eta: 0:00:21, time: 0.169, data_time: 0.001, memory: 4764, top1_acc: 1.0000, top5_acc: 1.0000, loss_cls: 0.0003, loss: 0.0003, grad_norm: 0.0112
2023-02-23 21:48:27,251 - pyskl - INFO - Epoch [24][200/265]	lr: 1.328e-07, eta: 0:00:16, time: 0.169, data_time: 0.001, memory: 4764, top1_acc: 1.0000, top5_acc: 1.0000, loss_cls: 0.0006, loss: 0.0006, grad_norm: 0.0258
2023-02-23 21:48:30,605 - pyskl - INFO - Epoch [24][220/265]	lr: 6.453e-08, eta: 0:00:11, time: 0.168, data_time: 0.000, memory: 4764, top1_acc: 1.0000, top5_acc: 1.0000, loss_cls: 0.0004, loss: 0.0004, grad_norm: 0.0126
2023-02-23 21:48:33,998 - pyskl - INFO - Epoch [24][240/265]	lr: 2.062e-08, eta: 0:00:06, time: 0.170, data_time: 0.000, memory: 4764, top1_acc: 1.0000, top5_acc: 1.0000, loss_cls: 0.0004, loss: 0.0004, grad_norm: 0.0217
2023-02-23 21:48:37,351 - pyskl - INFO - Epoch [24][260/265]	lr: 1.098e-09, eta: 0:00:01, time: 0.168, data_time: 0.000, memory: 4764, top1_acc: 1.0000, top5_acc: 1.0000, loss_cls: 0.0009, loss: 0.0009, grad_norm: 0.0364
2023-02-23 21:48:38,870 - pyskl - INFO - Saving checkpoint at 24 epochs
2023-02-23 21:48:58,657 - pyskl - INFO - Evaluating top_k_accuracy ...
2023-02-23 21:48:58,657 - pyskl - INFO - 
top1_acc	0.7500
top5_acc	0.9741
2023-02-23 21:48:58,657 - pyskl - INFO - Evaluating mean_class_accuracy ...
2023-02-23 21:48:58,658 - pyskl - INFO - 
mean_acc	0.7707
2023-02-23 21:48:58,658 - pyskl - INFO - Epoch(val) [24][4]	top1_acc: 0.7500, top5_acc: 0.9741, mean_class_accuracy: 0.7707
