2023-02-21 16:42:54,641 - pyskl - INFO - Environment info:
------------------------------------------------------------
sys.platform: linux
Python: 3.8.16 (default, Jan 17 2023, 23:13:24) [GCC 11.2.0]
CUDA available: True
GPU 0,1,2,3: NVIDIA GeForce RTX 3090
CUDA_HOME: /usr/local/cuda
NVCC: Cuda compilation tools, release 11.6, V11.6.55
GCC: gcc (Ubuntu 7.5.0-6ubuntu2) 7.5.0
PyTorch: 1.10.1
PyTorch compiling details: PyTorch built with:
  - GCC 7.3
  - C++ Version: 201402
  - Intel(R) oneAPI Math Kernel Library Version 2021.4-Product Build 20210904 for Intel(R) 64 architecture applications
  - Intel(R) MKL-DNN v2.2.3 (Git Hash 7336ca9f055cf1bfa13efb658fe15dc9b41f0740)
  - OpenMP 201511 (a.k.a. OpenMP 4.5)
  - LAPACK is enabled (usually provided by MKL)
  - NNPACK is enabled
  - CPU capability usage: AVX2
  - CUDA Runtime 11.3
  - NVCC architecture flags: -gencode;arch=compute_37,code=sm_37;-gencode;arch=compute_50,code=sm_50;-gencode;arch=compute_60,code=sm_60;-gencode;arch=compute_61,code=sm_61;-gencode;arch=compute_70,code=sm_70;-gencode;arch=compute_75,code=sm_75;-gencode;arch=compute_80,code=sm_80;-gencode;arch=compute_86,code=sm_86;-gencode;arch=compute_37,code=compute_37
  - CuDNN 8.2
  - Magma 2.5.2
  - Build settings: BLAS_INFO=mkl, BUILD_TYPE=Release, CUDA_VERSION=11.3, CUDNN_VERSION=8.2.0, CXX_COMPILER=/opt/rh/devtoolset-7/root/usr/bin/c++, CXX_FLAGS= -Wno-deprecated -fvisibility-inlines-hidden -DUSE_PTHREADPOOL -fopenmp -DNDEBUG -DUSE_KINETO -DUSE_FBGEMM -DUSE_QNNPACK -DUSE_PYTORCH_QNNPACK -DUSE_XNNPACK -DSYMBOLICATE_MOBILE_DEBUG_HANDLE -DEDGE_PROFILER_USE_KINETO -O2 -fPIC -Wno-narrowing -Wall -Wextra -Werror=return-type -Wno-missing-field-initializers -Wno-type-limits -Wno-array-bounds -Wno-unknown-pragmas -Wno-sign-compare -Wno-unused-parameter -Wno-unused-variable -Wno-unused-function -Wno-unused-result -Wno-unused-local-typedefs -Wno-strict-overflow -Wno-strict-aliasing -Wno-error=deprecated-declarations -Wno-stringop-overflow -Wno-psabi -Wno-error=pedantic -Wno-error=redundant-decls -Wno-error=old-style-cast -fdiagnostics-color=always -faligned-new -Wno-unused-but-set-variable -Wno-maybe-uninitialized -fno-math-errno -fno-trapping-math -Werror=format -Wno-stringop-overflow, LAPACK_INFO=mkl, PERF_WITH_AVX=1, PERF_WITH_AVX2=1, PERF_WITH_AVX512=1, TORCH_VERSION=1.10.1, USE_CUDA=ON, USE_CUDNN=ON, USE_EXCEPTION_PTR=1, USE_GFLAGS=OFF, USE_GLOG=OFF, USE_MKL=ON, USE_MKLDNN=ON, USE_MPI=OFF, USE_NCCL=ON, USE_NNPACK=ON, USE_OPENMP=ON, 

TorchVision: 0.11.2
OpenCV: 4.7.0
MMCV: 1.6.2
MMCV Compiler: GCC 9.3
MMCV CUDA Compiler: 11.3
pyskl: 0.1.0+HEAD
------------------------------------------------------------

2023-02-21 16:42:55,884 - pyskl - INFO - Config: model = dict(
    type='Recognizer3D',
    backbone=dict(
        type='ResNet3dSlowOnly',
        in_channels=5,
        base_channels=32,
        num_stages=3,
        out_indices=(2, ),
        stage_blocks=(4, 6, 3),
        conv1_stride=(1, 1),
        pool1_stride=(1, 1),
        inflate=(0, 1, 1),
        spatial_strides=(2, 2, 2),
        temporal_strides=(1, 1, 2),
        frozen_stages=3),
    cls_head=dict(
        type='I3DHead', in_channels=512, num_classes=10, dropout=0.5),
    test_cfg=dict(average_clips='prob'))
dataset_type = 'PoseDataset'
ann_file = 'data/ds_taichi/test7nsnr.pkl'
left_kp = [
    5, 6, 7, 8, 44, 45, 46, 47, 48, 49, 50, 51, 52, 53, 54, 55, 56, 57, 58, 59,
    60, 61, 62, 63, 64, 65, 66, 67, 68, 69, 70, 71
]
right_kp = [
    1, 2, 3, 4, 16, 17, 18, 19, 20, 21, 22, 23, 24, 25, 26, 27, 28, 29, 30, 31,
    32, 33, 34, 35, 36, 37, 38, 39, 40, 41, 42, 43
]
train_pipeline = [
    dict(type='UniformSampleFrames', clip_len=48),
    dict(type='PoseDecode'),
    dict(type='PoseCompact', hw_ratio=1.0, allow_imgpad=True),
    dict(type='Resize', scale=(-1, 64)),
    dict(type='RandomResizedCrop', area_range=(0.56, 1.0)),
    dict(type='Resize', scale=(56, 56), keep_ratio=False),
    dict(
        type='Flip',
        flip_ratio=0.5,
        left_kp=[
            5, 6, 7, 8, 44, 45, 46, 47, 48, 49, 50, 51, 52, 53, 54, 55, 56, 57,
            58, 59, 60, 61, 62, 63, 64, 65, 66, 67, 68, 69, 70, 71
        ],
        right_kp=[
            1, 2, 3, 4, 16, 17, 18, 19, 20, 21, 22, 23, 24, 25, 26, 27, 28, 29,
            30, 31, 32, 33, 34, 35, 36, 37, 38, 39, 40, 41, 42, 43
        ]),
    dict(type='GenerateTaiChiPoseTarget', with_kp=True, with_limb=False),
    dict(type='FormatShape', input_format='NCTHW_Heatmap'),
    dict(type='Collect', keys=['imgs', 'label'], meta_keys=[]),
    dict(type='ToTensor', keys=['imgs', 'label'])
]
val_pipeline = [
    dict(type='UniformSampleFrames', clip_len=48, num_clips=1),
    dict(type='PoseDecode'),
    dict(type='PoseCompact', hw_ratio=1.0, allow_imgpad=True),
    dict(type='Resize', scale=(64, 64), keep_ratio=False),
    dict(type='GenerateTaiChiPoseTarget', with_kp=True, with_limb=False),
    dict(type='FormatShape', input_format='NCTHW_Heatmap'),
    dict(type='Collect', keys=['imgs', 'label'], meta_keys=[]),
    dict(type='ToTensor', keys=['imgs'])
]
test_pipeline = [
    dict(type='UniformSampleFrames', clip_len=48, num_clips=10),
    dict(type='PoseDecode'),
    dict(type='PoseCompact', hw_ratio=1.0, allow_imgpad=True),
    dict(type='Resize', scale=(64, 64), keep_ratio=False),
    dict(
        type='GenerateTaiChiPoseTarget',
        with_kp=True,
        with_limb=False,
        double=True),
    dict(type='FormatShape', input_format='NCTHW_Heatmap'),
    dict(type='Collect', keys=['imgs', 'label'], meta_keys=[]),
    dict(type='ToTensor', keys=['imgs'])
]
data = dict(
    videos_per_gpu=8,
    workers_per_gpu=4,
    test_dataloader=dict(videos_per_gpu=6),
    train=dict(
        type='RepeatDataset',
        times=30,
        dataset=dict(
            type='PoseDataset',
            ann_file='data/ds_taichi/test7nsnr.pkl',
            split='train',
            pipeline=[
                dict(type='UniformSampleFrames', clip_len=48),
                dict(type='PoseDecode'),
                dict(type='PoseCompact', hw_ratio=1.0, allow_imgpad=True),
                dict(type='Resize', scale=(-1, 64)),
                dict(type='RandomResizedCrop', area_range=(0.56, 1.0)),
                dict(type='Resize', scale=(56, 56), keep_ratio=False),
                dict(
                    type='Flip',
                    flip_ratio=0.5,
                    left_kp=[
                        5, 6, 7, 8, 44, 45, 46, 47, 48, 49, 50, 51, 52, 53, 54,
                        55, 56, 57, 58, 59, 60, 61, 62, 63, 64, 65, 66, 67, 68,
                        69, 70, 71
                    ],
                    right_kp=[
                        1, 2, 3, 4, 16, 17, 18, 19, 20, 21, 22, 23, 24, 25, 26,
                        27, 28, 29, 30, 31, 32, 33, 34, 35, 36, 37, 38, 39, 40,
                        41, 42, 43
                    ]),
                dict(
                    type='GenerateTaiChiPoseTarget',
                    with_kp=True,
                    with_limb=False),
                dict(type='FormatShape', input_format='NCTHW_Heatmap'),
                dict(type='Collect', keys=['imgs', 'label'], meta_keys=[]),
                dict(type='ToTensor', keys=['imgs', 'label'])
            ])),
    val=dict(
        type='PoseDataset',
        ann_file='data/ds_taichi/test7nsnr.pkl',
        split='test',
        pipeline=[
            dict(type='UniformSampleFrames', clip_len=48, num_clips=1),
            dict(type='PoseDecode'),
            dict(type='PoseCompact', hw_ratio=1.0, allow_imgpad=True),
            dict(type='Resize', scale=(64, 64), keep_ratio=False),
            dict(
                type='GenerateTaiChiPoseTarget', with_kp=True,
                with_limb=False),
            dict(type='FormatShape', input_format='NCTHW_Heatmap'),
            dict(type='Collect', keys=['imgs', 'label'], meta_keys=[]),
            dict(type='ToTensor', keys=['imgs'])
        ]),
    test=dict(
        type='PoseDataset',
        ann_file='data/ds_taichi/test7nsnr.pkl',
        split='test',
        pipeline=[
            dict(type='UniformSampleFrames', clip_len=48, num_clips=10),
            dict(type='PoseDecode'),
            dict(type='PoseCompact', hw_ratio=1.0, allow_imgpad=True),
            dict(type='Resize', scale=(64, 64), keep_ratio=False),
            dict(
                type='GenerateTaiChiPoseTarget',
                with_kp=True,
                with_limb=False,
                double=True),
            dict(type='FormatShape', input_format='NCTHW_Heatmap'),
            dict(type='Collect', keys=['imgs', 'label'], meta_keys=[]),
            dict(type='ToTensor', keys=['imgs'])
        ]))
optimizer = dict(type='SGD', lr=0.01, momentum=0.9, weight_decay=0.0003)
optimizer_config = dict(grad_clip=dict(max_norm=40, norm_type=2))
lr_config = dict(policy='CosineAnnealing', by_epoch=False, min_lr=0)
total_epochs = 24
checkpoint_config = dict(interval=24)
evaluation = dict(
    interval=1, metrics=['top_k_accuracy', 'mean_class_accuracy'], topk=(1, 5))
log_config = dict(interval=20, hooks=[dict(type='TextLoggerHook')])
log_level = 'INFO'
output_config = dict(
    out='./model_pth/exp0/t7nsnr_5p_lrd01/test_result/results.pkl')
eval_config = dict(
    metric_out='./model_pth/exp0/t7nsnr_5p_lrd01/test_result',
    eval=[
        'top_k_accuracy', 'mean_class_accuracy', 'confusion_matrix',
        't_sne_vis'
    ])
work_dir = './model_pth/exp0/t7nsnr_5p_lrd01'
load_from = './model_pth/ntu120xsub_5parts_kp/best_top1_acc_epoch_23.pth'
find_unused_parameters = True
dist_params = dict(backend='nccl')
gpu_ids = range(0, 4)

2023-02-21 16:42:55,885 - pyskl - INFO - Set random seed to 42, deterministic: True
2023-02-21 16:42:56,535 - pyskl - INFO - 60 videos remain after valid thresholding
2023-02-21 16:43:02,062 - pyskl - INFO - 140 videos remain after valid thresholding
2023-02-21 16:43:02,064 - pyskl - INFO - load checkpoint from local path: ./model_pth/ntu120xsub_5parts_kp/best_top1_acc_epoch_23.pth
2023-02-21 16:43:02,086 - pyskl - WARNING - The model and loaded state dict do not match exactly

size mismatch for cls_head.fc_cls.weight: copying a param with shape torch.Size([120, 512]) from checkpoint, the shape in current model is torch.Size([10, 512]).
size mismatch for cls_head.fc_cls.bias: copying a param with shape torch.Size([120]) from checkpoint, the shape in current model is torch.Size([10]).
2023-02-21 16:43:02,086 - pyskl - INFO - Start running, host: yl@83090-jin, work_dir: /home/yl/sscls/model_pth/exp0/t7nsnr_5p_lrd01
2023-02-21 16:43:02,087 - pyskl - INFO - Hooks will be executed in the following order:
before_run:
(VERY_HIGH   ) CosineAnnealingLrUpdaterHook       
(NORMAL      ) CheckpointHook                     
(NORMAL      ) DistEvalHook                       
(VERY_LOW    ) TextLoggerHook                     
 -------------------- 
before_train_epoch:
(VERY_HIGH   ) CosineAnnealingLrUpdaterHook       
(NORMAL      ) DistSamplerSeedHook                
(NORMAL      ) DistEvalHook                       
(LOW         ) IterTimerHook                      
(VERY_LOW    ) TextLoggerHook                     
 -------------------- 
before_train_iter:
(VERY_HIGH   ) CosineAnnealingLrUpdaterHook       
(NORMAL      ) DistEvalHook                       
(LOW         ) IterTimerHook                      
 -------------------- 
after_train_iter:
(ABOVE_NORMAL) OptimizerHook                      
(NORMAL      ) CheckpointHook                     
(NORMAL      ) DistEvalHook                       
(LOW         ) IterTimerHook                      
(VERY_LOW    ) TextLoggerHook                     
 -------------------- 
after_train_epoch:
(NORMAL      ) CheckpointHook                     
(NORMAL      ) DistEvalHook                       
(VERY_LOW    ) TextLoggerHook                     
 -------------------- 
before_val_epoch:
(NORMAL      ) DistSamplerSeedHook                
(LOW         ) IterTimerHook                      
(VERY_LOW    ) TextLoggerHook                     
 -------------------- 
before_val_iter:
(LOW         ) IterTimerHook                      
 -------------------- 
after_val_iter:
(LOW         ) IterTimerHook                      
 -------------------- 
after_val_epoch:
(VERY_LOW    ) TextLoggerHook                     
 -------------------- 
after_run:
(VERY_LOW    ) TextLoggerHook                     
 -------------------- 
2023-02-21 16:43:02,087 - pyskl - INFO - workflow: [('train', 1)], max: 24 epochs
2023-02-21 16:43:02,087 - pyskl - INFO - Checkpoints will be saved to /home/yl/sscls/model_pth/exp0/t7nsnr_5p_lrd01 by HardDiskBackend.
2023-02-21 16:43:20,275 - pyskl - INFO - Epoch [1][20/57]	lr: 9.995e-03, eta: 0:20:25, time: 0.909, data_time: 0.785, memory: 664, top1_acc: 0.1812, top5_acc: 0.6766, loss_cls: 2.1929, loss: 2.1929, grad_norm: 2.5291
2023-02-21 16:43:23,805 - pyskl - INFO - Epoch [1][40/57]	lr: 9.980e-03, eta: 0:12:00, time: 0.177, data_time: 0.086, memory: 664, top1_acc: 0.4688, top5_acc: 0.8641, loss_cls: 1.7884, loss: 1.7884, grad_norm: 2.2694
2023-02-21 16:43:43,409 - pyskl - INFO - Evaluating top_k_accuracy ...
2023-02-21 16:43:43,409 - pyskl - INFO - 
top1_acc	0.6286
top5_acc	0.9929
2023-02-21 16:43:43,409 - pyskl - INFO - Evaluating mean_class_accuracy ...
2023-02-21 16:43:43,410 - pyskl - INFO - 
mean_acc	0.6286
2023-02-21 16:43:43,441 - pyskl - INFO - Now best checkpoint is saved as best_top1_acc_epoch_1.pth.
2023-02-21 16:43:43,441 - pyskl - INFO - Best top1_acc is 0.6286 at 1 epoch.
2023-02-21 16:43:43,441 - pyskl - INFO - Epoch(val) [1][5]	top1_acc: 0.6286, top5_acc: 0.9929, mean_class_accuracy: 0.6286
2023-02-21 16:44:01,160 - pyskl - INFO - Epoch [2][20/57]	lr: 9.924e-03, eta: 0:11:01, time: 0.886, data_time: 0.796, memory: 861, top1_acc: 0.6234, top5_acc: 0.9547, loss_cls: 1.3440, loss: 1.3440, grad_norm: 2.1749
2023-02-21 16:44:04,678 - pyskl - INFO - Epoch [2][40/57]	lr: 9.879e-03, eta: 0:09:22, time: 0.176, data_time: 0.083, memory: 861, top1_acc: 0.6578, top5_acc: 0.9734, loss_cls: 1.2441, loss: 1.2441, grad_norm: 2.0400
2023-02-21 16:44:24,573 - pyskl - INFO - Evaluating top_k_accuracy ...
2023-02-21 16:44:24,573 - pyskl - INFO - 
top1_acc	0.6643
top5_acc	0.9500
2023-02-21 16:44:24,573 - pyskl - INFO - Evaluating mean_class_accuracy ...
2023-02-21 16:44:24,573 - pyskl - INFO - 
mean_acc	0.6643
2023-02-21 16:44:24,575 - pyskl - INFO - The previous best checkpoint /home/yl/sscls/model_pth/exp0/t7nsnr_5p_lrd01/best_top1_acc_epoch_1.pth was removed
2023-02-21 16:44:24,601 - pyskl - INFO - Now best checkpoint is saved as best_top1_acc_epoch_2.pth.
2023-02-21 16:44:24,601 - pyskl - INFO - Best top1_acc is 0.6643 at 2 epoch.
2023-02-21 16:44:24,602 - pyskl - INFO - Epoch(val) [2][5]	top1_acc: 0.6643, top5_acc: 0.9500, mean_class_accuracy: 0.6643
2023-02-21 16:44:42,387 - pyskl - INFO - Epoch [3][20/57]	lr: 9.769e-03, eta: 0:09:19, time: 0.889, data_time: 0.797, memory: 861, top1_acc: 0.7281, top5_acc: 0.9766, loss_cls: 1.0521, loss: 1.0521, grad_norm: 1.9030
2023-02-21 16:44:46,060 - pyskl - INFO - Epoch [3][40/57]	lr: 9.695e-03, eta: 0:08:27, time: 0.184, data_time: 0.085, memory: 861, top1_acc: 0.7562, top5_acc: 0.9844, loss_cls: 0.9950, loss: 0.9950, grad_norm: 1.9094
2023-02-21 16:45:06,199 - pyskl - INFO - Evaluating top_k_accuracy ...
2023-02-21 16:45:06,199 - pyskl - INFO - 
top1_acc	0.8143
top5_acc	1.0000
2023-02-21 16:45:06,199 - pyskl - INFO - Evaluating mean_class_accuracy ...
2023-02-21 16:45:06,200 - pyskl - INFO - 
mean_acc	0.8143
2023-02-21 16:45:06,201 - pyskl - INFO - The previous best checkpoint /home/yl/sscls/model_pth/exp0/t7nsnr_5p_lrd01/best_top1_acc_epoch_2.pth was removed
2023-02-21 16:45:06,228 - pyskl - INFO - Now best checkpoint is saved as best_top1_acc_epoch_3.pth.
2023-02-21 16:45:06,228 - pyskl - INFO - Best top1_acc is 0.8143 at 3 epoch.
2023-02-21 16:45:06,228 - pyskl - INFO - Epoch(val) [3][5]	top1_acc: 0.8143, top5_acc: 1.0000, mean_class_accuracy: 0.8143
2023-02-21 16:45:24,134 - pyskl - INFO - Epoch [4][20/57]	lr: 9.532e-03, eta: 0:08:27, time: 0.895, data_time: 0.745, memory: 861, top1_acc: 0.7578, top5_acc: 0.9812, loss_cls: 0.9031, loss: 0.9031, grad_norm: 1.7537
2023-02-21 16:45:27,770 - pyskl - INFO - Epoch [4][40/57]	lr: 9.430e-03, eta: 0:07:51, time: 0.182, data_time: 0.012, memory: 861, top1_acc: 0.7641, top5_acc: 0.9812, loss_cls: 0.9119, loss: 0.9119, grad_norm: 1.8466
2023-02-21 16:45:47,637 - pyskl - INFO - Evaluating top_k_accuracy ...
2023-02-21 16:45:47,638 - pyskl - INFO - 
top1_acc	0.8429
top5_acc	1.0000
2023-02-21 16:45:47,638 - pyskl - INFO - Evaluating mean_class_accuracy ...
2023-02-21 16:45:47,638 - pyskl - INFO - 
mean_acc	0.8429
2023-02-21 16:45:47,640 - pyskl - INFO - The previous best checkpoint /home/yl/sscls/model_pth/exp0/t7nsnr_5p_lrd01/best_top1_acc_epoch_3.pth was removed
2023-02-21 16:45:47,668 - pyskl - INFO - Now best checkpoint is saved as best_top1_acc_epoch_4.pth.
2023-02-21 16:45:47,668 - pyskl - INFO - Best top1_acc is 0.8429 at 4 epoch.
2023-02-21 16:45:47,669 - pyskl - INFO - Epoch(val) [4][5]	top1_acc: 0.8429, top5_acc: 1.0000, mean_class_accuracy: 0.8429
2023-02-21 16:46:05,785 - pyskl - INFO - Epoch [5][20/57]	lr: 9.217e-03, eta: 0:07:49, time: 0.905, data_time: 0.773, memory: 861, top1_acc: 0.7719, top5_acc: 0.9859, loss_cls: 0.8306, loss: 0.8306, grad_norm: 1.6580
2023-02-21 16:46:09,286 - pyskl - INFO - Epoch [5][40/57]	lr: 9.089e-03, eta: 0:07:21, time: 0.175, data_time: 0.020, memory: 861, top1_acc: 0.7875, top5_acc: 0.9875, loss_cls: 0.8145, loss: 0.8145, grad_norm: 1.7243
2023-02-21 16:46:29,117 - pyskl - INFO - Evaluating top_k_accuracy ...
2023-02-21 16:46:29,117 - pyskl - INFO - 
top1_acc	0.9143
top5_acc	1.0000
2023-02-21 16:46:29,117 - pyskl - INFO - Evaluating mean_class_accuracy ...
2023-02-21 16:46:29,118 - pyskl - INFO - 
mean_acc	0.9143
2023-02-21 16:46:29,120 - pyskl - INFO - The previous best checkpoint /home/yl/sscls/model_pth/exp0/t7nsnr_5p_lrd01/best_top1_acc_epoch_4.pth was removed
2023-02-21 16:46:29,150 - pyskl - INFO - Now best checkpoint is saved as best_top1_acc_epoch_5.pth.
2023-02-21 16:46:29,151 - pyskl - INFO - Best top1_acc is 0.9143 at 5 epoch.
2023-02-21 16:46:29,151 - pyskl - INFO - Epoch(val) [5][5]	top1_acc: 0.9143, top5_acc: 1.0000, mean_class_accuracy: 0.9143
2023-02-21 16:46:47,222 - pyskl - INFO - Epoch [6][20/57]	lr: 8.830e-03, eta: 0:07:17, time: 0.903, data_time: 0.732, memory: 861, top1_acc: 0.8016, top5_acc: 0.9891, loss_cls: 0.7721, loss: 0.7721, grad_norm: 1.5891
2023-02-21 16:46:50,825 - pyskl - INFO - Epoch [6][40/57]	lr: 8.679e-03, eta: 0:06:54, time: 0.180, data_time: 0.081, memory: 861, top1_acc: 0.8391, top5_acc: 0.9922, loss_cls: 0.6927, loss: 0.6927, grad_norm: 1.5714
2023-02-21 16:47:10,798 - pyskl - INFO - Evaluating top_k_accuracy ...
2023-02-21 16:47:10,799 - pyskl - INFO - 
top1_acc	0.8000
top5_acc	1.0000
2023-02-21 16:47:10,799 - pyskl - INFO - Evaluating mean_class_accuracy ...
2023-02-21 16:47:10,800 - pyskl - INFO - 
mean_acc	0.8000
2023-02-21 16:47:10,800 - pyskl - INFO - Epoch(val) [6][5]	top1_acc: 0.8000, top5_acc: 1.0000, mean_class_accuracy: 0.8000
2023-02-21 16:47:28,757 - pyskl - INFO - Epoch [7][20/57]	lr: 8.378e-03, eta: 0:06:49, time: 0.898, data_time: 0.712, memory: 861, top1_acc: 0.8156, top5_acc: 0.9875, loss_cls: 0.6990, loss: 0.6990, grad_norm: 1.5401
2023-02-21 16:47:32,329 - pyskl - INFO - Epoch [7][40/57]	lr: 8.205e-03, eta: 0:06:29, time: 0.179, data_time: 0.000, memory: 861, top1_acc: 0.7828, top5_acc: 0.9891, loss_cls: 0.7521, loss: 0.7521, grad_norm: 1.5815
2023-02-21 16:47:52,402 - pyskl - INFO - Evaluating top_k_accuracy ...
2023-02-21 16:47:52,403 - pyskl - INFO - 
top1_acc	0.9214
top5_acc	1.0000
2023-02-21 16:47:52,403 - pyskl - INFO - Evaluating mean_class_accuracy ...
2023-02-21 16:47:52,403 - pyskl - INFO - 
mean_acc	0.9214
2023-02-21 16:47:52,406 - pyskl - INFO - The previous best checkpoint /home/yl/sscls/model_pth/exp0/t7nsnr_5p_lrd01/best_top1_acc_epoch_5.pth was removed
2023-02-21 16:47:52,439 - pyskl - INFO - Now best checkpoint is saved as best_top1_acc_epoch_7.pth.
2023-02-21 16:47:52,439 - pyskl - INFO - Best top1_acc is 0.9214 at 7 epoch.
2023-02-21 16:47:52,439 - pyskl - INFO - Epoch(val) [7][5]	top1_acc: 0.9214, top5_acc: 1.0000, mean_class_accuracy: 0.9214
2023-02-21 16:48:10,537 - pyskl - INFO - Epoch [8][20/57]	lr: 7.868e-03, eta: 0:06:22, time: 0.905, data_time: 0.723, memory: 861, top1_acc: 0.8328, top5_acc: 0.9938, loss_cls: 0.6680, loss: 0.6680, grad_norm: 1.4939
2023-02-21 16:48:14,166 - pyskl - INFO - Epoch [8][40/57]	lr: 7.677e-03, eta: 0:06:04, time: 0.181, data_time: 0.002, memory: 861, top1_acc: 0.8109, top5_acc: 0.9953, loss_cls: 0.6546, loss: 0.6546, grad_norm: 1.4538
2023-02-21 16:48:34,158 - pyskl - INFO - Evaluating top_k_accuracy ...
2023-02-21 16:48:34,159 - pyskl - INFO - 
top1_acc	0.8857
top5_acc	1.0000
2023-02-21 16:48:34,159 - pyskl - INFO - Evaluating mean_class_accuracy ...
2023-02-21 16:48:34,159 - pyskl - INFO - 
mean_acc	0.8857
2023-02-21 16:48:34,159 - pyskl - INFO - Epoch(val) [8][5]	top1_acc: 0.8857, top5_acc: 1.0000, mean_class_accuracy: 0.8857
2023-02-21 16:48:51,958 - pyskl - INFO - Epoch [9][20/57]	lr: 7.309e-03, eta: 0:05:56, time: 0.890, data_time: 0.802, memory: 861, top1_acc: 0.8219, top5_acc: 0.9828, loss_cls: 0.6463, loss: 0.6463, grad_norm: 1.5450
2023-02-21 16:48:55,565 - pyskl - INFO - Epoch [9][40/57]	lr: 7.103e-03, eta: 0:05:40, time: 0.180, data_time: 0.096, memory: 861, top1_acc: 0.8422, top5_acc: 0.9953, loss_cls: 0.6289, loss: 0.6289, grad_norm: 1.4125
2023-02-21 16:49:15,546 - pyskl - INFO - Evaluating top_k_accuracy ...
2023-02-21 16:49:15,546 - pyskl - INFO - 
top1_acc	0.9000
top5_acc	1.0000
2023-02-21 16:49:15,546 - pyskl - INFO - Evaluating mean_class_accuracy ...
2023-02-21 16:49:15,546 - pyskl - INFO - 
mean_acc	0.9000
2023-02-21 16:49:15,547 - pyskl - INFO - Epoch(val) [9][5]	top1_acc: 0.9000, top5_acc: 1.0000, mean_class_accuracy: 0.9000
2023-02-21 16:49:33,076 - pyskl - INFO - Epoch [10][20/57]	lr: 6.710e-03, eta: 0:05:31, time: 0.876, data_time: 0.827, memory: 861, top1_acc: 0.8328, top5_acc: 0.9875, loss_cls: 0.6097, loss: 0.6097, grad_norm: 1.4883
2023-02-21 16:49:36,619 - pyskl - INFO - Epoch [10][40/57]	lr: 6.493e-03, eta: 0:05:16, time: 0.177, data_time: 0.119, memory: 861, top1_acc: 0.8406, top5_acc: 0.9844, loss_cls: 0.6252, loss: 0.6252, grad_norm: 1.4248
2023-02-21 16:49:56,222 - pyskl - INFO - Evaluating top_k_accuracy ...
2023-02-21 16:49:56,223 - pyskl - INFO - 
top1_acc	0.9357
top5_acc	1.0000
2023-02-21 16:49:56,223 - pyskl - INFO - Evaluating mean_class_accuracy ...
2023-02-21 16:49:56,223 - pyskl - INFO - 
mean_acc	0.9357
2023-02-21 16:49:56,224 - pyskl - INFO - The previous best checkpoint /home/yl/sscls/model_pth/exp0/t7nsnr_5p_lrd01/best_top1_acc_epoch_7.pth was removed
2023-02-21 16:49:56,250 - pyskl - INFO - Now best checkpoint is saved as best_top1_acc_epoch_10.pth.
2023-02-21 16:49:56,250 - pyskl - INFO - Best top1_acc is 0.9357 at 10 epoch.
2023-02-21 16:49:56,250 - pyskl - INFO - Epoch(val) [10][5]	top1_acc: 0.9357, top5_acc: 1.0000, mean_class_accuracy: 0.9357
2023-02-21 16:50:14,035 - pyskl - INFO - Epoch [11][20/57]	lr: 6.082e-03, eta: 0:05:06, time: 0.889, data_time: 0.760, memory: 861, top1_acc: 0.8391, top5_acc: 0.9922, loss_cls: 0.5896, loss: 0.5896, grad_norm: 1.4069
2023-02-21 16:50:17,602 - pyskl - INFO - Epoch [11][40/57]	lr: 5.857e-03, eta: 0:04:53, time: 0.178, data_time: 0.010, memory: 861, top1_acc: 0.8453, top5_acc: 0.9953, loss_cls: 0.5821, loss: 0.5821, grad_norm: 1.2791
2023-02-21 16:50:37,460 - pyskl - INFO - Evaluating top_k_accuracy ...
2023-02-21 16:50:37,461 - pyskl - INFO - 
top1_acc	0.9143
top5_acc	1.0000
2023-02-21 16:50:37,461 - pyskl - INFO - Evaluating mean_class_accuracy ...
2023-02-21 16:50:37,461 - pyskl - INFO - 
mean_acc	0.9143
2023-02-21 16:50:37,461 - pyskl - INFO - Epoch(val) [11][5]	top1_acc: 0.9143, top5_acc: 1.0000, mean_class_accuracy: 0.9143
2023-02-21 16:50:55,360 - pyskl - INFO - Epoch [12][20/57]	lr: 5.436e-03, eta: 0:04:43, time: 0.894, data_time: 0.733, memory: 861, top1_acc: 0.8531, top5_acc: 0.9953, loss_cls: 0.5821, loss: 0.5821, grad_norm: 1.3920
2023-02-21 16:50:58,818 - pyskl - INFO - Epoch [12][40/57]	lr: 5.207e-03, eta: 0:04:30, time: 0.173, data_time: 0.019, memory: 861, top1_acc: 0.8547, top5_acc: 0.9969, loss_cls: 0.5502, loss: 0.5502, grad_norm: 1.3131
2023-02-21 16:51:18,564 - pyskl - INFO - Evaluating top_k_accuracy ...
2023-02-21 16:51:18,565 - pyskl - INFO - 
top1_acc	0.9500
top5_acc	1.0000
2023-02-21 16:51:18,565 - pyskl - INFO - Evaluating mean_class_accuracy ...
2023-02-21 16:51:18,566 - pyskl - INFO - 
mean_acc	0.9500
2023-02-21 16:51:18,569 - pyskl - INFO - The previous best checkpoint /home/yl/sscls/model_pth/exp0/t7nsnr_5p_lrd01/best_top1_acc_epoch_10.pth was removed
2023-02-21 16:51:18,602 - pyskl - INFO - Now best checkpoint is saved as best_top1_acc_epoch_12.pth.
2023-02-21 16:51:18,602 - pyskl - INFO - Best top1_acc is 0.9500 at 12 epoch.
2023-02-21 16:51:18,602 - pyskl - INFO - Epoch(val) [12][5]	top1_acc: 0.9500, top5_acc: 1.0000, mean_class_accuracy: 0.9500
2023-02-21 16:51:36,298 - pyskl - INFO - Epoch [13][20/57]	lr: 4.782e-03, eta: 0:04:19, time: 0.885, data_time: 0.822, memory: 861, top1_acc: 0.8484, top5_acc: 0.9875, loss_cls: 0.5784, loss: 0.5784, grad_norm: 1.3980
2023-02-21 16:51:39,928 - pyskl - INFO - Epoch [13][40/57]	lr: 4.553e-03, eta: 0:04:08, time: 0.181, data_time: 0.095, memory: 861, top1_acc: 0.8438, top5_acc: 0.9922, loss_cls: 0.5778, loss: 0.5778, grad_norm: 1.3427
2023-02-21 16:51:59,707 - pyskl - INFO - Evaluating top_k_accuracy ...
2023-02-21 16:51:59,708 - pyskl - INFO - 
top1_acc	0.9429
top5_acc	1.0000
2023-02-21 16:51:59,708 - pyskl - INFO - Evaluating mean_class_accuracy ...
2023-02-21 16:51:59,709 - pyskl - INFO - 
mean_acc	0.9429
2023-02-21 16:51:59,709 - pyskl - INFO - Epoch(val) [13][5]	top1_acc: 0.9429, top5_acc: 1.0000, mean_class_accuracy: 0.9429
2023-02-21 16:52:17,475 - pyskl - INFO - Epoch [14][20/57]	lr: 4.132e-03, eta: 0:03:56, time: 0.888, data_time: 0.801, memory: 861, top1_acc: 0.8609, top5_acc: 0.9906, loss_cls: 0.5529, loss: 0.5529, grad_norm: 1.3778
2023-02-21 16:52:21,076 - pyskl - INFO - Epoch [14][40/57]	lr: 3.907e-03, eta: 0:03:45, time: 0.180, data_time: 0.099, memory: 861, top1_acc: 0.8609, top5_acc: 0.9844, loss_cls: 0.5563, loss: 0.5563, grad_norm: 1.2944
2023-02-21 16:52:41,123 - pyskl - INFO - Evaluating top_k_accuracy ...
2023-02-21 16:52:41,124 - pyskl - INFO - 
top1_acc	0.9429
top5_acc	1.0000
2023-02-21 16:52:41,124 - pyskl - INFO - Evaluating mean_class_accuracy ...
2023-02-21 16:52:41,125 - pyskl - INFO - 
mean_acc	0.9429
2023-02-21 16:52:41,125 - pyskl - INFO - Epoch(val) [14][5]	top1_acc: 0.9429, top5_acc: 1.0000, mean_class_accuracy: 0.9429
2023-02-21 16:52:59,191 - pyskl - INFO - Epoch [15][20/57]	lr: 3.496e-03, eta: 0:03:34, time: 0.903, data_time: 0.784, memory: 861, top1_acc: 0.8609, top5_acc: 0.9969, loss_cls: 0.5496, loss: 0.5496, grad_norm: 1.2920
2023-02-21 16:53:02,784 - pyskl - INFO - Epoch [15][40/57]	lr: 3.279e-03, eta: 0:03:23, time: 0.180, data_time: 0.027, memory: 861, top1_acc: 0.8484, top5_acc: 0.9906, loss_cls: 0.5563, loss: 0.5563, grad_norm: 1.3910
2023-02-21 16:53:22,783 - pyskl - INFO - Evaluating top_k_accuracy ...
2023-02-21 16:53:22,783 - pyskl - INFO - 
top1_acc	0.9286
top5_acc	1.0000
2023-02-21 16:53:22,783 - pyskl - INFO - Evaluating mean_class_accuracy ...
2023-02-21 16:53:22,784 - pyskl - INFO - 
mean_acc	0.9286
2023-02-21 16:53:22,784 - pyskl - INFO - Epoch(val) [15][5]	top1_acc: 0.9286, top5_acc: 1.0000, mean_class_accuracy: 0.9286
2023-02-21 16:53:40,664 - pyskl - INFO - Epoch [16][20/57]	lr: 2.887e-03, eta: 0:03:11, time: 0.894, data_time: 0.803, memory: 861, top1_acc: 0.8734, top5_acc: 0.9922, loss_cls: 0.5384, loss: 0.5384, grad_norm: 1.3262
2023-02-21 16:53:44,327 - pyskl - INFO - Epoch [16][40/57]	lr: 2.681e-03, eta: 0:03:01, time: 0.183, data_time: 0.068, memory: 861, top1_acc: 0.8641, top5_acc: 0.9891, loss_cls: 0.5403, loss: 0.5403, grad_norm: 1.2534
2023-02-21 16:54:04,163 - pyskl - INFO - Evaluating top_k_accuracy ...
2023-02-21 16:54:04,163 - pyskl - INFO - 
top1_acc	0.9357
top5_acc	1.0000
2023-02-21 16:54:04,164 - pyskl - INFO - Evaluating mean_class_accuracy ...
2023-02-21 16:54:04,164 - pyskl - INFO - 
mean_acc	0.9357
2023-02-21 16:54:04,164 - pyskl - INFO - Epoch(val) [16][5]	top1_acc: 0.9357, top5_acc: 1.0000, mean_class_accuracy: 0.9357
2023-02-21 16:54:22,480 - pyskl - INFO - Epoch [17][20/57]	lr: 2.314e-03, eta: 0:02:49, time: 0.915, data_time: 0.721, memory: 861, top1_acc: 0.8063, top5_acc: 0.9969, loss_cls: 0.5873, loss: 0.5873, grad_norm: 1.3834
2023-02-21 16:54:26,063 - pyskl - INFO - Epoch [17][40/57]	lr: 2.123e-03, eta: 0:02:39, time: 0.179, data_time: 0.001, memory: 861, top1_acc: 0.8578, top5_acc: 0.9891, loss_cls: 0.5557, loss: 0.5557, grad_norm: 1.3396
2023-02-21 16:54:46,073 - pyskl - INFO - Evaluating top_k_accuracy ...
2023-02-21 16:54:46,073 - pyskl - INFO - 
top1_acc	0.9357
top5_acc	1.0000
2023-02-21 16:54:46,074 - pyskl - INFO - Evaluating mean_class_accuracy ...
2023-02-21 16:54:46,074 - pyskl - INFO - 
mean_acc	0.9357
2023-02-21 16:54:46,074 - pyskl - INFO - Epoch(val) [17][5]	top1_acc: 0.9357, top5_acc: 1.0000, mean_class_accuracy: 0.9357
2023-02-21 16:55:04,195 - pyskl - INFO - Epoch [18][20/57]	lr: 1.786e-03, eta: 0:02:26, time: 0.906, data_time: 0.749, memory: 861, top1_acc: 0.8672, top5_acc: 0.9953, loss_cls: 0.5239, loss: 0.5239, grad_norm: 1.2926
2023-02-21 16:55:07,772 - pyskl - INFO - Epoch [18][40/57]	lr: 1.614e-03, eta: 0:02:17, time: 0.179, data_time: 0.026, memory: 861, top1_acc: 0.8750, top5_acc: 0.9953, loss_cls: 0.5053, loss: 0.5053, grad_norm: 1.1854
2023-02-21 16:55:27,634 - pyskl - INFO - Evaluating top_k_accuracy ...
2023-02-21 16:55:27,635 - pyskl - INFO - 
top1_acc	0.9357
top5_acc	1.0000
2023-02-21 16:55:27,635 - pyskl - INFO - Evaluating mean_class_accuracy ...
2023-02-21 16:55:27,635 - pyskl - INFO - 
mean_acc	0.9357
2023-02-21 16:55:27,636 - pyskl - INFO - Epoch(val) [18][5]	top1_acc: 0.9357, top5_acc: 1.0000, mean_class_accuracy: 0.9357
2023-02-21 16:55:45,441 - pyskl - INFO - Epoch [19][20/57]	lr: 1.314e-03, eta: 0:02:04, time: 0.890, data_time: 0.778, memory: 861, top1_acc: 0.8688, top5_acc: 0.9969, loss_cls: 0.5233, loss: 0.5233, grad_norm: 1.2555
2023-02-21 16:55:48,975 - pyskl - INFO - Epoch [19][40/57]	lr: 1.162e-03, eta: 0:01:55, time: 0.177, data_time: 0.063, memory: 861, top1_acc: 0.8766, top5_acc: 0.9922, loss_cls: 0.5275, loss: 0.5275, grad_norm: 1.2633
2023-02-21 16:56:09,001 - pyskl - INFO - Evaluating top_k_accuracy ...
2023-02-21 16:56:09,001 - pyskl - INFO - 
top1_acc	0.9214
top5_acc	1.0000
2023-02-21 16:56:09,001 - pyskl - INFO - Evaluating mean_class_accuracy ...
2023-02-21 16:56:09,002 - pyskl - INFO - 
mean_acc	0.9214
2023-02-21 16:56:09,002 - pyskl - INFO - Epoch(val) [19][5]	top1_acc: 0.9214, top5_acc: 1.0000, mean_class_accuracy: 0.9214
2023-02-21 16:56:26,953 - pyskl - INFO - Epoch [20][20/57]	lr: 9.042e-04, eta: 0:01:42, time: 0.897, data_time: 0.808, memory: 861, top1_acc: 0.8641, top5_acc: 0.9984, loss_cls: 0.5289, loss: 0.5289, grad_norm: 1.2609
2023-02-21 16:56:30,640 - pyskl - INFO - Epoch [20][40/57]	lr: 7.769e-04, eta: 0:01:33, time: 0.184, data_time: 0.126, memory: 861, top1_acc: 0.8688, top5_acc: 0.9969, loss_cls: 0.4955, loss: 0.4955, grad_norm: 1.2187
2023-02-21 16:56:50,521 - pyskl - INFO - Evaluating top_k_accuracy ...
2023-02-21 16:56:50,521 - pyskl - INFO - 
top1_acc	0.9429
top5_acc	1.0000
2023-02-21 16:56:50,521 - pyskl - INFO - Evaluating mean_class_accuracy ...
2023-02-21 16:56:50,522 - pyskl - INFO - 
mean_acc	0.9429
2023-02-21 16:56:50,522 - pyskl - INFO - Epoch(val) [20][5]	top1_acc: 0.9429, top5_acc: 1.0000, mean_class_accuracy: 0.9429
2023-02-21 16:57:08,333 - pyskl - INFO - Epoch [21][20/57]	lr: 5.649e-04, eta: 0:01:20, time: 0.890, data_time: 0.841, memory: 861, top1_acc: 0.8516, top5_acc: 0.9938, loss_cls: 0.5655, loss: 0.5655, grad_norm: 1.3547
2023-02-21 16:57:11,877 - pyskl - INFO - Epoch [21][40/57]	lr: 4.636e-04, eta: 0:01:11, time: 0.177, data_time: 0.125, memory: 861, top1_acc: 0.8641, top5_acc: 0.9922, loss_cls: 0.5486, loss: 0.5486, grad_norm: 1.3826
2023-02-21 16:57:31,691 - pyskl - INFO - Evaluating top_k_accuracy ...
2023-02-21 16:57:31,691 - pyskl - INFO - 
top1_acc	0.9357
top5_acc	1.0000
2023-02-21 16:57:31,691 - pyskl - INFO - Evaluating mean_class_accuracy ...
2023-02-21 16:57:31,692 - pyskl - INFO - 
mean_acc	0.9357
2023-02-21 16:57:31,692 - pyskl - INFO - Epoch(val) [21][5]	top1_acc: 0.9357, top5_acc: 1.0000, mean_class_accuracy: 0.9357
2023-02-21 16:57:49,804 - pyskl - INFO - Epoch [22][20/57]	lr: 3.015e-04, eta: 0:00:58, time: 0.905, data_time: 0.726, memory: 861, top1_acc: 0.8719, top5_acc: 0.9969, loss_cls: 0.4985, loss: 0.4985, grad_norm: 1.2420
2023-02-21 16:57:53,380 - pyskl - INFO - Epoch [22][40/57]	lr: 2.280e-04, eta: 0:00:50, time: 0.179, data_time: 0.000, memory: 861, top1_acc: 0.8688, top5_acc: 0.9953, loss_cls: 0.5270, loss: 0.5270, grad_norm: 1.2844
2023-02-21 16:58:13,381 - pyskl - INFO - Evaluating top_k_accuracy ...
2023-02-21 16:58:13,382 - pyskl - INFO - 
top1_acc	0.9429
top5_acc	1.0000
2023-02-21 16:58:13,382 - pyskl - INFO - Evaluating mean_class_accuracy ...
2023-02-21 16:58:13,382 - pyskl - INFO - 
mean_acc	0.9429
2023-02-21 16:58:13,382 - pyskl - INFO - Epoch(val) [22][5]	top1_acc: 0.9429, top5_acc: 1.0000, mean_class_accuracy: 0.9429
2023-02-21 16:58:31,395 - pyskl - INFO - Epoch [23][20/57]	lr: 1.185e-04, eta: 0:00:36, time: 0.900, data_time: 0.850, memory: 861, top1_acc: 0.8625, top5_acc: 0.9922, loss_cls: 0.5255, loss: 0.5255, grad_norm: 1.2680
2023-02-21 16:58:34,882 - pyskl - INFO - Epoch [23][40/57]	lr: 7.398e-05, eta: 0:00:28, time: 0.175, data_time: 0.122, memory: 861, top1_acc: 0.8875, top5_acc: 0.9953, loss_cls: 0.4886, loss: 0.4886, grad_norm: 1.2194
2023-02-21 16:58:54,784 - pyskl - INFO - Evaluating top_k_accuracy ...
2023-02-21 16:58:54,785 - pyskl - INFO - 
top1_acc	0.9500
top5_acc	1.0000
2023-02-21 16:58:54,785 - pyskl - INFO - Evaluating mean_class_accuracy ...
2023-02-21 16:58:54,785 - pyskl - INFO - 
mean_acc	0.9500
2023-02-21 16:58:54,785 - pyskl - INFO - Epoch(val) [23][5]	top1_acc: 0.9500, top5_acc: 1.0000, mean_class_accuracy: 0.9500
2023-02-21 16:59:12,712 - pyskl - INFO - Epoch [24][20/57]	lr: 1.903e-05, eta: 0:00:14, time: 0.896, data_time: 0.787, memory: 861, top1_acc: 0.8625, top5_acc: 0.9969, loss_cls: 0.5275, loss: 0.5275, grad_norm: 1.2842
2023-02-21 16:59:16,457 - pyskl - INFO - Epoch [24][40/57]	lr: 4.271e-06, eta: 0:00:06, time: 0.187, data_time: 0.018, memory: 861, top1_acc: 0.8641, top5_acc: 0.9969, loss_cls: 0.5152, loss: 0.5152, grad_norm: 1.2587
2023-02-21 16:59:19,918 - pyskl - INFO - Saving checkpoint at 24 epochs
2023-02-21 16:59:36,548 - pyskl - INFO - Evaluating top_k_accuracy ...
2023-02-21 16:59:36,548 - pyskl - INFO - 
top1_acc	0.9500
top5_acc	1.0000
2023-02-21 16:59:36,548 - pyskl - INFO - Evaluating mean_class_accuracy ...
2023-02-21 16:59:36,548 - pyskl - INFO - 
mean_acc	0.9500
2023-02-21 16:59:36,549 - pyskl - INFO - Epoch(val) [24][5]	top1_acc: 0.9500, top5_acc: 1.0000, mean_class_accuracy: 0.9500
