2023-02-22 09:40:28,747 - pyskl - INFO - Environment info:
------------------------------------------------------------
sys.platform: linux
Python: 3.8.16 (default, Jan 17 2023, 23:13:24) [GCC 11.2.0]
CUDA available: True
GPU 0,1,2,3: NVIDIA GeForce RTX 3090
CUDA_HOME: /usr/local/cuda
NVCC: Cuda compilation tools, release 11.6, V11.6.55
GCC: gcc (Ubuntu 7.5.0-6ubuntu2) 7.5.0
PyTorch: 1.10.1
PyTorch compiling details: PyTorch built with:
  - GCC 7.3
  - C++ Version: 201402
  - Intel(R) oneAPI Math Kernel Library Version 2021.4-Product Build 20210904 for Intel(R) 64 architecture applications
  - Intel(R) MKL-DNN v2.2.3 (Git Hash 7336ca9f055cf1bfa13efb658fe15dc9b41f0740)
  - OpenMP 201511 (a.k.a. OpenMP 4.5)
  - LAPACK is enabled (usually provided by MKL)
  - NNPACK is enabled
  - CPU capability usage: AVX2
  - CUDA Runtime 11.3
  - NVCC architecture flags: -gencode;arch=compute_37,code=sm_37;-gencode;arch=compute_50,code=sm_50;-gencode;arch=compute_60,code=sm_60;-gencode;arch=compute_61,code=sm_61;-gencode;arch=compute_70,code=sm_70;-gencode;arch=compute_75,code=sm_75;-gencode;arch=compute_80,code=sm_80;-gencode;arch=compute_86,code=sm_86;-gencode;arch=compute_37,code=compute_37
  - CuDNN 8.2
  - Magma 2.5.2
  - Build settings: BLAS_INFO=mkl, BUILD_TYPE=Release, CUDA_VERSION=11.3, CUDNN_VERSION=8.2.0, CXX_COMPILER=/opt/rh/devtoolset-7/root/usr/bin/c++, CXX_FLAGS= -Wno-deprecated -fvisibility-inlines-hidden -DUSE_PTHREADPOOL -fopenmp -DNDEBUG -DUSE_KINETO -DUSE_FBGEMM -DUSE_QNNPACK -DUSE_PYTORCH_QNNPACK -DUSE_XNNPACK -DSYMBOLICATE_MOBILE_DEBUG_HANDLE -DEDGE_PROFILER_USE_KINETO -O2 -fPIC -Wno-narrowing -Wall -Wextra -Werror=return-type -Wno-missing-field-initializers -Wno-type-limits -Wno-array-bounds -Wno-unknown-pragmas -Wno-sign-compare -Wno-unused-parameter -Wno-unused-variable -Wno-unused-function -Wno-unused-result -Wno-unused-local-typedefs -Wno-strict-overflow -Wno-strict-aliasing -Wno-error=deprecated-declarations -Wno-stringop-overflow -Wno-psabi -Wno-error=pedantic -Wno-error=redundant-decls -Wno-error=old-style-cast -fdiagnostics-color=always -faligned-new -Wno-unused-but-set-variable -Wno-maybe-uninitialized -fno-math-errno -fno-trapping-math -Werror=format -Wno-stringop-overflow, LAPACK_INFO=mkl, PERF_WITH_AVX=1, PERF_WITH_AVX2=1, PERF_WITH_AVX512=1, TORCH_VERSION=1.10.1, USE_CUDA=ON, USE_CUDNN=ON, USE_EXCEPTION_PTR=1, USE_GFLAGS=OFF, USE_GLOG=OFF, USE_MKL=ON, USE_MKLDNN=ON, USE_MPI=OFF, USE_NCCL=ON, USE_NNPACK=ON, USE_OPENMP=ON, 

TorchVision: 0.11.2
OpenCV: 4.7.0
MMCV: 1.6.2
MMCV Compiler: GCC 9.3
MMCV CUDA Compiler: 11.3
pyskl: 0.1.0+HEAD
------------------------------------------------------------

2023-02-22 09:40:29,202 - pyskl - INFO - Config: model = dict(
    type='Recognizer3D',
    backbone=dict(
        type='ResNet3dSlowOnly',
        in_channels=5,
        base_channels=32,
        num_stages=3,
        out_indices=(2, ),
        stage_blocks=(4, 6, 3),
        conv1_stride=(1, 1),
        pool1_stride=(1, 1),
        inflate=(0, 1, 1),
        spatial_strides=(2, 2, 2),
        temporal_strides=(1, 1, 2),
        frozen_stages=3),
    cls_head=dict(
        type='I3DHead', in_channels=512, num_classes=10, dropout=0.5),
    test_cfg=dict(average_clips='prob'))
dataset_type = 'PoseDataset'
ann_file = 'data/ds_taichi/test9nsnr.pkl'
left_kp = [
    5, 6, 7, 8, 44, 45, 46, 47, 48, 49, 50, 51, 52, 53, 54, 55, 56, 57, 58, 59,
    60, 61, 62, 63, 64, 65, 66, 67, 68, 69, 70, 71
]
right_kp = [
    1, 2, 3, 4, 16, 17, 18, 19, 20, 21, 22, 23, 24, 25, 26, 27, 28, 29, 30, 31,
    32, 33, 34, 35, 36, 37, 38, 39, 40, 41, 42, 43
]
train_pipeline = [
    dict(type='UniformSampleFrames', clip_len=48),
    dict(type='PoseDecode'),
    dict(type='PoseCompact', hw_ratio=1.0, allow_imgpad=True),
    dict(type='Resize', scale=(-1, 64)),
    dict(type='RandomResizedCrop', area_range=(0.56, 1.0)),
    dict(type='Resize', scale=(56, 56), keep_ratio=False),
    dict(type='GenerateTaiChiPoseTarget', with_kp=True, with_limb=False),
    dict(type='FormatShape', input_format='NCTHW_Heatmap'),
    dict(type='Collect', keys=['imgs', 'label'], meta_keys=[]),
    dict(type='ToTensor', keys=['imgs', 'label'])
]
val_pipeline = [
    dict(type='UniformSampleFrames', clip_len=48, num_clips=1),
    dict(type='PoseDecode'),
    dict(type='PoseCompact', hw_ratio=1.0, allow_imgpad=True),
    dict(type='Resize', scale=(64, 64), keep_ratio=False),
    dict(type='GenerateTaiChiPoseTarget', with_kp=True, with_limb=False),
    dict(type='FormatShape', input_format='NCTHW_Heatmap'),
    dict(type='Collect', keys=['imgs', 'label'], meta_keys=[]),
    dict(type='ToTensor', keys=['imgs'])
]
test_pipeline = [
    dict(type='UniformSampleFrames', clip_len=48, num_clips=10),
    dict(type='PoseDecode'),
    dict(type='PoseCompact', hw_ratio=1.0, allow_imgpad=True),
    dict(type='Resize', scale=(64, 64), keep_ratio=False),
    dict(
        type='GenerateTaiChiPoseTarget',
        with_kp=True,
        with_limb=False,
        double=True),
    dict(type='FormatShape', input_format='NCTHW_Heatmap'),
    dict(type='Collect', keys=['imgs', 'label'], meta_keys=[]),
    dict(type='ToTensor', keys=['imgs'])
]
data = dict(
    videos_per_gpu=8,
    workers_per_gpu=4,
    test_dataloader=dict(videos_per_gpu=6),
    train=dict(
        type='RepeatDataset',
        times=30,
        dataset=dict(
            type='PoseDataset',
            ann_file='data/ds_taichi/test9nsnr.pkl',
            split='train',
            pipeline=[
                dict(type='UniformSampleFrames', clip_len=48),
                dict(type='PoseDecode'),
                dict(type='PoseCompact', hw_ratio=1.0, allow_imgpad=True),
                dict(type='Resize', scale=(-1, 64)),
                dict(type='RandomResizedCrop', area_range=(0.56, 1.0)),
                dict(type='Resize', scale=(56, 56), keep_ratio=False),
                dict(
                    type='GenerateTaiChiPoseTarget',
                    with_kp=True,
                    with_limb=False),
                dict(type='FormatShape', input_format='NCTHW_Heatmap'),
                dict(type='Collect', keys=['imgs', 'label'], meta_keys=[]),
                dict(type='ToTensor', keys=['imgs', 'label'])
            ])),
    val=dict(
        type='PoseDataset',
        ann_file='data/ds_taichi/test9nsnr.pkl',
        split='test',
        pipeline=[
            dict(type='UniformSampleFrames', clip_len=48, num_clips=1),
            dict(type='PoseDecode'),
            dict(type='PoseCompact', hw_ratio=1.0, allow_imgpad=True),
            dict(type='Resize', scale=(64, 64), keep_ratio=False),
            dict(
                type='GenerateTaiChiPoseTarget', with_kp=True,
                with_limb=False),
            dict(type='FormatShape', input_format='NCTHW_Heatmap'),
            dict(type='Collect', keys=['imgs', 'label'], meta_keys=[]),
            dict(type='ToTensor', keys=['imgs'])
        ]),
    test=dict(
        type='PoseDataset',
        ann_file='data/ds_taichi/test9nsnr.pkl',
        split='test',
        pipeline=[
            dict(type='UniformSampleFrames', clip_len=48, num_clips=10),
            dict(type='PoseDecode'),
            dict(type='PoseCompact', hw_ratio=1.0, allow_imgpad=True),
            dict(type='Resize', scale=(64, 64), keep_ratio=False),
            dict(
                type='GenerateTaiChiPoseTarget',
                with_kp=True,
                with_limb=False,
                double=True),
            dict(type='FormatShape', input_format='NCTHW_Heatmap'),
            dict(type='Collect', keys=['imgs', 'label'], meta_keys=[]),
            dict(type='ToTensor', keys=['imgs'])
        ]))
optimizer = dict(type='SGD', lr=0.4, momentum=0.9, weight_decay=0.0003)
optimizer_config = dict(grad_clip=dict(max_norm=40, norm_type=2))
lr_config = dict(policy='CosineAnnealing', by_epoch=False, min_lr=0)
total_epochs = 24
checkpoint_config = dict(interval=24)
evaluation = dict(
    interval=1, metrics=['top_k_accuracy', 'mean_class_accuracy'], topk=(1, 5))
log_config = dict(interval=20, hooks=[dict(type='TextLoggerHook')])
log_level = 'INFO'
output_config = dict(
    out='./model_pth/exp1/t9nsnr_nfwc/test_result/results.pkl')
eval_config = dict(
    metric_out='./model_pth/exp1/t9nsnr_nfwc/test_result',
    eval=[
        'top_k_accuracy', 'mean_class_accuracy', 'confusion_matrix',
        't_sne_vis'
    ])
work_dir = './model_pth/exp1/t9nsnr_nfwc'
load_from = './model_pth/ntu120xsub_5parts_kp/best_top1_acc_epoch_23.pth'
find_unused_parameters = True
dist_params = dict(backend='nccl')
gpu_ids = range(0, 4)

2023-02-22 09:40:29,202 - pyskl - INFO - Set random seed to 42, deterministic: True
2023-02-22 09:40:29,884 - pyskl - INFO - 20 videos remain after valid thresholding
2023-02-22 09:40:36,130 - pyskl - INFO - 180 videos remain after valid thresholding
2023-02-22 09:40:36,131 - pyskl - INFO - load checkpoint from local path: ./model_pth/ntu120xsub_5parts_kp/best_top1_acc_epoch_23.pth
2023-02-22 09:40:36,267 - pyskl - WARNING - The model and loaded state dict do not match exactly

size mismatch for cls_head.fc_cls.weight: copying a param with shape torch.Size([120, 512]) from checkpoint, the shape in current model is torch.Size([10, 512]).
size mismatch for cls_head.fc_cls.bias: copying a param with shape torch.Size([120]) from checkpoint, the shape in current model is torch.Size([10]).
2023-02-22 09:40:36,268 - pyskl - INFO - Start running, host: yl@83090-jin, work_dir: /home/yl/sscls/model_pth/exp1/t9nsnr_nfwc
2023-02-22 09:40:36,268 - pyskl - INFO - Hooks will be executed in the following order:
before_run:
(VERY_HIGH   ) CosineAnnealingLrUpdaterHook       
(NORMAL      ) CheckpointHook                     
(NORMAL      ) DistEvalHook                       
(VERY_LOW    ) TextLoggerHook                     
 -------------------- 
before_train_epoch:
(VERY_HIGH   ) CosineAnnealingLrUpdaterHook       
(NORMAL      ) DistSamplerSeedHook                
(NORMAL      ) DistEvalHook                       
(LOW         ) IterTimerHook                      
(VERY_LOW    ) TextLoggerHook                     
 -------------------- 
before_train_iter:
(VERY_HIGH   ) CosineAnnealingLrUpdaterHook       
(NORMAL      ) DistEvalHook                       
(LOW         ) IterTimerHook                      
 -------------------- 
after_train_iter:
(ABOVE_NORMAL) OptimizerHook                      
(NORMAL      ) CheckpointHook                     
(NORMAL      ) DistEvalHook                       
(LOW         ) IterTimerHook                      
(VERY_LOW    ) TextLoggerHook                     
 -------------------- 
after_train_epoch:
(NORMAL      ) CheckpointHook                     
(NORMAL      ) DistEvalHook                       
(VERY_LOW    ) TextLoggerHook                     
 -------------------- 
before_val_epoch:
(NORMAL      ) DistSamplerSeedHook                
(LOW         ) IterTimerHook                      
(VERY_LOW    ) TextLoggerHook                     
 -------------------- 
before_val_iter:
(LOW         ) IterTimerHook                      
 -------------------- 
after_val_iter:
(LOW         ) IterTimerHook                      
 -------------------- 
after_val_epoch:
(VERY_LOW    ) TextLoggerHook                     
 -------------------- 
after_run:
(VERY_LOW    ) TextLoggerHook                     
 -------------------- 
2023-02-22 09:40:36,268 - pyskl - INFO - workflow: [('train', 1)], max: 24 epochs
2023-02-22 09:40:36,269 - pyskl - INFO - Checkpoints will be saved to /home/yl/sscls/model_pth/exp1/t9nsnr_nfwc by HardDiskBackend.
2023-02-22 09:41:14,394 - pyskl - INFO - Evaluating top_k_accuracy ...
2023-02-22 09:41:14,394 - pyskl - INFO - 
top1_acc	0.2444
top5_acc	0.6167
2023-02-22 09:41:14,394 - pyskl - INFO - Evaluating mean_class_accuracy ...
2023-02-22 09:41:14,395 - pyskl - INFO - 
mean_acc	0.2444
2023-02-22 09:41:14,422 - pyskl - INFO - Now best checkpoint is saved as best_top1_acc_epoch_1.pth.
2023-02-22 09:41:14,422 - pyskl - INFO - Best top1_acc is 0.2444 at 1 epoch.
2023-02-22 09:41:14,422 - pyskl - INFO - Epoch(val) [1][6]	top1_acc: 0.2444, top5_acc: 0.6167, mean_class_accuracy: 0.2444
2023-02-22 09:41:52,563 - pyskl - INFO - Evaluating top_k_accuracy ...
2023-02-22 09:41:52,563 - pyskl - INFO - 
top1_acc	0.5444
top5_acc	0.8500
2023-02-22 09:41:52,563 - pyskl - INFO - Evaluating mean_class_accuracy ...
2023-02-22 09:41:52,564 - pyskl - INFO - 
mean_acc	0.5444
2023-02-22 09:41:52,565 - pyskl - INFO - The previous best checkpoint /home/yl/sscls/model_pth/exp1/t9nsnr_nfwc/best_top1_acc_epoch_1.pth was removed
2023-02-22 09:41:52,590 - pyskl - INFO - Now best checkpoint is saved as best_top1_acc_epoch_2.pth.
2023-02-22 09:41:52,590 - pyskl - INFO - Best top1_acc is 0.5444 at 2 epoch.
2023-02-22 09:41:52,590 - pyskl - INFO - Epoch(val) [2][6]	top1_acc: 0.5444, top5_acc: 0.8500, mean_class_accuracy: 0.5444
2023-02-22 09:42:30,248 - pyskl - INFO - Evaluating top_k_accuracy ...
2023-02-22 09:42:30,249 - pyskl - INFO - 
top1_acc	0.6611
top5_acc	0.9389
2023-02-22 09:42:30,249 - pyskl - INFO - Evaluating mean_class_accuracy ...
2023-02-22 09:42:30,249 - pyskl - INFO - 
mean_acc	0.6611
2023-02-22 09:42:30,251 - pyskl - INFO - The previous best checkpoint /home/yl/sscls/model_pth/exp1/t9nsnr_nfwc/best_top1_acc_epoch_2.pth was removed
2023-02-22 09:42:30,281 - pyskl - INFO - Now best checkpoint is saved as best_top1_acc_epoch_3.pth.
2023-02-22 09:42:30,281 - pyskl - INFO - Best top1_acc is 0.6611 at 3 epoch.
2023-02-22 09:42:30,281 - pyskl - INFO - Epoch(val) [3][6]	top1_acc: 0.6611, top5_acc: 0.9389, mean_class_accuracy: 0.6611
2023-02-22 09:43:08,217 - pyskl - INFO - Evaluating top_k_accuracy ...
2023-02-22 09:43:08,217 - pyskl - INFO - 
top1_acc	0.6889
top5_acc	0.9167
2023-02-22 09:43:08,217 - pyskl - INFO - Evaluating mean_class_accuracy ...
2023-02-22 09:43:08,218 - pyskl - INFO - 
mean_acc	0.6889
2023-02-22 09:43:08,219 - pyskl - INFO - The previous best checkpoint /home/yl/sscls/model_pth/exp1/t9nsnr_nfwc/best_top1_acc_epoch_3.pth was removed
2023-02-22 09:43:08,244 - pyskl - INFO - Now best checkpoint is saved as best_top1_acc_epoch_4.pth.
2023-02-22 09:43:08,244 - pyskl - INFO - Best top1_acc is 0.6889 at 4 epoch.
2023-02-22 09:43:08,244 - pyskl - INFO - Epoch(val) [4][6]	top1_acc: 0.6889, top5_acc: 0.9167, mean_class_accuracy: 0.6889
2023-02-22 09:43:46,733 - pyskl - INFO - Evaluating top_k_accuracy ...
2023-02-22 09:43:46,734 - pyskl - INFO - 
top1_acc	0.7333
top5_acc	0.8944
2023-02-22 09:43:46,734 - pyskl - INFO - Evaluating mean_class_accuracy ...
2023-02-22 09:43:46,734 - pyskl - INFO - 
mean_acc	0.7333
2023-02-22 09:43:46,736 - pyskl - INFO - The previous best checkpoint /home/yl/sscls/model_pth/exp1/t9nsnr_nfwc/best_top1_acc_epoch_4.pth was removed
2023-02-22 09:43:46,764 - pyskl - INFO - Now best checkpoint is saved as best_top1_acc_epoch_5.pth.
2023-02-22 09:43:46,764 - pyskl - INFO - Best top1_acc is 0.7333 at 5 epoch.
2023-02-22 09:43:46,764 - pyskl - INFO - Epoch(val) [5][6]	top1_acc: 0.7333, top5_acc: 0.8944, mean_class_accuracy: 0.7333
2023-02-22 09:44:25,204 - pyskl - INFO - Evaluating top_k_accuracy ...
2023-02-22 09:44:25,204 - pyskl - INFO - 
top1_acc	0.7611
top5_acc	0.9444
2023-02-22 09:44:25,204 - pyskl - INFO - Evaluating mean_class_accuracy ...
2023-02-22 09:44:25,205 - pyskl - INFO - 
mean_acc	0.7611
2023-02-22 09:44:25,206 - pyskl - INFO - The previous best checkpoint /home/yl/sscls/model_pth/exp1/t9nsnr_nfwc/best_top1_acc_epoch_5.pth was removed
2023-02-22 09:44:25,232 - pyskl - INFO - Now best checkpoint is saved as best_top1_acc_epoch_6.pth.
2023-02-22 09:44:25,232 - pyskl - INFO - Best top1_acc is 0.7611 at 6 epoch.
2023-02-22 09:44:25,232 - pyskl - INFO - Epoch(val) [6][6]	top1_acc: 0.7611, top5_acc: 0.9444, mean_class_accuracy: 0.7611
2023-02-22 09:45:03,379 - pyskl - INFO - Evaluating top_k_accuracy ...
2023-02-22 09:45:03,380 - pyskl - INFO - 
top1_acc	0.7389
top5_acc	0.9611
2023-02-22 09:45:03,380 - pyskl - INFO - Evaluating mean_class_accuracy ...
2023-02-22 09:45:03,380 - pyskl - INFO - 
mean_acc	0.7389
2023-02-22 09:45:03,380 - pyskl - INFO - Epoch(val) [7][6]	top1_acc: 0.7389, top5_acc: 0.9611, mean_class_accuracy: 0.7389
2023-02-22 09:45:41,362 - pyskl - INFO - Evaluating top_k_accuracy ...
2023-02-22 09:45:41,363 - pyskl - INFO - 
top1_acc	0.7444
top5_acc	0.9833
2023-02-22 09:45:41,363 - pyskl - INFO - Evaluating mean_class_accuracy ...
2023-02-22 09:45:41,364 - pyskl - INFO - 
mean_acc	0.7444
2023-02-22 09:45:41,364 - pyskl - INFO - Epoch(val) [8][6]	top1_acc: 0.7444, top5_acc: 0.9833, mean_class_accuracy: 0.7444
2023-02-22 09:46:20,268 - pyskl - INFO - Evaluating top_k_accuracy ...
2023-02-22 09:46:20,269 - pyskl - INFO - 
top1_acc	0.7000
top5_acc	0.9556
2023-02-22 09:46:20,269 - pyskl - INFO - Evaluating mean_class_accuracy ...
2023-02-22 09:46:20,270 - pyskl - INFO - 
mean_acc	0.7000
2023-02-22 09:46:20,270 - pyskl - INFO - Epoch(val) [9][6]	top1_acc: 0.7000, top5_acc: 0.9556, mean_class_accuracy: 0.7000
2023-02-22 09:46:58,814 - pyskl - INFO - Evaluating top_k_accuracy ...
2023-02-22 09:46:58,815 - pyskl - INFO - 
top1_acc	0.8278
top5_acc	0.9500
2023-02-22 09:46:58,815 - pyskl - INFO - Evaluating mean_class_accuracy ...
2023-02-22 09:46:58,815 - pyskl - INFO - 
mean_acc	0.8278
2023-02-22 09:46:58,817 - pyskl - INFO - The previous best checkpoint /home/yl/sscls/model_pth/exp1/t9nsnr_nfwc/best_top1_acc_epoch_6.pth was removed
2023-02-22 09:46:58,843 - pyskl - INFO - Now best checkpoint is saved as best_top1_acc_epoch_10.pth.
2023-02-22 09:46:58,843 - pyskl - INFO - Best top1_acc is 0.8278 at 10 epoch.
2023-02-22 09:46:58,843 - pyskl - INFO - Epoch(val) [10][6]	top1_acc: 0.8278, top5_acc: 0.9500, mean_class_accuracy: 0.8278
2023-02-22 09:47:37,351 - pyskl - INFO - Evaluating top_k_accuracy ...
2023-02-22 09:47:37,351 - pyskl - INFO - 
top1_acc	0.7611
top5_acc	0.9611
2023-02-22 09:47:37,351 - pyskl - INFO - Evaluating mean_class_accuracy ...
2023-02-22 09:47:37,352 - pyskl - INFO - 
mean_acc	0.7611
2023-02-22 09:47:37,352 - pyskl - INFO - Epoch(val) [11][6]	top1_acc: 0.7611, top5_acc: 0.9611, mean_class_accuracy: 0.7611
2023-02-22 09:48:15,679 - pyskl - INFO - Evaluating top_k_accuracy ...
2023-02-22 09:48:15,680 - pyskl - INFO - 
top1_acc	0.8111
top5_acc	0.9389
2023-02-22 09:48:15,680 - pyskl - INFO - Evaluating mean_class_accuracy ...
2023-02-22 09:48:15,680 - pyskl - INFO - 
mean_acc	0.8111
2023-02-22 09:48:15,681 - pyskl - INFO - Epoch(val) [12][6]	top1_acc: 0.8111, top5_acc: 0.9389, mean_class_accuracy: 0.8111
2023-02-22 09:48:52,545 - pyskl - INFO - Evaluating top_k_accuracy ...
2023-02-22 09:48:52,545 - pyskl - INFO - 
top1_acc	0.7667
top5_acc	0.9444
2023-02-22 09:48:52,545 - pyskl - INFO - Evaluating mean_class_accuracy ...
2023-02-22 09:48:52,546 - pyskl - INFO - 
mean_acc	0.7667
2023-02-22 09:48:52,546 - pyskl - INFO - Epoch(val) [13][6]	top1_acc: 0.7667, top5_acc: 0.9444, mean_class_accuracy: 0.7667
2023-02-22 09:49:29,697 - pyskl - INFO - Evaluating top_k_accuracy ...
2023-02-22 09:49:29,698 - pyskl - INFO - 
top1_acc	0.7833
top5_acc	0.9444
2023-02-22 09:49:29,698 - pyskl - INFO - Evaluating mean_class_accuracy ...
2023-02-22 09:49:29,698 - pyskl - INFO - 
mean_acc	0.7833
2023-02-22 09:49:29,698 - pyskl - INFO - Epoch(val) [14][6]	top1_acc: 0.7833, top5_acc: 0.9444, mean_class_accuracy: 0.7833
2023-02-22 09:50:07,060 - pyskl - INFO - Evaluating top_k_accuracy ...
2023-02-22 09:50:07,061 - pyskl - INFO - 
top1_acc	0.7444
top5_acc	0.9389
2023-02-22 09:50:07,061 - pyskl - INFO - Evaluating mean_class_accuracy ...
2023-02-22 09:50:07,061 - pyskl - INFO - 
mean_acc	0.7444
2023-02-22 09:50:07,061 - pyskl - INFO - Epoch(val) [15][6]	top1_acc: 0.7444, top5_acc: 0.9389, mean_class_accuracy: 0.7444
2023-02-22 09:50:45,254 - pyskl - INFO - Evaluating top_k_accuracy ...
2023-02-22 09:50:45,255 - pyskl - INFO - 
top1_acc	0.8444
top5_acc	0.9444
2023-02-22 09:50:45,255 - pyskl - INFO - Evaluating mean_class_accuracy ...
2023-02-22 09:50:45,256 - pyskl - INFO - 
mean_acc	0.8444
2023-02-22 09:50:45,257 - pyskl - INFO - The previous best checkpoint /home/yl/sscls/model_pth/exp1/t9nsnr_nfwc/best_top1_acc_epoch_10.pth was removed
2023-02-22 09:50:45,284 - pyskl - INFO - Now best checkpoint is saved as best_top1_acc_epoch_16.pth.
2023-02-22 09:50:45,284 - pyskl - INFO - Best top1_acc is 0.8444 at 16 epoch.
2023-02-22 09:50:45,284 - pyskl - INFO - Epoch(val) [16][6]	top1_acc: 0.8444, top5_acc: 0.9444, mean_class_accuracy: 0.8444
2023-02-22 09:51:23,343 - pyskl - INFO - Evaluating top_k_accuracy ...
2023-02-22 09:51:23,344 - pyskl - INFO - 
top1_acc	0.7611
top5_acc	0.9444
2023-02-22 09:51:23,344 - pyskl - INFO - Evaluating mean_class_accuracy ...
2023-02-22 09:51:23,345 - pyskl - INFO - 
mean_acc	0.7611
2023-02-22 09:51:23,345 - pyskl - INFO - Epoch(val) [17][6]	top1_acc: 0.7611, top5_acc: 0.9444, mean_class_accuracy: 0.7611
2023-02-22 09:52:01,448 - pyskl - INFO - Evaluating top_k_accuracy ...
2023-02-22 09:52:01,449 - pyskl - INFO - 
top1_acc	0.7944
top5_acc	0.9444
2023-02-22 09:52:01,449 - pyskl - INFO - Evaluating mean_class_accuracy ...
2023-02-22 09:52:01,449 - pyskl - INFO - 
mean_acc	0.7944
2023-02-22 09:52:01,450 - pyskl - INFO - Epoch(val) [18][6]	top1_acc: 0.7944, top5_acc: 0.9444, mean_class_accuracy: 0.7944
2023-02-22 09:52:39,798 - pyskl - INFO - Evaluating top_k_accuracy ...
2023-02-22 09:52:39,799 - pyskl - INFO - 
top1_acc	0.7889
top5_acc	0.9444
2023-02-22 09:52:39,799 - pyskl - INFO - Evaluating mean_class_accuracy ...
2023-02-22 09:52:39,799 - pyskl - INFO - 
mean_acc	0.7889
2023-02-22 09:52:39,799 - pyskl - INFO - Epoch(val) [19][6]	top1_acc: 0.7889, top5_acc: 0.9444, mean_class_accuracy: 0.7889
2023-02-22 09:53:17,998 - pyskl - INFO - Evaluating top_k_accuracy ...
2023-02-22 09:53:17,999 - pyskl - INFO - 
top1_acc	0.7833
top5_acc	0.9444
2023-02-22 09:53:17,999 - pyskl - INFO - Evaluating mean_class_accuracy ...
2023-02-22 09:53:17,999 - pyskl - INFO - 
mean_acc	0.7833
2023-02-22 09:53:18,000 - pyskl - INFO - Epoch(val) [20][6]	top1_acc: 0.7833, top5_acc: 0.9444, mean_class_accuracy: 0.7833
2023-02-22 09:53:56,700 - pyskl - INFO - Evaluating top_k_accuracy ...
2023-02-22 09:53:56,701 - pyskl - INFO - 
top1_acc	0.7889
top5_acc	0.9444
2023-02-22 09:53:56,701 - pyskl - INFO - Evaluating mean_class_accuracy ...
2023-02-22 09:53:56,701 - pyskl - INFO - 
mean_acc	0.7889
2023-02-22 09:53:56,701 - pyskl - INFO - Epoch(val) [21][6]	top1_acc: 0.7889, top5_acc: 0.9444, mean_class_accuracy: 0.7889
2023-02-22 09:54:34,903 - pyskl - INFO - Evaluating top_k_accuracy ...
2023-02-22 09:54:34,903 - pyskl - INFO - 
top1_acc	0.7889
top5_acc	0.9444
2023-02-22 09:54:34,903 - pyskl - INFO - Evaluating mean_class_accuracy ...
2023-02-22 09:54:34,904 - pyskl - INFO - 
mean_acc	0.7889
2023-02-22 09:54:34,904 - pyskl - INFO - Epoch(val) [22][6]	top1_acc: 0.7889, top5_acc: 0.9444, mean_class_accuracy: 0.7889
2023-02-22 09:55:14,008 - pyskl - INFO - Evaluating top_k_accuracy ...
2023-02-22 09:55:14,009 - pyskl - INFO - 
top1_acc	0.7889
top5_acc	0.9444
2023-02-22 09:55:14,009 - pyskl - INFO - Evaluating mean_class_accuracy ...
2023-02-22 09:55:14,010 - pyskl - INFO - 
mean_acc	0.7889
2023-02-22 09:55:14,011 - pyskl - INFO - Epoch(val) [23][6]	top1_acc: 0.7889, top5_acc: 0.9444, mean_class_accuracy: 0.7889
2023-02-22 09:55:33,419 - pyskl - INFO - Saving checkpoint at 24 epochs
2023-02-22 09:55:51,850 - pyskl - INFO - Evaluating top_k_accuracy ...
2023-02-22 09:55:51,851 - pyskl - INFO - 
top1_acc	0.7889
top5_acc	0.9444
2023-02-22 09:55:51,851 - pyskl - INFO - Evaluating mean_class_accuracy ...
2023-02-22 09:55:51,851 - pyskl - INFO - 
mean_acc	0.7889
2023-02-22 09:55:51,852 - pyskl - INFO - Epoch(val) [24][6]	top1_acc: 0.7889, top5_acc: 0.9444, mean_class_accuracy: 0.7889
